# JRE version: OpenJDK Runtime Environment (8.0_242-b01) (build 1.8.0_242-release-1644-b01)
# Java VM: OpenJDK 64-Bit Server VM (25.242-b01 mixed mode windows-amd64 compressed oops)
Heap:
 PSYoungGen      total 163328K, used 27012K [0x0000000780a00000, 0x000000078fd00000, 0x00000007c0000000)
  eden space 120320K, 22% used [0x0000000780a00000,0x0000000782461158,0x0000000787f80000)
  from space 43008K, 0% used [0x0000000787f80000,0x0000000787f80000,0x000000078a980000)
  to   space 46592K, 0% used [0x000000078cf80000,0x000000078cf80000,0x000000078fd00000)
 ParOldGen       total 183808K, used 77661K [0x0000000701e00000, 0x000000070d180000, 0x0000000780a00000)
  object space 183808K, 42% used [0x0000000701e00000,0x00000007069d7610,0x000000070d180000)
 Metaspace       used 62099K, capacity 63559K, committed 63704K, reserved 1105920K
  class space    used 7005K, capacity 7351K, committed 7424K, reserved 1048576K
GC Heap History (10 events):
Event: 6.526 GC heap before
{Heap before GC invocations=10 (full 2):
 PSYoungGen      total 104960K, used 104944K [0x0000000780a00000, 0x000000078af80000, 0x00000007c0000000)
  eden space 80896K, 100% used [0x0000000780a00000,0x0000000785900000,0x0000000785900000)
  from space 24064K, 99% used [0x0000000785900000,0x000000078707c298,0x0000000787080000)
  to   space 30208K, 0% used [0x0000000789200000,0x0000000789200000,0x000000078af80000)
 ParOldGen       total 183808K, used 40542K [0x0000000701e00000, 0x000000070d180000, 0x0000000780a00000)
  object space 183808K, 22% used [0x0000000701e00000,0x0000000704597990,0x000000070d180000)
 Metaspace       used 52579K, capacity 53509K, committed 54104K, reserved 1097728K
  class space    used 6185K, capacity 6404K, committed 6528K, reserved 1048576K
Event: 6.563 GC heap after
Heap after GC invocations=10 (full 2):
 PSYoungGen      total 131584K, used 30201K [0x0000000780a00000, 0x000000078c080000, 0x00000007c0000000)
  eden space 101376K, 0% used [0x0000000780a00000,0x0000000780a00000,0x0000000786d00000)
  from space 30208K, 99% used [0x0000000789200000,0x000000078af7e5b8,0x000000078af80000)
  to   space 37888K, 0% used [0x0000000786d00000,0x0000000786d00000,0x0000000789200000)
 ParOldGen       total 183808K, used 49298K [0x0000000701e00000, 0x000000070d180000, 0x0000000780a00000)
  object space 183808K, 26% used [0x0000000701e00000,0x0000000704e24b30,0x000000070d180000)
 Metaspace       used 52579K, capacity 53509K, committed 54104K, reserved 1097728K
  class space    used 6185K, capacity 6404K, committed 6528K, reserved 1048576K
}
Event: 8.683 GC heap before
{Heap before GC invocations=11 (full 2):
 PSYoungGen      total 131584K, used 131577K [0x0000000780a00000, 0x000000078c080000, 0x00000007c0000000)
  eden space 101376K, 100% used [0x0000000780a00000,0x0000000786d00000,0x0000000786d00000)
  from space 30208K, 99% used [0x0000000789200000,0x000000078af7e5b8,0x000000078af80000)
  to   space 37888K, 0% used [0x0000000786d00000,0x0000000786d00000,0x0000000789200000)
 ParOldGen       total 183808K, used 49298K [0x0000000701e00000, 0x000000070d180000, 0x0000000780a00000)
  object space 183808K, 26% used [0x0000000701e00000,0x0000000704e24b30,0x000000070d180000)
 Metaspace       used 54909K, capacity 56205K, committed 56280K, reserved 1099776K
  class space    used 6350K, capacity 6650K, committed 6656K, reserved 1048576K
Event: 8.712 GC heap after
Heap after GC invocations=11 (full 2):
 PSYoungGen      total 139264K, used 28960K [0x0000000780a00000, 0x000000078d080000, 0x00000007c0000000)
  eden space 101376K, 0% used [0x0000000780a00000,0x0000000780a00000,0x0000000786d00000)
  from space 37888K, 76% used [0x0000000786d00000,0x0000000788948298,0x0000000789200000)
  to   space 39936K, 0% used [0x000000078a980000,0x000000078a980000,0x000000078d080000)
 ParOldGen       total 183808K, used 63895K [0x0000000701e00000, 0x000000070d180000, 0x0000000780a00000)
  object space 183808K, 34% used [0x0000000701e00000,0x0000000705c65d20,0x000000070d180000)
 Metaspace       used 54909K, capacity 56205K, committed 56280K, reserved 1099776K
  class space    used 6350K, capacity 6650K, committed 6656K, reserved 1048576K
}
Event: 10.200 GC heap before
{Heap before GC invocations=12 (full 2):
 PSYoungGen      total 139264K, used 130336K [0x0000000780a00000, 0x000000078d080000, 0x00000007c0000000)
  eden space 101376K, 100% used [0x0000000780a00000,0x0000000786d00000,0x0000000786d00000)
  from space 37888K, 76% used [0x0000000786d00000,0x0000000788948298,0x0000000789200000)
  to   space 39936K, 0% used [0x000000078a980000,0x000000078a980000,0x000000078d080000)
 ParOldGen       total 183808K, used 63895K [0x0000000701e00000, 0x000000070d180000, 0x0000000780a00000)
  object space 183808K, 34% used [0x0000000701e00000,0x0000000705c65d20,0x000000070d180000)
 Metaspace       used 55952K, capacity 57275K, committed 57432K, reserved 1099776K
  class space    used 6408K, capacity 6719K, committed 6784K, reserved 1048576K
Event: 10.227 GC heap after
Heap after GC invocations=12 (full 2):
 PSYoungGen      total 160256K, used 35299K [0x0000000780a00000, 0x000000078d680000, 0x00000007c0000000)
  eden space 120320K, 0% used [0x0000000780a00000,0x0000000780a00000,0x0000000787f80000)
  from space 39936K, 88% used [0x000000078a980000,0x000000078cbf8cf8,0x000000078d080000)
  to   space 43008K, 0% used [0x0000000787f80000,0x0000000787f80000,0x000000078a980000)
 ParOldGen       total 183808K, used 63903K [0x0000000701e00000, 0x000000070d180000, 0x0000000780a00000)
  object space 183808K, 34% used [0x0000000701e00000,0x0000000705c67d20,0x000000070d180000)
 Metaspace       used 55952K, capacity 57275K, committed 57432K, reserved 1099776K
  class space    used 6408K, capacity 6719K, committed 6784K, reserved 1048576K
}
Event: 10.544 GC heap before
{Heap before GC invocations=13 (full 2):
 PSYoungGen      total 160256K, used 61555K [0x0000000780a00000, 0x000000078d680000, 0x00000007c0000000)
  eden space 120320K, 21% used [0x0000000780a00000,0x00000007823a42e0,0x0000000787f80000)
  from space 39936K, 88% used [0x000000078a980000,0x000000078cbf8cf8,0x000000078d080000)
  to   space 43008K, 0% used [0x0000000787f80000,0x0000000787f80000,0x000000078a980000)
 ParOldGen       total 183808K, used 63903K [0x0000000701e00000, 0x000000070d180000, 0x0000000780a00000)
  object space 183808K, 34% used [0x0000000701e00000,0x0000000705c67d20,0x000000070d180000)
 Metaspace       used 57455K, capacity 58791K, committed 58968K, reserved 1101824K
  class space    used 6566K, capacity 6931K, committed 7040K, reserved 1048576K
Event: 10.567 GC heap after
Heap after GC invocations=13 (full 2):
 PSYoungGen      total 163328K, used 36875K [0x0000000780a00000, 0x000000078fd00000, 0x00000007c0000000)
  eden space 120320K, 0% used [0x0000000780a00000,0x0000000780a00000,0x0000000787f80000)
  from space 43008K, 85% used [0x0000000787f80000,0x000000078a382eb0,0x000000078a980000)
  to   space 46592K, 0% used [0x000000078cf80000,0x000000078cf80000,0x000000078fd00000)
 ParOldGen       total 183808K, used 63911K [0x0000000701e00000, 0x000000070d180000, 0x0000000780a00000)
  object space 183808K, 34% used [0x0000000701e00000,0x0000000705c69d20,0x000000070d180000)
 Metaspace       used 57455K, capacity 58791K, committed 58968K, reserved 1101824K
  class space    used 6566K, capacity 6931K, committed 7040K, reserved 1048576K
}
Event: 10.567 GC heap before
{Heap before GC invocations=14 (full 3):
 PSYoungGen      total 163328K, used 36875K [0x0000000780a00000, 0x000000078fd00000, 0x00000007c0000000)
  eden space 120320K, 0% used [0x0000000780a00000,0x0000000780a00000,0x0000000787f80000)
  from space 43008K, 85% used [0x0000000787f80000,0x000000078a382eb0,0x000000078a980000)
  to   space 46592K, 0% used [0x000000078cf80000,0x000000078cf80000,0x000000078fd00000)
 ParOldGen       total 183808K, used 63911K [0x0000000701e00000, 0x000000070d180000, 0x0000000780a00000)
  object space 183808K, 34% used [0x0000000701e00000,0x0000000705c69d20,0x000000070d180000)
 Metaspace       used 57455K, capacity 58791K, committed 58968K, reserved 1101824K
  class space    used 6566K, capacity 6931K, committed 7040K, reserved 1048576K
Event: 10.809 GC heap after
Heap after GC invocations=14 (full 3):
 PSYoungGen      total 163328K, used 0K [0x0000000780a00000, 0x000000078fd00000, 0x00000007c0000000)
  eden space 120320K, 0% used [0x0000000780a00000,0x0000000780a00000,0x0000000787f80000)
  from space 43008K, 0% used [0x0000000787f80000,0x0000000787f80000,0x000000078a980000)
  to   space 46592K, 0% used [0x000000078cf80000,0x000000078cf80000,0x000000078fd00000)
 ParOldGen       total 183808K, used 77661K [0x0000000701e00000, 0x000000070d180000, 0x0000000780a00000)
  object space 183808K, 42% used [0x0000000701e00000,0x00000007069d7610,0x000000070d180000)
 Metaspace       used 57455K, capacity 58791K, committed 58968K, reserved 1101824K
  class space    used 6566K, capacity 6931K, committed 7040K, reserved 1048576K
}

