# JRE version: OpenJDK Runtime Environment (8.0_242-b01) (build 1.8.0_242-release-1644-b01)
# Java VM: OpenJDK 64-Bit Server VM (25.242-b01 mixed mode windows-amd64 compressed oops)
Heap:
 PSYoungGen      total 380416K, used 374120K [0x00000000d5580000, 0x00000000f1b80000, 0x0000000100000000)
  eden space 336896K, 98% used [0x00000000d5580000,0x00000000e985f290,0x00000000e9e80000)
  from space 43520K, 99% used [0x00000000ecd80000,0x00000000ef7fad80,0x00000000ef800000)
  to   space 48128K, 52% used [0x00000000e9e80000,0x00000000eb711928,0x00000000ecd80000)
 ParOldGen       total 261632K, used 186924K [0x0000000080000000, 0x000000008ff80000, 0x00000000d5580000)
  object space 261632K, 71% used [0x0000000080000000,0x000000008b68b390,0x000000008ff80000)
 Metaspace       used 107583K, capacity 113752K, committed 113944K, reserved 1148928K
  class space    used 13923K, capacity 15093K, committed 15152K, reserved 1048576K
GC Heap History (10 events):
Event: 693.014 GC heap before
{Heap before GC invocations=24 (full 3):
 PSYoungGen      total 331264K, used 93811K [0x00000000d5580000, 0x00000000eef00000, 0x0000000100000000)
  eden space 312832K, 24% used [0x00000000d5580000,0x00000000d9f29720,0x00000000e8700000)
  from space 18432K, 99% used [0x00000000edd00000,0x00000000eeef38b8,0x00000000eef00000)
  to   space 45568K, 0% used [0x00000000e9600000,0x00000000e9600000,0x00000000ec280000)
 ParOldGen       total 161792K, used 94057K [0x0000000080000000, 0x0000000089e00000, 0x00000000d5580000)
  object space 161792K, 58% used [0x0000000080000000,0x0000000085bda708,0x0000000089e00000)
 Metaspace       used 93492K, capacity 98500K, committed 98584K, reserved 1134592K
  class space    used 12144K, capacity 13063K, committed 13104K, reserved 1048576K
Event: 693.028 GC heap after
Heap after GC invocations=24 (full 3):
 PSYoungGen      total 373760K, used 18958K [0x00000000d5580000, 0x00000000ef800000, 0x0000000100000000)
  eden space 328192K, 0% used [0x00000000d5580000,0x00000000d5580000,0x00000000e9600000)
  from space 45568K, 41% used [0x00000000e9600000,0x00000000ea883aa8,0x00000000ec280000)
  to   space 43520K, 0% used [0x00000000ecd80000,0x00000000ecd80000,0x00000000ef800000)
 ParOldGen       total 161792K, used 94065K [0x0000000080000000, 0x0000000089e00000, 0x00000000d5580000)
  object space 161792K, 58% used [0x0000000080000000,0x0000000085bdc708,0x0000000089e00000)
 Metaspace       used 93492K, capacity 98500K, committed 98584K, reserved 1134592K
  class space    used 12144K, capacity 13063K, committed 13104K, reserved 1048576K
}
Event: 693.028 GC heap before
{Heap before GC invocations=25 (full 4):
 PSYoungGen      total 373760K, used 18958K [0x00000000d5580000, 0x00000000ef800000, 0x0000000100000000)
  eden space 328192K, 0% used [0x00000000d5580000,0x00000000d5580000,0x00000000e9600000)
  from space 45568K, 41% used [0x00000000e9600000,0x00000000ea883aa8,0x00000000ec280000)
  to   space 43520K, 0% used [0x00000000ecd80000,0x00000000ecd80000,0x00000000ef800000)
 ParOldGen       total 161792K, used 94065K [0x0000000080000000, 0x0000000089e00000, 0x00000000d5580000)
  object space 161792K, 58% used [0x0000000080000000,0x0000000085bdc708,0x0000000089e00000)
 Metaspace       used 93492K, capacity 98500K, committed 98584K, reserved 1134592K
  class space    used 12144K, capacity 13063K, committed 13104K, reserved 1048576K
Event: 693.282 GC heap after
Heap after GC invocations=25 (full 4):
 PSYoungGen      total 373760K, used 0K [0x00000000d5580000, 0x00000000ef800000, 0x0000000100000000)
  eden space 328192K, 0% used [0x00000000d5580000,0x00000000d5580000,0x00000000e9600000)
  from space 45568K, 0% used [0x00000000e9600000,0x00000000e9600000,0x00000000ec280000)
  to   space 43520K, 0% used [0x00000000ecd80000,0x00000000ecd80000,0x00000000ef800000)
 ParOldGen       total 261632K, used 70953K [0x0000000080000000, 0x000000008ff80000, 0x00000000d5580000)
  object space 261632K, 27% used [0x0000000080000000,0x000000008454a7f0,0x000000008ff80000)
 Metaspace       used 93141K, capacity 97478K, committed 98584K, reserved 1134592K
  class space    used 12035K, capacity 12870K, committed 13104K, reserved 1048576K
}
Event: 695.796 GC heap before
{Heap before GC invocations=26 (full 4):
 PSYoungGen      total 373760K, used 328192K [0x00000000d5580000, 0x00000000ef800000, 0x0000000100000000)
  eden space 328192K, 100% used [0x00000000d5580000,0x00000000e9600000,0x00000000e9600000)
  from space 45568K, 0% used [0x00000000e9600000,0x00000000e9600000,0x00000000ec280000)
  to   space 43520K, 0% used [0x00000000ecd80000,0x00000000ecd80000,0x00000000ef800000)
 ParOldGen       total 261632K, used 70953K [0x0000000080000000, 0x000000008ff80000, 0x00000000d5580000)
  object space 261632K, 27% used [0x0000000080000000,0x000000008454a7f0,0x000000008ff80000)
 Metaspace       used 97407K, capacity 101948K, committed 102808K, reserved 1138688K
  class space    used 12484K, capacity 13353K, committed 13488K, reserved 1048576K
Event: 695.834 GC heap after
Heap after GC invocations=26 (full 4):
 PSYoungGen      total 380416K, used 39649K [0x00000000d5580000, 0x00000000f1b80000, 0x0000000100000000)
  eden space 336896K, 0% used [0x00000000d5580000,0x00000000d5580000,0x00000000e9e80000)
  from space 43520K, 91% used [0x00000000ecd80000,0x00000000ef438630,0x00000000ef800000)
  to   space 48128K, 0% used [0x00000000e9e80000,0x00000000e9e80000,0x00000000ecd80000)
 ParOldGen       total 261632K, used 70961K [0x0000000080000000, 0x000000008ff80000, 0x00000000d5580000)
  object space 261632K, 27% used [0x0000000080000000,0x000000008454c7f0,0x000000008ff80000)
 Metaspace       used 97407K, capacity 101948K, committed 102808K, reserved 1138688K
  class space    used 12484K, capacity 13353K, committed 13488K, reserved 1048576K
}
Event: 697.158 GC heap before
{Heap before GC invocations=27 (full 4):
 PSYoungGen      total 380416K, used 376545K [0x00000000d5580000, 0x00000000f1b80000, 0x0000000100000000)
  eden space 336896K, 100% used [0x00000000d5580000,0x00000000e9e80000,0x00000000e9e80000)
  from space 43520K, 91% used [0x00000000ecd80000,0x00000000ef438630,0x00000000ef800000)
  to   space 48128K, 0% used [0x00000000e9e80000,0x00000000e9e80000,0x00000000ecd80000)
 ParOldGen       total 261632K, used 70961K [0x0000000080000000, 0x000000008ff80000, 0x00000000d5580000)
  object space 261632K, 27% used [0x0000000080000000,0x000000008454c7f0,0x000000008ff80000)
 Metaspace       used 105523K, capacity 111350K, committed 111512K, reserved 1146880K
  class space    used 13793K, capacity 14912K, committed 15024K, reserved 1048576K
Event: 697.258 GC heap after
Heap after GC invocations=27 (full 4):
 PSYoungGen      total 385024K, used 48121K [0x00000000d5580000, 0x00000000f1b80000, 0x0000000100000000)
  eden space 336896K, 0% used [0x00000000d5580000,0x00000000d5580000,0x00000000e9e80000)
  from space 48128K, 99% used [0x00000000e9e80000,0x00000000ecd7e688,0x00000000ecd80000)
  to   space 43520K, 0% used [0x00000000ecd80000,0x00000000ecd80000,0x00000000ef800000)
 ParOldGen       total 261632K, used 160535K [0x0000000080000000, 0x000000008ff80000, 0x00000000d5580000)
  object space 261632K, 61% used [0x0000000080000000,0x0000000089cc5d30,0x000000008ff80000)
 Metaspace       used 105523K, capacity 111350K, committed 111512K, reserved 1146880K
  class space    used 13793K, capacity 14912K, committed 15024K, reserved 1048576K
}
Event: 698.765 GC heap before
{Heap before GC invocations=28 (full 4):
 PSYoungGen      total 385024K, used 385017K [0x00000000d5580000, 0x00000000f1b80000, 0x0000000100000000)
  eden space 336896K, 100% used [0x00000000d5580000,0x00000000e9e80000,0x00000000e9e80000)
  from space 48128K, 99% used [0x00000000e9e80000,0x00000000ecd7e688,0x00000000ecd80000)
  to   space 43520K, 0% used [0x00000000ecd80000,0x00000000ecd80000,0x00000000ef800000)
 ParOldGen       total 261632K, used 160535K [0x0000000080000000, 0x000000008ff80000, 0x00000000d5580000)
  object space 261632K, 61% used [0x0000000080000000,0x0000000089cc5d30,0x000000008ff80000)
 Metaspace       used 107182K, capacity 113378K, committed 113688K, reserved 1148928K
  class space    used 13914K, capacity 15084K, committed 15152K, reserved 1048576K
Event: 698.818 GC heap after
Heap after GC invocations=28 (full 4):
 PSYoungGen      total 380416K, used 43499K [0x00000000d5580000, 0x00000000f1b80000, 0x0000000100000000)
  eden space 336896K, 0% used [0x00000000d5580000,0x00000000d5580000,0x00000000e9e80000)
  from space 43520K, 99% used [0x00000000ecd80000,0x00000000ef7fad80,0x00000000ef800000)
  to   space 48128K, 0% used [0x00000000e9e80000,0x00000000e9e80000,0x00000000ecd80000)
 ParOldGen       total 261632K, used 186924K [0x0000000080000000, 0x000000008ff80000, 0x00000000d5580000)
  object space 261632K, 71% used [0x0000000080000000,0x000000008b68b390,0x000000008ff80000)
 Metaspace       used 107182K, capacity 113378K, committed 113688K, reserved 1148928K
  class space    used 13914K, capacity 15084K, committed 15152K, reserved 1048576K
}

