# JRE version: OpenJDK Runtime Environment (8.0_242-b01) (build 1.8.0_242-release-1644-b01)
# Java VM: OpenJDK 64-Bit Server VM (25.242-b01 mixed mode windows-amd64 compressed oops)
Heap:
 PSYoungGen      total 240128K, used 21488K [0x0000000780a00000, 0x0000000799100000, 0x00000007c0000000)
  eden space 202240K, 10% used [0x0000000780a00000,0x0000000781efc288,0x000000078cf80000)
  from space 37888K, 0% used [0x000000078cf80000,0x000000078cf80000,0x000000078f480000)
  to   space 49152K, 0% used [0x0000000796100000,0x0000000796100000,0x0000000799100000)
 ParOldGen       total 250880K, used 78215K [0x0000000701e00000, 0x0000000711300000, 0x0000000780a00000)
  object space 250880K, 31% used [0x0000000701e00000,0x0000000706a61d60,0x0000000711300000)
 Metaspace       used 57996K, capacity 59139K, committed 59264K, reserved 1101824K
  class space    used 6979K, capacity 7249K, committed 7296K, reserved 1048576K
GC Heap History (10 events):
Event: 2.493 GC heap before
{Heap before GC invocations=6 (full 2):
 PSYoungGen      total 140288K, used 8191K [0x0000000780a00000, 0x000000078b780000, 0x00000007c0000000)
  eden space 132096K, 0% used [0x0000000780a00000,0x0000000780a00000,0x0000000788b00000)
  from space 8192K, 99% used [0x0000000789300000,0x0000000789affcc8,0x0000000789b00000)
  to   space 8192K, 0% used [0x0000000788b00000,0x0000000788b00000,0x0000000789300000)
 ParOldGen       total 111616K, used 34236K [0x0000000701e00000, 0x0000000708b00000, 0x0000000780a00000)
  object space 111616K, 30% used [0x0000000701e00000,0x0000000703f6f3f0,0x0000000708b00000)
 Metaspace       used 34665K, capacity 35181K, committed 35416K, reserved 1081344K
  class space    used 4355K, capacity 4534K, committed 4608K, reserved 1048576K
Event: 2.543 GC heap after
Heap after GC invocations=6 (full 2):
 PSYoungGen      total 140288K, used 0K [0x0000000780a00000, 0x000000078b780000, 0x00000007c0000000)
  eden space 132096K, 0% used [0x0000000780a00000,0x0000000780a00000,0x0000000788b00000)
  from space 8192K, 0% used [0x0000000789300000,0x0000000789300000,0x0000000789b00000)
  to   space 8192K, 0% used [0x0000000788b00000,0x0000000788b00000,0x0000000789300000)
 ParOldGen       total 154112K, used 22877K [0x0000000701e00000, 0x000000070b480000, 0x0000000780a00000)
  object space 154112K, 14% used [0x0000000701e00000,0x0000000703457488,0x000000070b480000)
 Metaspace       used 34665K, capacity 35181K, committed 35416K, reserved 1081344K
  class space    used 4355K, capacity 4534K, committed 4608K, reserved 1048576K
}
Event: 4.478 GC heap before
{Heap before GC invocations=7 (full 2):
 PSYoungGen      total 140288K, used 132096K [0x0000000780a00000, 0x000000078b780000, 0x00000007c0000000)
  eden space 132096K, 100% used [0x0000000780a00000,0x0000000788b00000,0x0000000788b00000)
  from space 8192K, 0% used [0x0000000789300000,0x0000000789300000,0x0000000789b00000)
  to   space 8192K, 0% used [0x0000000788b00000,0x0000000788b00000,0x0000000789300000)
 ParOldGen       total 154112K, used 22877K [0x0000000701e00000, 0x000000070b480000, 0x0000000780a00000)
  object space 154112K, 14% used [0x0000000701e00000,0x0000000703457488,0x000000070b480000)
 Metaspace       used 45645K, capacity 46355K, committed 46592K, reserved 1089536K
  class space    used 5578K, capacity 5797K, committed 5888K, reserved 1048576K
Event: 4.497 GC heap after
Heap after GC invocations=7 (full 2):
 PSYoungGen      total 140288K, used 8188K [0x0000000780a00000, 0x0000000791700000, 0x00000007c0000000)
  eden space 132096K, 0% used [0x0000000780a00000,0x0000000780a00000,0x0000000788b00000)
  from space 8192K, 99% used [0x0000000788b00000,0x00000007892ff248,0x0000000789300000)
  to   space 34304K, 0% used [0x000000078f580000,0x000000078f580000,0x0000000791700000)
 ParOldGen       total 154112K, used 42960K [0x0000000701e00000, 0x000000070b480000, 0x0000000780a00000)
  object space 154112K, 27% used [0x0000000701e00000,0x00000007047f4148,0x000000070b480000)
 Metaspace       used 45645K, capacity 46355K, committed 46592K, reserved 1089536K
  class space    used 5578K, capacity 5797K, committed 5888K, reserved 1048576K
}
Event: 5.901 GC heap before
{Heap before GC invocations=8 (full 2):
 PSYoungGen      total 140288K, used 140284K [0x0000000780a00000, 0x0000000791700000, 0x00000007c0000000)
  eden space 132096K, 100% used [0x0000000780a00000,0x0000000788b00000,0x0000000788b00000)
  from space 8192K, 99% used [0x0000000788b00000,0x00000007892ff248,0x0000000789300000)
  to   space 34304K, 0% used [0x000000078f580000,0x000000078f580000,0x0000000791700000)
 ParOldGen       total 154112K, used 42960K [0x0000000701e00000, 0x000000070b480000, 0x0000000780a00000)
  object space 154112K, 27% used [0x0000000701e00000,0x00000007047f4148,0x000000070b480000)
 Metaspace       used 47775K, capacity 48645K, committed 49024K, reserved 1091584K
  class space    used 5708K, capacity 5946K, committed 6016K, reserved 1048576K
Event: 5.932 GC heap after
Heap after GC invocations=8 (full 2):
 PSYoungGen      total 236544K, used 28916K [0x0000000780a00000, 0x0000000791980000, 0x00000007c0000000)
  eden space 202240K, 0% used [0x0000000780a00000,0x0000000780a00000,0x000000078cf80000)
  from space 34304K, 84% used [0x000000078f580000,0x00000007911bd120,0x0000000791700000)
  to   space 37888K, 0% used [0x000000078cf80000,0x000000078cf80000,0x000000078f480000)
 ParOldGen       total 154112K, used 42968K [0x0000000701e00000, 0x000000070b480000, 0x0000000780a00000)
  object space 154112K, 27% used [0x0000000701e00000,0x00000007047f6148,0x000000070b480000)
 Metaspace       used 47775K, capacity 48645K, committed 49024K, reserved 1091584K
  class space    used 5708K, capacity 5946K, committed 6016K, reserved 1048576K
}
Event: 9.854 GC heap before
{Heap before GC invocations=9 (full 2):
 PSYoungGen      total 236544K, used 139424K [0x0000000780a00000, 0x0000000791980000, 0x00000007c0000000)
  eden space 202240K, 54% used [0x0000000780a00000,0x00000007875eaee8,0x000000078cf80000)
  from space 34304K, 84% used [0x000000078f580000,0x00000007911bd120,0x0000000791700000)
  to   space 37888K, 0% used [0x000000078cf80000,0x000000078cf80000,0x000000078f480000)
 ParOldGen       total 154112K, used 42968K [0x0000000701e00000, 0x000000070b480000, 0x0000000780a00000)
  object space 154112K, 27% used [0x0000000701e00000,0x00000007047f6148,0x000000070b480000)
 Metaspace       used 57749K, capacity 58867K, committed 59008K, reserved 1101824K
  class space    used 6955K, capacity 7245K, committed 7296K, reserved 1048576K
Event: 9.920 GC heap after
Heap after GC invocations=9 (full 2):
 PSYoungGen      total 240128K, used 37859K [0x0000000780a00000, 0x0000000799100000, 0x00000007c0000000)
  eden space 202240K, 0% used [0x0000000780a00000,0x0000000780a00000,0x000000078cf80000)
  from space 37888K, 99% used [0x000000078cf80000,0x000000078f478dd0,0x000000078f480000)
  to   space 49152K, 0% used [0x0000000796100000,0x0000000796100000,0x0000000799100000)
 ParOldGen       total 154112K, used 52190K [0x0000000701e00000, 0x000000070b480000, 0x0000000780a00000)
  object space 154112K, 33% used [0x0000000701e00000,0x00000007050f78d0,0x000000070b480000)
 Metaspace       used 57749K, capacity 58867K, committed 59008K, reserved 1101824K
  class space    used 6955K, capacity 7245K, committed 7296K, reserved 1048576K
}
Event: 9.920 GC heap before
{Heap before GC invocations=10 (full 3):
 PSYoungGen      total 240128K, used 37859K [0x0000000780a00000, 0x0000000799100000, 0x00000007c0000000)
  eden space 202240K, 0% used [0x0000000780a00000,0x0000000780a00000,0x000000078cf80000)
  from space 37888K, 99% used [0x000000078cf80000,0x000000078f478dd0,0x000000078f480000)
  to   space 49152K, 0% used [0x0000000796100000,0x0000000796100000,0x0000000799100000)
 ParOldGen       total 154112K, used 52190K [0x0000000701e00000, 0x000000070b480000, 0x0000000780a00000)
  object space 154112K, 33% used [0x0000000701e00000,0x00000007050f78d0,0x000000070b480000)
 Metaspace       used 57749K, capacity 58867K, committed 59008K, reserved 1101824K
  class space    used 6955K, capacity 7245K, committed 7296K, reserved 1048576K
Event: 10.370 GC heap after
Heap after GC invocations=10 (full 3):
 PSYoungGen      total 240128K, used 0K [0x0000000780a00000, 0x0000000799100000, 0x00000007c0000000)
  eden space 202240K, 0% used [0x0000000780a00000,0x0000000780a00000,0x000000078cf80000)
  from space 37888K, 0% used [0x000000078cf80000,0x000000078cf80000,0x000000078f480000)
  to   space 49152K, 0% used [0x0000000796100000,0x0000000796100000,0x0000000799100000)
 ParOldGen       total 250880K, used 78215K [0x0000000701e00000, 0x0000000711300000, 0x0000000780a00000)
  object space 250880K, 31% used [0x0000000701e00000,0x0000000706a61d60,0x0000000711300000)
 Metaspace       used 57749K, capacity 58867K, committed 59008K, reserved 1101824K
  class space    used 6955K, capacity 7245K, committed 7296K, reserved 1048576K
}

