# JRE version: OpenJDK Runtime Environment (8.0_242-b01) (build 1.8.0_242-release-1644-b01)
# Java VM: OpenJDK 64-Bit Server VM (25.242-b01 mixed mode windows-amd64 compressed oops)
Heap:
 PSYoungGen      total 287744K, used 287649K [0x00000000d5580000, 0x00000000e9b80000, 0x0000000100000000)
  eden space 261632K, 99% used [0x00000000d5580000,0x00000000e54eafd0,0x00000000e5500000)
  from space 26112K, 99% used [0x00000000e7480000,0x00000000e8dfd710,0x00000000e8e00000)
  to   space 32256K, 0% used [0x00000000e5500000,0x00000000e5500000,0x00000000e7480000)
 ParOldGen       total 168448K, used 41296K [0x0000000080000000, 0x000000008a480000, 0x00000000d5580000)
  object space 168448K, 24% used [0x0000000080000000,0x00000000828541d0,0x000000008a480000)
 Metaspace       used 80303K, capacity 84160K, committed 84376K, reserved 1122304K
  class space    used 10885K, capacity 11617K, committed 11696K, reserved 1048576K
GC Heap History (10 events):
Event: 11.715 GC heap before
{Heap before GC invocations=13 (full 2):
 PSYoungGen      total 194048K, used 83005K [0x00000000d5580000, 0x00000000e2d80000, 0x0000000100000000)
  eden space 181248K, 38% used [0x00000000d5580000,0x00000000d9a10320,0x00000000e0680000)
  from space 12800K, 99% used [0x00000000e1800000,0x00000000e247f320,0x00000000e2480000)
  to   space 17920K, 0% used [0x00000000e0680000,0x00000000e0680000,0x00000000e1800000)
 ParOldGen       total 110080K, used 25630K [0x0000000080000000, 0x0000000086b80000, 0x00000000d5580000)
  object space 110080K, 23% used [0x0000000080000000,0x0000000081907a98,0x0000000086b80000)
 Metaspace       used 56841K, capacity 59056K, committed 59160K, reserved 1099776K
  class space    used 7698K, capacity 8189K, committed 8240K, reserved 1048576K
Event: 11.739 GC heap after
Heap after GC invocations=13 (full 2):
 PSYoungGen      total 199168K, used 17903K [0x00000000d5580000, 0x00000000e5b00000, 0x0000000100000000)
  eden space 181248K, 0% used [0x00000000d5580000,0x00000000d5580000,0x00000000e0680000)
  from space 17920K, 99% used [0x00000000e0680000,0x00000000e17fbc90,0x00000000e1800000)
  to   space 21504K, 0% used [0x00000000e4600000,0x00000000e4600000,0x00000000e5b00000)
 ParOldGen       total 110080K, used 28844K [0x0000000080000000, 0x0000000086b80000, 0x00000000d5580000)
  object space 110080K, 26% used [0x0000000080000000,0x0000000081c2b088,0x0000000086b80000)
 Metaspace       used 56841K, capacity 59056K, committed 59160K, reserved 1099776K
  class space    used 7698K, capacity 8189K, committed 8240K, reserved 1048576K
}
Event: 11.739 GC heap before
{Heap before GC invocations=14 (full 3):
 PSYoungGen      total 199168K, used 17903K [0x00000000d5580000, 0x00000000e5b00000, 0x0000000100000000)
  eden space 181248K, 0% used [0x00000000d5580000,0x00000000d5580000,0x00000000e0680000)
  from space 17920K, 99% used [0x00000000e0680000,0x00000000e17fbc90,0x00000000e1800000)
  to   space 21504K, 0% used [0x00000000e4600000,0x00000000e4600000,0x00000000e5b00000)
 ParOldGen       total 110080K, used 28844K [0x0000000080000000, 0x0000000086b80000, 0x00000000d5580000)
  object space 110080K, 26% used [0x0000000080000000,0x0000000081c2b088,0x0000000086b80000)
 Metaspace       used 56841K, capacity 59056K, committed 59160K, reserved 1099776K
  class space    used 7698K, capacity 8189K, committed 8240K, reserved 1048576K
Event: 11.942 GC heap after
Heap after GC invocations=14 (full 3):
 PSYoungGen      total 199168K, used 0K [0x00000000d5580000, 0x00000000e5b00000, 0x0000000100000000)
  eden space 181248K, 0% used [0x00000000d5580000,0x00000000d5580000,0x00000000e0680000)
  from space 17920K, 0% used [0x00000000e0680000,0x00000000e0680000,0x00000000e1800000)
  to   space 21504K, 0% used [0x00000000e4600000,0x00000000e4600000,0x00000000e5b00000)
 ParOldGen       total 168448K, used 34983K [0x0000000080000000, 0x000000008a480000, 0x00000000d5580000)
  object space 168448K, 20% used [0x0000000080000000,0x0000000082229cb8,0x000000008a480000)
 Metaspace       used 56807K, capacity 58942K, committed 59160K, reserved 1099776K
  class space    used 7688K, capacity 8170K, committed 8240K, reserved 1048576K
}
Event: 13.598 GC heap before
{Heap before GC invocations=15 (full 3):
 PSYoungGen      total 199168K, used 181248K [0x00000000d5580000, 0x00000000e5b00000, 0x0000000100000000)
  eden space 181248K, 100% used [0x00000000d5580000,0x00000000e0680000,0x00000000e0680000)
  from space 17920K, 0% used [0x00000000e0680000,0x00000000e0680000,0x00000000e1800000)
  to   space 21504K, 0% used [0x00000000e4600000,0x00000000e4600000,0x00000000e5b00000)
 ParOldGen       total 168448K, used 34983K [0x0000000080000000, 0x000000008a480000, 0x00000000d5580000)
  object space 168448K, 20% used [0x0000000080000000,0x0000000082229cb8,0x000000008a480000)
 Metaspace       used 66566K, capacity 69884K, committed 70040K, reserved 1110016K
  class space    used 9198K, capacity 9858K, committed 9904K, reserved 1048576K
Event: 13.612 GC heap after
Heap after GC invocations=15 (full 3):
 PSYoungGen      total 241152K, used 18712K [0x00000000d5580000, 0x00000000e5a80000, 0x0000000100000000)
  eden space 220160K, 0% used [0x00000000d5580000,0x00000000d5580000,0x00000000e2c80000)
  from space 20992K, 89% used [0x00000000e4600000,0x00000000e5846268,0x00000000e5a80000)
  to   space 23552K, 0% used [0x00000000e2c80000,0x00000000e2c80000,0x00000000e4380000)
 ParOldGen       total 168448K, used 34991K [0x0000000080000000, 0x000000008a480000, 0x00000000d5580000)
  object space 168448K, 20% used [0x0000000080000000,0x000000008222bcb8,0x000000008a480000)
 Metaspace       used 66566K, capacity 69884K, committed 70040K, reserved 1110016K
  class space    used 9198K, capacity 9858K, committed 9904K, reserved 1048576K
}
Event: 15.102 GC heap before
{Heap before GC invocations=16 (full 3):
 PSYoungGen      total 241152K, used 238872K [0x00000000d5580000, 0x00000000e5a80000, 0x0000000100000000)
  eden space 220160K, 100% used [0x00000000d5580000,0x00000000e2c80000,0x00000000e2c80000)
  from space 20992K, 89% used [0x00000000e4600000,0x00000000e5846268,0x00000000e5a80000)
  to   space 23552K, 0% used [0x00000000e2c80000,0x00000000e2c80000,0x00000000e4380000)
 ParOldGen       total 168448K, used 34991K [0x0000000080000000, 0x000000008a480000, 0x00000000d5580000)
  object space 168448K, 20% used [0x0000000080000000,0x000000008222bcb8,0x000000008a480000)
 Metaspace       used 70981K, capacity 74566K, committed 74776K, reserved 1114112K
  class space    used 9709K, capacity 10429K, committed 10544K, reserved 1048576K
Event: 15.129 GC heap after
Heap after GC invocations=16 (full 3):
 PSYoungGen      total 243712K, used 22311K [0x00000000d5580000, 0x00000000e8e00000, 0x0000000100000000)
  eden space 220160K, 0% used [0x00000000d5580000,0x00000000d5580000,0x00000000e2c80000)
  from space 23552K, 94% used [0x00000000e2c80000,0x00000000e4249f50,0x00000000e4380000)
  to   space 26112K, 0% used [0x00000000e7480000,0x00000000e7480000,0x00000000e8e00000)
 ParOldGen       total 168448K, used 34999K [0x0000000080000000, 0x000000008a480000, 0x00000000d5580000)
  object space 168448K, 20% used [0x0000000080000000,0x000000008222dcb8,0x000000008a480000)
 Metaspace       used 70981K, capacity 74566K, committed 74776K, reserved 1114112K
  class space    used 9709K, capacity 10429K, committed 10544K, reserved 1048576K
}
Event: 16.428 GC heap before
{Heap before GC invocations=17 (full 3):
 PSYoungGen      total 243712K, used 242471K [0x00000000d5580000, 0x00000000e8e00000, 0x0000000100000000)
  eden space 220160K, 100% used [0x00000000d5580000,0x00000000e2c80000,0x00000000e2c80000)
  from space 23552K, 94% used [0x00000000e2c80000,0x00000000e4249f50,0x00000000e4380000)
  to   space 26112K, 0% used [0x00000000e7480000,0x00000000e7480000,0x00000000e8e00000)
 ParOldGen       total 168448K, used 34999K [0x0000000080000000, 0x000000008a480000, 0x00000000d5580000)
  object space 168448K, 20% used [0x0000000080000000,0x000000008222dcb8,0x000000008a480000)
 Metaspace       used 72439K, capacity 76032K, committed 76184K, reserved 1114112K
  class space    used 9887K, capacity 10576K, committed 10672K, reserved 1048576K
Event: 16.457 GC heap after
Heap after GC invocations=17 (full 3):
 PSYoungGen      total 287744K, used 26101K [0x00000000d5580000, 0x00000000e9b80000, 0x0000000100000000)
  eden space 261632K, 0% used [0x00000000d5580000,0x00000000d5580000,0x00000000e5500000)
  from space 26112K, 99% used [0x00000000e7480000,0x00000000e8dfd710,0x00000000e8e00000)
  to   space 32256K, 0% used [0x00000000e5500000,0x00000000e5500000,0x00000000e7480000)
 ParOldGen       total 168448K, used 41296K [0x0000000080000000, 0x000000008a480000, 0x00000000d5580000)
  object space 168448K, 24% used [0x0000000080000000,0x00000000828541d0,0x000000008a480000)
 Metaspace       used 72439K, capacity 76032K, committed 76184K, reserved 1114112K
  class space    used 9887K, capacity 10576K, committed 10672K, reserved 1048576K
}

