# JRE version: OpenJDK Runtime Environment (8.0_242-b01) (build 1.8.0_242-release-1644-b01)
# Java VM: OpenJDK 64-Bit Server VM (25.242-b01 mixed mode windows-amd64 compressed oops)
Heap:
 PSYoungGen      total 206336K, used 111063K [0x00000000d5580000, 0x00000000e5f80000, 0x0000000100000000)
  eden space 188416K, 58% used [0x00000000d5580000,0x00000000dc1f5fb8,0x00000000e0d80000)
  from space 17920K, 0% used [0x00000000e0d80000,0x00000000e0d80000,0x00000000e1f00000)
  to   space 20992K, 0% used [0x00000000e4b00000,0x00000000e4b00000,0x00000000e5f80000)
 ParOldGen       total 169472K, used 34445K [0x0000000080000000, 0x000000008a580000, 0x00000000d5580000)
  object space 169472K, 20% used [0x0000000080000000,0x00000000821a3720,0x000000008a580000)
 Metaspace       used 63270K, capacity 65808K, committed 66072K, reserved 1105920K
  class space    used 8692K, capacity 9232K, committed 9264K, reserved 1048576K
GC Heap History (10 events):
Event: 4.982 GC heap before
{Heap before GC invocations=10 (full 2):
 PSYoungGen      total 170496K, used 8400K [0x00000000d5580000, 0x00000000e1380000, 0x0000000100000000)
  eden space 157696K, 0% used [0x00000000d5580000,0x00000000d5580000,0x00000000def80000)
  from space 12800K, 65% used [0x00000000dfc00000,0x00000000e04342b0,0x00000000e0880000)
  to   space 12800K, 0% used [0x00000000def80000,0x00000000def80000,0x00000000dfc00000)
 ParOldGen       total 68096K, used 7802K [0x0000000080000000, 0x0000000084280000, 0x00000000d5580000)
  object space 68096K, 11% used [0x0000000080000000,0x000000008079ea80,0x0000000084280000)
 Metaspace       used 34277K, capacity 35408K, committed 35496K, reserved 1079296K
  class space    used 4719K, capacity 5001K, committed 5040K, reserved 1048576K
Event: 5.084 GC heap after
Heap after GC invocations=10 (full 2):
 PSYoungGen      total 170496K, used 0K [0x00000000d5580000, 0x00000000e1380000, 0x0000000100000000)
  eden space 157696K, 0% used [0x00000000d5580000,0x00000000d5580000,0x00000000def80000)
  from space 12800K, 0% used [0x00000000dfc00000,0x00000000dfc00000,0x00000000e0880000)
  to   space 12800K, 0% used [0x00000000def80000,0x00000000def80000,0x00000000dfc00000)
 ParOldGen       total 109056K, used 14777K [0x0000000080000000, 0x0000000086a80000, 0x00000000d5580000)
  object space 109056K, 13% used [0x0000000080000000,0x0000000080e6e4f0,0x0000000086a80000)
 Metaspace       used 34277K, capacity 35408K, committed 35496K, reserved 1079296K
  class space    used 4719K, capacity 5001K, committed 5040K, reserved 1048576K
}
Event: 6.237 GC heap before
{Heap before GC invocations=11 (full 2):
 PSYoungGen      total 170496K, used 157696K [0x00000000d5580000, 0x00000000e1380000, 0x0000000100000000)
  eden space 157696K, 100% used [0x00000000d5580000,0x00000000def80000,0x00000000def80000)
  from space 12800K, 0% used [0x00000000dfc00000,0x00000000dfc00000,0x00000000e0880000)
  to   space 12800K, 0% used [0x00000000def80000,0x00000000def80000,0x00000000dfc00000)
 ParOldGen       total 109056K, used 14777K [0x0000000080000000, 0x0000000086a80000, 0x00000000d5580000)
  object space 109056K, 13% used [0x0000000080000000,0x0000000080e6e4f0,0x0000000086a80000)
 Metaspace       used 38630K, capacity 40234K, committed 40488K, reserved 1083392K
  class space    used 5310K, capacity 5644K, committed 5680K, reserved 1048576K
Event: 6.245 GC heap after
Heap after GC invocations=11 (full 2):
 PSYoungGen      total 170496K, used 9384K [0x00000000d5580000, 0x00000000e2b80000, 0x0000000100000000)
  eden space 157696K, 0% used [0x00000000d5580000,0x00000000d5580000,0x00000000def80000)
  from space 12800K, 73% used [0x00000000def80000,0x00000000df8aa238,0x00000000dfc00000)
  to   space 12800K, 0% used [0x00000000e1f00000,0x00000000e1f00000,0x00000000e2b80000)
 ParOldGen       total 109056K, used 14785K [0x0000000080000000, 0x0000000086a80000, 0x00000000d5580000)
  object space 109056K, 13% used [0x0000000080000000,0x0000000080e704f0,0x0000000086a80000)
 Metaspace       used 38630K, capacity 40234K, committed 40488K, reserved 1083392K
  class space    used 5310K, capacity 5644K, committed 5680K, reserved 1048576K
}
Event: 8.006 GC heap before
{Heap before GC invocations=12 (full 2):
 PSYoungGen      total 170496K, used 167080K [0x00000000d5580000, 0x00000000e2b80000, 0x0000000100000000)
  eden space 157696K, 100% used [0x00000000d5580000,0x00000000def80000,0x00000000def80000)
  from space 12800K, 73% used [0x00000000def80000,0x00000000df8aa238,0x00000000dfc00000)
  to   space 12800K, 0% used [0x00000000e1f00000,0x00000000e1f00000,0x00000000e2b80000)
 ParOldGen       total 109056K, used 14785K [0x0000000080000000, 0x0000000086a80000, 0x00000000d5580000)
  object space 109056K, 13% used [0x0000000080000000,0x0000000080e704f0,0x0000000086a80000)
 Metaspace       used 52586K, capacity 54594K, committed 54824K, reserved 1097728K
  class space    used 7003K, capacity 7454K, committed 7472K, reserved 1048576K
Event: 8.024 GC heap after
Heap after GC invocations=12 (full 2):
 PSYoungGen      total 201216K, used 12796K [0x00000000d5580000, 0x00000000e3280000, 0x0000000100000000)
  eden space 188416K, 0% used [0x00000000d5580000,0x00000000d5580000,0x00000000e0d80000)
  from space 12800K, 99% used [0x00000000e1f00000,0x00000000e2b7f320,0x00000000e2b80000)
  to   space 17920K, 0% used [0x00000000e0d80000,0x00000000e0d80000,0x00000000e1f00000)
 ParOldGen       total 109056K, used 25796K [0x0000000080000000, 0x0000000086a80000, 0x00000000d5580000)
  object space 109056K, 23% used [0x0000000080000000,0x0000000081931200,0x0000000086a80000)
 Metaspace       used 52586K, capacity 54594K, committed 54824K, reserved 1097728K
  class space    used 7003K, capacity 7454K, committed 7472K, reserved 1048576K
}
Event: 8.764 GC heap before
{Heap before GC invocations=13 (full 2):
 PSYoungGen      total 201216K, used 73367K [0x00000000d5580000, 0x00000000e3280000, 0x0000000100000000)
  eden space 188416K, 32% used [0x00000000d5580000,0x00000000d90a6a40,0x00000000e0d80000)
  from space 12800K, 99% used [0x00000000e1f00000,0x00000000e2b7f320,0x00000000e2b80000)
  to   space 17920K, 0% used [0x00000000e0d80000,0x00000000e0d80000,0x00000000e1f00000)
 ParOldGen       total 109056K, used 25796K [0x0000000080000000, 0x0000000086a80000, 0x00000000d5580000)
  object space 109056K, 23% used [0x0000000080000000,0x0000000081931200,0x0000000086a80000)
 Metaspace       used 56867K, capacity 59064K, committed 59160K, reserved 1099776K
  class space    used 7695K, capacity 8187K, committed 8240K, reserved 1048576K
Event: 8.787 GC heap after
Heap after GC invocations=13 (full 2):
 PSYoungGen      total 206336K, used 17889K [0x00000000d5580000, 0x00000000e5f80000, 0x0000000100000000)
  eden space 188416K, 0% used [0x00000000d5580000,0x00000000d5580000,0x00000000e0d80000)
  from space 17920K, 99% used [0x00000000e0d80000,0x00000000e1ef8540,0x00000000e1f00000)
  to   space 20992K, 0% used [0x00000000e4b00000,0x00000000e4b00000,0x00000000e5f80000)
 ParOldGen       total 109056K, used 27912K [0x0000000080000000, 0x0000000086a80000, 0x00000000d5580000)
  object space 109056K, 25% used [0x0000000080000000,0x0000000081b421e8,0x0000000086a80000)
 Metaspace       used 56867K, capacity 59064K, committed 59160K, reserved 1099776K
  class space    used 7695K, capacity 8187K, committed 8240K, reserved 1048576K
}
Event: 8.787 GC heap before
{Heap before GC invocations=14 (full 3):
 PSYoungGen      total 206336K, used 17889K [0x00000000d5580000, 0x00000000e5f80000, 0x0000000100000000)
  eden space 188416K, 0% used [0x00000000d5580000,0x00000000d5580000,0x00000000e0d80000)
  from space 17920K, 99% used [0x00000000e0d80000,0x00000000e1ef8540,0x00000000e1f00000)
  to   space 20992K, 0% used [0x00000000e4b00000,0x00000000e4b00000,0x00000000e5f80000)
 ParOldGen       total 109056K, used 27912K [0x0000000080000000, 0x0000000086a80000, 0x00000000d5580000)
  object space 109056K, 25% used [0x0000000080000000,0x0000000081b421e8,0x0000000086a80000)
 Metaspace       used 56867K, capacity 59064K, committed 59160K, reserved 1099776K
  class space    used 7695K, capacity 8187K, committed 8240K, reserved 1048576K
Event: 9.010 GC heap after
Heap after GC invocations=14 (full 3):
 PSYoungGen      total 206336K, used 0K [0x00000000d5580000, 0x00000000e5f80000, 0x0000000100000000)
  eden space 188416K, 0% used [0x00000000d5580000,0x00000000d5580000,0x00000000e0d80000)
  from space 17920K, 0% used [0x00000000e0d80000,0x00000000e0d80000,0x00000000e1f00000)
  to   space 20992K, 0% used [0x00000000e4b00000,0x00000000e4b00000,0x00000000e5f80000)
 ParOldGen       total 169472K, used 34445K [0x0000000080000000, 0x000000008a580000, 0x00000000d5580000)
  object space 169472K, 20% used [0x0000000080000000,0x00000000821a3720,0x000000008a580000)
 Metaspace       used 56833K, capacity 58950K, committed 59160K, reserved 1099776K
  class space    used 7685K, capacity 8168K, committed 8240K, reserved 1048576K
}

