# JRE version: OpenJDK Runtime Environment (8.0_242-b01) (build 1.8.0_242-release-1644-b01)
# Java VM: OpenJDK 64-Bit Server VM (25.242-b01 mixed mode windows-amd64 compressed oops)
Heap:
 PSYoungGen      total 399360K, used 275759K [0x00000000d5580000, 0x00000000f7300000, 0x0000000100000000)
  eden space 265728K, 72% used [0x00000000d5580000,0x00000000e12ef8c0,0x00000000e5900000)
  from space 133632K, 61% used [0x00000000e5900000,0x00000000ea8e0480,0x00000000edb80000)
  to   space 133120K, 0% used [0x00000000ef100000,0x00000000ef100000,0x00000000f7300000)
 ParOldGen       total 374272K, used 117236K [0x0000000080000000, 0x0000000096d80000, 0x00000000d5580000)
  object space 374272K, 31% used [0x0000000080000000,0x000000008727d390,0x0000000096d80000)
 Metaspace       used 122903K, capacity 132848K, committed 133016K, reserved 1165312K
  class space    used 15768K, capacity 17522K, committed 17584K, reserved 1048576K
GC Heap History (10 events):
Event: 10214.596 GC heap before
{Heap before GC invocations=76 (full 5):
 PSYoungGen      total 347136K, used 321327K [0x00000000d5580000, 0x00000000f2b00000, 0x0000000100000000)
  eden space 235008K, 100% used [0x00000000d5580000,0x00000000e3b00000,0x00000000e3b00000)
  from space 112128K, 76% used [0x00000000eb000000,0x00000000f044bf60,0x00000000f1d80000)
  to   space 119808K, 0% used [0x00000000e3b00000,0x00000000e3b00000,0x00000000eb000000)
 ParOldGen       total 374272K, used 106580K [0x0000000080000000, 0x0000000096d80000, 0x00000000d5580000)
  object space 374272K, 28% used [0x0000000080000000,0x0000000086815008,0x0000000096d80000)
 Metaspace       used 122449K, capacity 132498K, committed 132760K, reserved 1165312K
  class space    used 15767K, capacity 17521K, committed 17584K, reserved 1048576K
Event: 10214.649 GC heap after
Heap after GC invocations=76 (full 5):
 PSYoungGen      total 354816K, used 91326K [0x00000000d5580000, 0x00000000f4200000, 0x0000000100000000)
  eden space 235008K, 0% used [0x00000000d5580000,0x00000000d5580000,0x00000000e3b00000)
  from space 119808K, 76% used [0x00000000e3b00000,0x00000000e942fba0,0x00000000eb000000)
  to   space 127488K, 0% used [0x00000000ec580000,0x00000000ec580000,0x00000000f4200000)
 ParOldGen       total 374272K, used 107412K [0x0000000080000000, 0x0000000096d80000, 0x00000000d5580000)
  object space 374272K, 28% used [0x0000000080000000,0x00000000868e5048,0x0000000096d80000)
 Metaspace       used 122449K, capacity 132498K, committed 132760K, reserved 1165312K
  class space    used 15767K, capacity 17521K, committed 17584K, reserved 1048576K
}
Event: 10215.694 GC heap before
{Heap before GC invocations=77 (full 5):
 PSYoungGen      total 354816K, used 326334K [0x00000000d5580000, 0x00000000f4200000, 0x0000000100000000)
  eden space 235008K, 100% used [0x00000000d5580000,0x00000000e3b00000,0x00000000e3b00000)
  from space 119808K, 76% used [0x00000000e3b00000,0x00000000e942fba0,0x00000000eb000000)
  to   space 127488K, 0% used [0x00000000ec580000,0x00000000ec580000,0x00000000f4200000)
 ParOldGen       total 374272K, used 107412K [0x0000000080000000, 0x0000000096d80000, 0x00000000d5580000)
  object space 374272K, 28% used [0x0000000080000000,0x00000000868e5048,0x0000000096d80000)
 Metaspace       used 122725K, capacity 132694K, committed 132760K, reserved 1165312K
  class space    used 15767K, capacity 17521K, committed 17584K, reserved 1048576K
Event: 10215.791 GC heap after
Heap after GC invocations=77 (full 5):
 PSYoungGen      total 369152K, used 97373K [0x00000000d5580000, 0x00000000f5800000, 0x0000000100000000)
  eden space 241664K, 0% used [0x00000000d5580000,0x00000000d5580000,0x00000000e4180000)
  from space 127488K, 76% used [0x00000000ec580000,0x00000000f24976f8,0x00000000f4200000)
  to   space 135168K, 0% used [0x00000000e4180000,0x00000000e4180000,0x00000000ec580000)
 ParOldGen       total 374272K, used 109288K [0x0000000080000000, 0x0000000096d80000, 0x00000000d5580000)
  object space 374272K, 29% used [0x0000000080000000,0x0000000086aba088,0x0000000096d80000)
 Metaspace       used 122725K, capacity 132694K, committed 132760K, reserved 1165312K
  class space    used 15767K, capacity 17521K, committed 17584K, reserved 1048576K
}
Event: 10216.643 GC heap before
{Heap before GC invocations=78 (full 5):
 PSYoungGen      total 369152K, used 339037K [0x00000000d5580000, 0x00000000f5800000, 0x0000000100000000)
  eden space 241664K, 100% used [0x00000000d5580000,0x00000000e4180000,0x00000000e4180000)
  from space 127488K, 76% used [0x00000000ec580000,0x00000000f24976f8,0x00000000f4200000)
  to   space 135168K, 0% used [0x00000000e4180000,0x00000000e4180000,0x00000000ec580000)
 ParOldGen       total 374272K, used 109288K [0x0000000080000000, 0x0000000096d80000, 0x00000000d5580000)
  object space 374272K, 29% used [0x0000000080000000,0x0000000086aba088,0x0000000096d80000)
 Metaspace       used 122760K, capacity 132702K, committed 133016K, reserved 1165312K
  class space    used 15767K, capacity 17521K, committed 17584K, reserved 1048576K
Event: 10216.705 GC heap after
Heap after GC invocations=78 (full 5):
 PSYoungGen      total 376832K, used 81583K [0x00000000d5580000, 0x00000000f6280000, 0x0000000100000000)
  eden space 241664K, 0% used [0x00000000d5580000,0x00000000d5580000,0x00000000e4180000)
  from space 135168K, 60% used [0x00000000e4180000,0x00000000e912bf70,0x00000000ec580000)
  to   space 135680K, 0% used [0x00000000ede00000,0x00000000ede00000,0x00000000f6280000)
 ParOldGen       total 374272K, used 109413K [0x0000000080000000, 0x0000000096d80000, 0x00000000d5580000)
  object space 374272K, 29% used [0x0000000080000000,0x0000000086ad96c8,0x0000000096d80000)
 Metaspace       used 122760K, capacity 132702K, committed 133016K, reserved 1165312K
  class space    used 15767K, capacity 17521K, committed 17584K, reserved 1048576K
}
Event: 10218.234 GC heap before
{Heap before GC invocations=79 (full 5):
 PSYoungGen      total 376832K, used 323247K [0x00000000d5580000, 0x00000000f6280000, 0x0000000100000000)
  eden space 241664K, 100% used [0x00000000d5580000,0x00000000e4180000,0x00000000e4180000)
  from space 135168K, 60% used [0x00000000e4180000,0x00000000e912bf70,0x00000000ec580000)
  to   space 135680K, 0% used [0x00000000ede00000,0x00000000ede00000,0x00000000f6280000)
 ParOldGen       total 374272K, used 109413K [0x0000000080000000, 0x0000000096d80000, 0x00000000d5580000)
  object space 374272K, 29% used [0x0000000080000000,0x0000000086ad96c8,0x0000000096d80000)
 Metaspace       used 122795K, capacity 132774K, committed 133016K, reserved 1165312K
  class space    used 15767K, capacity 17521K, committed 17584K, reserved 1048576K
Event: 10218.284 GC heap after
Heap after GC invocations=79 (full 5):
 PSYoungGen      total 396800K, used 76901K [0x00000000d5580000, 0x00000000f5e00000, 0x0000000100000000)
  eden space 265728K, 0% used [0x00000000d5580000,0x00000000d5580000,0x00000000e5900000)
  from space 131072K, 58% used [0x00000000ede00000,0x00000000f2919768,0x00000000f5e00000)
  to   space 133632K, 0% used [0x00000000e5900000,0x00000000e5900000,0x00000000edb80000)
 ParOldGen       total 374272K, used 109477K [0x0000000080000000, 0x0000000096d80000, 0x00000000d5580000)
  object space 374272K, 29% used [0x0000000080000000,0x0000000086ae96c8,0x0000000096d80000)
 Metaspace       used 122795K, capacity 132774K, committed 133016K, reserved 1165312K
  class space    used 15767K, capacity 17521K, committed 17584K, reserved 1048576K
}
Event: 11137.607 GC heap before
{Heap before GC invocations=80 (full 5):
 PSYoungGen      total 396800K, used 342629K [0x00000000d5580000, 0x00000000f5e00000, 0x0000000100000000)
  eden space 265728K, 100% used [0x00000000d5580000,0x00000000e5900000,0x00000000e5900000)
  from space 131072K, 58% used [0x00000000ede00000,0x00000000f2919768,0x00000000f5e00000)
  to   space 133632K, 0% used [0x00000000e5900000,0x00000000e5900000,0x00000000edb80000)
 ParOldGen       total 374272K, used 109477K [0x0000000080000000, 0x0000000096d80000, 0x00000000d5580000)
  object space 374272K, 29% used [0x0000000080000000,0x0000000086ae96c8,0x0000000096d80000)
 Metaspace       used 122873K, capacity 132780K, committed 133016K, reserved 1165312K
  class space    used 15768K, capacity 17522K, committed 17584K, reserved 1048576K
Event: 11137.665 GC heap after
Heap after GC invocations=80 (full 5):
 PSYoungGen      total 399360K, used 81793K [0x00000000d5580000, 0x00000000f7300000, 0x0000000100000000)
  eden space 265728K, 0% used [0x00000000d5580000,0x00000000d5580000,0x00000000e5900000)
  from space 133632K, 61% used [0x00000000e5900000,0x00000000ea8e0480,0x00000000edb80000)
  to   space 133120K, 0% used [0x00000000ef100000,0x00000000ef100000,0x00000000f7300000)
 ParOldGen       total 374272K, used 117236K [0x0000000080000000, 0x0000000096d80000, 0x00000000d5580000)
  object space 374272K, 31% used [0x0000000080000000,0x000000008727d390,0x0000000096d80000)
 Metaspace       used 122873K, capacity 132780K, committed 133016K, reserved 1165312K
  class space    used 15768K, capacity 17522K, committed 17584K, reserved 1048576K
}

