# JRE version: OpenJDK Runtime Environment (8.0_242-b01) (build 1.8.0_242-release-1644-b01)
# Java VM: OpenJDK 64-Bit Server VM (25.242-b01 mixed mode windows-amd64 compressed oops)
Heap:
 PSYoungGen      total 201216K, used 173120K [0x0000000780a00000, 0x0000000791880000, 0x00000007c0000000)
  eden space 164864K, 92% used [0x0000000780a00000,0x0000000789e4f378,0x000000078ab00000)
  from space 36352K, 58% used [0x000000078ab00000,0x000000078bfc0c88,0x000000078ce80000)
  to   space 34816K, 0% used [0x000000078f680000,0x000000078f680000,0x0000000791880000)
 ParOldGen       total 188928K, used 68069K [0x0000000701e00000, 0x000000070d680000, 0x0000000780a00000)
  object space 188928K, 36% used [0x0000000701e00000,0x0000000706079700,0x000000070d680000)
 Metaspace       used 69079K, capacity 70859K, committed 71168K, reserved 1112064K
  class space    used 7880K, capacity 8321K, committed 8448K, reserved 1048576K
GC Heap History (10 events):
Event: 5.081 GC heap before
{Heap before GC invocations=6 (full 2):
 PSYoungGen      total 106496K, used 98304K [0x0000000780a00000, 0x0000000789980000, 0x00000007c0000000)
  eden space 98304K, 100% used [0x0000000780a00000,0x0000000786a00000,0x0000000786a00000)
  from space 8192K, 0% used [0x0000000786a00000,0x0000000786a00000,0x0000000787200000)
  to   space 8192K, 0% used [0x0000000789180000,0x0000000789180000,0x0000000789980000)
 ParOldGen       total 188928K, used 35183K [0x0000000701e00000, 0x000000070d680000, 0x0000000780a00000)
  object space 188928K, 18% used [0x0000000701e00000,0x000000070405be38,0x000000070d680000)
 Metaspace       used 41933K, capacity 42641K, committed 43008K, reserved 1087488K
  class space    used 5081K, capacity 5268K, committed 5376K, reserved 1048576K
Event: 5.098 GC heap after
Heap after GC invocations=6 (full 2):
 PSYoungGen      total 136704K, used 8174K [0x0000000780a00000, 0x0000000789980000, 0x00000007c0000000)
  eden space 128512K, 0% used [0x0000000780a00000,0x0000000780a00000,0x0000000788780000)
  from space 8192K, 99% used [0x0000000789180000,0x000000078997b930,0x0000000789980000)
  to   space 8192K, 0% used [0x0000000788980000,0x0000000788980000,0x0000000789180000)
 ParOldGen       total 188928K, used 46763K [0x0000000701e00000, 0x000000070d680000, 0x0000000780a00000)
  object space 188928K, 24% used [0x0000000701e00000,0x0000000704baae70,0x000000070d680000)
 Metaspace       used 41933K, capacity 42641K, committed 43008K, reserved 1087488K
  class space    used 5081K, capacity 5268K, committed 5376K, reserved 1048576K
}
Event: 7.696 GC heap before
{Heap before GC invocations=7 (full 2):
 PSYoungGen      total 136704K, used 136686K [0x0000000780a00000, 0x0000000789980000, 0x00000007c0000000)
  eden space 128512K, 100% used [0x0000000780a00000,0x0000000788780000,0x0000000788780000)
  from space 8192K, 99% used [0x0000000789180000,0x000000078997b930,0x0000000789980000)
  to   space 8192K, 0% used [0x0000000788980000,0x0000000788980000,0x0000000789180000)
 ParOldGen       total 188928K, used 46763K [0x0000000701e00000, 0x000000070d680000, 0x0000000780a00000)
  object space 188928K, 24% used [0x0000000701e00000,0x0000000704baae70,0x000000070d680000)
 Metaspace       used 51261K, capacity 52139K, committed 52352K, reserved 1095680K
  class space    used 6270K, capacity 6509K, committed 6528K, reserved 1048576K
Event: 7.729 GC heap after
Heap after GC invocations=7 (full 2):
 PSYoungGen      total 138752K, used 8170K [0x0000000780a00000, 0x000000078f000000, 0x00000007c0000000)
  eden space 130560K, 0% used [0x0000000780a00000,0x0000000780a00000,0x0000000788980000)
  from space 8192K, 99% used [0x0000000788980000,0x000000078917a9d0,0x0000000789180000)
  to   space 34304K, 0% used [0x000000078ce80000,0x000000078ce80000,0x000000078f000000)
 ParOldGen       total 188928K, used 70655K [0x0000000701e00000, 0x000000070d680000, 0x0000000780a00000)
  object space 188928K, 37% used [0x0000000701e00000,0x00000007062ffe20,0x000000070d680000)
 Metaspace       used 51261K, capacity 52139K, committed 52352K, reserved 1095680K
  class space    used 6270K, capacity 6509K, committed 6528K, reserved 1048576K
}
Event: 11.194 GC heap before
{Heap before GC invocations=8 (full 2):
 PSYoungGen      total 138752K, used 122003K [0x0000000780a00000, 0x000000078f000000, 0x00000007c0000000)
  eden space 130560K, 87% used [0x0000000780a00000,0x000000078792a510,0x0000000788980000)
  from space 8192K, 99% used [0x0000000788980000,0x000000078917a9d0,0x0000000789180000)
  to   space 34304K, 0% used [0x000000078ce80000,0x000000078ce80000,0x000000078f000000)
 ParOldGen       total 188928K, used 70655K [0x0000000701e00000, 0x000000070d680000, 0x0000000780a00000)
  object space 188928K, 37% used [0x0000000701e00000,0x00000007062ffe20,0x000000070d680000)
 Metaspace       used 57720K, capacity 58881K, committed 59008K, reserved 1101824K
  class space    used 6956K, capacity 7250K, committed 7296K, reserved 1048576K
Event: 11.223 GC heap after
Heap after GC invocations=8 (full 2):
 PSYoungGen      total 199168K, used 28716K [0x0000000780a00000, 0x000000078f380000, 0x00000007c0000000)
  eden space 164864K, 0% used [0x0000000780a00000,0x0000000780a00000,0x000000078ab00000)
  from space 34304K, 83% used [0x000000078ce80000,0x000000078ea8b208,0x000000078f000000)
  to   space 36352K, 0% used [0x000000078ab00000,0x000000078ab00000,0x000000078ce80000)
 ParOldGen       total 188928K, used 70663K [0x0000000701e00000, 0x000000070d680000, 0x0000000780a00000)
  object space 188928K, 37% used [0x0000000701e00000,0x0000000706301e20,0x000000070d680000)
 Metaspace       used 57720K, capacity 58881K, committed 59008K, reserved 1101824K
  class space    used 6956K, capacity 7250K, committed 7296K, reserved 1048576K
}
Event: 11.223 GC heap before
{Heap before GC invocations=9 (full 3):
 PSYoungGen      total 199168K, used 28716K [0x0000000780a00000, 0x000000078f380000, 0x00000007c0000000)
  eden space 164864K, 0% used [0x0000000780a00000,0x0000000780a00000,0x000000078ab00000)
  from space 34304K, 83% used [0x000000078ce80000,0x000000078ea8b208,0x000000078f000000)
  to   space 36352K, 0% used [0x000000078ab00000,0x000000078ab00000,0x000000078ce80000)
 ParOldGen       total 188928K, used 70663K [0x0000000701e00000, 0x000000070d680000, 0x0000000780a00000)
  object space 188928K, 37% used [0x0000000701e00000,0x0000000706301e20,0x000000070d680000)
 Metaspace       used 57720K, capacity 58881K, committed 59008K, reserved 1101824K
  class space    used 6956K, capacity 7250K, committed 7296K, reserved 1048576K
Event: 11.432 GC heap after
Heap after GC invocations=9 (full 3):
 PSYoungGen      total 199168K, used 0K [0x0000000780a00000, 0x000000078f380000, 0x00000007c0000000)
  eden space 164864K, 0% used [0x0000000780a00000,0x0000000780a00000,0x000000078ab00000)
  from space 34304K, 0% used [0x000000078ce80000,0x000000078ce80000,0x000000078f000000)
  to   space 36352K, 0% used [0x000000078ab00000,0x000000078ab00000,0x000000078ce80000)
 ParOldGen       total 188928K, used 68061K [0x0000000701e00000, 0x000000070d680000, 0x0000000780a00000)
  object space 188928K, 36% used [0x0000000701e00000,0x0000000706077700,0x000000070d680000)
 Metaspace       used 57720K, capacity 58881K, committed 59008K, reserved 1101824K
  class space    used 6956K, capacity 7250K, committed 7296K, reserved 1048576K
}
Event: 15.603 GC heap before
{Heap before GC invocations=10 (full 3):
 PSYoungGen      total 199168K, used 164864K [0x0000000780a00000, 0x000000078f380000, 0x00000007c0000000)
  eden space 164864K, 100% used [0x0000000780a00000,0x000000078ab00000,0x000000078ab00000)
  from space 34304K, 0% used [0x000000078ce80000,0x000000078ce80000,0x000000078f000000)
  to   space 36352K, 0% used [0x000000078ab00000,0x000000078ab00000,0x000000078ce80000)
 ParOldGen       total 188928K, used 68061K [0x0000000701e00000, 0x000000070d680000, 0x0000000780a00000)
  object space 188928K, 36% used [0x0000000701e00000,0x0000000706077700,0x000000070d680000)
 Metaspace       used 60556K, capacity 62125K, committed 62336K, reserved 1103872K
  class space    used 7149K, capacity 7524K, committed 7552K, reserved 1048576K
Event: 15.623 GC heap after
Heap after GC invocations=10 (full 3):
 PSYoungGen      total 201216K, used 21251K [0x0000000780a00000, 0x0000000791880000, 0x00000007c0000000)
  eden space 164864K, 0% used [0x0000000780a00000,0x0000000780a00000,0x000000078ab00000)
  from space 36352K, 58% used [0x000000078ab00000,0x000000078bfc0c88,0x000000078ce80000)
  to   space 34816K, 0% used [0x000000078f680000,0x000000078f680000,0x0000000791880000)
 ParOldGen       total 188928K, used 68069K [0x0000000701e00000, 0x000000070d680000, 0x0000000780a00000)
  object space 188928K, 36% used [0x0000000701e00000,0x0000000706079700,0x000000070d680000)
 Metaspace       used 60556K, capacity 62125K, committed 62336K, reserved 1103872K
  class space    used 7149K, capacity 7524K, committed 7552K, reserved 1048576K
}

