# JRE version: OpenJDK Runtime Environment (8.0_242-b01) (build 1.8.0_242-release-1644-b01)
# Java VM: OpenJDK 64-Bit Server VM (25.242-b01 mixed mode windows-amd64 compressed oops)
Heap:
 PSYoungGen      total 138752K, used 80190K [0x0000000780a00000, 0x000000078ad00000, 0x00000007c0000000)
  eden space 130560K, 55% used [0x0000000780a00000,0x00000007850561a8,0x0000000788980000)
  from space 8192K, 99% used [0x0000000789180000,0x00000007899796c0,0x0000000789980000)
  to   space 8192K, 0% used [0x0000000788980000,0x0000000788980000,0x0000000789180000)
 ParOldGen       total 160256K, used 78171K [0x0000000701e00000, 0x000000070ba80000, 0x0000000780a00000)
  object space 160256K, 48% used [0x0000000701e00000,0x0000000706a56dd0,0x000000070ba80000)
 Metaspace       used 59737K, capacity 60989K, committed 61184K, reserved 1103872K
  class space    used 7046K, capacity 7328K, committed 7424K, reserved 1048576K
GC Heap History (10 events):
Event: 8.737 GC heap before
{Heap before GC invocations=7 (full 2):
 PSYoungGen      total 138752K, used 130560K [0x0000000780a00000, 0x000000078ad00000, 0x00000007c0000000)
  eden space 130560K, 100% used [0x0000000780a00000,0x0000000788980000,0x0000000788980000)
  from space 8192K, 0% used [0x0000000789180000,0x0000000789180000,0x0000000789980000)
  to   space 8192K, 0% used [0x0000000788980000,0x0000000788980000,0x0000000789180000)
 ParOldGen       total 160256K, used 23053K [0x0000000701e00000, 0x000000070ba80000, 0x0000000780a00000)
  object space 160256K, 14% used [0x0000000701e00000,0x00000007034835d8,0x000000070ba80000)
 Metaspace       used 45897K, capacity 46671K, committed 46848K, reserved 1089536K
  class space    used 5598K, capacity 5833K, committed 5888K, reserved 1048576K
Event: 8.767 GC heap after
Heap after GC invocations=7 (full 2):
 PSYoungGen      total 138752K, used 8177K [0x0000000780a00000, 0x000000078ad00000, 0x00000007c0000000)
  eden space 130560K, 0% used [0x0000000780a00000,0x0000000780a00000,0x0000000788980000)
  from space 8192K, 99% used [0x0000000788980000,0x000000078917c4f8,0x0000000789180000)
  to   space 8192K, 0% used [0x0000000789180000,0x0000000789180000,0x0000000789980000)
 ParOldGen       total 160256K, used 43252K [0x0000000701e00000, 0x000000070ba80000, 0x0000000780a00000)
  object space 160256K, 26% used [0x0000000701e00000,0x000000070483d0a8,0x000000070ba80000)
 Metaspace       used 45897K, capacity 46671K, committed 46848K, reserved 1089536K
  class space    used 5598K, capacity 5833K, committed 5888K, reserved 1048576K
}
Event: 11.307 GC heap before
{Heap before GC invocations=8 (full 2):
 PSYoungGen      total 138752K, used 138737K [0x0000000780a00000, 0x000000078ad00000, 0x00000007c0000000)
  eden space 130560K, 100% used [0x0000000780a00000,0x0000000788980000,0x0000000788980000)
  from space 8192K, 99% used [0x0000000788980000,0x000000078917c4f8,0x0000000789180000)
  to   space 8192K, 0% used [0x0000000789180000,0x0000000789180000,0x0000000789980000)
 ParOldGen       total 160256K, used 43252K [0x0000000701e00000, 0x000000070ba80000, 0x0000000780a00000)
  object space 160256K, 26% used [0x0000000701e00000,0x000000070483d0a8,0x000000070ba80000)
 Metaspace       used 51532K, capacity 52453K, committed 52608K, reserved 1095680K
  class space    used 6244K, capacity 6480K, committed 6528K, reserved 1048576K
Event: 11.340 GC heap after
Heap after GC invocations=8 (full 2):
 PSYoungGen      total 138752K, used 8180K [0x0000000780a00000, 0x000000078ad00000, 0x00000007c0000000)
  eden space 130560K, 0% used [0x0000000780a00000,0x0000000780a00000,0x0000000788980000)
  from space 8192K, 99% used [0x0000000789180000,0x000000078997d2a8,0x0000000789980000)
  to   space 8192K, 0% used [0x0000000788980000,0x0000000788980000,0x0000000789180000)
 ParOldGen       total 160256K, used 64879K [0x0000000701e00000, 0x000000070ba80000, 0x0000000780a00000)
  object space 160256K, 40% used [0x0000000701e00000,0x0000000705d5bdb0,0x000000070ba80000)
 Metaspace       used 51532K, capacity 52453K, committed 52608K, reserved 1095680K
  class space    used 6244K, capacity 6480K, committed 6528K, reserved 1048576K
}
Event: 14.480 GC heap before
{Heap before GC invocations=9 (full 2):
 PSYoungGen      total 138752K, used 89702K [0x0000000780a00000, 0x000000078ad00000, 0x00000007c0000000)
  eden space 130560K, 62% used [0x0000000780a00000,0x000000078599c5a8,0x0000000788980000)
  from space 8192K, 99% used [0x0000000789180000,0x000000078997d2a8,0x0000000789980000)
  to   space 8192K, 0% used [0x0000000788980000,0x0000000788980000,0x0000000789180000)
 ParOldGen       total 160256K, used 64879K [0x0000000701e00000, 0x000000070ba80000, 0x0000000780a00000)
  object space 160256K, 40% used [0x0000000701e00000,0x0000000705d5bdb0,0x000000070ba80000)
 Metaspace       used 57796K, capacity 58933K, committed 59028K, reserved 1101824K
  class space    used 6955K, capacity 7248K, committed 7296K, reserved 1048576K
Event: 14.513 GC heap after
Heap after GC invocations=9 (full 2):
 PSYoungGen      total 138752K, used 8165K [0x0000000780a00000, 0x000000078ad00000, 0x00000007c0000000)
  eden space 130560K, 0% used [0x0000000780a00000,0x0000000780a00000,0x0000000788980000)
  from space 8192K, 99% used [0x0000000788980000,0x0000000789179538,0x0000000789180000)
  to   space 8192K, 0% used [0x0000000789180000,0x0000000789180000,0x0000000789980000)
 ParOldGen       total 160256K, used 80571K [0x0000000701e00000, 0x000000070ba80000, 0x0000000780a00000)
  object space 160256K, 50% used [0x0000000701e00000,0x0000000706caefd8,0x000000070ba80000)
 Metaspace       used 57796K, capacity 58933K, committed 59028K, reserved 1101824K
  class space    used 6955K, capacity 7248K, committed 7296K, reserved 1048576K
}
Event: 14.513 GC heap before
{Heap before GC invocations=10 (full 3):
 PSYoungGen      total 138752K, used 8165K [0x0000000780a00000, 0x000000078ad00000, 0x00000007c0000000)
  eden space 130560K, 0% used [0x0000000780a00000,0x0000000780a00000,0x0000000788980000)
  from space 8192K, 99% used [0x0000000788980000,0x0000000789179538,0x0000000789180000)
  to   space 8192K, 0% used [0x0000000789180000,0x0000000789180000,0x0000000789980000)
 ParOldGen       total 160256K, used 80571K [0x0000000701e00000, 0x000000070ba80000, 0x0000000780a00000)
  object space 160256K, 50% used [0x0000000701e00000,0x0000000706caefd8,0x000000070ba80000)
 Metaspace       used 57796K, capacity 58933K, committed 59028K, reserved 1101824K
  class space    used 6955K, capacity 7248K, committed 7296K, reserved 1048576K
Event: 14.936 GC heap after
Heap after GC invocations=10 (full 3):
 PSYoungGen      total 138752K, used 0K [0x0000000780a00000, 0x000000078ad00000, 0x00000007c0000000)
  eden space 130560K, 0% used [0x0000000780a00000,0x0000000780a00000,0x0000000788980000)
  from space 8192K, 0% used [0x0000000788980000,0x0000000788980000,0x0000000789180000)
  to   space 8192K, 0% used [0x0000000789180000,0x0000000789180000,0x0000000789980000)
 ParOldGen       total 160256K, used 70565K [0x0000000701e00000, 0x000000070ba80000, 0x0000000780a00000)
  object space 160256K, 44% used [0x0000000701e00000,0x00000007062e94e8,0x000000070ba80000)
 Metaspace       used 57796K, capacity 58933K, committed 59028K, reserved 1101824K
  class space    used 6955K, capacity 7248K, committed 7296K, reserved 1048576K
}
Event: 19.679 GC heap before
{Heap before GC invocations=11 (full 3):
 PSYoungGen      total 138752K, used 130560K [0x0000000780a00000, 0x000000078ad00000, 0x00000007c0000000)
  eden space 130560K, 100% used [0x0000000780a00000,0x0000000788980000,0x0000000788980000)
  from space 8192K, 0% used [0x0000000788980000,0x0000000788980000,0x0000000789180000)
  to   space 8192K, 0% used [0x0000000789180000,0x0000000789180000,0x0000000789980000)
 ParOldGen       total 160256K, used 70565K [0x0000000701e00000, 0x000000070ba80000, 0x0000000780a00000)
  object space 160256K, 44% used [0x0000000701e00000,0x00000007062e94e8,0x000000070ba80000)
 Metaspace       used 59275K, capacity 60525K, committed 60672K, reserved 1101824K
  class space    used 7025K, capacity 7326K, committed 7424K, reserved 1048576K
Event: 19.708 GC heap after
Heap after GC invocations=11 (full 3):
 PSYoungGen      total 138752K, used 8165K [0x0000000780a00000, 0x000000078ad00000, 0x00000007c0000000)
  eden space 130560K, 0% used [0x0000000780a00000,0x0000000780a00000,0x0000000788980000)
  from space 8192K, 99% used [0x0000000789180000,0x00000007899796c0,0x0000000789980000)
  to   space 8192K, 0% used [0x0000000788980000,0x0000000788980000,0x0000000789180000)
 ParOldGen       total 160256K, used 78171K [0x0000000701e00000, 0x000000070ba80000, 0x0000000780a00000)
  object space 160256K, 48% used [0x0000000701e00000,0x0000000706a56dd0,0x000000070ba80000)
 Metaspace       used 59275K, capacity 60525K, committed 60672K, reserved 1101824K
  class space    used 7025K, capacity 7326K, committed 7424K, reserved 1048576K
}

