# JRE version: OpenJDK Runtime Environment (8.0_242-b01) (build 1.8.0_242-release-1644-b01)
# Java VM: OpenJDK 64-Bit Server VM (25.242-b01 mixed mode windows-amd64 compressed oops)
Heap:
 PSYoungGen      total 491520K, used 97293K [0x0000000780a00000, 0x00000007a6200000, 0x00000007c0000000)
  eden space 392704K, 3% used [0x0000000780a00000,0x000000078194f640,0x0000000798980000)
  from space 98816K, 82% used [0x000000079f280000,0x00000007a4233e20,0x00000007a5300000)
  to   space 107520K, 0% used [0x0000000798980000,0x0000000798980000,0x000000079f280000)
 ParOldGen       total 285184K, used 134995K [0x0000000701e00000, 0x0000000713480000, 0x0000000780a00000)
  object space 285184K, 47% used [0x0000000701e00000,0x000000070a1d4f58,0x0000000713480000)
 Metaspace       used 72979K, capacity 74795K, committed 75136K, reserved 1116160K
  class space    used 8043K, capacity 8463K, committed 8576K, reserved 1048576K
GC Heap History (10 events):
Event: 17.102 GC heap before
{Heap before GC invocations=13 (full 3):
 PSYoungGen      total 293376K, used 255086K [0x0000000780a00000, 0x0000000799980000, 0x00000007c0000000)
  eden space 231424K, 100% used [0x0000000780a00000,0x000000078ec00000,0x000000078ec00000)
  from space 61952K, 38% used [0x000000078ec00000,0x000000079031bb48,0x0000000792880000)
  to   space 59392K, 0% used [0x0000000795f80000,0x0000000795f80000,0x0000000799980000)
 ParOldGen       total 285184K, used 92545K [0x0000000701e00000, 0x0000000713480000, 0x0000000780a00000)
  object space 285184K, 32% used [0x0000000701e00000,0x00000007078606b0,0x0000000713480000)
 Metaspace       used 62072K, capacity 63695K, committed 64000K, reserved 1105920K
  class space    used 7236K, capacity 7599K, committed 7680K, reserved 1048576K
Event: 17.142 GC heap after
Heap after GC invocations=13 (full 3):
 PSYoungGen      total 344064K, used 44692K [0x0000000780a00000, 0x0000000799a00000, 0x00000007c0000000)
  eden space 284672K, 0% used [0x0000000780a00000,0x0000000780a00000,0x0000000792000000)
  from space 59392K, 75% used [0x0000000795f80000,0x0000000798b251e8,0x0000000799980000)
  to   space 62464K, 0% used [0x0000000792000000,0x0000000792000000,0x0000000795d00000)
 ParOldGen       total 285184K, used 92553K [0x0000000701e00000, 0x0000000713480000, 0x0000000780a00000)
  object space 285184K, 32% used [0x0000000701e00000,0x00000007078626b0,0x0000000713480000)
 Metaspace       used 62072K, capacity 63695K, committed 64000K, reserved 1105920K
  class space    used 7236K, capacity 7599K, committed 7680K, reserved 1048576K
}
Event: 20.943 GC heap before
{Heap before GC invocations=14 (full 3):
 PSYoungGen      total 344064K, used 329364K [0x0000000780a00000, 0x0000000799a00000, 0x00000007c0000000)
  eden space 284672K, 100% used [0x0000000780a00000,0x0000000792000000,0x0000000792000000)
  from space 59392K, 75% used [0x0000000795f80000,0x0000000798b251e8,0x0000000799980000)
  to   space 62464K, 0% used [0x0000000792000000,0x0000000792000000,0x0000000795d00000)
 ParOldGen       total 285184K, used 92553K [0x0000000701e00000, 0x0000000713480000, 0x0000000780a00000)
  object space 285184K, 32% used [0x0000000701e00000,0x00000007078626b0,0x0000000713480000)
 Metaspace       used 62959K, capacity 64537K, committed 64768K, reserved 1105920K
  class space    used 7278K, capacity 7638K, committed 7680K, reserved 1048576K
Event: 21.001 GC heap after
Heap after GC invocations=14 (full 3):
 PSYoungGen      total 347136K, used 62453K [0x0000000780a00000, 0x000000079f180000, 0x00000007c0000000)
  eden space 284672K, 0% used [0x0000000780a00000,0x0000000780a00000,0x0000000792000000)
  from space 62464K, 99% used [0x0000000792000000,0x0000000795cfd508,0x0000000795d00000)
  to   space 76800K, 0% used [0x000000079a680000,0x000000079a680000,0x000000079f180000)
 ParOldGen       total 285184K, used 108620K [0x0000000701e00000, 0x0000000713480000, 0x0000000780a00000)
  object space 285184K, 38% used [0x0000000701e00000,0x00000007088132f8,0x0000000713480000)
 Metaspace       used 62959K, capacity 64537K, committed 64768K, reserved 1105920K
  class space    used 7278K, capacity 7638K, committed 7680K, reserved 1048576K
}
Event: 24.603 GC heap before
{Heap before GC invocations=15 (full 3):
 PSYoungGen      total 347136K, used 347125K [0x0000000780a00000, 0x000000079f180000, 0x00000007c0000000)
  eden space 284672K, 100% used [0x0000000780a00000,0x0000000792000000,0x0000000792000000)
  from space 62464K, 99% used [0x0000000792000000,0x0000000795cfd508,0x0000000795d00000)
  to   space 76800K, 0% used [0x000000079a680000,0x000000079a680000,0x000000079f180000)
 ParOldGen       total 285184K, used 108620K [0x0000000701e00000, 0x0000000713480000, 0x0000000780a00000)
  object space 285184K, 38% used [0x0000000701e00000,0x00000007088132f8,0x0000000713480000)
 Metaspace       used 63314K, capacity 64929K, committed 65024K, reserved 1105920K
  class space    used 7284K, capacity 7638K, committed 7680K, reserved 1048576K
Event: 24.680 GC heap after
Heap after GC invocations=15 (full 3):
 PSYoungGen      total 407552K, used 76772K [0x0000000780a00000, 0x00000007a0e00000, 0x00000007c0000000)
  eden space 330752K, 0% used [0x0000000780a00000,0x0000000780a00000,0x0000000794d00000)
  from space 76800K, 99% used [0x000000079a680000,0x000000079f179250,0x000000079f180000)
  to   space 91648K, 0% used [0x0000000794d00000,0x0000000794d00000,0x000000079a680000)
 ParOldGen       total 285184K, used 117425K [0x0000000701e00000, 0x0000000713480000, 0x0000000780a00000)
  object space 285184K, 41% used [0x0000000701e00000,0x00000007090ac500,0x0000000713480000)
 Metaspace       used 63314K, capacity 64929K, committed 65024K, reserved 1105920K
  class space    used 7284K, capacity 7638K, committed 7680K, reserved 1048576K
}
Event: 27.511 GC heap before
{Heap before GC invocations=16 (full 3):
 PSYoungGen      total 407552K, used 407524K [0x0000000780a00000, 0x00000007a0e00000, 0x00000007c0000000)
  eden space 330752K, 100% used [0x0000000780a00000,0x0000000794d00000,0x0000000794d00000)
  from space 76800K, 99% used [0x000000079a680000,0x000000079f179250,0x000000079f180000)
  to   space 91648K, 0% used [0x0000000794d00000,0x0000000794d00000,0x000000079a680000)
 ParOldGen       total 285184K, used 117425K [0x0000000701e00000, 0x0000000713480000, 0x0000000780a00000)
  object space 285184K, 41% used [0x0000000701e00000,0x00000007090ac500,0x0000000713480000)
 Metaspace       used 65190K, capacity 66909K, committed 67072K, reserved 1107968K
  class space    used 7455K, capacity 7852K, committed 7936K, reserved 1048576K
Event: 27.579 GC heap after
Heap after GC invocations=16 (full 3):
 PSYoungGen      total 422400K, used 72686K [0x0000000780a00000, 0x00000007a5300000, 0x00000007c0000000)
  eden space 330752K, 0% used [0x0000000780a00000,0x0000000780a00000,0x0000000794d00000)
  from space 91648K, 79% used [0x0000000794d00000,0x00000007993fb9c8,0x000000079a680000)
  to   space 98816K, 0% used [0x000000079f280000,0x000000079f280000,0x00000007a5300000)
 ParOldGen       total 285184K, used 134987K [0x0000000701e00000, 0x0000000713480000, 0x0000000780a00000)
  object space 285184K, 47% used [0x0000000701e00000,0x000000070a1d2f58,0x0000000713480000)
 Metaspace       used 65190K, capacity 66909K, committed 67072K, reserved 1107968K
  class space    used 7455K, capacity 7852K, committed 7936K, reserved 1048576K
}
Event: 31.983 GC heap before
{Heap before GC invocations=17 (full 3):
 PSYoungGen      total 422400K, used 403438K [0x0000000780a00000, 0x00000007a5300000, 0x00000007c0000000)
  eden space 330752K, 100% used [0x0000000780a00000,0x0000000794d00000,0x0000000794d00000)
  from space 91648K, 79% used [0x0000000794d00000,0x00000007993fb9c8,0x000000079a680000)
  to   space 98816K, 0% used [0x000000079f280000,0x000000079f280000,0x00000007a5300000)
 ParOldGen       total 285184K, used 134987K [0x0000000701e00000, 0x0000000713480000, 0x0000000780a00000)
  object space 285184K, 47% used [0x0000000701e00000,0x000000070a1d2f58,0x0000000713480000)
 Metaspace       used 72921K, capacity 74731K, committed 75136K, reserved 1116160K
  class space    used 8042K, capacity 8463K, committed 8576K, reserved 1048576K
Event: 32.062 GC heap after
Heap after GC invocations=17 (full 3):
 PSYoungGen      total 491520K, used 81615K [0x0000000780a00000, 0x00000007a6200000, 0x00000007c0000000)
  eden space 392704K, 0% used [0x0000000780a00000,0x0000000780a00000,0x0000000798980000)
  from space 98816K, 82% used [0x000000079f280000,0x00000007a4233e20,0x00000007a5300000)
  to   space 107520K, 0% used [0x0000000798980000,0x0000000798980000,0x000000079f280000)
 ParOldGen       total 285184K, used 134995K [0x0000000701e00000, 0x0000000713480000, 0x0000000780a00000)
  object space 285184K, 47% used [0x0000000701e00000,0x000000070a1d4f58,0x0000000713480000)
 Metaspace       used 72921K, capacity 74731K, committed 75136K, reserved 1116160K
  class space    used 8042K, capacity 8463K, committed 8576K, reserved 1048576K
}

