# JRE version: OpenJDK Runtime Environment (8.0_242-b01) (build 1.8.0_242-release-1644-b01)
# Java VM: OpenJDK 64-Bit Server VM (25.242-b01 mixed mode windows-amd64 compressed oops)
Heap:
 PSYoungGen      total 140288K, used 55488K [0x0000000780a00000, 0x000000078a880000, 0x00000007c0000000)
  eden space 132096K, 42% used [0x0000000780a00000,0x00000007840301c8,0x0000000788b00000)
  from space 8192K, 0% used [0x0000000788b00000,0x0000000788b00000,0x0000000789300000)
  to   space 8192K, 0% used [0x0000000789300000,0x0000000789300000,0x0000000789b00000)
 ParOldGen       total 166400K, used 161271K [0x0000000701e00000, 0x000000070c080000, 0x0000000780a00000)
  object space 166400K, 96% used [0x0000000701e00000,0x000000070bb7dc48,0x000000070c080000)
 Metaspace       used 72503K, capacity 74373K, committed 74496K, reserved 1116160K
  class space    used 7959K, capacity 8406K, committed 8448K, reserved 1048576K
GC Heap History (10 events):
Event: 20.305 GC heap before
{Heap before GC invocations=18 (full 5):
 PSYoungGen      total 140288K, used 132096K [0x0000000780a00000, 0x000000078a880000, 0x00000007c0000000)
  eden space 132096K, 100% used [0x0000000780a00000,0x0000000788b00000,0x0000000788b00000)
  from space 8192K, 0% used [0x0000000788b00000,0x0000000788b00000,0x0000000789300000)
  to   space 8192K, 0% used [0x0000000789300000,0x0000000789300000,0x0000000789b00000)
 ParOldGen       total 166400K, used 146123K [0x0000000701e00000, 0x000000070c080000, 0x0000000780a00000)
  object space 166400K, 87% used [0x0000000701e00000,0x000000070acb2fb8,0x000000070c080000)
 Metaspace       used 62795K, capacity 64409K, committed 64768K, reserved 1105920K
  class space    used 7202K, capacity 7572K, committed 7680K, reserved 1048576K
Event: 21.203 GC heap after
Heap after GC invocations=18 (full 5):
 PSYoungGen      total 140288K, used 0K [0x0000000780a00000, 0x000000078a880000, 0x00000007c0000000)
  eden space 132096K, 0% used [0x0000000780a00000,0x0000000780a00000,0x0000000788b00000)
  from space 8192K, 0% used [0x0000000788b00000,0x0000000788b00000,0x0000000789300000)
  to   space 8192K, 0% used [0x0000000789300000,0x0000000789300000,0x0000000789b00000)
 ParOldGen       total 166400K, used 154479K [0x0000000701e00000, 0x000000070c080000, 0x0000000780a00000)
  object space 166400K, 92% used [0x0000000701e00000,0x000000070b4dbdb8,0x000000070c080000)
 Metaspace       used 62795K, capacity 64409K, committed 64768K, reserved 1105920K
  class space    used 7202K, capacity 7572K, committed 7680K, reserved 1048576K
}
Event: 22.000 GC heap before
{Heap before GC invocations=19 (full 6):
 PSYoungGen      total 140288K, used 132096K [0x0000000780a00000, 0x000000078a880000, 0x00000007c0000000)
  eden space 132096K, 100% used [0x0000000780a00000,0x0000000788b00000,0x0000000788b00000)
  from space 8192K, 0% used [0x0000000788b00000,0x0000000788b00000,0x0000000789300000)
  to   space 8192K, 0% used [0x0000000789300000,0x0000000789300000,0x0000000789b00000)
 ParOldGen       total 166400K, used 154479K [0x0000000701e00000, 0x000000070c080000, 0x0000000780a00000)
  object space 166400K, 92% used [0x0000000701e00000,0x000000070b4dbdb8,0x000000070c080000)
 Metaspace       used 63240K, capacity 64897K, committed 65024K, reserved 1105920K
  class space    used 7229K, capacity 7606K, committed 7680K, reserved 1048576K
Event: 22.562 GC heap after
Heap after GC invocations=19 (full 6):
 PSYoungGen      total 140288K, used 0K [0x0000000780a00000, 0x000000078a880000, 0x00000007c0000000)
  eden space 132096K, 0% used [0x0000000780a00000,0x0000000780a00000,0x0000000788b00000)
  from space 8192K, 0% used [0x0000000788b00000,0x0000000788b00000,0x0000000789300000)
  to   space 8192K, 0% used [0x0000000789300000,0x0000000789300000,0x0000000789b00000)
 ParOldGen       total 166400K, used 156081K [0x0000000701e00000, 0x000000070c080000, 0x0000000780a00000)
  object space 166400K, 93% used [0x0000000701e00000,0x000000070b66c748,0x000000070c080000)
 Metaspace       used 63240K, capacity 64897K, committed 65024K, reserved 1105920K
  class space    used 7229K, capacity 7606K, committed 7680K, reserved 1048576K
}
Event: 24.123 GC heap before
{Heap before GC invocations=20 (full 7):
 PSYoungGen      total 140288K, used 132096K [0x0000000780a00000, 0x000000078a880000, 0x00000007c0000000)
  eden space 132096K, 100% used [0x0000000780a00000,0x0000000788b00000,0x0000000788b00000)
  from space 8192K, 0% used [0x0000000788b00000,0x0000000788b00000,0x0000000789300000)
  to   space 8192K, 0% used [0x0000000789300000,0x0000000789300000,0x0000000789b00000)
 ParOldGen       total 166400K, used 156081K [0x0000000701e00000, 0x000000070c080000, 0x0000000780a00000)
  object space 166400K, 93% used [0x0000000701e00000,0x000000070b66c748,0x000000070c080000)
 Metaspace       used 70671K, capacity 72501K, committed 72832K, reserved 1114112K
  class space    used 7870K, capacity 8286K, committed 8320K, reserved 1048576K
Event: 25.434 GC heap after
Heap after GC invocations=20 (full 7):
 PSYoungGen      total 140288K, used 0K [0x0000000780a00000, 0x000000078a880000, 0x00000007c0000000)
  eden space 132096K, 0% used [0x0000000780a00000,0x0000000780a00000,0x0000000788b00000)
  from space 8192K, 0% used [0x0000000788b00000,0x0000000788b00000,0x0000000789300000)
  to   space 8192K, 0% used [0x0000000789300000,0x0000000789300000,0x0000000789b00000)
 ParOldGen       total 166400K, used 166064K [0x0000000701e00000, 0x000000070c080000, 0x0000000780a00000)
  object space 166400K, 99% used [0x0000000701e00000,0x000000070c02c128,0x000000070c080000)
 Metaspace       used 70671K, capacity 72501K, committed 72832K, reserved 1114112K
  class space    used 7870K, capacity 8286K, committed 8320K, reserved 1048576K
}
Event: 26.642 GC heap before
{Heap before GC invocations=21 (full 8):
 PSYoungGen      total 140288K, used 132096K [0x0000000780a00000, 0x000000078a880000, 0x00000007c0000000)
  eden space 132096K, 100% used [0x0000000780a00000,0x0000000788b00000,0x0000000788b00000)
  from space 8192K, 0% used [0x0000000788b00000,0x0000000788b00000,0x0000000789300000)
  to   space 8192K, 0% used [0x0000000789300000,0x0000000789300000,0x0000000789b00000)
 ParOldGen       total 166400K, used 166064K [0x0000000701e00000, 0x000000070c080000, 0x0000000780a00000)
  object space 166400K, 99% used [0x0000000701e00000,0x000000070c02c128,0x000000070c080000)
 Metaspace       used 71922K, capacity 73777K, committed 73984K, reserved 1114112K
  class space    used 7944K, capacity 8364K, committed 8448K, reserved 1048576K
Event: 26.834 GC heap after
Heap after GC invocations=21 (full 8):
 PSYoungGen      total 140288K, used 0K [0x0000000780a00000, 0x000000078a880000, 0x00000007c0000000)
  eden space 132096K, 0% used [0x0000000780a00000,0x0000000780a00000,0x0000000788b00000)
  from space 8192K, 0% used [0x0000000788b00000,0x0000000788b00000,0x0000000789300000)
  to   space 8192K, 0% used [0x0000000789300000,0x0000000789300000,0x0000000789b00000)
 ParOldGen       total 166400K, used 161049K [0x0000000701e00000, 0x000000070c080000, 0x0000000780a00000)
  object space 166400K, 96% used [0x0000000701e00000,0x000000070bb46708,0x000000070c080000)
 Metaspace       used 71922K, capacity 73777K, committed 73984K, reserved 1114112K
  class space    used 7944K, capacity 8364K, committed 8448K, reserved 1048576K
}
Event: 27.930 GC heap before
{Heap before GC invocations=22 (full 9):
 PSYoungGen      total 140288K, used 132096K [0x0000000780a00000, 0x000000078a880000, 0x00000007c0000000)
  eden space 132096K, 100% used [0x0000000780a00000,0x0000000788b00000,0x0000000788b00000)
  from space 8192K, 0% used [0x0000000788b00000,0x0000000788b00000,0x0000000789300000)
  to   space 8192K, 0% used [0x0000000789300000,0x0000000789300000,0x0000000789b00000)
 ParOldGen       total 166400K, used 161049K [0x0000000701e00000, 0x000000070c080000, 0x0000000780a00000)
  object space 166400K, 96% used [0x0000000701e00000,0x000000070bb46708,0x000000070c080000)
 Metaspace       used 72375K, capacity 74183K, committed 74496K, reserved 1116160K
  class space    used 7952K, capacity 8367K, committed 8448K, reserved 1048576K
Event: 28.115 GC heap after
Heap after GC invocations=22 (full 9):
 PSYoungGen      total 140288K, used 0K [0x0000000780a00000, 0x000000078a880000, 0x00000007c0000000)
  eden space 132096K, 0% used [0x0000000780a00000,0x0000000780a00000,0x0000000788b00000)
  from space 8192K, 0% used [0x0000000788b00000,0x0000000788b00000,0x0000000789300000)
  to   space 8192K, 0% used [0x0000000789300000,0x0000000789300000,0x0000000789b00000)
 ParOldGen       total 166400K, used 161271K [0x0000000701e00000, 0x000000070c080000, 0x0000000780a00000)
  object space 166400K, 96% used [0x0000000701e00000,0x000000070bb7dc48,0x000000070c080000)
 Metaspace       used 72375K, capacity 74183K, committed 74496K, reserved 1116160K
  class space    used 7952K, capacity 8367K, committed 8448K, reserved 1048576K
}

