# JRE version: OpenJDK Runtime Environment (8.0_242-b01) (build 1.8.0_242-release-1644-b01)
# Java VM: OpenJDK 64-Bit Server VM (25.242-b01 mixed mode windows-amd64 compressed oops)
Heap:
 PSYoungGen      total 644096K, used 55967K [0x00000000d5580000, 0x0000000100000000, 0x0000000100000000)
  eden space 589312K, 9% used [0x00000000d5580000,0x00000000d8c27d08,0x00000000f9500000)
  from space 54784K, 0% used [0x00000000f9500000,0x00000000f9500000,0x00000000fca80000)
  to   space 53760K, 0% used [0x00000000fcb80000,0x00000000fcb80000,0x0000000100000000)
 ParOldGen       total 219648K, used 190589K [0x0000000080000000, 0x000000008d680000, 0x00000000d5580000)
  object space 219648K, 86% used [0x0000000080000000,0x000000008ba1f718,0x000000008d680000)
 Metaspace       used 84845K, capacity 89198K, committed 91672K, reserved 1128448K
  class space    used 11373K, capacity 12188K, committed 12848K, reserved 1048576K
GC Heap History (10 events):
Event: 23.623 GC heap before
{Heap before GC invocations=42 (full 5):
 PSYoungGen      total 644608K, used 644433K [0x00000000d5580000, 0x0000000100000000, 0x0000000100000000)
  eden space 601088K, 100% used [0x00000000d5580000,0x00000000fa080000,0x00000000fa080000)
  from space 43520K, 99% used [0x00000000fd000000,0x00000000ffa545a8,0x00000000ffa80000)
  to   space 48640K, 0% used [0x00000000fa080000,0x00000000fa080000,0x00000000fd000000)
 ParOldGen       total 168960K, used 141170K [0x0000000080000000, 0x000000008a500000, 0x00000000d5580000)
  object space 168960K, 83% used [0x0000000080000000,0x00000000889dc848,0x000000008a500000)
 Metaspace       used 83387K, capacity 87494K, committed 90264K, reserved 1126400K
  class space    used 11211K, capacity 12006K, committed 12720K, reserved 1048576K
Event: 23.647 GC heap after
Heap after GC invocations=42 (full 5):
 PSYoungGen      total 648704K, used 47592K [0x00000000d5580000, 0x0000000100000000, 0x0000000100000000)
  eden space 601088K, 0% used [0x00000000d5580000,0x00000000d5580000,0x00000000fa080000)
  from space 47616K, 99% used [0x00000000fa080000,0x00000000fcefa050,0x00000000fcf00000)
  to   space 50176K, 0% used [0x00000000fcf00000,0x00000000fcf00000,0x0000000100000000)
 ParOldGen       total 168960K, used 141170K [0x0000000080000000, 0x000000008a500000, 0x00000000d5580000)
  object space 168960K, 83% used [0x0000000080000000,0x00000000889dc848,0x000000008a500000)
 Metaspace       used 83387K, capacity 87494K, committed 90264K, reserved 1126400K
  class space    used 11211K, capacity 12006K, committed 12720K, reserved 1048576K
}
Event: 24.056 GC heap before
{Heap before GC invocations=43 (full 5):
 PSYoungGen      total 648704K, used 648680K [0x00000000d5580000, 0x0000000100000000, 0x0000000100000000)
  eden space 601088K, 100% used [0x00000000d5580000,0x00000000fa080000,0x00000000fa080000)
  from space 47616K, 99% used [0x00000000fa080000,0x00000000fcefa050,0x00000000fcf00000)
  to   space 50176K, 0% used [0x00000000fcf00000,0x00000000fcf00000,0x0000000100000000)
 ParOldGen       total 168960K, used 141170K [0x0000000080000000, 0x000000008a500000, 0x00000000d5580000)
  object space 168960K, 83% used [0x0000000080000000,0x00000000889dc848,0x000000008a500000)
 Metaspace       used 83407K, capacity 87560K, committed 90520K, reserved 1126400K
  class space    used 11214K, capacity 12007K, committed 12720K, reserved 1048576K
Event: 24.081 GC heap after
Heap after GC invocations=43 (full 5):
 PSYoungGen      total 639488K, used 37962K [0x00000000d5580000, 0x0000000100000000, 0x0000000100000000)
  eden space 589312K, 0% used [0x00000000d5580000,0x00000000d5580000,0x00000000f9500000)
  from space 50176K, 75% used [0x00000000fcf00000,0x00000000ff412a50,0x0000000100000000)
  to   space 54784K, 0% used [0x00000000f9500000,0x00000000f9500000,0x00000000fca80000)
 ParOldGen       total 168960K, used 141170K [0x0000000080000000, 0x000000008a500000, 0x00000000d5580000)
  object space 168960K, 83% used [0x0000000080000000,0x00000000889dc848,0x000000008a500000)
 Metaspace       used 83407K, capacity 87560K, committed 90520K, reserved 1126400K
  class space    used 11214K, capacity 12007K, committed 12720K, reserved 1048576K
}
Event: 25.130 GC heap before
{Heap before GC invocations=44 (full 5):
 PSYoungGen      total 639488K, used 626767K [0x00000000d5580000, 0x0000000100000000, 0x0000000100000000)
  eden space 589312K, 99% used [0x00000000d5580000,0x00000000f9481280,0x00000000f9500000)
  from space 50176K, 75% used [0x00000000fcf00000,0x00000000ff412a50,0x0000000100000000)
  to   space 54784K, 0% used [0x00000000f9500000,0x00000000f9500000,0x00000000fca80000)
 ParOldGen       total 168960K, used 141170K [0x0000000080000000, 0x000000008a500000, 0x00000000d5580000)
  object space 168960K, 83% used [0x0000000080000000,0x00000000889dc848,0x000000008a500000)
 Metaspace       used 83891K, capacity 88094K, committed 90776K, reserved 1128448K
  class space    used 11287K, capacity 12088K, committed 12720K, reserved 1048576K
Event: 25.147 GC heap after
Heap after GC invocations=44 (full 5):
 PSYoungGen      total 644096K, used 33521K [0x00000000d5580000, 0x0000000100000000, 0x0000000100000000)
  eden space 589312K, 0% used [0x00000000d5580000,0x00000000d5580000,0x00000000f9500000)
  from space 54784K, 61% used [0x00000000f9500000,0x00000000fb5bc6b0,0x00000000fca80000)
  to   space 53760K, 0% used [0x00000000fcb80000,0x00000000fcb80000,0x0000000100000000)
 ParOldGen       total 168960K, used 141178K [0x0000000080000000, 0x000000008a500000, 0x00000000d5580000)
  object space 168960K, 83% used [0x0000000080000000,0x00000000889de848,0x000000008a500000)
 Metaspace       used 83891K, capacity 88094K, committed 90776K, reserved 1128448K
  class space    used 11287K, capacity 12088K, committed 12720K, reserved 1048576K
}
Event: 26.395 GC heap before
{Heap before GC invocations=45 (full 5):
 PSYoungGen      total 644096K, used 622833K [0x00000000d5580000, 0x0000000100000000, 0x0000000100000000)
  eden space 589312K, 100% used [0x00000000d5580000,0x00000000f9500000,0x00000000f9500000)
  from space 54784K, 61% used [0x00000000f9500000,0x00000000fb5bc6b0,0x00000000fca80000)
  to   space 53760K, 0% used [0x00000000fcb80000,0x00000000fcb80000,0x0000000100000000)
 ParOldGen       total 168960K, used 141178K [0x0000000080000000, 0x000000008a500000, 0x00000000d5580000)
  object space 168960K, 83% used [0x0000000080000000,0x00000000889de848,0x000000008a500000)
 Metaspace       used 84875K, capacity 89224K, committed 91672K, reserved 1128448K
  class space    used 11386K, capacity 12211K, committed 12848K, reserved 1048576K
Event: 26.610 GC heap after
Heap after GC invocations=45 (full 5):
 PSYoungGen      total 644096K, used 622833K [0x00000000d5580000, 0x0000000100000000, 0x0000000100000000)
  eden space 589312K, 100% used [0x00000000d5580000,0x00000000f9500000,0x00000000f9500000)
  from space 54784K, 61% used [0x00000000f9500000,0x00000000fb5bc6b0,0x00000000fca80000)
  to   space 53760K, 99% used [0x00000000fcb80000,0x00000000fffffec8,0x0000000100000000)
 ParOldGen       total 219648K, used 219641K [0x0000000080000000, 0x000000008d680000, 0x00000000d5580000)
  object space 219648K, 99% used [0x0000000080000000,0x000000008d67e658,0x000000008d680000)
 Metaspace       used 84875K, capacity 89224K, committed 91672K, reserved 1128448K
  class space    used 11386K, capacity 12211K, committed 12848K, reserved 1048576K
}
Event: 26.610 GC heap before
{Heap before GC invocations=46 (full 6):
 PSYoungGen      total 644096K, used 622833K [0x00000000d5580000, 0x0000000100000000, 0x0000000100000000)
  eden space 589312K, 100% used [0x00000000d5580000,0x00000000f9500000,0x00000000f9500000)
  from space 54784K, 61% used [0x00000000f9500000,0x00000000fb5bc6b0,0x00000000fca80000)
  to   space 53760K, 99% used [0x00000000fcb80000,0x00000000fffffec8,0x0000000100000000)
 ParOldGen       total 219648K, used 219641K [0x0000000080000000, 0x000000008d680000, 0x00000000d5580000)
  object space 219648K, 99% used [0x0000000080000000,0x000000008d67e658,0x000000008d680000)
 Metaspace       used 84875K, capacity 89224K, committed 91672K, reserved 1128448K
  class space    used 11386K, capacity 12211K, committed 12848K, reserved 1048576K
Event: 27.040 GC heap after
Heap after GC invocations=46 (full 6):
 PSYoungGen      total 644096K, used 0K [0x00000000d5580000, 0x0000000100000000, 0x0000000100000000)
  eden space 589312K, 0% used [0x00000000d5580000,0x00000000d5580000,0x00000000f9500000)
  from space 54784K, 0% used [0x00000000f9500000,0x00000000f9500000,0x00000000fca80000)
  to   space 53760K, 0% used [0x00000000fcb80000,0x00000000fcb80000,0x0000000100000000)
 ParOldGen       total 219648K, used 190589K [0x0000000080000000, 0x000000008d680000, 0x00000000d5580000)
  object space 219648K, 86% used [0x0000000080000000,0x000000008ba1f718,0x000000008d680000)
 Metaspace       used 84841K, capacity 89134K, committed 91672K, reserved 1128448K
  class space    used 11373K, capacity 12188K, committed 12848K, reserved 1048576K
}

