# JRE version: OpenJDK Runtime Environment (8.0_242-b01) (build 1.8.0_242-release-1644-b01)
# Java VM: OpenJDK 64-Bit Server VM (25.242-b01 mixed mode windows-amd64 compressed oops)
Heap:
 PSYoungGen      total 314368K, used 246755K [0x00000000d5580000, 0x00000000ef280000, 0x0000000100000000)
  eden space 261632K, 74% used [0x00000000d5580000,0x00000000e12fba10,0x00000000e5500000)
  from space 52736K, 99% used [0x00000000e9200000,0x00000000ec57d520,0x00000000ec580000)
  to   space 62464K, 0% used [0x00000000e5500000,0x00000000e5500000,0x00000000e9200000)
 ParOldGen       total 292864K, used 81809K [0x0000000080000000, 0x0000000091e00000, 0x00000000d5580000)
  object space 292864K, 27% used [0x0000000080000000,0x0000000084fe4408,0x0000000091e00000)
 Metaspace       used 105893K, capacity 113942K, committed 114456K, reserved 1148928K
  class space    used 13504K, capacity 14811K, committed 14896K, reserved 1048576K
GC Heap History (10 events):
Event: 19629.431 GC heap before
{Heap before GC invocations=83 (full 9):
 PSYoungGen      total 287232K, used 270151K [0x00000000d5580000, 0x00000000ea880000, 0x0000000100000000)
  eden space 239104K, 100% used [0x00000000d5580000,0x00000000e3f00000,0x00000000e3f00000)
  from space 48128K, 64% used [0x00000000e3f00000,0x00000000e5d51f00,0x00000000e6e00000)
  to   space 48640K, 0% used [0x00000000e7900000,0x00000000e7900000,0x00000000ea880000)
 ParOldGen       total 292864K, used 74368K [0x0000000080000000, 0x0000000091e00000, 0x00000000d5580000)
  object space 292864K, 25% used [0x0000000080000000,0x00000000848a0060,0x0000000091e00000)
 Metaspace       used 103886K, capacity 111772K, committed 112792K, reserved 1146880K
  class space    used 13314K, capacity 14588K, committed 14768K, reserved 1048576K
Event: 19629.450 GC heap after
Heap after GC invocations=83 (full 9):
 PSYoungGen      total 296960K, used 34085K [0x00000000d5580000, 0x00000000eb080000, 0x0000000100000000)
  eden space 248320K, 0% used [0x00000000d5580000,0x00000000d5580000,0x00000000e4800000)
  from space 48640K, 70% used [0x00000000e7900000,0x00000000e9a49448,0x00000000ea880000)
  to   space 50176K, 0% used [0x00000000e4800000,0x00000000e4800000,0x00000000e7900000)
 ParOldGen       total 292864K, used 74376K [0x0000000080000000, 0x0000000091e00000, 0x00000000d5580000)
  object space 292864K, 25% used [0x0000000080000000,0x00000000848a2060,0x0000000091e00000)
 Metaspace       used 103886K, capacity 111772K, committed 112792K, reserved 1146880K
  class space    used 13314K, capacity 14588K, committed 14768K, reserved 1048576K
}
Event: 19747.762 GC heap before
{Heap before GC invocations=84 (full 9):
 PSYoungGen      total 296960K, used 282405K [0x00000000d5580000, 0x00000000eb080000, 0x0000000100000000)
  eden space 248320K, 100% used [0x00000000d5580000,0x00000000e4800000,0x00000000e4800000)
  from space 48640K, 70% used [0x00000000e7900000,0x00000000e9a49448,0x00000000ea880000)
  to   space 50176K, 0% used [0x00000000e4800000,0x00000000e4800000,0x00000000e7900000)
 ParOldGen       total 292864K, used 74376K [0x0000000080000000, 0x0000000091e00000, 0x00000000d5580000)
  object space 292864K, 25% used [0x0000000080000000,0x00000000848a2060,0x0000000091e00000)
 Metaspace       used 103987K, capacity 111878K, committed 112792K, reserved 1146880K
  class space    used 13317K, capacity 14595K, committed 14768K, reserved 1048576K
Event: 19747.789 GC heap after
Heap after GC invocations=84 (full 9):
 PSYoungGen      total 298496K, used 32130K [0x00000000d5580000, 0x00000000eb800000, 0x0000000100000000)
  eden space 248320K, 0% used [0x00000000d5580000,0x00000000d5580000,0x00000000e4800000)
  from space 50176K, 64% used [0x00000000e4800000,0x00000000e6760ba8,0x00000000e7900000)
  to   space 50688K, 0% used [0x00000000e8680000,0x00000000e8680000,0x00000000eb800000)
 ParOldGen       total 292864K, used 74384K [0x0000000080000000, 0x0000000091e00000, 0x00000000d5580000)
  object space 292864K, 25% used [0x0000000080000000,0x00000000848a4060,0x0000000091e00000)
 Metaspace       used 103987K, capacity 111878K, committed 112792K, reserved 1146880K
  class space    used 13317K, capacity 14595K, committed 14768K, reserved 1048576K
}
Event: 19750.124 GC heap before
{Heap before GC invocations=85 (full 9):
 PSYoungGen      total 298496K, used 280450K [0x00000000d5580000, 0x00000000eb800000, 0x0000000100000000)
  eden space 248320K, 100% used [0x00000000d5580000,0x00000000e4800000,0x00000000e4800000)
  from space 50176K, 64% used [0x00000000e4800000,0x00000000e6760ba8,0x00000000e7900000)
  to   space 50688K, 0% used [0x00000000e8680000,0x00000000e8680000,0x00000000eb800000)
 ParOldGen       total 292864K, used 74384K [0x0000000080000000, 0x0000000091e00000, 0x00000000d5580000)
  object space 292864K, 25% used [0x0000000080000000,0x00000000848a4060,0x0000000091e00000)
 Metaspace       used 103992K, capacity 111884K, committed 112792K, reserved 1146880K
  class space    used 13318K, capacity 14596K, committed 14768K, reserved 1048576K
Event: 19750.146 GC heap after
Heap after GC invocations=85 (full 9):
 PSYoungGen      total 311296K, used 34445K [0x00000000d5580000, 0x00000000eb980000, 0x0000000100000000)
  eden space 260608K, 0% used [0x00000000d5580000,0x00000000d5580000,0x00000000e5400000)
  from space 50688K, 67% used [0x00000000e8680000,0x00000000ea823660,0x00000000eb800000)
  to   space 51712K, 0% used [0x00000000e5400000,0x00000000e5400000,0x00000000e8680000)
 ParOldGen       total 292864K, used 74384K [0x0000000080000000, 0x0000000091e00000, 0x00000000d5580000)
  object space 292864K, 25% used [0x0000000080000000,0x00000000848a4060,0x0000000091e00000)
 Metaspace       used 103992K, capacity 111884K, committed 112792K, reserved 1146880K
  class space    used 13318K, capacity 14596K, committed 14768K, reserved 1048576K
}
Event: 20607.734 GC heap before
{Heap before GC invocations=86 (full 9):
 PSYoungGen      total 311296K, used 295053K [0x00000000d5580000, 0x00000000eb980000, 0x0000000100000000)
  eden space 260608K, 100% used [0x00000000d5580000,0x00000000e5400000,0x00000000e5400000)
  from space 50688K, 67% used [0x00000000e8680000,0x00000000ea823660,0x00000000eb800000)
  to   space 51712K, 0% used [0x00000000e5400000,0x00000000e5400000,0x00000000e8680000)
 ParOldGen       total 292864K, used 74384K [0x0000000080000000, 0x0000000091e00000, 0x00000000d5580000)
  object space 292864K, 25% used [0x0000000080000000,0x00000000848a4060,0x0000000091e00000)
 Metaspace       used 104443K, capacity 112412K, committed 113304K, reserved 1148928K
  class space    used 13363K, capacity 14638K, committed 14768K, reserved 1048576K
Event: 20607.764 GC heap after
Heap after GC invocations=86 (full 9):
 PSYoungGen      total 312320K, used 35652K [0x00000000d5580000, 0x00000000ec580000, 0x0000000100000000)
  eden space 260608K, 0% used [0x00000000d5580000,0x00000000d5580000,0x00000000e5400000)
  from space 51712K, 68% used [0x00000000e5400000,0x00000000e76d12e0,0x00000000e8680000)
  to   space 52736K, 0% used [0x00000000e9200000,0x00000000e9200000,0x00000000ec580000)
 ParOldGen       total 292864K, used 74384K [0x0000000080000000, 0x0000000091e00000, 0x00000000d5580000)
  object space 292864K, 25% used [0x0000000080000000,0x00000000848a4060,0x0000000091e00000)
 Metaspace       used 104443K, capacity 112412K, committed 113304K, reserved 1148928K
  class space    used 13363K, capacity 14638K, committed 14768K, reserved 1048576K
}
Event: 20609.438 GC heap before
{Heap before GC invocations=87 (full 9):
 PSYoungGen      total 312320K, used 296260K [0x00000000d5580000, 0x00000000ec580000, 0x0000000100000000)
  eden space 260608K, 100% used [0x00000000d5580000,0x00000000e5400000,0x00000000e5400000)
  from space 51712K, 68% used [0x00000000e5400000,0x00000000e76d12e0,0x00000000e8680000)
  to   space 52736K, 0% used [0x00000000e9200000,0x00000000e9200000,0x00000000ec580000)
 ParOldGen       total 292864K, used 74384K [0x0000000080000000, 0x0000000091e00000, 0x00000000d5580000)
  object space 292864K, 25% used [0x0000000080000000,0x00000000848a4060,0x0000000091e00000)
 Metaspace       used 104859K, capacity 112930K, committed 113688K, reserved 1148928K
  class space    used 13393K, capacity 14725K, committed 14896K, reserved 1048576K
Event: 20610.233 GC heap after
Heap after GC invocations=87 (full 9):
 PSYoungGen      total 314368K, used 52725K [0x00000000d5580000, 0x00000000ef280000, 0x0000000100000000)
  eden space 261632K, 0% used [0x00000000d5580000,0x00000000d5580000,0x00000000e5500000)
  from space 52736K, 99% used [0x00000000e9200000,0x00000000ec57d520,0x00000000ec580000)
  to   space 62464K, 0% used [0x00000000e5500000,0x00000000e5500000,0x00000000e9200000)
 ParOldGen       total 292864K, used 81809K [0x0000000080000000, 0x0000000091e00000, 0x00000000d5580000)
  object space 292864K, 27% used [0x0000000080000000,0x0000000084fe4408,0x0000000091e00000)
 Metaspace       used 104859K, capacity 112930K, committed 113688K, reserved 1148928K
  class space    used 13393K, capacity 14725K, committed 14896K, reserved 1048576K
}

