# JRE version: OpenJDK Runtime Environment (8.0_242-b01) (build 1.8.0_242-release-1644-b01)
# Java VM: OpenJDK 64-Bit Server VM (25.242-b01 mixed mode windows-amd64 compressed oops)
Heap:
 PSYoungGen      total 208384K, used 146378K [0x0000000780a00000, 0x0000000790a00000, 0x00000007c0000000)
  eden space 174592K, 64% used [0x0000000780a00000,0x00000007877f68d0,0x000000078b480000)
  from space 33792K, 99% used [0x000000078dc80000,0x000000078fd7c1d0,0x000000078fd80000)
  to   space 40960K, 0% used [0x000000078b480000,0x000000078b480000,0x000000078dc80000)
 ParOldGen       total 171008K, used 45668K [0x0000000701e00000, 0x000000070c500000, 0x0000000780a00000)
  object space 171008K, 26% used [0x0000000701e00000,0x0000000704a99358,0x000000070c500000)
 Metaspace       used 54710K, capacity 55681K, committed 55936K, reserved 1097728K
  class space    used 6505K, capacity 6754K, committed 6784K, reserved 1048576K
GC Heap History (10 events):
Event: 2.200 GC heap before
{Heap before GC invocations=4 (full 1):
 PSYoungGen      total 106496K, used 98304K [0x0000000780a00000, 0x0000000787a00000, 0x00000007c0000000)
  eden space 98304K, 100% used [0x0000000780a00000,0x0000000786a00000,0x0000000786a00000)
  from space 8192K, 0% used [0x0000000787200000,0x0000000787200000,0x0000000787a00000)
  to   space 8192K, 0% used [0x0000000786a00000,0x0000000786a00000,0x0000000787200000)
 ParOldGen       total 113664K, used 18538K [0x0000000701e00000, 0x0000000708d00000, 0x0000000780a00000)
  object space 113664K, 16% used [0x0000000701e00000,0x000000070301a960,0x0000000708d00000)
 Metaspace       used 33535K, capacity 34053K, committed 34432K, reserved 1079296K
  class space    used 4201K, capacity 4372K, committed 4480K, reserved 1048576K
Event: 2.215 GC heap after
Heap after GC invocations=4 (full 1):
 PSYoungGen      total 106496K, used 8171K [0x0000000780a00000, 0x0000000789800000, 0x00000007c0000000)
  eden space 98304K, 0% used [0x0000000780a00000,0x0000000780a00000,0x0000000786a00000)
  from space 8192K, 99% used [0x0000000786a00000,0x00000007871facd0,0x0000000787200000)
  to   space 8192K, 0% used [0x0000000789000000,0x0000000789000000,0x0000000789800000)
 ParOldGen       total 113664K, used 33202K [0x0000000701e00000, 0x0000000708d00000, 0x0000000780a00000)
  object space 113664K, 29% used [0x0000000701e00000,0x0000000703e6cac0,0x0000000708d00000)
 Metaspace       used 33535K, capacity 34053K, committed 34432K, reserved 1079296K
  class space    used 4201K, capacity 4372K, committed 4480K, reserved 1048576K
}
Event: 2.285 GC heap before
{Heap before GC invocations=5 (full 1):
 PSYoungGen      total 106496K, used 16320K [0x0000000780a00000, 0x0000000789800000, 0x00000007c0000000)
  eden space 98304K, 8% used [0x0000000780a00000,0x00000007811f53c8,0x0000000786a00000)
  from space 8192K, 99% used [0x0000000786a00000,0x00000007871facd0,0x0000000787200000)
  to   space 8192K, 0% used [0x0000000789000000,0x0000000789000000,0x0000000789800000)
 ParOldGen       total 113664K, used 33202K [0x0000000701e00000, 0x0000000708d00000, 0x0000000780a00000)
  object space 113664K, 29% used [0x0000000701e00000,0x0000000703e6cac0,0x0000000708d00000)
 Metaspace       used 34689K, capacity 35181K, committed 35416K, reserved 1081344K
  class space    used 4357K, capacity 4534K, committed 4608K, reserved 1048576K
Event: 2.290 GC heap after
Heap after GC invocations=5 (full 1):
 PSYoungGen      total 137216K, used 8171K [0x0000000780a00000, 0x000000078a500000, 0x00000007c0000000)
  eden space 129024K, 0% used [0x0000000780a00000,0x0000000780a00000,0x0000000788800000)
  from space 8192K, 99% used [0x0000000789000000,0x00000007897facd0,0x0000000789800000)
  to   space 8192K, 0% used [0x0000000788800000,0x0000000788800000,0x0000000789000000)
 ParOldGen       total 113664K, used 34437K [0x0000000701e00000, 0x0000000708d00000, 0x0000000780a00000)
  object space 113664K, 30% used [0x0000000701e00000,0x0000000703fa15b8,0x0000000708d00000)
 Metaspace       used 34689K, capacity 35181K, committed 35416K, reserved 1081344K
  class space    used 4357K, capacity 4534K, committed 4608K, reserved 1048576K
}
Event: 2.290 GC heap before
{Heap before GC invocations=6 (full 2):
 PSYoungGen      total 137216K, used 8171K [0x0000000780a00000, 0x000000078a500000, 0x00000007c0000000)
  eden space 129024K, 0% used [0x0000000780a00000,0x0000000780a00000,0x0000000788800000)
  from space 8192K, 99% used [0x0000000789000000,0x00000007897facd0,0x0000000789800000)
  to   space 8192K, 0% used [0x0000000788800000,0x0000000788800000,0x0000000789000000)
 ParOldGen       total 113664K, used 34437K [0x0000000701e00000, 0x0000000708d00000, 0x0000000780a00000)
  object space 113664K, 30% used [0x0000000701e00000,0x0000000703fa15b8,0x0000000708d00000)
 Metaspace       used 34689K, capacity 35181K, committed 35416K, reserved 1081344K
  class space    used 4357K, capacity 4534K, committed 4608K, reserved 1048576K
Event: 2.333 GC heap after
Heap after GC invocations=6 (full 2):
 PSYoungGen      total 137216K, used 0K [0x0000000780a00000, 0x000000078a500000, 0x00000007c0000000)
  eden space 129024K, 0% used [0x0000000780a00000,0x0000000780a00000,0x0000000788800000)
  from space 8192K, 0% used [0x0000000789000000,0x0000000789000000,0x0000000789800000)
  to   space 8192K, 0% used [0x0000000788800000,0x0000000788800000,0x0000000789000000)
 ParOldGen       total 171008K, used 23967K [0x0000000701e00000, 0x000000070c500000, 0x0000000780a00000)
  object space 171008K, 14% used [0x0000000701e00000,0x0000000703567f00,0x000000070c500000)
 Metaspace       used 34689K, capacity 35181K, committed 35416K, reserved 1081344K
  class space    used 4357K, capacity 4534K, committed 4608K, reserved 1048576K
}
Event: 3.904 GC heap before
{Heap before GC invocations=7 (full 2):
 PSYoungGen      total 137216K, used 129024K [0x0000000780a00000, 0x000000078a500000, 0x00000007c0000000)
  eden space 129024K, 100% used [0x0000000780a00000,0x0000000788800000,0x0000000788800000)
  from space 8192K, 0% used [0x0000000789000000,0x0000000789000000,0x0000000789800000)
  to   space 8192K, 0% used [0x0000000788800000,0x0000000788800000,0x0000000789000000)
 ParOldGen       total 171008K, used 23967K [0x0000000701e00000, 0x000000070c500000, 0x0000000780a00000)
  object space 171008K, 14% used [0x0000000701e00000,0x0000000703567f00,0x000000070c500000)
 Metaspace       used 42591K, capacity 43321K, committed 43520K, reserved 1087488K
  class space    used 5090K, capacity 5274K, committed 5376K, reserved 1048576K
Event: 3.919 GC heap after
Heap after GC invocations=7 (full 2):
 PSYoungGen      total 137216K, used 8161K [0x0000000780a00000, 0x000000078fd80000, 0x00000007c0000000)
  eden space 129024K, 0% used [0x0000000780a00000,0x0000000780a00000,0x0000000788800000)
  from space 8192K, 99% used [0x0000000788800000,0x0000000788ff84c0,0x0000000789000000)
  to   space 33792K, 0% used [0x000000078dc80000,0x000000078dc80000,0x000000078fd80000)
 ParOldGen       total 171008K, used 44108K [0x0000000701e00000, 0x000000070c500000, 0x0000000780a00000)
  object space 171008K, 25% used [0x0000000701e00000,0x0000000704913310,0x000000070c500000)
 Metaspace       used 42591K, capacity 43321K, committed 43520K, reserved 1087488K
  class space    used 5090K, capacity 5274K, committed 5376K, reserved 1048576K
}
Event: 5.183 GC heap before
{Heap before GC invocations=8 (full 2):
 PSYoungGen      total 137216K, used 137185K [0x0000000780a00000, 0x000000078fd80000, 0x00000007c0000000)
  eden space 129024K, 100% used [0x0000000780a00000,0x0000000788800000,0x0000000788800000)
  from space 8192K, 99% used [0x0000000788800000,0x0000000788ff84c0,0x0000000789000000)
  to   space 33792K, 0% used [0x000000078dc80000,0x000000078dc80000,0x000000078fd80000)
 ParOldGen       total 171008K, used 44108K [0x0000000701e00000, 0x000000070c500000, 0x0000000780a00000)
  object space 171008K, 25% used [0x0000000701e00000,0x0000000704913310,0x000000070c500000)
 Metaspace       used 47301K, capacity 48173K, committed 48384K, reserved 1091584K
  class space    used 5638K, capacity 5876K, committed 5888K, reserved 1048576K
Event: 5.209 GC heap after
Heap after GC invocations=8 (full 2):
 PSYoungGen      total 208384K, used 33776K [0x0000000780a00000, 0x0000000790a00000, 0x00000007c0000000)
  eden space 174592K, 0% used [0x0000000780a00000,0x0000000780a00000,0x000000078b480000)
  from space 33792K, 99% used [0x000000078dc80000,0x000000078fd7c1d0,0x000000078fd80000)
  to   space 40960K, 0% used [0x000000078b480000,0x000000078b480000,0x000000078dc80000)
 ParOldGen       total 171008K, used 45668K [0x0000000701e00000, 0x000000070c500000, 0x0000000780a00000)
  object space 171008K, 26% used [0x0000000701e00000,0x0000000704a99358,0x000000070c500000)
 Metaspace       used 47301K, capacity 48173K, committed 48384K, reserved 1091584K
  class space    used 5638K, capacity 5876K, committed 5888K, reserved 1048576K
}

