# JRE version: OpenJDK Runtime Environment (8.0_242-b01) (build 1.8.0_242-release-1644-b01)
# Java VM: OpenJDK 64-Bit Server VM (25.242-b01 mixed mode windows-amd64 compressed oops)
Heap:
 PSYoungGen      total 197632K, used 146943K [0x0000000780a00000, 0x0000000791100000, 0x00000007c0000000)
  eden space 160768K, 78% used [0x0000000780a00000,0x00000007884f2388,0x000000078a700000)
  from space 36864K, 57% used [0x000000078a700000,0x000000078bb8d8b8,0x000000078cb00000)
  to   space 34816K, 0% used [0x000000078ef00000,0x000000078ef00000,0x0000000791100000)
 ParOldGen       total 190464K, used 68159K [0x0000000701e00000, 0x000000070d800000, 0x0000000780a00000)
  object space 190464K, 35% used [0x0000000701e00000,0x000000070608fe18,0x000000070d800000)
 Metaspace       used 68354K, capacity 70163K, committed 70272K, reserved 1112064K
  class space    used 7844K, capacity 8283K, committed 8320K, reserved 1048576K
GC Heap History (10 events):
Event: 4.738 GC heap before
{Heap before GC invocations=6 (full 2):
 PSYoungGen      total 106496K, used 98304K [0x0000000780a00000, 0x0000000789900000, 0x00000007c0000000)
  eden space 98304K, 100% used [0x0000000780a00000,0x0000000786a00000,0x0000000786a00000)
  from space 8192K, 0% used [0x0000000786a00000,0x0000000786a00000,0x0000000787200000)
  to   space 8192K, 0% used [0x0000000789100000,0x0000000789100000,0x0000000789900000)
 ParOldGen       total 190464K, used 35194K [0x0000000701e00000, 0x000000070d800000, 0x0000000780a00000)
  object space 190464K, 18% used [0x0000000701e00000,0x000000070405ea70,0x000000070d800000)
 Metaspace       used 41848K, capacity 42577K, committed 43008K, reserved 1087488K
  class space    used 5078K, capacity 5268K, committed 5376K, reserved 1048576K
Event: 4.755 GC heap after
Heap after GC invocations=6 (full 2):
 PSYoungGen      total 135680K, used 8171K [0x0000000780a00000, 0x0000000789900000, 0x00000007c0000000)
  eden space 127488K, 0% used [0x0000000780a00000,0x0000000780a00000,0x0000000788680000)
  from space 8192K, 99% used [0x0000000789100000,0x00000007898fafd8,0x0000000789900000)
  to   space 8192K, 0% used [0x0000000788900000,0x0000000788900000,0x0000000789100000)
 ParOldGen       total 190464K, used 46463K [0x0000000701e00000, 0x000000070d800000, 0x0000000780a00000)
  object space 190464K, 24% used [0x0000000701e00000,0x0000000704b5fcd0,0x000000070d800000)
 Metaspace       used 41848K, capacity 42577K, committed 43008K, reserved 1087488K
  class space    used 5078K, capacity 5268K, committed 5376K, reserved 1048576K
}
Event: 7.208 GC heap before
{Heap before GC invocations=7 (full 2):
 PSYoungGen      total 135680K, used 135659K [0x0000000780a00000, 0x0000000789900000, 0x00000007c0000000)
  eden space 127488K, 100% used [0x0000000780a00000,0x0000000788680000,0x0000000788680000)
  from space 8192K, 99% used [0x0000000789100000,0x00000007898fafd8,0x0000000789900000)
  to   space 8192K, 0% used [0x0000000788900000,0x0000000788900000,0x0000000789100000)
 ParOldGen       total 190464K, used 46463K [0x0000000701e00000, 0x000000070d800000, 0x0000000780a00000)
  object space 190464K, 24% used [0x0000000701e00000,0x0000000704b5fcd0,0x000000070d800000)
 Metaspace       used 51104K, capacity 52011K, committed 52096K, reserved 1095680K
  class space    used 6263K, capacity 6509K, committed 6528K, reserved 1048576K
Event: 7.236 GC heap after
Heap after GC invocations=7 (full 2):
 PSYoungGen      total 138240K, used 8181K [0x0000000780a00000, 0x000000078ec80000, 0x00000007c0000000)
  eden space 130048K, 0% used [0x0000000780a00000,0x0000000780a00000,0x0000000788900000)
  from space 8192K, 99% used [0x0000000788900000,0x00000007890fd5d0,0x0000000789100000)
  to   space 34304K, 0% used [0x000000078cb00000,0x000000078cb00000,0x000000078ec80000)
 ParOldGen       total 190464K, used 70431K [0x0000000701e00000, 0x000000070d800000, 0x0000000780a00000)
  object space 190464K, 36% used [0x0000000701e00000,0x00000007062c7da0,0x000000070d800000)
 Metaspace       used 51104K, capacity 52011K, committed 52096K, reserved 1095680K
  class space    used 6263K, capacity 6509K, committed 6528K, reserved 1048576K
}
Event: 10.643 GC heap before
{Heap before GC invocations=8 (full 2):
 PSYoungGen      total 138240K, used 123101K [0x0000000780a00000, 0x000000078ec80000, 0x00000007c0000000)
  eden space 130048K, 88% used [0x0000000780a00000,0x0000000787a39f78,0x0000000788900000)
  from space 8192K, 99% used [0x0000000788900000,0x00000007890fd5d0,0x0000000789100000)
  to   space 34304K, 0% used [0x000000078cb00000,0x000000078cb00000,0x000000078ec80000)
 ParOldGen       total 190464K, used 70431K [0x0000000701e00000, 0x000000070d800000, 0x0000000780a00000)
  object space 190464K, 36% used [0x0000000701e00000,0x00000007062c7da0,0x000000070d800000)
 Metaspace       used 57795K, capacity 58949K, committed 59028K, reserved 1101824K
  class space    used 6956K, capacity 7250K, committed 7296K, reserved 1048576K
Event: 10.683 GC heap after
Heap after GC invocations=8 (full 2):
 PSYoungGen      total 195072K, used 28895K [0x0000000780a00000, 0x000000078f380000, 0x00000007c0000000)
  eden space 160768K, 0% used [0x0000000780a00000,0x0000000780a00000,0x000000078a700000)
  from space 34304K, 84% used [0x000000078cb00000,0x000000078e737ff8,0x000000078ec80000)
  to   space 36864K, 0% used [0x000000078a700000,0x000000078a700000,0x000000078cb00000)
 ParOldGen       total 190464K, used 70439K [0x0000000701e00000, 0x000000070d800000, 0x0000000780a00000)
  object space 190464K, 36% used [0x0000000701e00000,0x00000007062c9da0,0x000000070d800000)
 Metaspace       used 57795K, capacity 58949K, committed 59028K, reserved 1101824K
  class space    used 6956K, capacity 7250K, committed 7296K, reserved 1048576K
}
Event: 10.683 GC heap before
{Heap before GC invocations=9 (full 3):
 PSYoungGen      total 195072K, used 28895K [0x0000000780a00000, 0x000000078f380000, 0x00000007c0000000)
  eden space 160768K, 0% used [0x0000000780a00000,0x0000000780a00000,0x000000078a700000)
  from space 34304K, 84% used [0x000000078cb00000,0x000000078e737ff8,0x000000078ec80000)
  to   space 36864K, 0% used [0x000000078a700000,0x000000078a700000,0x000000078cb00000)
 ParOldGen       total 190464K, used 70439K [0x0000000701e00000, 0x000000070d800000, 0x0000000780a00000)
  object space 190464K, 36% used [0x0000000701e00000,0x00000007062c9da0,0x000000070d800000)
 Metaspace       used 57795K, capacity 58949K, committed 59028K, reserved 1101824K
  class space    used 6956K, capacity 7250K, committed 7296K, reserved 1048576K
Event: 10.966 GC heap after
Heap after GC invocations=9 (full 3):
 PSYoungGen      total 195072K, used 0K [0x0000000780a00000, 0x000000078f380000, 0x00000007c0000000)
  eden space 160768K, 0% used [0x0000000780a00000,0x0000000780a00000,0x000000078a700000)
  from space 34304K, 0% used [0x000000078cb00000,0x000000078cb00000,0x000000078ec80000)
  to   space 36864K, 0% used [0x000000078a700000,0x000000078a700000,0x000000078cb00000)
 ParOldGen       total 190464K, used 68151K [0x0000000701e00000, 0x000000070d800000, 0x0000000780a00000)
  object space 190464K, 35% used [0x0000000701e00000,0x000000070608de18,0x000000070d800000)
 Metaspace       used 57795K, capacity 58949K, committed 59028K, reserved 1101824K
  class space    used 6956K, capacity 7250K, committed 7296K, reserved 1048576K
}
Event: 15.511 GC heap before
{Heap before GC invocations=10 (full 3):
 PSYoungGen      total 195072K, used 160768K [0x0000000780a00000, 0x000000078f380000, 0x00000007c0000000)
  eden space 160768K, 100% used [0x0000000780a00000,0x000000078a700000,0x000000078a700000)
  from space 34304K, 0% used [0x000000078cb00000,0x000000078cb00000,0x000000078ec80000)
  to   space 36864K, 0% used [0x000000078a700000,0x000000078a700000,0x000000078cb00000)
 ParOldGen       total 190464K, used 68151K [0x0000000701e00000, 0x000000070d800000, 0x0000000780a00000)
  object space 190464K, 35% used [0x0000000701e00000,0x000000070608de18,0x000000070d800000)
 Metaspace       used 60550K, capacity 62121K, committed 62336K, reserved 1103872K
  class space    used 7154K, capacity 7524K, committed 7552K, reserved 1048576K
Event: 15.535 GC heap after
Heap after GC invocations=10 (full 3):
 PSYoungGen      total 197632K, used 21046K [0x0000000780a00000, 0x0000000791100000, 0x00000007c0000000)
  eden space 160768K, 0% used [0x0000000780a00000,0x0000000780a00000,0x000000078a700000)
  from space 36864K, 57% used [0x000000078a700000,0x000000078bb8d8b8,0x000000078cb00000)
  to   space 34816K, 0% used [0x000000078ef00000,0x000000078ef00000,0x0000000791100000)
 ParOldGen       total 190464K, used 68159K [0x0000000701e00000, 0x000000070d800000, 0x0000000780a00000)
  object space 190464K, 35% used [0x0000000701e00000,0x000000070608fe18,0x000000070d800000)
 Metaspace       used 60550K, capacity 62121K, committed 62336K, reserved 1103872K
  class space    used 7154K, capacity 7524K, committed 7552K, reserved 1048576K
}

