# JRE version: OpenJDK Runtime Environment (8.0_242-b01) (build 1.8.0_242-release-1644-b01)
# Java VM: OpenJDK 64-Bit Server VM (25.242-b01 mixed mode windows-amd64 compressed oops)
Heap:
 PSYoungGen      total 278016K, used 89505K [0x0000000780a00000, 0x0000000794100000, 0x00000007c0000000)
  eden space 238592K, 37% used [0x0000000780a00000,0x0000000786168760,0x000000078f300000)
  from space 39424K, 0% used [0x000000078f300000,0x000000078f300000,0x0000000791980000)
  to   space 33280K, 0% used [0x0000000791980000,0x0000000791980000,0x0000000793a00000)
 ParOldGen       total 143872K, used 64592K [0x0000000701e00000, 0x000000070aa80000, 0x0000000780a00000)
  object space 143872K, 44% used [0x0000000701e00000,0x0000000705d14320,0x000000070aa80000)
 Metaspace       used 59856K, capacity 61421K, committed 61568K, reserved 1103872K
  class space    used 7129K, capacity 7488K, committed 7552K, reserved 1048576K
GC Heap History (10 events):
Event: 2.666 GC heap before
{Heap before GC invocations=6 (full 2):
 PSYoungGen      total 140800K, used 8182K [0x0000000780a00000, 0x000000078cf00000, 0x00000007c0000000)
  eden space 132608K, 0% used [0x0000000780a00000,0x0000000780a00000,0x0000000788b80000)
  from space 8192K, 99% used [0x0000000789380000,0x0000000789b7d928,0x0000000789b80000)
  to   space 8192K, 0% used [0x0000000788b80000,0x0000000788b80000,0x0000000789380000)
 ParOldGen       total 111104K, used 33734K [0x0000000701e00000, 0x0000000708a80000, 0x0000000780a00000)
  object space 111104K, 30% used [0x0000000701e00000,0x0000000703ef1a70,0x0000000708a80000)
 Metaspace       used 34681K, capacity 35181K, committed 35416K, reserved 1081344K
  class space    used 4369K, capacity 4534K, committed 4608K, reserved 1048576K
Event: 2.720 GC heap after
Heap after GC invocations=6 (full 2):
 PSYoungGen      total 140800K, used 0K [0x0000000780a00000, 0x000000078cf00000, 0x00000007c0000000)
  eden space 132608K, 0% used [0x0000000780a00000,0x0000000780a00000,0x0000000788b80000)
  from space 8192K, 0% used [0x0000000789380000,0x0000000789380000,0x0000000789b80000)
  to   space 8192K, 0% used [0x0000000788b80000,0x0000000788b80000,0x0000000789380000)
 ParOldGen       total 143872K, used 33772K [0x0000000701e00000, 0x000000070aa80000, 0x0000000780a00000)
  object space 143872K, 23% used [0x0000000701e00000,0x0000000703efb060,0x000000070aa80000)
 Metaspace       used 34681K, capacity 35181K, committed 35416K, reserved 1081344K
  class space    used 4369K, capacity 4534K, committed 4608K, reserved 1048576K
}
Event: 4.809 GC heap before
{Heap before GC invocations=7 (full 2):
 PSYoungGen      total 140800K, used 132608K [0x0000000780a00000, 0x000000078cf00000, 0x00000007c0000000)
  eden space 132608K, 100% used [0x0000000780a00000,0x0000000788b80000,0x0000000788b80000)
  from space 8192K, 0% used [0x0000000789380000,0x0000000789380000,0x0000000789b80000)
  to   space 8192K, 0% used [0x0000000788b80000,0x0000000788b80000,0x0000000789380000)
 ParOldGen       total 143872K, used 33772K [0x0000000701e00000, 0x000000070aa80000, 0x0000000780a00000)
  object space 143872K, 23% used [0x0000000701e00000,0x0000000703efb060,0x000000070aa80000)
 Metaspace       used 46098K, capacity 46867K, committed 47104K, reserved 1091584K
  class space    used 5617K, capacity 5835K, committed 5888K, reserved 1048576K
Event: 4.830 GC heap after
Heap after GC invocations=7 (full 2):
 PSYoungGen      total 140800K, used 8190K [0x0000000780a00000, 0x0000000793a00000, 0x00000007c0000000)
  eden space 132608K, 0% used [0x0000000780a00000,0x0000000780a00000,0x0000000788b80000)
  from space 8192K, 99% used [0x0000000788b80000,0x000000078937fbe0,0x0000000789380000)
  to   space 33280K, 0% used [0x0000000791980000,0x0000000791980000,0x0000000793a00000)
 ParOldGen       total 143872K, used 52513K [0x0000000701e00000, 0x000000070aa80000, 0x0000000780a00000)
  object space 143872K, 36% used [0x0000000701e00000,0x0000000705148728,0x000000070aa80000)
 Metaspace       used 46098K, capacity 46867K, committed 47104K, reserved 1091584K
  class space    used 5617K, capacity 5835K, committed 5888K, reserved 1048576K
}
Event: 6.831 GC heap before
{Heap before GC invocations=8 (full 2):
 PSYoungGen      total 140800K, used 140798K [0x0000000780a00000, 0x0000000793a00000, 0x00000007c0000000)
  eden space 132608K, 100% used [0x0000000780a00000,0x0000000788b80000,0x0000000788b80000)
  from space 8192K, 99% used [0x0000000788b80000,0x000000078937fbe0,0x0000000789380000)
  to   space 33280K, 0% used [0x0000000791980000,0x0000000791980000,0x0000000793a00000)
 ParOldGen       total 143872K, used 52513K [0x0000000701e00000, 0x000000070aa80000, 0x0000000780a00000)
  object space 143872K, 36% used [0x0000000701e00000,0x0000000705148728,0x000000070aa80000)
 Metaspace       used 55228K, capacity 56341K, committed 56576K, reserved 1099776K
  class space    used 6839K, capacity 7104K, committed 7168K, reserved 1048576K
Event: 6.859 GC heap after
Heap after GC invocations=8 (full 2):
 PSYoungGen      total 271872K, used 32445K [0x0000000780a00000, 0x0000000794100000, 0x00000007c0000000)
  eden space 238592K, 0% used [0x0000000780a00000,0x0000000780a00000,0x000000078f300000)
  from space 33280K, 97% used [0x0000000791980000,0x000000079392f608,0x0000000793a00000)
  to   space 39424K, 0% used [0x000000078f300000,0x000000078f300000,0x0000000791980000)
 ParOldGen       total 143872K, used 52521K [0x0000000701e00000, 0x000000070aa80000, 0x0000000780a00000)
  object space 143872K, 36% used [0x0000000701e00000,0x000000070514a728,0x000000070aa80000)
 Metaspace       used 55228K, capacity 56341K, committed 56576K, reserved 1099776K
  class space    used 6839K, capacity 7104K, committed 7168K, reserved 1048576K
}
Event: 8.637 GC heap before
{Heap before GC invocations=9 (full 2):
 PSYoungGen      total 271872K, used 114781K [0x0000000780a00000, 0x0000000794100000, 0x00000007c0000000)
  eden space 238592K, 34% used [0x0000000780a00000,0x0000000785a67e38,0x000000078f300000)
  from space 33280K, 97% used [0x0000000791980000,0x000000079392f608,0x0000000793a00000)
  to   space 39424K, 0% used [0x000000078f300000,0x000000078f300000,0x0000000791980000)
 ParOldGen       total 143872K, used 52521K [0x0000000701e00000, 0x000000070aa80000, 0x0000000780a00000)
  object space 143872K, 36% used [0x0000000701e00000,0x000000070514a728,0x000000070aa80000)
 Metaspace       used 57794K, capacity 58945K, committed 59028K, reserved 1101824K
  class space    used 6962K, capacity 7250K, committed 7296K, reserved 1048576K
Event: 8.668 GC heap after
Heap after GC invocations=9 (full 2):
 PSYoungGen      total 278016K, used 35460K [0x0000000780a00000, 0x0000000794100000, 0x00000007c0000000)
  eden space 238592K, 0% used [0x0000000780a00000,0x0000000780a00000,0x000000078f300000)
  from space 39424K, 89% used [0x000000078f300000,0x00000007915a1240,0x0000000791980000)
  to   space 33280K, 0% used [0x0000000791980000,0x0000000791980000,0x0000000793a00000)
 ParOldGen       total 143872K, used 52529K [0x0000000701e00000, 0x000000070aa80000, 0x0000000780a00000)
  object space 143872K, 36% used [0x0000000701e00000,0x000000070514c728,0x000000070aa80000)
 Metaspace       used 57794K, capacity 58945K, committed 59028K, reserved 1101824K
  class space    used 6962K, capacity 7250K, committed 7296K, reserved 1048576K
}
Event: 8.668 GC heap before
{Heap before GC invocations=10 (full 3):
 PSYoungGen      total 278016K, used 35460K [0x0000000780a00000, 0x0000000794100000, 0x00000007c0000000)
  eden space 238592K, 0% used [0x0000000780a00000,0x0000000780a00000,0x000000078f300000)
  from space 39424K, 89% used [0x000000078f300000,0x00000007915a1240,0x0000000791980000)
  to   space 33280K, 0% used [0x0000000791980000,0x0000000791980000,0x0000000793a00000)
 ParOldGen       total 143872K, used 52529K [0x0000000701e00000, 0x000000070aa80000, 0x0000000780a00000)
  object space 143872K, 36% used [0x0000000701e00000,0x000000070514c728,0x000000070aa80000)
 Metaspace       used 57794K, capacity 58945K, committed 59028K, reserved 1101824K
  class space    used 6962K, capacity 7250K, committed 7296K, reserved 1048576K
Event: 8.889 GC heap after
Heap after GC invocations=10 (full 3):
 PSYoungGen      total 278016K, used 0K [0x0000000780a00000, 0x0000000794100000, 0x00000007c0000000)
  eden space 238592K, 0% used [0x0000000780a00000,0x0000000780a00000,0x000000078f300000)
  from space 39424K, 0% used [0x000000078f300000,0x000000078f300000,0x0000000791980000)
  to   space 33280K, 0% used [0x0000000791980000,0x0000000791980000,0x0000000793a00000)
 ParOldGen       total 143872K, used 64592K [0x0000000701e00000, 0x000000070aa80000, 0x0000000780a00000)
  object space 143872K, 44% used [0x0000000701e00000,0x0000000705d14320,0x000000070aa80000)
 Metaspace       used 57794K, capacity 58945K, committed 59028K, reserved 1101824K
  class space    used 6962K, capacity 7250K, committed 7296K, reserved 1048576K
}

