# JRE version: OpenJDK Runtime Environment (8.0_242-b01) (build 1.8.0_242-release-1644-b01)
# Java VM: OpenJDK 64-Bit Server VM (25.242-b01 mixed mode windows-amd64 compressed oops)
Heap:
 PSYoungGen      total 330240K, used 127270K [0x00000000d5580000, 0x00000000edf80000, 0x0000000100000000)
  eden space 281600K, 45% used [0x00000000d5580000,0x00000000dd1c98e8,0x00000000e6880000)
  from space 48640K, 0% used [0x00000000eb000000,0x00000000eb000000,0x00000000edf80000)
  to   space 46592K, 0% used [0x00000000e6880000,0x00000000e6880000,0x00000000e9600000)
 ParOldGen       total 174080K, used 77995K [0x0000000080000000, 0x000000008aa00000, 0x00000000d5580000)
  object space 174080K, 44% used [0x0000000080000000,0x0000000084c2af48,0x000000008aa00000)
 Metaspace       used 96351K, capacity 100662K, committed 100888K, reserved 1136640K
  class space    used 12502K, capacity 13340K, committed 13360K, reserved 1048576K
GC Heap History (10 events):
Event: 22.125 GC heap before
{Heap before GC invocations=20 (full 3):
 PSYoungGen      total 292864K, used 292848K [0x00000000d5580000, 0x00000000eca00000, 0x0000000100000000)
  eden space 254976K, 100% used [0x00000000d5580000,0x00000000e4e80000,0x00000000e4e80000)
  from space 37888K, 99% used [0x00000000e8000000,0x00000000ea4fc110,0x00000000ea500000)
  to   space 50688K, 0% used [0x00000000e4e80000,0x00000000e4e80000,0x00000000e8000000)
 ParOldGen       total 174080K, used 102659K [0x0000000080000000, 0x000000008aa00000, 0x00000000d5580000)
  object space 174080K, 58% used [0x0000000080000000,0x0000000086440d20,0x000000008aa00000)
 Metaspace       used 80041K, capacity 83966K, committed 84120K, reserved 1122304K
  class space    used 10643K, capacity 11399K, committed 11440K, reserved 1048576K
Event: 22.154 GC heap after
Heap after GC invocations=20 (full 3):
 PSYoungGen      total 305664K, used 16746K [0x00000000d5580000, 0x00000000ecc80000, 0x0000000100000000)
  eden space 254976K, 0% used [0x00000000d5580000,0x00000000d5580000,0x00000000e4e80000)
  from space 50688K, 33% used [0x00000000e4e80000,0x00000000e5edabd8,0x00000000e8000000)
  to   space 48128K, 0% used [0x00000000e9d80000,0x00000000e9d80000,0x00000000ecc80000)
 ParOldGen       total 174080K, used 119502K [0x0000000080000000, 0x000000008aa00000, 0x00000000d5580000)
  object space 174080K, 68% used [0x0000000080000000,0x00000000874b3bf0,0x000000008aa00000)
 Metaspace       used 80041K, capacity 83966K, committed 84120K, reserved 1122304K
  class space    used 10643K, capacity 11399K, committed 11440K, reserved 1048576K
}
Event: 129.296 GC heap before
{Heap before GC invocations=21 (full 3):
 PSYoungGen      total 305664K, used 271722K [0x00000000d5580000, 0x00000000ecc80000, 0x0000000100000000)
  eden space 254976K, 100% used [0x00000000d5580000,0x00000000e4e80000,0x00000000e4e80000)
  from space 50688K, 33% used [0x00000000e4e80000,0x00000000e5edabd8,0x00000000e8000000)
  to   space 48128K, 0% used [0x00000000e9d80000,0x00000000e9d80000,0x00000000ecc80000)
 ParOldGen       total 174080K, used 119502K [0x0000000080000000, 0x000000008aa00000, 0x00000000d5580000)
  object space 174080K, 68% used [0x0000000080000000,0x00000000874b3bf0,0x000000008aa00000)
 Metaspace       used 87573K, capacity 91914K, committed 92184K, reserved 1128448K
  class space    used 11440K, capacity 12240K, committed 12336K, reserved 1048576K
Event: 129.321 GC heap after
Heap after GC invocations=21 (full 3):
 PSYoungGen      total 320512K, used 22586K [0x00000000d5580000, 0x00000000ec380000, 0x0000000100000000)
  eden space 281600K, 0% used [0x00000000d5580000,0x00000000d5580000,0x00000000e6880000)
  from space 38912K, 58% used [0x00000000e9d80000,0x00000000eb38e958,0x00000000ec380000)
  to   space 46592K, 0% used [0x00000000e6880000,0x00000000e6880000,0x00000000e9600000)
 ParOldGen       total 174080K, used 119510K [0x0000000080000000, 0x000000008aa00000, 0x00000000d5580000)
  object space 174080K, 68% used [0x0000000080000000,0x00000000874b5bf0,0x000000008aa00000)
 Metaspace       used 87573K, capacity 91914K, committed 92184K, reserved 1128448K
  class space    used 11440K, capacity 12240K, committed 12336K, reserved 1048576K
}
Event: 140.339 GC heap before
{Heap before GC invocations=22 (full 3):
 PSYoungGen      total 320512K, used 304186K [0x00000000d5580000, 0x00000000ec380000, 0x0000000100000000)
  eden space 281600K, 100% used [0x00000000d5580000,0x00000000e6880000,0x00000000e6880000)
  from space 38912K, 58% used [0x00000000e9d80000,0x00000000eb38e958,0x00000000ec380000)
  to   space 46592K, 0% used [0x00000000e6880000,0x00000000e6880000,0x00000000e9600000)
 ParOldGen       total 174080K, used 119510K [0x0000000080000000, 0x000000008aa00000, 0x00000000d5580000)
  object space 174080K, 68% used [0x0000000080000000,0x00000000874b5bf0,0x000000008aa00000)
 Metaspace       used 94005K, capacity 98474K, committed 98584K, reserved 1134592K
  class space    used 12182K, capacity 13034K, committed 13104K, reserved 1048576K
Event: 140.365 GC heap after
Heap after GC invocations=22 (full 3):
 PSYoungGen      total 328192K, used 33399K [0x00000000d5580000, 0x00000000edf80000, 0x0000000100000000)
  eden space 281600K, 0% used [0x00000000d5580000,0x00000000d5580000,0x00000000e6880000)
  from space 46592K, 71% used [0x00000000e6880000,0x00000000e891de30,0x00000000e9600000)
  to   space 48640K, 0% used [0x00000000eb000000,0x00000000eb000000,0x00000000edf80000)
 ParOldGen       total 174080K, used 119518K [0x0000000080000000, 0x000000008aa00000, 0x00000000d5580000)
  object space 174080K, 68% used [0x0000000080000000,0x00000000874b7bf0,0x000000008aa00000)
 Metaspace       used 94005K, capacity 98474K, committed 98584K, reserved 1134592K
  class space    used 12182K, capacity 13034K, committed 13104K, reserved 1048576K
}
Event: 140.570 GC heap before
{Heap before GC invocations=23 (full 3):
 PSYoungGen      total 328192K, used 95974K [0x00000000d5580000, 0x00000000edf80000, 0x0000000100000000)
  eden space 281600K, 22% used [0x00000000d5580000,0x00000000d929bc48,0x00000000e6880000)
  from space 46592K, 71% used [0x00000000e6880000,0x00000000e891de30,0x00000000e9600000)
  to   space 48640K, 0% used [0x00000000eb000000,0x00000000eb000000,0x00000000edf80000)
 ParOldGen       total 174080K, used 119518K [0x0000000080000000, 0x000000008aa00000, 0x00000000d5580000)
  object space 174080K, 68% used [0x0000000080000000,0x00000000874b7bf0,0x000000008aa00000)
 Metaspace       used 94079K, capacity 98496K, committed 98584K, reserved 1134592K
  class space    used 12190K, capacity 13037K, committed 13104K, reserved 1048576K
Event: 140.604 GC heap after
Heap after GC invocations=23 (full 3):
 PSYoungGen      total 330240K, used 29077K [0x00000000d5580000, 0x00000000edf80000, 0x0000000100000000)
  eden space 281600K, 0% used [0x00000000d5580000,0x00000000d5580000,0x00000000e6880000)
  from space 48640K, 59% used [0x00000000eb000000,0x00000000ecc65738,0x00000000edf80000)
  to   space 46592K, 0% used [0x00000000e6880000,0x00000000e6880000,0x00000000e9600000)
 ParOldGen       total 174080K, used 119526K [0x0000000080000000, 0x000000008aa00000, 0x00000000d5580000)
  object space 174080K, 68% used [0x0000000080000000,0x00000000874b9bf0,0x000000008aa00000)
 Metaspace       used 94079K, capacity 98496K, committed 98584K, reserved 1134592K
  class space    used 12190K, capacity 13037K, committed 13104K, reserved 1048576K
}
Event: 140.604 GC heap before
{Heap before GC invocations=24 (full 4):
 PSYoungGen      total 330240K, used 29077K [0x00000000d5580000, 0x00000000edf80000, 0x0000000100000000)
  eden space 281600K, 0% used [0x00000000d5580000,0x00000000d5580000,0x00000000e6880000)
  from space 48640K, 59% used [0x00000000eb000000,0x00000000ecc65738,0x00000000edf80000)
  to   space 46592K, 0% used [0x00000000e6880000,0x00000000e6880000,0x00000000e9600000)
 ParOldGen       total 174080K, used 119526K [0x0000000080000000, 0x000000008aa00000, 0x00000000d5580000)
  object space 174080K, 68% used [0x0000000080000000,0x00000000874b9bf0,0x000000008aa00000)
 Metaspace       used 94079K, capacity 98496K, committed 98584K, reserved 1134592K
  class space    used 12190K, capacity 13037K, committed 13104K, reserved 1048576K
Event: 140.808 GC heap after
Heap after GC invocations=24 (full 4):
 PSYoungGen      total 330240K, used 0K [0x00000000d5580000, 0x00000000edf80000, 0x0000000100000000)
  eden space 281600K, 0% used [0x00000000d5580000,0x00000000d5580000,0x00000000e6880000)
  from space 48640K, 0% used [0x00000000eb000000,0x00000000eb000000,0x00000000edf80000)
  to   space 46592K, 0% used [0x00000000e6880000,0x00000000e6880000,0x00000000e9600000)
 ParOldGen       total 174080K, used 77995K [0x0000000080000000, 0x000000008aa00000, 0x00000000d5580000)
  object space 174080K, 44% used [0x0000000080000000,0x0000000084c2af48,0x000000008aa00000)
 Metaspace       used 93766K, capacity 97576K, committed 98584K, reserved 1134592K
  class space    used 12094K, capacity 12869K, committed 13104K, reserved 1048576K
}

