# JRE version: OpenJDK Runtime Environment (8.0_242-b01) (build 1.8.0_242-release-1644-b01)
# Java VM: OpenJDK 64-Bit Server VM (25.242-b01 mixed mode windows-amd64 compressed oops)
Heap:
 PSYoungGen      total 291328K, used 190516K [0x00000000d5580000, 0x00000000ec280000, 0x0000000100000000)
  eden space 259584K, 61% used [0x00000000d5580000,0x00000000df093f30,0x00000000e5300000)
  from space 31744K, 99% used [0x00000000e5300000,0x00000000e71f92b0,0x00000000e7200000)
  to   space 36352K, 0% used [0x00000000e9f00000,0x00000000e9f00000,0x00000000ec280000)
 ParOldGen       total 166400K, used 48851K [0x0000000080000000, 0x000000008a280000, 0x00000000d5580000)
  object space 166400K, 29% used [0x0000000080000000,0x0000000082fb4c28,0x000000008a280000)
 Metaspace       used 76161K, capacity 80090K, committed 80280K, reserved 1118208K
  class space    used 10126K, capacity 10843K, committed 10928K, reserved 1048576K
GC Heap History (10 events):
Event: 6.297 GC heap before
{Heap before GC invocations=14 (full 3):
 PSYoungGen      total 206336K, used 18935K [0x00000000d5580000, 0x00000000e6300000, 0x0000000100000000)
  eden space 187392K, 0% used [0x00000000d5580000,0x00000000d5580000,0x00000000e0c80000)
  from space 18944K, 99% used [0x00000000e0c80000,0x00000000e1efdc38,0x00000000e1f00000)
  to   space 21504K, 0% used [0x00000000e4e00000,0x00000000e4e00000,0x00000000e6300000)
 ParOldGen       total 107520K, used 26570K [0x0000000080000000, 0x0000000086900000, 0x00000000d5580000)
  object space 107520K, 24% used [0x0000000080000000,0x00000000819f2970,0x0000000086900000)
 Metaspace       used 56864K, capacity 59070K, committed 59160K, reserved 1099776K
  class space    used 7711K, capacity 8192K, committed 8240K, reserved 1048576K
Event: 6.491 GC heap after
Heap after GC invocations=14 (full 3):
 PSYoungGen      total 206336K, used 0K [0x00000000d5580000, 0x00000000e6300000, 0x0000000100000000)
  eden space 187392K, 0% used [0x00000000d5580000,0x00000000d5580000,0x00000000e0c80000)
  from space 18944K, 0% used [0x00000000e0c80000,0x00000000e0c80000,0x00000000e1f00000)
  to   space 21504K, 0% used [0x00000000e4e00000,0x00000000e4e00000,0x00000000e6300000)
 ParOldGen       total 166400K, used 34750K [0x0000000080000000, 0x000000008a280000, 0x00000000d5580000)
  object space 166400K, 20% used [0x0000000080000000,0x00000000821efac0,0x000000008a280000)
 Metaspace       used 56825K, capacity 58938K, committed 59160K, reserved 1099776K
  class space    used 7699K, capacity 8170K, committed 8240K, reserved 1048576K
}
Event: 8.002 GC heap before
{Heap before GC invocations=15 (full 3):
 PSYoungGen      total 206336K, used 187392K [0x00000000d5580000, 0x00000000e6300000, 0x0000000100000000)
  eden space 187392K, 100% used [0x00000000d5580000,0x00000000e0c80000,0x00000000e0c80000)
  from space 18944K, 0% used [0x00000000e0c80000,0x00000000e0c80000,0x00000000e1f00000)
  to   space 21504K, 0% used [0x00000000e4e00000,0x00000000e4e00000,0x00000000e6300000)
 ParOldGen       total 166400K, used 34750K [0x0000000080000000, 0x000000008a280000, 0x00000000d5580000)
  object space 166400K, 20% used [0x0000000080000000,0x00000000821efac0,0x000000008a280000)
 Metaspace       used 66508K, capacity 70070K, committed 70424K, reserved 1110016K
  class space    used 9219K, capacity 9911K, committed 10032K, reserved 1048576K
Event: 8.019 GC heap after
Heap after GC invocations=15 (full 3):
 PSYoungGen      total 241152K, used 18939K [0x00000000d5580000, 0x00000000e6080000, 0x0000000100000000)
  eden space 222208K, 0% used [0x00000000d5580000,0x00000000d5580000,0x00000000e2e80000)
  from space 18944K, 99% used [0x00000000e4e00000,0x00000000e607ec18,0x00000000e6080000)
  to   space 23552K, 0% used [0x00000000e3280000,0x00000000e3280000,0x00000000e4980000)
 ParOldGen       total 166400K, used 34758K [0x0000000080000000, 0x000000008a280000, 0x00000000d5580000)
  object space 166400K, 20% used [0x0000000080000000,0x00000000821f1ac0,0x000000008a280000)
 Metaspace       used 66508K, capacity 70070K, committed 70424K, reserved 1110016K
  class space    used 9219K, capacity 9911K, committed 10032K, reserved 1048576K
}
Event: 9.018 GC heap before
{Heap before GC invocations=16 (full 3):
 PSYoungGen      total 241152K, used 241147K [0x00000000d5580000, 0x00000000e6080000, 0x0000000100000000)
  eden space 222208K, 100% used [0x00000000d5580000,0x00000000e2e80000,0x00000000e2e80000)
  from space 18944K, 99% used [0x00000000e4e00000,0x00000000e607ec18,0x00000000e6080000)
  to   space 23552K, 0% used [0x00000000e3280000,0x00000000e3280000,0x00000000e4980000)
 ParOldGen       total 166400K, used 34758K [0x0000000080000000, 0x000000008a280000, 0x00000000d5580000)
  object space 166400K, 20% used [0x0000000080000000,0x00000000821f1ac0,0x000000008a280000)
 Metaspace       used 67661K, capacity 71386K, committed 71448K, reserved 1110016K
  class space    used 9293K, capacity 10029K, committed 10032K, reserved 1048576K
Event: 9.044 GC heap after
Heap after GC invocations=16 (full 3):
 PSYoungGen      total 249856K, used 23535K [0x00000000d5580000, 0x00000000e8d00000, 0x0000000100000000)
  eden space 226304K, 0% used [0x00000000d5580000,0x00000000d5580000,0x00000000e3280000)
  from space 23552K, 99% used [0x00000000e3280000,0x00000000e497bfb0,0x00000000e4980000)
  to   space 27648K, 0% used [0x00000000e7200000,0x00000000e7200000,0x00000000e8d00000)
 ParOldGen       total 166400K, used 36923K [0x0000000080000000, 0x000000008a280000, 0x00000000d5580000)
  object space 166400K, 22% used [0x0000000080000000,0x000000008240ee80,0x000000008a280000)
 Metaspace       used 67661K, capacity 71386K, committed 71448K, reserved 1110016K
  class space    used 9293K, capacity 10029K, committed 10032K, reserved 1048576K
}
Event: 9.951 GC heap before
{Heap before GC invocations=17 (full 3):
 PSYoungGen      total 249856K, used 249839K [0x00000000d5580000, 0x00000000e8d00000, 0x0000000100000000)
  eden space 226304K, 100% used [0x00000000d5580000,0x00000000e3280000,0x00000000e3280000)
  from space 23552K, 99% used [0x00000000e3280000,0x00000000e497bfb0,0x00000000e4980000)
  to   space 27648K, 0% used [0x00000000e7200000,0x00000000e7200000,0x00000000e8d00000)
 ParOldGen       total 166400K, used 36923K [0x0000000080000000, 0x000000008a280000, 0x00000000d5580000)
  object space 166400K, 22% used [0x0000000080000000,0x000000008240ee80,0x000000008a280000)
 Metaspace       used 72049K, capacity 75766K, committed 75928K, reserved 1114112K
  class space    used 9861K, capacity 10567K, committed 10672K, reserved 1048576K
Event: 9.980 GC heap after
Heap after GC invocations=17 (full 3):
 PSYoungGen      total 287232K, used 27561K [0x00000000d5580000, 0x00000000e9b80000, 0x0000000100000000)
  eden space 259584K, 0% used [0x00000000d5580000,0x00000000d5580000,0x00000000e5300000)
  from space 27648K, 99% used [0x00000000e7200000,0x00000000e8cea740,0x00000000e8d00000)
  to   space 31744K, 0% used [0x00000000e5300000,0x00000000e5300000,0x00000000e7200000)
 ParOldGen       total 166400K, used 48533K [0x0000000080000000, 0x000000008a280000, 0x00000000d5580000)
  object space 166400K, 29% used [0x0000000080000000,0x0000000082f65670,0x000000008a280000)
 Metaspace       used 72049K, capacity 75766K, committed 75928K, reserved 1114112K
  class space    used 9861K, capacity 10567K, committed 10672K, reserved 1048576K
}
Event: 25.553 GC heap before
{Heap before GC invocations=18 (full 3):
 PSYoungGen      total 287232K, used 287145K [0x00000000d5580000, 0x00000000e9b80000, 0x0000000100000000)
  eden space 259584K, 100% used [0x00000000d5580000,0x00000000e5300000,0x00000000e5300000)
  from space 27648K, 99% used [0x00000000e7200000,0x00000000e8cea740,0x00000000e8d00000)
  to   space 31744K, 0% used [0x00000000e5300000,0x00000000e5300000,0x00000000e7200000)
 ParOldGen       total 166400K, used 48533K [0x0000000080000000, 0x000000008a280000, 0x00000000d5580000)
  object space 166400K, 29% used [0x0000000080000000,0x0000000082f65670,0x000000008a280000)
 Metaspace       used 75915K, capacity 79824K, committed 80024K, reserved 1118208K
  class space    used 10119K, capacity 10832K, committed 10928K, reserved 1048576K
Event: 25.574 GC heap after
Heap after GC invocations=18 (full 3):
 PSYoungGen      total 291328K, used 31716K [0x00000000d5580000, 0x00000000ec280000, 0x0000000100000000)
  eden space 259584K, 0% used [0x00000000d5580000,0x00000000d5580000,0x00000000e5300000)
  from space 31744K, 99% used [0x00000000e5300000,0x00000000e71f92b0,0x00000000e7200000)
  to   space 36352K, 0% used [0x00000000e9f00000,0x00000000e9f00000,0x00000000ec280000)
 ParOldGen       total 166400K, used 48851K [0x0000000080000000, 0x000000008a280000, 0x00000000d5580000)
  object space 166400K, 29% used [0x0000000080000000,0x0000000082fb4c28,0x000000008a280000)
 Metaspace       used 75915K, capacity 79824K, committed 80024K, reserved 1118208K
  class space    used 10119K, capacity 10832K, committed 10928K, reserved 1048576K
}

