# JRE version: OpenJDK Runtime Environment (8.0_242-b01) (build 1.8.0_242-release-1644-b01)
# Java VM: OpenJDK 64-Bit Server VM (25.242-b01 mixed mode windows-amd64 compressed oops)
Heap:
 PSYoungGen      total 161280K, used 31865K [0x00000000d5580000, 0x00000000e2200000, 0x0000000100000000)
  eden space 148992K, 13% used [0x00000000d5580000,0x00000000d689f0d8,0x00000000de700000)
  from space 12288K, 99% used [0x00000000e1600000,0x00000000e21ff340,0x00000000e2200000)
  to   space 12800K, 0% used [0x00000000de700000,0x00000000de700000,0x00000000df380000)
 ParOldGen       total 111616K, used 25881K [0x0000000080000000, 0x0000000086d00000, 0x00000000d5580000)
  object space 111616K, 23% used [0x0000000080000000,0x0000000081946520,0x0000000086d00000)
 Metaspace       used 52581K, capacity 54670K, committed 54824K, reserved 1097728K
  class space    used 7005K, capacity 7459K, committed 7472K, reserved 1048576K
GC Heap History (10 events):
Event: 4.256 GC heap before
{Heap before GC invocations=8 (full 1):
 PSYoungGen      total 92160K, used 91691K [0x00000000d5580000, 0x00000000dc680000, 0x0000000100000000)
  eden space 86016K, 100% used [0x00000000d5580000,0x00000000da980000,0x00000000da980000)
  from space 6144K, 92% used [0x00000000dc080000,0x00000000dc60ae00,0x00000000dc680000)
  to   space 11264K, 0% used [0x00000000db080000,0x00000000db080000,0x00000000dbb80000)
 ParOldGen       total 70144K, used 7392K [0x0000000080000000, 0x0000000084480000, 0x00000000d5580000)
  object space 70144K, 10% used [0x0000000080000000,0x0000000080738080,0x0000000084480000)
 Metaspace       used 33131K, capacity 34176K, committed 34352K, reserved 1079296K
  class space    used 4533K, capacity 4791K, committed 4912K, reserved 1048576K
Event: 4.271 GC heap after
Heap after GC invocations=8 (full 1):
 PSYoungGen      total 104448K, used 11239K [0x00000000d5580000, 0x00000000e0000000, 0x0000000100000000)
  eden space 93184K, 0% used [0x00000000d5580000,0x00000000d5580000,0x00000000db080000)
  from space 11264K, 99% used [0x00000000db080000,0x00000000dbb79f70,0x00000000dbb80000)
  to   space 12800K, 0% used [0x00000000df380000,0x00000000df380000,0x00000000e0000000)
 ParOldGen       total 70144K, used 7543K [0x0000000080000000, 0x0000000084480000, 0x00000000d5580000)
  object space 70144K, 10% used [0x0000000080000000,0x000000008075dc60,0x0000000084480000)
 Metaspace       used 33131K, capacity 34176K, committed 34352K, reserved 1079296K
  class space    used 4533K, capacity 4791K, committed 4912K, reserved 1048576K
}
Event: 4.475 GC heap before
{Heap before GC invocations=9 (full 1):
 PSYoungGen      total 104448K, used 37661K [0x00000000d5580000, 0x00000000e0000000, 0x0000000100000000)
  eden space 93184K, 28% used [0x00000000d5580000,0x00000000d6f4d868,0x00000000db080000)
  from space 11264K, 99% used [0x00000000db080000,0x00000000dbb79f70,0x00000000dbb80000)
  to   space 12800K, 0% used [0x00000000df380000,0x00000000df380000,0x00000000e0000000)
 ParOldGen       total 70144K, used 7543K [0x0000000080000000, 0x0000000084480000, 0x00000000d5580000)
  object space 70144K, 10% used [0x0000000080000000,0x000000008075dc60,0x0000000084480000)
 Metaspace       used 34273K, capacity 35408K, committed 35496K, reserved 1079296K
  class space    used 4719K, capacity 5001K, committed 5040K, reserved 1048576K
Event: 4.483 GC heap after
Heap after GC invocations=9 (full 1):
 PSYoungGen      total 161792K, used 8448K [0x00000000d5580000, 0x00000000e0e80000, 0x0000000100000000)
  eden space 148992K, 0% used [0x00000000d5580000,0x00000000d5580000,0x00000000de700000)
  from space 12800K, 66% used [0x00000000df380000,0x00000000dfbc0000,0x00000000e0000000)
  to   space 12800K, 0% used [0x00000000de700000,0x00000000de700000,0x00000000df380000)
 ParOldGen       total 70144K, used 7551K [0x0000000080000000, 0x0000000084480000, 0x00000000d5580000)
  object space 70144K, 10% used [0x0000000080000000,0x000000008075fc60,0x0000000084480000)
 Metaspace       used 34273K, capacity 35408K, committed 35496K, reserved 1079296K
  class space    used 4719K, capacity 5001K, committed 5040K, reserved 1048576K
}
Event: 4.483 GC heap before
{Heap before GC invocations=10 (full 2):
 PSYoungGen      total 161792K, used 8448K [0x00000000d5580000, 0x00000000e0e80000, 0x0000000100000000)
  eden space 148992K, 0% used [0x00000000d5580000,0x00000000d5580000,0x00000000de700000)
  from space 12800K, 66% used [0x00000000df380000,0x00000000dfbc0000,0x00000000e0000000)
  to   space 12800K, 0% used [0x00000000de700000,0x00000000de700000,0x00000000df380000)
 ParOldGen       total 70144K, used 7551K [0x0000000080000000, 0x0000000084480000, 0x00000000d5580000)
  object space 70144K, 10% used [0x0000000080000000,0x000000008075fc60,0x0000000084480000)
 Metaspace       used 34273K, capacity 35408K, committed 35496K, reserved 1079296K
  class space    used 4719K, capacity 5001K, committed 5040K, reserved 1048576K
Event: 4.581 GC heap after
Heap after GC invocations=10 (full 2):
 PSYoungGen      total 161792K, used 0K [0x00000000d5580000, 0x00000000e0e80000, 0x0000000100000000)
  eden space 148992K, 0% used [0x00000000d5580000,0x00000000d5580000,0x00000000de700000)
  from space 12800K, 0% used [0x00000000df380000,0x00000000df380000,0x00000000e0000000)
  to   space 12800K, 0% used [0x00000000de700000,0x00000000de700000,0x00000000df380000)
 ParOldGen       total 111616K, used 14856K [0x0000000080000000, 0x0000000086d00000, 0x00000000d5580000)
  object space 111616K, 13% used [0x0000000080000000,0x0000000080e82128,0x0000000086d00000)
 Metaspace       used 34273K, capacity 35408K, committed 35496K, reserved 1079296K
  class space    used 4719K, capacity 5001K, committed 5040K, reserved 1048576K
}
Event: 5.484 GC heap before
{Heap before GC invocations=11 (full 2):
 PSYoungGen      total 161792K, used 148992K [0x00000000d5580000, 0x00000000e0e80000, 0x0000000100000000)
  eden space 148992K, 100% used [0x00000000d5580000,0x00000000de700000,0x00000000de700000)
  from space 12800K, 0% used [0x00000000df380000,0x00000000df380000,0x00000000e0000000)
  to   space 12800K, 0% used [0x00000000de700000,0x00000000de700000,0x00000000df380000)
 ParOldGen       total 111616K, used 14856K [0x0000000080000000, 0x0000000086d00000, 0x00000000d5580000)
  object space 111616K, 13% used [0x0000000080000000,0x0000000080e82128,0x0000000086d00000)
 Metaspace       used 37976K, capacity 39594K, committed 39720K, reserved 1083392K
  class space    used 5228K, capacity 5580K, committed 5680K, reserved 1048576K
Event: 5.497 GC heap after
Heap after GC invocations=11 (full 2):
 PSYoungGen      total 161792K, used 8569K [0x00000000d5580000, 0x00000000e2200000, 0x0000000100000000)
  eden space 148992K, 0% used [0x00000000d5580000,0x00000000d5580000,0x00000000de700000)
  from space 12800K, 66% used [0x00000000de700000,0x00000000def5e530,0x00000000df380000)
  to   space 12288K, 0% used [0x00000000e1600000,0x00000000e1600000,0x00000000e2200000)
 ParOldGen       total 111616K, used 14864K [0x0000000080000000, 0x0000000086d00000, 0x00000000d5580000)
  object space 111616K, 13% used [0x0000000080000000,0x0000000080e84128,0x0000000086d00000)
 Metaspace       used 37976K, capacity 39594K, committed 39720K, reserved 1083392K
  class space    used 5228K, capacity 5580K, committed 5680K, reserved 1048576K
}
Event: 7.207 GC heap before
{Heap before GC invocations=12 (full 2):
 PSYoungGen      total 161792K, used 157561K [0x00000000d5580000, 0x00000000e2200000, 0x0000000100000000)
  eden space 148992K, 100% used [0x00000000d5580000,0x00000000de700000,0x00000000de700000)
  from space 12800K, 66% used [0x00000000de700000,0x00000000def5e530,0x00000000df380000)
  to   space 12288K, 0% used [0x00000000e1600000,0x00000000e1600000,0x00000000e2200000)
 ParOldGen       total 111616K, used 14864K [0x0000000080000000, 0x0000000086d00000, 0x00000000d5580000)
  object space 111616K, 13% used [0x0000000080000000,0x0000000080e84128,0x0000000086d00000)
 Metaspace       used 52367K, capacity 54356K, committed 54568K, reserved 1095680K
  class space    used 6964K, capacity 7417K, committed 7472K, reserved 1048576K
Event: 7.226 GC heap after
Heap after GC invocations=12 (full 2):
 PSYoungGen      total 161280K, used 12284K [0x00000000d5580000, 0x00000000e2200000, 0x0000000100000000)
  eden space 148992K, 0% used [0x00000000d5580000,0x00000000d5580000,0x00000000de700000)
  from space 12288K, 99% used [0x00000000e1600000,0x00000000e21ff340,0x00000000e2200000)
  to   space 12800K, 0% used [0x00000000de700000,0x00000000de700000,0x00000000df380000)
 ParOldGen       total 111616K, used 25881K [0x0000000080000000, 0x0000000086d00000, 0x00000000d5580000)
  object space 111616K, 23% used [0x0000000080000000,0x0000000081946520,0x0000000086d00000)
 Metaspace       used 52367K, capacity 54356K, committed 54568K, reserved 1095680K
  class space    used 6964K, capacity 7417K, committed 7472K, reserved 1048576K
}

