# JRE version: OpenJDK Runtime Environment (8.0_242-b01) (build 1.8.0_242-release-1644-b01)
# Java VM: OpenJDK 64-Bit Server VM (25.242-b01 mixed mode windows-amd64 compressed oops)
Heap:
 PSYoungGen      total 320000K, used 130748K [0x00000000d5580000, 0x00000000ed980000, 0x0000000100000000)
  eden space 272384K, 48% used [0x00000000d5580000,0x00000000dd52f0d8,0x00000000e5f80000)
  from space 47616K, 0% used [0x00000000e9600000,0x00000000e9600000,0x00000000ec480000)
  to   space 55808K, 0% used [0x00000000e5f80000,0x00000000e5f80000,0x00000000e9600000)
 ParOldGen       total 320000K, used 107559K [0x0000000080000000, 0x0000000093880000, 0x00000000d5580000)
  object space 320000K, 33% used [0x0000000080000000,0x0000000086909db0,0x0000000093880000)
 Metaspace       used 96448K, capacity 100936K, committed 102184K, reserved 1136640K
  class space    used 12884K, capacity 13741K, committed 14144K, reserved 1048576K
GC Heap History (10 events):
Event: 21.434 GC heap before
{Heap before GC invocations=18 (full 3):
 PSYoungGen      total 263168K, used 255619K [0x00000000d5580000, 0x00000000e7f00000, 0x0000000100000000)
  eden space 231424K, 100% used [0x00000000d5580000,0x00000000e3780000,0x00000000e3780000)
  from space 31744K, 76% used [0x00000000e5880000,0x00000000e7020cb8,0x00000000e7780000)
  to   space 33792K, 0% used [0x00000000e3780000,0x00000000e3780000,0x00000000e5880000)
 ParOldGen       total 178688K, used 60953K [0x0000000080000000, 0x000000008ae80000, 0x00000000d5580000)
  object space 178688K, 34% used [0x0000000080000000,0x0000000083b86788,0x000000008ae80000)
 Metaspace       used 76189K, capacity 79688K, committed 79896K, reserved 1118208K
  class space    used 10268K, capacity 10942K, committed 11056K, reserved 1048576K
Event: 21.463 GC heap after
Heap after GC invocations=18 (full 3):
 PSYoungGen      total 265216K, used 33782K [0x00000000d5580000, 0x00000000ea980000, 0x0000000100000000)
  eden space 231424K, 0% used [0x00000000d5580000,0x00000000d5580000,0x00000000e3780000)
  from space 33792K, 99% used [0x00000000e3780000,0x00000000e587daa8,0x00000000e5880000)
  to   space 42496K, 0% used [0x00000000e8000000,0x00000000e8000000,0x00000000ea980000)
 ParOldGen       total 178688K, used 70370K [0x0000000080000000, 0x000000008ae80000, 0x00000000d5580000)
  object space 178688K, 39% used [0x0000000080000000,0x00000000844b8888,0x000000008ae80000)
 Metaspace       used 76189K, capacity 79688K, committed 79896K, reserved 1118208K
  class space    used 10268K, capacity 10942K, committed 11056K, reserved 1048576K
}
Event: 53.529 GC heap before
{Heap before GC invocations=19 (full 3):
 PSYoungGen      total 265216K, used 265206K [0x00000000d5580000, 0x00000000ea980000, 0x0000000100000000)
  eden space 231424K, 100% used [0x00000000d5580000,0x00000000e3780000,0x00000000e3780000)
  from space 33792K, 99% used [0x00000000e3780000,0x00000000e587daa8,0x00000000e5880000)
  to   space 42496K, 0% used [0x00000000e8000000,0x00000000e8000000,0x00000000ea980000)
 ParOldGen       total 178688K, used 70370K [0x0000000080000000, 0x000000008ae80000, 0x00000000d5580000)
  object space 178688K, 39% used [0x0000000080000000,0x00000000844b8888,0x000000008ae80000)
 Metaspace       used 81458K, capacity 85258K, committed 85528K, reserved 1122304K
  class space    used 10964K, capacity 11704K, committed 11824K, reserved 1048576K
Event: 53.569 GC heap after
Heap after GC invocations=19 (full 3):
 PSYoungGen      total 295424K, used 25862K [0x00000000d5580000, 0x00000000ea500000, 0x0000000100000000)
  eden space 257536K, 0% used [0x00000000d5580000,0x00000000d5580000,0x00000000e5100000)
  from space 37888K, 68% used [0x00000000e8000000,0x00000000e9941af0,0x00000000ea500000)
  to   space 43008K, 0% used [0x00000000e5100000,0x00000000e5100000,0x00000000e7b00000)
 ParOldGen       total 178688K, used 91082K [0x0000000080000000, 0x000000008ae80000, 0x00000000d5580000)
  object space 178688K, 50% used [0x0000000080000000,0x00000000858f29a8,0x000000008ae80000)
 Metaspace       used 81458K, capacity 85258K, committed 85528K, reserved 1122304K
  class space    used 10964K, capacity 11704K, committed 11824K, reserved 1048576K
}
Event: 54.880 GC heap before
{Heap before GC invocations=20 (full 3):
 PSYoungGen      total 295424K, used 283398K [0x00000000d5580000, 0x00000000ea500000, 0x0000000100000000)
  eden space 257536K, 100% used [0x00000000d5580000,0x00000000e5100000,0x00000000e5100000)
  from space 37888K, 68% used [0x00000000e8000000,0x00000000e9941af0,0x00000000ea500000)
  to   space 43008K, 0% used [0x00000000e5100000,0x00000000e5100000,0x00000000e7b00000)
 ParOldGen       total 178688K, used 91082K [0x0000000080000000, 0x000000008ae80000, 0x00000000d5580000)
  object space 178688K, 50% used [0x0000000080000000,0x00000000858f29a8,0x000000008ae80000)
 Metaspace       used 86608K, capacity 90556K, committed 90648K, reserved 1128448K
  class space    used 11541K, capacity 12311K, committed 12336K, reserved 1048576K
Event: 54.908 GC heap after
Heap after GC invocations=20 (full 3):
 PSYoungGen      total 300544K, used 37625K [0x00000000d5580000, 0x00000000ec480000, 0x0000000100000000)
  eden space 257536K, 0% used [0x00000000d5580000,0x00000000d5580000,0x00000000e5100000)
  from space 43008K, 87% used [0x00000000e5100000,0x00000000e75be470,0x00000000e7b00000)
  to   space 47616K, 0% used [0x00000000e9600000,0x00000000e9600000,0x00000000ec480000)
 ParOldGen       total 178688K, used 91090K [0x0000000080000000, 0x000000008ae80000, 0x00000000d5580000)
  object space 178688K, 50% used [0x0000000080000000,0x00000000858f49a8,0x000000008ae80000)
 Metaspace       used 86608K, capacity 90556K, committed 90648K, reserved 1128448K
  class space    used 11541K, capacity 12311K, committed 12336K, reserved 1048576K
}
Event: 56.607 GC heap before
{Heap before GC invocations=21 (full 3):
 PSYoungGen      total 300544K, used 218575K [0x00000000d5580000, 0x00000000ec480000, 0x0000000100000000)
  eden space 257536K, 70% used [0x00000000d5580000,0x00000000e0635a08,0x00000000e5100000)
  from space 43008K, 87% used [0x00000000e5100000,0x00000000e75be470,0x00000000e7b00000)
  to   space 47616K, 0% used [0x00000000e9600000,0x00000000e9600000,0x00000000ec480000)
 ParOldGen       total 178688K, used 91090K [0x0000000080000000, 0x000000008ae80000, 0x00000000d5580000)
  object space 178688K, 50% used [0x0000000080000000,0x00000000858f49a8,0x000000008ae80000)
 Metaspace       used 93485K, capacity 98544K, committed 98600K, reserved 1134592K
  class space    used 12591K, capacity 13625K, committed 13632K, reserved 1048576K
Event: 56.659 GC heap after
Heap after GC invocations=21 (full 3):
 PSYoungGen      total 320000K, used 47585K [0x00000000d5580000, 0x00000000ed980000, 0x0000000100000000)
  eden space 272384K, 0% used [0x00000000d5580000,0x00000000d5580000,0x00000000e5f80000)
  from space 47616K, 99% used [0x00000000e9600000,0x00000000ec478678,0x00000000ec480000)
  to   space 55808K, 0% used [0x00000000e5f80000,0x00000000e5f80000,0x00000000e9600000)
 ParOldGen       total 178688K, used 94408K [0x0000000080000000, 0x000000008ae80000, 0x00000000d5580000)
  object space 178688K, 52% used [0x0000000080000000,0x0000000085c32330,0x000000008ae80000)
 Metaspace       used 93485K, capacity 98544K, committed 98600K, reserved 1134592K
  class space    used 12591K, capacity 13625K, committed 13632K, reserved 1048576K
}
Event: 56.659 GC heap before
{Heap before GC invocations=22 (full 4):
 PSYoungGen      total 320000K, used 47585K [0x00000000d5580000, 0x00000000ed980000, 0x0000000100000000)
  eden space 272384K, 0% used [0x00000000d5580000,0x00000000d5580000,0x00000000e5f80000)
  from space 47616K, 99% used [0x00000000e9600000,0x00000000ec478678,0x00000000ec480000)
  to   space 55808K, 0% used [0x00000000e5f80000,0x00000000e5f80000,0x00000000e9600000)
 ParOldGen       total 178688K, used 94408K [0x0000000080000000, 0x000000008ae80000, 0x00000000d5580000)
  object space 178688K, 52% used [0x0000000080000000,0x0000000085c32330,0x000000008ae80000)
 Metaspace       used 93485K, capacity 98544K, committed 98600K, reserved 1134592K
  class space    used 12591K, capacity 13625K, committed 13632K, reserved 1048576K
Event: 57.040 GC heap after
Heap after GC invocations=22 (full 4):
 PSYoungGen      total 320000K, used 0K [0x00000000d5580000, 0x00000000ed980000, 0x0000000100000000)
  eden space 272384K, 0% used [0x00000000d5580000,0x00000000d5580000,0x00000000e5f80000)
  from space 47616K, 0% used [0x00000000e9600000,0x00000000e9600000,0x00000000ec480000)
  to   space 55808K, 0% used [0x00000000e5f80000,0x00000000e5f80000,0x00000000e9600000)
 ParOldGen       total 320000K, used 107559K [0x0000000080000000, 0x0000000093880000, 0x00000000d5580000)
  object space 320000K, 33% used [0x0000000080000000,0x0000000086909db0,0x0000000093880000)
 Metaspace       used 92357K, capacity 96132K, committed 98600K, reserved 1134592K
  class space    used 12256K, capacity 13021K, committed 13632K, reserved 1048576K
}

