# JRE version: OpenJDK Runtime Environment (8.0_242-b01) (build 1.8.0_242-release-1644-b01)
# Java VM: OpenJDK 64-Bit Server VM (25.242-b01 mixed mode windows-amd64 compressed oops)
Heap:
 PSYoungGen      total 492032K, used 159189K [0x00000000d5580000, 0x00000000f6300000, 0x0000000100000000)
  eden space 445952K, 26% used [0x00000000d5580000,0x00000000dc9513a0,0x00000000f0900000)
  from space 46080K, 89% used [0x00000000f0900000,0x00000000f3131200,0x00000000f3600000)
  to   space 38912K, 0% used [0x00000000f3d00000,0x00000000f3d00000,0x00000000f6300000)
 ParOldGen       total 311808K, used 116236K [0x0000000080000000, 0x0000000093080000, 0x00000000d5580000)
  object space 311808K, 37% used [0x0000000080000000,0x00000000871830a0,0x0000000093080000)
 Metaspace       used 107556K, capacity 113796K, committed 114072K, reserved 1148928K
  class space    used 13995K, capacity 15232K, committed 15280K, reserved 1048576K
GC Heap History (10 events):
Event: 161.254 GC heap before
{Heap before GC invocations=27 (full 4):
 PSYoungGen      total 427520K, used 405117K [0x00000000d5580000, 0x00000000f3800000, 0x0000000100000000)
  eden space 384512K, 100% used [0x00000000d5580000,0x00000000ecd00000,0x00000000ecd00000)
  from space 43008K, 47% used [0x00000000f0e00000,0x00000000f221f728,0x00000000f3800000)
  to   space 54784K, 0% used [0x00000000ecd00000,0x00000000ecd00000,0x00000000f0280000)
 ParOldGen       total 311808K, used 116023K [0x0000000080000000, 0x0000000093080000, 0x00000000d5580000)
  object space 311808K, 37% used [0x0000000080000000,0x000000008714dc78,0x0000000093080000)
 Metaspace       used 106285K, capacity 111998K, committed 112152K, reserved 1146880K
  class space    used 13889K, capacity 15075K, committed 15152K, reserved 1048576K
Event: 161.277 GC heap after
Heap after GC invocations=27 (full 4):
 PSYoungGen      total 439296K, used 25593K [0x00000000d5580000, 0x00000000f5a80000, 0x0000000100000000)
  eden space 384512K, 0% used [0x00000000d5580000,0x00000000d5580000,0x00000000ecd00000)
  from space 54784K, 46% used [0x00000000ecd00000,0x00000000ee5fe680,0x00000000f0280000)
  to   space 52736K, 0% used [0x00000000f2700000,0x00000000f2700000,0x00000000f5a80000)
 ParOldGen       total 311808K, used 116031K [0x0000000080000000, 0x0000000093080000, 0x00000000d5580000)
  object space 311808K, 37% used [0x0000000080000000,0x000000008714fc78,0x0000000093080000)
 Metaspace       used 106285K, capacity 111998K, committed 112152K, reserved 1146880K
  class space    used 13889K, capacity 15075K, committed 15152K, reserved 1048576K
}
Event: 162.682 GC heap before
{Heap before GC invocations=28 (full 4):
 PSYoungGen      total 439296K, used 410105K [0x00000000d5580000, 0x00000000f5a80000, 0x0000000100000000)
  eden space 384512K, 100% used [0x00000000d5580000,0x00000000ecd00000,0x00000000ecd00000)
  from space 54784K, 46% used [0x00000000ecd00000,0x00000000ee5fe680,0x00000000f0280000)
  to   space 52736K, 0% used [0x00000000f2700000,0x00000000f2700000,0x00000000f5a80000)
 ParOldGen       total 311808K, used 116031K [0x0000000080000000, 0x0000000093080000, 0x00000000d5580000)
  object space 311808K, 37% used [0x0000000080000000,0x000000008714fc78,0x0000000093080000)
 Metaspace       used 106358K, capacity 112050K, committed 112152K, reserved 1146880K
  class space    used 13892K, capacity 15081K, committed 15152K, reserved 1048576K
Event: 162.700 GC heap after
Heap after GC invocations=28 (full 4):
 PSYoungGen      total 472576K, used 22189K [0x00000000d5580000, 0x00000000f5600000, 0x0000000100000000)
  eden space 424448K, 0% used [0x00000000d5580000,0x00000000d5580000,0x00000000ef400000)
  from space 48128K, 46% used [0x00000000f2700000,0x00000000f3cab688,0x00000000f5600000)
  to   space 50176K, 0% used [0x00000000ef400000,0x00000000ef400000,0x00000000f2500000)
 ParOldGen       total 311808K, used 116039K [0x0000000080000000, 0x0000000093080000, 0x00000000d5580000)
  object space 311808K, 37% used [0x0000000080000000,0x0000000087151c78,0x0000000093080000)
 Metaspace       used 106358K, capacity 112050K, committed 112152K, reserved 1146880K
  class space    used 13892K, capacity 15081K, committed 15152K, reserved 1048576K
}
Event: 206.715 GC heap before
{Heap before GC invocations=29 (full 4):
 PSYoungGen      total 472576K, used 446637K [0x00000000d5580000, 0x00000000f5600000, 0x0000000100000000)
  eden space 424448K, 100% used [0x00000000d5580000,0x00000000ef400000,0x00000000ef400000)
  from space 48128K, 46% used [0x00000000f2700000,0x00000000f3cab688,0x00000000f5600000)
  to   space 50176K, 0% used [0x00000000ef400000,0x00000000ef400000,0x00000000f2500000)
 ParOldGen       total 311808K, used 116039K [0x0000000080000000, 0x0000000093080000, 0x00000000d5580000)
  object space 311808K, 37% used [0x0000000080000000,0x0000000087151c78,0x0000000093080000)
 Metaspace       used 106967K, capacity 112886K, committed 112920K, reserved 1146880K
  class space    used 13929K, capacity 15143K, committed 15152K, reserved 1048576K
Event: 206.732 GC heap after
Heap after GC invocations=29 (full 4):
 PSYoungGen      total 474624K, used 17818K [0x00000000d5580000, 0x00000000f6c00000, 0x0000000100000000)
  eden space 424448K, 0% used [0x00000000d5580000,0x00000000d5580000,0x00000000ef400000)
  from space 50176K, 35% used [0x00000000ef400000,0x00000000f0566b40,0x00000000f2500000)
  to   space 48128K, 0% used [0x00000000f3d00000,0x00000000f3d00000,0x00000000f6c00000)
 ParOldGen       total 311808K, used 116047K [0x0000000080000000, 0x0000000093080000, 0x00000000d5580000)
  object space 311808K, 37% used [0x0000000080000000,0x0000000087153c78,0x0000000093080000)
 Metaspace       used 106967K, capacity 112886K, committed 112920K, reserved 1146880K
  class space    used 13929K, capacity 15143K, committed 15152K, reserved 1048576K
}
Event: 281.896 GC heap before
{Heap before GC invocations=30 (full 4):
 PSYoungGen      total 474624K, used 442266K [0x00000000d5580000, 0x00000000f6c00000, 0x0000000100000000)
  eden space 424448K, 100% used [0x00000000d5580000,0x00000000ef400000,0x00000000ef400000)
  from space 50176K, 35% used [0x00000000ef400000,0x00000000f0566b40,0x00000000f2500000)
  to   space 48128K, 0% used [0x00000000f3d00000,0x00000000f3d00000,0x00000000f6c00000)
 ParOldGen       total 311808K, used 116047K [0x0000000080000000, 0x0000000093080000, 0x00000000d5580000)
  object space 311808K, 37% used [0x0000000080000000,0x0000000087153c78,0x0000000093080000)
 Metaspace       used 107254K, capacity 113304K, committed 113560K, reserved 1146880K
  class space    used 13949K, capacity 15178K, committed 15280K, reserved 1048576K
Event: 281.918 GC heap after
Heap after GC invocations=30 (full 4):
 PSYoungGen      total 484864K, used 17984K [0x00000000d5580000, 0x00000000f6300000, 0x0000000100000000)
  eden space 445952K, 0% used [0x00000000d5580000,0x00000000d5580000,0x00000000f0900000)
  from space 38912K, 46% used [0x00000000f3d00000,0x00000000f4e90080,0x00000000f6300000)
  to   space 46080K, 0% used [0x00000000f0900000,0x00000000f0900000,0x00000000f3600000)
 ParOldGen       total 311808K, used 116055K [0x0000000080000000, 0x0000000093080000, 0x00000000d5580000)
  object space 311808K, 37% used [0x0000000080000000,0x0000000087155c78,0x0000000093080000)
 Metaspace       used 107254K, capacity 113304K, committed 113560K, reserved 1146880K
  class space    used 13949K, capacity 15178K, committed 15280K, reserved 1048576K
}
Event: 282.607 GC heap before
{Heap before GC invocations=31 (full 4):
 PSYoungGen      total 484864K, used 463936K [0x00000000d5580000, 0x00000000f6300000, 0x0000000100000000)
  eden space 445952K, 100% used [0x00000000d5580000,0x00000000f0900000,0x00000000f0900000)
  from space 38912K, 46% used [0x00000000f3d00000,0x00000000f4e90080,0x00000000f6300000)
  to   space 46080K, 0% used [0x00000000f0900000,0x00000000f0900000,0x00000000f3600000)
 ParOldGen       total 311808K, used 116228K [0x0000000080000000, 0x0000000093080000, 0x00000000d5580000)
  object space 311808K, 37% used [0x0000000080000000,0x00000000871810a0,0x0000000093080000)
 Metaspace       used 107524K, capacity 113780K, committed 114072K, reserved 1148928K
  class space    used 13994K, capacity 15230K, committed 15280K, reserved 1048576K
Event: 282.633 GC heap after
Heap after GC invocations=31 (full 4):
 PSYoungGen      total 492032K, used 41156K [0x00000000d5580000, 0x00000000f6300000, 0x0000000100000000)
  eden space 445952K, 0% used [0x00000000d5580000,0x00000000d5580000,0x00000000f0900000)
  from space 46080K, 89% used [0x00000000f0900000,0x00000000f3131200,0x00000000f3600000)
  to   space 38912K, 0% used [0x00000000f3d00000,0x00000000f3d00000,0x00000000f6300000)
 ParOldGen       total 311808K, used 116236K [0x0000000080000000, 0x0000000093080000, 0x00000000d5580000)
  object space 311808K, 37% used [0x0000000080000000,0x00000000871830a0,0x0000000093080000)
 Metaspace       used 107524K, capacity 113780K, committed 114072K, reserved 1148928K
  class space    used 13994K, capacity 15230K, committed 15280K, reserved 1048576K
}

