# JRE version: OpenJDK Runtime Environment (8.0_242-b01) (build 1.8.0_242-release-1644-b01)
# Java VM: OpenJDK 64-Bit Server VM (25.242-b01 mixed mode windows-amd64 compressed oops)
Heap:
 PSYoungGen      total 587776K, used 316863K [0x00000000d5580000, 0x0000000100000000, 0x0000000100000000)
  eden space 503296K, 46% used [0x00000000d5580000,0x00000000e38749e0,0x00000000f4100000)
  from space 84480K, 99% used [0x00000000fad80000,0x00000000ffffb2f0,0x0000000100000000)
  to   space 97792K, 0% used [0x00000000f4100000,0x00000000f4100000,0x00000000fa080000)
 ParOldGen       total 319488K, used 251046K [0x0000000080000000, 0x0000000093800000, 0x00000000d5580000)
  object space 319488K, 78% used [0x0000000080000000,0x000000008f529b80,0x0000000093800000)
 Metaspace       used 103427K, capacity 108468K, committed 111256K, reserved 1144832K
  class space    used 13383K, capacity 14317K, committed 15024K, reserved 1048576K
GC Heap History (10 events):
Event: 24.738 GC heap before
{Heap before GC invocations=38 (full 4):
 PSYoungGen      total 629760K, used 629499K [0x00000000d5580000, 0x00000000ffc00000, 0x0000000100000000)
  eden space 605696K, 100% used [0x00000000d5580000,0x00000000fa500000,0x00000000fa500000)
  from space 24064K, 98% used [0x00000000fa500000,0x00000000fbc3ef48,0x00000000fbc80000)
  to   space 44544K, 0% used [0x00000000fd080000,0x00000000fd080000,0x00000000ffc00000)
 ParOldGen       total 319488K, used 146820K [0x0000000080000000, 0x0000000093800000, 0x00000000d5580000)
  object space 319488K, 45% used [0x0000000080000000,0x0000000088f610a8,0x0000000093800000)
 Metaspace       used 82509K, capacity 86670K, committed 91032K, reserved 1128448K
  class space    used 11099K, capacity 11915K, committed 12976K, reserved 1048576K
Event: 24.759 GC heap after
Heap after GC invocations=38 (full 4):
 PSYoungGen      total 651264K, used 26372K [0x00000000d5580000, 0x0000000100000000, 0x0000000100000000)
  eden space 606720K, 0% used [0x00000000d5580000,0x00000000d5580000,0x00000000fa600000)
  from space 44544K, 59% used [0x00000000fd080000,0x00000000fea41150,0x00000000ffc00000)
  to   space 43520K, 0% used [0x00000000fa600000,0x00000000fa600000,0x00000000fd080000)
 ParOldGen       total 319488K, used 146828K [0x0000000080000000, 0x0000000093800000, 0x00000000d5580000)
  object space 319488K, 45% used [0x0000000080000000,0x0000000088f630a8,0x0000000093800000)
 Metaspace       used 82509K, capacity 86670K, committed 91032K, reserved 1128448K
  class space    used 11099K, capacity 11915K, committed 12976K, reserved 1048576K
}
Event: 25.409 GC heap before
{Heap before GC invocations=39 (full 4):
 PSYoungGen      total 651264K, used 633092K [0x00000000d5580000, 0x0000000100000000, 0x0000000100000000)
  eden space 606720K, 100% used [0x00000000d5580000,0x00000000fa600000,0x00000000fa600000)
  from space 44544K, 59% used [0x00000000fd080000,0x00000000fea41150,0x00000000ffc00000)
  to   space 43520K, 0% used [0x00000000fa600000,0x00000000fa600000,0x00000000fd080000)
 ParOldGen       total 319488K, used 146828K [0x0000000080000000, 0x0000000093800000, 0x00000000d5580000)
  object space 319488K, 45% used [0x0000000080000000,0x0000000088f630a8,0x0000000093800000)
 Metaspace       used 82538K, capacity 86674K, committed 91032K, reserved 1128448K
  class space    used 11100K, capacity 11915K, committed 12976K, reserved 1048576K
Event: 25.426 GC heap after
Heap after GC invocations=39 (full 4):
 PSYoungGen      total 650240K, used 20470K [0x00000000d5580000, 0x00000000ffc00000, 0x0000000100000000)
  eden space 606720K, 0% used [0x00000000d5580000,0x00000000d5580000,0x00000000fa600000)
  from space 43520K, 47% used [0x00000000fa600000,0x00000000fb9fdb80,0x00000000fd080000)
  to   space 41984K, 0% used [0x00000000fd300000,0x00000000fd300000,0x00000000ffc00000)
 ParOldGen       total 319488K, used 146836K [0x0000000080000000, 0x0000000093800000, 0x00000000d5580000)
  object space 319488K, 45% used [0x0000000080000000,0x0000000088f650a8,0x0000000093800000)
 Metaspace       used 82538K, capacity 86674K, committed 91032K, reserved 1128448K
  class space    used 11100K, capacity 11915K, committed 12976K, reserved 1048576K
}
Event: 27.560 GC heap before
{Heap before GC invocations=40 (full 4):
 PSYoungGen      total 650240K, used 627190K [0x00000000d5580000, 0x00000000ffc00000, 0x0000000100000000)
  eden space 606720K, 100% used [0x00000000d5580000,0x00000000fa600000,0x00000000fa600000)
  from space 43520K, 47% used [0x00000000fa600000,0x00000000fb9fdb80,0x00000000fd080000)
  to   space 41984K, 0% used [0x00000000fd300000,0x00000000fd300000,0x00000000ffc00000)
 ParOldGen       total 319488K, used 146836K [0x0000000080000000, 0x0000000093800000, 0x00000000d5580000)
  object space 319488K, 45% used [0x0000000080000000,0x0000000088f650a8,0x0000000093800000)
 Metaspace       used 87067K, capacity 91466K, committed 95384K, reserved 1130496K
  class space    used 11654K, capacity 12465K, committed 13488K, reserved 1048576K
Event: 27.703 GC heap after
Heap after GC invocations=40 (full 4):
 PSYoungGen      total 573952K, used 41967K [0x00000000d5580000, 0x0000000100000000, 0x0000000100000000)
  eden space 531968K, 0% used [0x00000000d5580000,0x00000000d5580000,0x00000000f5d00000)
  from space 41984K, 99% used [0x00000000fd300000,0x00000000ffbfbce0,0x00000000ffc00000)
  to   space 83456K, 0% used [0x00000000f5d00000,0x00000000f5d00000,0x00000000fae80000)
 ParOldGen       total 319488K, used 245037K [0x0000000080000000, 0x0000000093800000, 0x00000000d5580000)
  object space 319488K, 76% used [0x0000000080000000,0x000000008ef4b608,0x0000000093800000)
 Metaspace       used 87067K, capacity 91466K, committed 95384K, reserved 1130496K
  class space    used 11654K, capacity 12465K, committed 13488K, reserved 1048576K
}
Event: 69.753 GC heap before
{Heap before GC invocations=41 (full 4):
 PSYoungGen      total 573952K, used 573935K [0x00000000d5580000, 0x0000000100000000, 0x0000000100000000)
  eden space 531968K, 100% used [0x00000000d5580000,0x00000000f5d00000,0x00000000f5d00000)
  from space 41984K, 99% used [0x00000000fd300000,0x00000000ffbfbce0,0x00000000ffc00000)
  to   space 83456K, 0% used [0x00000000f5d00000,0x00000000f5d00000,0x00000000fae80000)
 ParOldGen       total 319488K, used 245037K [0x0000000080000000, 0x0000000093800000, 0x00000000d5580000)
  object space 319488K, 76% used [0x0000000080000000,0x000000008ef4b608,0x0000000093800000)
 Metaspace       used 91327K, capacity 95940K, committed 99480K, reserved 1134592K
  class space    used 11957K, capacity 12802K, committed 13744K, reserved 1048576K
Event: 69.811 GC heap after
Heap after GC invocations=41 (full 4):
 PSYoungGen      total 581632K, used 49235K [0x00000000d5580000, 0x0000000100000000, 0x0000000100000000)
  eden space 531968K, 0% used [0x00000000d5580000,0x00000000d5580000,0x00000000f5d00000)
  from space 49664K, 99% used [0x00000000f5d00000,0x00000000f8d14c20,0x00000000f8d80000)
  to   space 84480K, 0% used [0x00000000fad80000,0x00000000fad80000,0x0000000100000000)
 ParOldGen       total 319488K, used 250133K [0x0000000080000000, 0x0000000093800000, 0x00000000d5580000)
  object space 319488K, 78% used [0x0000000080000000,0x000000008f445550,0x0000000093800000)
 Metaspace       used 91327K, capacity 95940K, committed 99480K, reserved 1134592K
  class space    used 11957K, capacity 12802K, committed 13744K, reserved 1048576K
}
Event: 92.707 GC heap before
{Heap before GC invocations=42 (full 4):
 PSYoungGen      total 581632K, used 581203K [0x00000000d5580000, 0x0000000100000000, 0x0000000100000000)
  eden space 531968K, 100% used [0x00000000d5580000,0x00000000f5d00000,0x00000000f5d00000)
  from space 49664K, 99% used [0x00000000f5d00000,0x00000000f8d14c20,0x00000000f8d80000)
  to   space 84480K, 0% used [0x00000000fad80000,0x00000000fad80000,0x0000000100000000)
 ParOldGen       total 319488K, used 250133K [0x0000000080000000, 0x0000000093800000, 0x00000000d5580000)
  object space 319488K, 78% used [0x0000000080000000,0x000000008f445550,0x0000000093800000)
 Metaspace       used 103357K, capacity 108464K, committed 111256K, reserved 1144832K
  class space    used 13378K, capacity 14315K, committed 15024K, reserved 1048576K
Event: 92.768 GC heap after
Heap after GC invocations=42 (full 4):
 PSYoungGen      total 587776K, used 84460K [0x00000000d5580000, 0x0000000100000000, 0x0000000100000000)
  eden space 503296K, 0% used [0x00000000d5580000,0x00000000d5580000,0x00000000f4100000)
  from space 84480K, 99% used [0x00000000fad80000,0x00000000ffffb2f0,0x0000000100000000)
  to   space 97792K, 0% used [0x00000000f4100000,0x00000000f4100000,0x00000000fa080000)
 ParOldGen       total 319488K, used 251046K [0x0000000080000000, 0x0000000093800000, 0x00000000d5580000)
  object space 319488K, 78% used [0x0000000080000000,0x000000008f529b80,0x0000000093800000)
 Metaspace       used 103357K, capacity 108464K, committed 111256K, reserved 1144832K
  class space    used 13378K, capacity 14315K, committed 15024K, reserved 1048576K
}

