# JRE version: OpenJDK Runtime Environment (8.0_242-b01) (build 1.8.0_242-release-1644-b01)
# Java VM: OpenJDK 64-Bit Server VM (25.242-b01 mixed mode windows-amd64 compressed oops)
Heap:
 PSYoungGen      total 357376K, used 303288K [0x00000000d5580000, 0x00000000f0500000, 0x0000000100000000)
  eden space 294912K, 81% used [0x00000000d5580000,0x00000000e40aedb8,0x00000000e7580000)
  from space 62464K, 99% used [0x00000000ec800000,0x00000000f04ff320,0x00000000f0500000)
  to   space 64512K, 0% used [0x00000000e7580000,0x00000000e7580000,0x00000000eb480000)
 ParOldGen       total 318464K, used 109338K [0x0000000080000000, 0x0000000093700000, 0x00000000d5580000)
  object space 318464K, 34% used [0x0000000080000000,0x0000000086ac6b30,0x0000000093700000)
 Metaspace       used 106704K, capacity 112942K, committed 113048K, reserved 1146880K
  class space    used 13942K, capacity 15232K, committed 15280K, reserved 1048576K
GC Heap History (10 events):
Event: 611.500 GC heap before
{Heap before GC invocations=26 (full 3):
 PSYoungGen      total 316928K, used 316921K [0x00000000d5580000, 0x00000000ee480000, 0x0000000100000000)
  eden space 273408K, 100% used [0x00000000d5580000,0x00000000e6080000,0x00000000e6080000)
  from space 43520K, 99% used [0x00000000e9780000,0x00000000ec1fe438,0x00000000ec200000)
  to   space 56320K, 0% used [0x00000000e6080000,0x00000000e6080000,0x00000000e9780000)
 ParOldGen       total 175616K, used 108730K [0x0000000080000000, 0x000000008ab80000, 0x00000000d5580000)
  object space 175616K, 61% used [0x0000000080000000,0x0000000086a2eb98,0x000000008ab80000)
 Metaspace       used 89658K, capacity 94470K, committed 94744K, reserved 1132544K
  class space    used 11606K, capacity 12478K, committed 12592K, reserved 1048576K
Event: 611.531 GC heap after
Heap after GC invocations=26 (full 3):
 PSYoungGen      total 329728K, used 45355K [0x00000000d5580000, 0x00000000ef080000, 0x0000000100000000)
  eden space 273408K, 0% used [0x00000000d5580000,0x00000000d5580000,0x00000000e6080000)
  from space 56320K, 80% used [0x00000000e6080000,0x00000000e8ccacd0,0x00000000e9780000)
  to   space 60928K, 0% used [0x00000000eb500000,0x00000000eb500000,0x00000000ef080000)
 ParOldGen       total 175616K, used 109374K [0x0000000080000000, 0x000000008ab80000, 0x00000000d5580000)
  object space 175616K, 62% used [0x0000000080000000,0x0000000086acfba8,0x000000008ab80000)
 Metaspace       used 89658K, capacity 94470K, committed 94744K, reserved 1132544K
  class space    used 11606K, capacity 12478K, committed 12592K, reserved 1048576K
}
Event: 622.051 GC heap before
{Heap before GC invocations=27 (full 3):
 PSYoungGen      total 329728K, used 126062K [0x00000000d5580000, 0x00000000ef080000, 0x0000000100000000)
  eden space 273408K, 29% used [0x00000000d5580000,0x00000000da450e68,0x00000000e6080000)
  from space 56320K, 80% used [0x00000000e6080000,0x00000000e8ccacd0,0x00000000e9780000)
  to   space 60928K, 0% used [0x00000000eb500000,0x00000000eb500000,0x00000000ef080000)
 ParOldGen       total 175616K, used 109374K [0x0000000080000000, 0x000000008ab80000, 0x00000000d5580000)
  object space 175616K, 62% used [0x0000000080000000,0x0000000086acfba8,0x000000008ab80000)
 Metaspace       used 93599K, capacity 98548K, committed 98584K, reserved 1134592K
  class space    used 12142K, capacity 13074K, committed 13104K, reserved 1048576K
Event: 622.084 GC heap after
Heap after GC invocations=27 (full 3):
 PSYoungGen      total 355840K, used 45408K [0x00000000d5580000, 0x00000000ef380000, 0x0000000100000000)
  eden space 294912K, 0% used [0x00000000d5580000,0x00000000d5580000,0x00000000e7580000)
  from space 60928K, 74% used [0x00000000eb500000,0x00000000ee1583f8,0x00000000ef080000)
  to   space 64512K, 0% used [0x00000000e7580000,0x00000000e7580000,0x00000000eb480000)
 ParOldGen       total 175616K, used 109382K [0x0000000080000000, 0x000000008ab80000, 0x00000000d5580000)
  object space 175616K, 62% used [0x0000000080000000,0x0000000086ad1ba8,0x000000008ab80000)
 Metaspace       used 93599K, capacity 98548K, committed 98584K, reserved 1134592K
  class space    used 12142K, capacity 13074K, committed 13104K, reserved 1048576K
}
Event: 622.084 GC heap before
{Heap before GC invocations=28 (full 4):
 PSYoungGen      total 355840K, used 45408K [0x00000000d5580000, 0x00000000ef380000, 0x0000000100000000)
  eden space 294912K, 0% used [0x00000000d5580000,0x00000000d5580000,0x00000000e7580000)
  from space 60928K, 74% used [0x00000000eb500000,0x00000000ee1583f8,0x00000000ef080000)
  to   space 64512K, 0% used [0x00000000e7580000,0x00000000e7580000,0x00000000eb480000)
 ParOldGen       total 175616K, used 109382K [0x0000000080000000, 0x000000008ab80000, 0x00000000d5580000)
  object space 175616K, 62% used [0x0000000080000000,0x0000000086ad1ba8,0x000000008ab80000)
 Metaspace       used 93599K, capacity 98548K, committed 98584K, reserved 1134592K
  class space    used 12142K, capacity 13074K, committed 13104K, reserved 1048576K
Event: 622.381 GC heap after
Heap after GC invocations=28 (full 4):
 PSYoungGen      total 355840K, used 0K [0x00000000d5580000, 0x00000000ef380000, 0x0000000100000000)
  eden space 294912K, 0% used [0x00000000d5580000,0x00000000d5580000,0x00000000e7580000)
  from space 60928K, 0% used [0x00000000eb500000,0x00000000eb500000,0x00000000ef080000)
  to   space 64512K, 0% used [0x00000000e7580000,0x00000000e7580000,0x00000000eb480000)
 ParOldGen       total 318464K, used 103829K [0x0000000080000000, 0x0000000093700000, 0x00000000d5580000)
  object space 318464K, 32% used [0x0000000080000000,0x0000000086565710,0x0000000093700000)
 Metaspace       used 93237K, capacity 97514K, committed 98584K, reserved 1134592K
  class space    used 12034K, capacity 12883K, committed 13104K, reserved 1048576K
}
Event: 623.542 GC heap before
{Heap before GC invocations=29 (full 4):
 PSYoungGen      total 355840K, used 294912K [0x00000000d5580000, 0x00000000ef380000, 0x0000000100000000)
  eden space 294912K, 100% used [0x00000000d5580000,0x00000000e7580000,0x00000000e7580000)
  from space 60928K, 0% used [0x00000000eb500000,0x00000000eb500000,0x00000000ef080000)
  to   space 64512K, 0% used [0x00000000e7580000,0x00000000e7580000,0x00000000eb480000)
 ParOldGen       total 318464K, used 103829K [0x0000000080000000, 0x0000000093700000, 0x00000000d5580000)
  object space 318464K, 32% used [0x0000000080000000,0x0000000086565710,0x0000000093700000)
 Metaspace       used 96048K, capacity 100332K, committed 101400K, reserved 1136640K
  class space    used 12263K, capacity 13119K, committed 13360K, reserved 1048576K
Event: 623.559 GC heap after
Heap after GC invocations=29 (full 4):
 PSYoungGen      total 359424K, used 20044K [0x00000000d5580000, 0x00000000f0500000, 0x0000000100000000)
  eden space 294912K, 0% used [0x00000000d5580000,0x00000000d5580000,0x00000000e7580000)
  from space 64512K, 31% used [0x00000000e7580000,0x00000000e8913380,0x00000000eb480000)
  to   space 62464K, 0% used [0x00000000ec800000,0x00000000ec800000,0x00000000f0500000)
 ParOldGen       total 318464K, used 103837K [0x0000000080000000, 0x0000000093700000, 0x00000000d5580000)
  object space 318464K, 32% used [0x0000000080000000,0x0000000086567710,0x0000000093700000)
 Metaspace       used 96048K, capacity 100332K, committed 101400K, reserved 1136640K
  class space    used 12263K, capacity 13119K, committed 13360K, reserved 1048576K
}
Event: 625.138 GC heap before
{Heap before GC invocations=30 (full 4):
 PSYoungGen      total 359424K, used 314956K [0x00000000d5580000, 0x00000000f0500000, 0x0000000100000000)
  eden space 294912K, 100% used [0x00000000d5580000,0x00000000e7580000,0x00000000e7580000)
  from space 64512K, 31% used [0x00000000e7580000,0x00000000e8913380,0x00000000eb480000)
  to   space 62464K, 0% used [0x00000000ec800000,0x00000000ec800000,0x00000000f0500000)
 ParOldGen       total 318464K, used 103837K [0x0000000080000000, 0x0000000093700000, 0x00000000d5580000)
  object space 318464K, 32% used [0x0000000080000000,0x0000000086567710,0x0000000093700000)
 Metaspace       used 105032K, capacity 111006K, committed 111256K, reserved 1144832K
  class space    used 13724K, capacity 15000K, committed 15024K, reserved 1048576K
Event: 625.182 GC heap after
Heap after GC invocations=30 (full 4):
 PSYoungGen      total 357376K, used 62460K [0x00000000d5580000, 0x00000000f0500000, 0x0000000100000000)
  eden space 294912K, 0% used [0x00000000d5580000,0x00000000d5580000,0x00000000e7580000)
  from space 62464K, 99% used [0x00000000ec800000,0x00000000f04ff320,0x00000000f0500000)
  to   space 64512K, 0% used [0x00000000e7580000,0x00000000e7580000,0x00000000eb480000)
 ParOldGen       total 318464K, used 109338K [0x0000000080000000, 0x0000000093700000, 0x00000000d5580000)
  object space 318464K, 34% used [0x0000000080000000,0x0000000086ac6b30,0x0000000093700000)
 Metaspace       used 105032K, capacity 111006K, committed 111256K, reserved 1144832K
  class space    used 13724K, capacity 15000K, committed 15024K, reserved 1048576K
}

