# JRE version: OpenJDK Runtime Environment (8.0_242-b01) (build 1.8.0_242-release-1644-b01)
# Java VM: OpenJDK 64-Bit Server VM (25.242-b01 mixed mode windows-amd64 compressed oops)
Heap:
 PSYoungGen      total 388608K, used 66501K [0x00000000d5580000, 0x00000000f1100000, 0x0000000100000000)
  eden space 342528K, 13% used [0x00000000d5580000,0x00000000d81696c8,0x00000000ea400000)
  from space 46080K, 46% used [0x00000000ee400000,0x00000000ef908098,0x00000000f1100000)
  to   space 55808K, 0% used [0x00000000ea400000,0x00000000ea400000,0x00000000eda80000)
 ParOldGen       total 345088K, used 130649K [0x0000000080000000, 0x0000000095100000, 0x00000000d5580000)
  object space 345088K, 37% used [0x0000000080000000,0x0000000087f96618,0x0000000095100000)
 Metaspace       used 86911K, capacity 90630K, committed 90904K, reserved 1128448K
  class space    used 11234K, capacity 12005K, committed 12080K, reserved 1048576K
GC Heap History (10 events):
Event: 18.285 GC heap before
{Heap before GC invocations=20 (full 3):
 PSYoungGen      total 314368K, used 282646K [0x00000000d5580000, 0x00000000eb580000, 0x0000000100000000)
  eden space 282624K, 93% used [0x00000000d5580000,0x00000000e58cbba0,0x00000000e6980000)
  from space 31744K, 53% used [0x00000000e9680000,0x00000000ea739ec0,0x00000000eb580000)
  to   space 38912K, 0% used [0x00000000e6980000,0x00000000e6980000,0x00000000e8f80000)
 ParOldGen       total 168960K, used 92103K [0x0000000080000000, 0x000000008a500000, 0x00000000d5580000)
  object space 168960K, 54% used [0x0000000080000000,0x00000000859f1d58,0x000000008a500000)
 Metaspace       used 77460K, capacity 81244K, committed 81560K, reserved 1120256K
  class space    used 10329K, capacity 11095K, committed 11184K, reserved 1048576K
Event: 18.345 GC heap after
Heap after GC invocations=20 (full 3):
 PSYoungGen      total 321536K, used 38896K [0x00000000d5580000, 0x00000000ef980000, 0x0000000100000000)
  eden space 282624K, 0% used [0x00000000d5580000,0x00000000d5580000,0x00000000e6980000)
  from space 38912K, 99% used [0x00000000e6980000,0x00000000e8f7c130,0x00000000e8f80000)
  to   space 56832K, 0% used [0x00000000ec200000,0x00000000ec200000,0x00000000ef980000)
 ParOldGen       total 168960K, used 124941K [0x0000000080000000, 0x000000008a500000, 0x00000000d5580000)
  object space 168960K, 73% used [0x0000000080000000,0x0000000087a03728,0x000000008a500000)
 Metaspace       used 77460K, capacity 81244K, committed 81560K, reserved 1120256K
  class space    used 10329K, capacity 11095K, committed 11184K, reserved 1048576K
}
Event: 19.903 GC heap before
{Heap before GC invocations=21 (full 3):
 PSYoungGen      total 321536K, used 321520K [0x00000000d5580000, 0x00000000ef980000, 0x0000000100000000)
  eden space 282624K, 100% used [0x00000000d5580000,0x00000000e6980000,0x00000000e6980000)
  from space 38912K, 99% used [0x00000000e6980000,0x00000000e8f7c130,0x00000000e8f80000)
  to   space 56832K, 0% used [0x00000000ec200000,0x00000000ec200000,0x00000000ef980000)
 ParOldGen       total 168960K, used 124941K [0x0000000080000000, 0x000000008a500000, 0x00000000d5580000)
  object space 168960K, 73% used [0x0000000080000000,0x0000000087a03728,0x000000008a500000)
 Metaspace       used 79248K, capacity 83284K, committed 83608K, reserved 1122304K
  class space    used 10527K, capacity 11319K, committed 11440K, reserved 1048576K
Event: 19.950 GC heap after
Heap after GC invocations=21 (full 3):
 PSYoungGen      total 369152K, used 41359K [0x00000000d5580000, 0x00000000f0380000, 0x0000000100000000)
  eden space 312320K, 0% used [0x00000000d5580000,0x00000000d5580000,0x00000000e8680000)
  from space 56832K, 72% used [0x00000000ec200000,0x00000000eea63dc0,0x00000000ef980000)
  to   space 60928K, 0% used [0x00000000e8680000,0x00000000e8680000,0x00000000ec200000)
 ParOldGen       total 168960K, used 155794K [0x0000000080000000, 0x000000008a500000, 0x00000000d5580000)
  object space 168960K, 92% used [0x0000000080000000,0x0000000089824858,0x000000008a500000)
 Metaspace       used 79248K, capacity 83284K, committed 83608K, reserved 1122304K
  class space    used 10527K, capacity 11319K, committed 11440K, reserved 1048576K
}
Event: 19.950 GC heap before
{Heap before GC invocations=22 (full 4):
 PSYoungGen      total 369152K, used 41359K [0x00000000d5580000, 0x00000000f0380000, 0x0000000100000000)
  eden space 312320K, 0% used [0x00000000d5580000,0x00000000d5580000,0x00000000e8680000)
  from space 56832K, 72% used [0x00000000ec200000,0x00000000eea63dc0,0x00000000ef980000)
  to   space 60928K, 0% used [0x00000000e8680000,0x00000000e8680000,0x00000000ec200000)
 ParOldGen       total 168960K, used 155794K [0x0000000080000000, 0x000000008a500000, 0x00000000d5580000)
  object space 168960K, 92% used [0x0000000080000000,0x0000000089824858,0x000000008a500000)
 Metaspace       used 79248K, capacity 83284K, committed 83608K, reserved 1122304K
  class space    used 10527K, capacity 11319K, committed 11440K, reserved 1048576K
Event: 20.258 GC heap after
Heap after GC invocations=22 (full 4):
 PSYoungGen      total 369152K, used 0K [0x00000000d5580000, 0x00000000f0380000, 0x0000000100000000)
  eden space 312320K, 0% used [0x00000000d5580000,0x00000000d5580000,0x00000000e8680000)
  from space 56832K, 0% used [0x00000000ec200000,0x00000000ec200000,0x00000000ef980000)
  to   space 60928K, 0% used [0x00000000e8680000,0x00000000e8680000,0x00000000ec200000)
 ParOldGen       total 345088K, used 130633K [0x0000000080000000, 0x0000000095100000, 0x00000000d5580000)
  object space 345088K, 37% used [0x0000000080000000,0x0000000087f92618,0x0000000095100000)
 Metaspace       used 78931K, capacity 82374K, committed 83608K, reserved 1122304K
  class space    used 10432K, capacity 11150K, committed 11440K, reserved 1048576K
}
Event: 24.061 GC heap before
{Heap before GC invocations=23 (full 4):
 PSYoungGen      total 369152K, used 312320K [0x00000000d5580000, 0x00000000f0380000, 0x0000000100000000)
  eden space 312320K, 100% used [0x00000000d5580000,0x00000000e8680000,0x00000000e8680000)
  from space 56832K, 0% used [0x00000000ec200000,0x00000000ec200000,0x00000000ef980000)
  to   space 60928K, 0% used [0x00000000e8680000,0x00000000e8680000,0x00000000ec200000)
 ParOldGen       total 345088K, used 130633K [0x0000000080000000, 0x0000000095100000, 0x00000000d5580000)
  object space 345088K, 37% used [0x0000000080000000,0x0000000087f92618,0x0000000095100000)
 Metaspace       used 83088K, capacity 86642K, committed 87320K, reserved 1124352K
  class space    used 10968K, capacity 11685K, committed 11824K, reserved 1048576K
Event: 24.073 GC heap after
Heap after GC invocations=23 (full 4):
 PSYoungGen      total 373248K, used 12385K [0x00000000d5580000, 0x00000000f1d80000, 0x0000000100000000)
  eden space 312320K, 0% used [0x00000000d5580000,0x00000000d5580000,0x00000000e8680000)
  from space 60928K, 20% used [0x00000000e8680000,0x00000000e92985d8,0x00000000ec200000)
  to   space 58880K, 0% used [0x00000000ee400000,0x00000000ee400000,0x00000000f1d80000)
 ParOldGen       total 345088K, used 130641K [0x0000000080000000, 0x0000000095100000, 0x00000000d5580000)
  object space 345088K, 37% used [0x0000000080000000,0x0000000087f94618,0x0000000095100000)
 Metaspace       used 83088K, capacity 86642K, committed 87320K, reserved 1124352K
  class space    used 10968K, capacity 11685K, committed 11824K, reserved 1048576K
}
Event: 37.158 GC heap before
{Heap before GC invocations=24 (full 4):
 PSYoungGen      total 373248K, used 324705K [0x00000000d5580000, 0x00000000f1d80000, 0x0000000100000000)
  eden space 312320K, 100% used [0x00000000d5580000,0x00000000e8680000,0x00000000e8680000)
  from space 60928K, 20% used [0x00000000e8680000,0x00000000e92985d8,0x00000000ec200000)
  to   space 58880K, 0% used [0x00000000ee400000,0x00000000ee400000,0x00000000f1d80000)
 ParOldGen       total 345088K, used 130641K [0x0000000080000000, 0x0000000095100000, 0x00000000d5580000)
  object space 345088K, 37% used [0x0000000080000000,0x0000000087f94618,0x0000000095100000)
 Metaspace       used 86858K, capacity 90560K, committed 90904K, reserved 1128448K
  class space    used 11233K, capacity 12004K, committed 12080K, reserved 1048576K
Event: 37.175 GC heap after
Heap after GC invocations=24 (full 4):
 PSYoungGen      total 388608K, used 21536K [0x00000000d5580000, 0x00000000f1100000, 0x0000000100000000)
  eden space 342528K, 0% used [0x00000000d5580000,0x00000000d5580000,0x00000000ea400000)
  from space 46080K, 46% used [0x00000000ee400000,0x00000000ef908098,0x00000000f1100000)
  to   space 55808K, 0% used [0x00000000ea400000,0x00000000ea400000,0x00000000eda80000)
 ParOldGen       total 345088K, used 130649K [0x0000000080000000, 0x0000000095100000, 0x00000000d5580000)
  object space 345088K, 37% used [0x0000000080000000,0x0000000087f96618,0x0000000095100000)
 Metaspace       used 86858K, capacity 90560K, committed 90904K, reserved 1128448K
  class space    used 11233K, capacity 12004K, committed 12080K, reserved 1048576K
}

