# JRE version: OpenJDK Runtime Environment (8.0_242-b01) (build 1.8.0_242-release-1644-b01)
# Java VM: OpenJDK 64-Bit Server VM (25.242-b01 mixed mode windows-amd64 compressed oops)
Heap:
 PSYoungGen      total 535040K, used 117232K [0x00000000d5580000, 0x00000000fdb80000, 0x0000000100000000)
  eden space 475136K, 14% used [0x00000000d5580000,0x00000000d9a8f8c0,0x00000000f2580000)
  from space 59904K, 77% used [0x00000000f6c00000,0x00000000f996c930,0x00000000fa680000)
  to   space 72192K, 0% used [0x00000000f2580000,0x00000000f2580000,0x00000000f6c00000)
 ParOldGen       total 387072K, used 253569K [0x0000000080000000, 0x0000000097a00000, 0x00000000d5580000)
  object space 387072K, 65% used [0x0000000080000000,0x000000008f7a0710,0x0000000097a00000)
 Metaspace       used 105307K, capacity 110468K, committed 110872K, reserved 1144832K
  class space    used 13559K, capacity 14562K, committed 14640K, reserved 1048576K
GC Heap History (10 events):
Event: 30.183 GC heap before
{Heap before GC invocations=24 (full 4):
 PSYoungGen      total 427520K, used 363946K [0x00000000d5580000, 0x00000000f8a00000, 0x0000000100000000)
  eden space 336384K, 100% used [0x00000000d5580000,0x00000000e9e00000,0x00000000e9e00000)
  from space 91136K, 30% used [0x00000000e9e00000,0x00000000eb8ea888,0x00000000ef700000)
  to   space 85504K, 0% used [0x00000000f3680000,0x00000000f3680000,0x00000000f8a00000)
 ParOldGen       total 387072K, used 244380K [0x0000000080000000, 0x0000000097a00000, 0x00000000d5580000)
  object space 387072K, 63% used [0x0000000080000000,0x000000008eea7010,0x0000000097a00000)
 Metaspace       used 86577K, capacity 90974K, committed 91288K, reserved 1128448K
  class space    used 11718K, capacity 12555K, committed 12720K, reserved 1048576K
Event: 30.207 GC heap after
Heap after GC invocations=24 (full 4):
 PSYoungGen      total 476160K, used 19809K [0x00000000d5580000, 0x00000000f7e80000, 0x0000000100000000)
  eden space 402432K, 0% used [0x00000000d5580000,0x00000000d5580000,0x00000000ede80000)
  from space 73728K, 26% used [0x00000000f3680000,0x00000000f49d84b0,0x00000000f7e80000)
  to   space 81920K, 0% used [0x00000000ede80000,0x00000000ede80000,0x00000000f2e80000)
 ParOldGen       total 387072K, used 251480K [0x0000000080000000, 0x0000000097a00000, 0x00000000d5580000)
  object space 387072K, 64% used [0x0000000080000000,0x000000008f596160,0x0000000097a00000)
 Metaspace       used 86577K, capacity 90974K, committed 91288K, reserved 1128448K
  class space    used 11718K, capacity 12555K, committed 12720K, reserved 1048576K
}
Event: 55.795 GC heap before
{Heap before GC invocations=25 (full 4):
 PSYoungGen      total 476160K, used 422241K [0x00000000d5580000, 0x00000000f7e80000, 0x0000000100000000)
  eden space 402432K, 100% used [0x00000000d5580000,0x00000000ede80000,0x00000000ede80000)
  from space 73728K, 26% used [0x00000000f3680000,0x00000000f49d84b0,0x00000000f7e80000)
  to   space 81920K, 0% used [0x00000000ede80000,0x00000000ede80000,0x00000000f2e80000)
 ParOldGen       total 387072K, used 251480K [0x0000000080000000, 0x0000000097a00000, 0x00000000d5580000)
  object space 387072K, 64% used [0x0000000080000000,0x000000008f596160,0x0000000097a00000)
 Metaspace       used 91870K, capacity 96520K, committed 96792K, reserved 1132544K
  class space    used 12164K, capacity 13040K, committed 13104K, reserved 1048576K
Event: 55.814 GC heap after
Heap after GC invocations=25 (full 4):
 PSYoungGen      total 484352K, used 30244K [0x00000000d5580000, 0x00000000fb700000, 0x0000000100000000)
  eden space 402432K, 0% used [0x00000000d5580000,0x00000000d5580000,0x00000000ede80000)
  from space 81920K, 36% used [0x00000000ede80000,0x00000000efc09190,0x00000000f2e80000)
  to   space 76800K, 0% used [0x00000000f6c00000,0x00000000f6c00000,0x00000000fb700000)
 ParOldGen       total 387072K, used 253545K [0x0000000080000000, 0x0000000097a00000, 0x00000000d5580000)
  object space 387072K, 65% used [0x0000000080000000,0x000000008f79a710,0x0000000097a00000)
 Metaspace       used 91870K, capacity 96520K, committed 96792K, reserved 1132544K
  class space    used 12164K, capacity 13040K, committed 13104K, reserved 1048576K
}
Event: 218.111 GC heap before
{Heap before GC invocations=26 (full 4):
 PSYoungGen      total 484352K, used 432676K [0x00000000d5580000, 0x00000000fb700000, 0x0000000100000000)
  eden space 402432K, 100% used [0x00000000d5580000,0x00000000ede80000,0x00000000ede80000)
  from space 81920K, 36% used [0x00000000ede80000,0x00000000efc09190,0x00000000f2e80000)
  to   space 76800K, 0% used [0x00000000f6c00000,0x00000000f6c00000,0x00000000fb700000)
 ParOldGen       total 387072K, used 253545K [0x0000000080000000, 0x0000000097a00000, 0x00000000d5580000)
  object space 387072K, 65% used [0x0000000080000000,0x000000008f79a710,0x0000000097a00000)
 Metaspace       used 95372K, capacity 100098K, committed 100248K, reserved 1136640K
  class space    used 12548K, capacity 13425K, committed 13488K, reserved 1048576K
Event: 218.148 GC heap after
Heap after GC invocations=26 (full 4):
 PSYoungGen      total 519680K, used 34200K [0x00000000d5580000, 0x00000000fa680000, 0x0000000100000000)
  eden space 459776K, 0% used [0x00000000d5580000,0x00000000d5580000,0x00000000f1680000)
  from space 59904K, 57% used [0x00000000f6c00000,0x00000000f8d661a8,0x00000000fa680000)
  to   space 73728K, 0% used [0x00000000f1680000,0x00000000f1680000,0x00000000f5e80000)
 ParOldGen       total 387072K, used 253553K [0x0000000080000000, 0x0000000097a00000, 0x00000000d5580000)
  object space 387072K, 65% used [0x0000000080000000,0x000000008f79c710,0x0000000097a00000)
 Metaspace       used 95372K, capacity 100098K, committed 100248K, reserved 1136640K
  class space    used 12548K, capacity 13425K, committed 13488K, reserved 1048576K
}
Event: 250.329 GC heap before
{Heap before GC invocations=27 (full 4):
 PSYoungGen      total 519680K, used 493976K [0x00000000d5580000, 0x00000000fa680000, 0x0000000100000000)
  eden space 459776K, 100% used [0x00000000d5580000,0x00000000f1680000,0x00000000f1680000)
  from space 59904K, 57% used [0x00000000f6c00000,0x00000000f8d661a8,0x00000000fa680000)
  to   space 73728K, 0% used [0x00000000f1680000,0x00000000f1680000,0x00000000f5e80000)
 ParOldGen       total 387072K, used 253553K [0x0000000080000000, 0x0000000097a00000, 0x00000000d5580000)
  object space 387072K, 65% used [0x0000000080000000,0x000000008f79c710,0x0000000097a00000)
 Metaspace       used 98697K, capacity 103712K, committed 103960K, reserved 1138688K
  class space    used 12879K, capacity 13792K, committed 13872K, reserved 1048576K
Event: 250.355 GC heap after
Heap after GC invocations=27 (full 4):
 PSYoungGen      total 533504K, used 28811K [0x00000000d5580000, 0x00000000fa680000, 0x0000000100000000)
  eden space 459776K, 0% used [0x00000000d5580000,0x00000000d5580000,0x00000000f1680000)
  from space 73728K, 39% used [0x00000000f1680000,0x00000000f32a2e58,0x00000000f5e80000)
  to   space 59904K, 0% used [0x00000000f6c00000,0x00000000f6c00000,0x00000000fa680000)
 ParOldGen       total 387072K, used 253561K [0x0000000080000000, 0x0000000097a00000, 0x00000000d5580000)
  object space 387072K, 65% used [0x0000000080000000,0x000000008f79e710,0x0000000097a00000)
 Metaspace       used 98697K, capacity 103712K, committed 103960K, reserved 1138688K
  class space    used 12879K, capacity 13792K, committed 13872K, reserved 1048576K
}
Event: 251.672 GC heap before
{Heap before GC invocations=28 (full 4):
 PSYoungGen      total 533504K, used 488587K [0x00000000d5580000, 0x00000000fa680000, 0x0000000100000000)
  eden space 459776K, 100% used [0x00000000d5580000,0x00000000f1680000,0x00000000f1680000)
  from space 73728K, 39% used [0x00000000f1680000,0x00000000f32a2e58,0x00000000f5e80000)
  to   space 59904K, 0% used [0x00000000f6c00000,0x00000000f6c00000,0x00000000fa680000)
 ParOldGen       total 387072K, used 253561K [0x0000000080000000, 0x0000000097a00000, 0x00000000d5580000)
  object space 387072K, 65% used [0x0000000080000000,0x000000008f79e710,0x0000000097a00000)
 Metaspace       used 103940K, capacity 109136K, committed 109464K, reserved 1144832K
  class space    used 13458K, capacity 14462K, committed 14512K, reserved 1048576K
Event: 251.750 GC heap after
Heap after GC invocations=28 (full 4):
 PSYoungGen      total 535040K, used 46514K [0x00000000d5580000, 0x00000000fdb80000, 0x0000000100000000)
  eden space 475136K, 0% used [0x00000000d5580000,0x00000000d5580000,0x00000000f2580000)
  from space 59904K, 77% used [0x00000000f6c00000,0x00000000f996c930,0x00000000fa680000)
  to   space 72192K, 0% used [0x00000000f2580000,0x00000000f2580000,0x00000000f6c00000)
 ParOldGen       total 387072K, used 253569K [0x0000000080000000, 0x0000000097a00000, 0x00000000d5580000)
  object space 387072K, 65% used [0x0000000080000000,0x000000008f7a0710,0x0000000097a00000)
 Metaspace       used 103940K, capacity 109136K, committed 109464K, reserved 1144832K
  class space    used 13458K, capacity 14462K, committed 14512K, reserved 1048576K
}

