# JRE version: OpenJDK Runtime Environment (8.0_242-b01) (build 1.8.0_242-release-1644-b01)
# Java VM: OpenJDK 64-Bit Server VM (25.242-b01 mixed mode windows-amd64 compressed oops)
Heap:
 PSYoungGen      total 106496K, used 87976K [0x0000000780a00000, 0x0000000789a00000, 0x00000007c0000000)
  eden space 98304K, 89% used [0x0000000780a00000,0x0000000785fea358,0x0000000786a00000)
  from space 8192K, 0% used [0x0000000786a00000,0x0000000786a00000,0x0000000787200000)
  to   space 8192K, 0% used [0x0000000789200000,0x0000000789200000,0x0000000789a00000)
 ParOldGen       total 111616K, used 35189K [0x0000000701e00000, 0x0000000708b00000, 0x0000000780a00000)
  object space 111616K, 31% used [0x0000000701e00000,0x000000070405d648,0x0000000708b00000)
 Metaspace       used 40977K, capacity 41653K, committed 41856K, reserved 1085440K
  class space    used 5035K, capacity 5228K, committed 5248K, reserved 1048576K
GC Heap History (10 events):
Event: 0.943 GC heap before
{Heap before GC invocations=1 (full 0):
 PSYoungGen      total 57344K, used 49152K [0x0000000780a00000, 0x0000000784a00000, 0x00000007c0000000)
  eden space 49152K, 100% used [0x0000000780a00000,0x0000000783a00000,0x0000000783a00000)
  from space 8192K, 0% used [0x0000000784200000,0x0000000784200000,0x0000000784a00000)
  to   space 8192K, 0% used [0x0000000783a00000,0x0000000783a00000,0x0000000784200000)
 ParOldGen       total 131072K, used 0K [0x0000000701e00000, 0x0000000709e00000, 0x0000000780a00000)
  object space 131072K, 0% used [0x0000000701e00000,0x0000000701e00000,0x0000000709e00000)
 Metaspace       used 11902K, capacity 12186K, committed 12416K, reserved 1060864K
  class space    used 1298K, capacity 1387K, committed 1408K, reserved 1048576K
Event: 0.955 GC heap after
Heap after GC invocations=1 (full 0):
 PSYoungGen      total 57344K, used 8191K [0x0000000780a00000, 0x0000000787a00000, 0x00000007c0000000)
  eden space 49152K, 0% used [0x0000000780a00000,0x0000000780a00000,0x0000000783a00000)
  from space 8192K, 99% used [0x0000000783a00000,0x00000007841ffc88,0x0000000784200000)
  to   space 8192K, 0% used [0x0000000787200000,0x0000000787200000,0x0000000787a00000)
 ParOldGen       total 131072K, used 3071K [0x0000000701e00000, 0x0000000709e00000, 0x0000000780a00000)
  object space 131072K, 2% used [0x0000000701e00000,0x00000007020ffd10,0x0000000709e00000)
 Metaspace       used 11902K, capacity 12186K, committed 12416K, reserved 1060864K
  class space    used 1298K, capacity 1387K, committed 1408K, reserved 1048576K
}
Event: 1.528 GC heap before
{Heap before GC invocations=2 (full 0):
 PSYoungGen      total 57344K, used 49936K [0x0000000780a00000, 0x0000000787a00000, 0x00000007c0000000)
  eden space 49152K, 84% used [0x0000000780a00000,0x00000007832c4628,0x0000000783a00000)
  from space 8192K, 99% used [0x0000000783a00000,0x00000007841ffc88,0x0000000784200000)
  to   space 8192K, 0% used [0x0000000787200000,0x0000000787200000,0x0000000787a00000)
 ParOldGen       total 131072K, used 3071K [0x0000000701e00000, 0x0000000709e00000, 0x0000000780a00000)
  object space 131072K, 2% used [0x0000000701e00000,0x00000007020ffd10,0x0000000709e00000)
 Metaspace       used 20730K, capacity 21122K, committed 21248K, reserved 1069056K
  class space    used 2381K, capacity 2515K, committed 2560K, reserved 1048576K
Event: 1.544 GC heap after
Heap after GC invocations=2 (full 0):
 PSYoungGen      total 106496K, used 8160K [0x0000000780a00000, 0x0000000787a00000, 0x00000007c0000000)
  eden space 98304K, 0% used [0x0000000780a00000,0x0000000780a00000,0x0000000786a00000)
  from space 8192K, 99% used [0x0000000787200000,0x00000007879f8270,0x0000000787a00000)
  to   space 8192K, 0% used [0x0000000786a00000,0x0000000786a00000,0x0000000787200000)
 ParOldGen       total 131072K, used 13715K [0x0000000701e00000, 0x0000000709e00000, 0x0000000780a00000)
  object space 131072K, 10% used [0x0000000701e00000,0x0000000702b64fc8,0x0000000709e00000)
 Metaspace       used 20730K, capacity 21122K, committed 21248K, reserved 1069056K
  class space    used 2381K, capacity 2515K, committed 2560K, reserved 1048576K
}
Event: 1.544 GC heap before
{Heap before GC invocations=3 (full 1):
 PSYoungGen      total 106496K, used 8160K [0x0000000780a00000, 0x0000000787a00000, 0x00000007c0000000)
  eden space 98304K, 0% used [0x0000000780a00000,0x0000000780a00000,0x0000000786a00000)
  from space 8192K, 99% used [0x0000000787200000,0x00000007879f8270,0x0000000787a00000)
  to   space 8192K, 0% used [0x0000000786a00000,0x0000000786a00000,0x0000000787200000)
 ParOldGen       total 131072K, used 13715K [0x0000000701e00000, 0x0000000709e00000, 0x0000000780a00000)
  object space 131072K, 10% used [0x0000000701e00000,0x0000000702b64fc8,0x0000000709e00000)
 Metaspace       used 20730K, capacity 21122K, committed 21248K, reserved 1069056K
  class space    used 2381K, capacity 2515K, committed 2560K, reserved 1048576K
Event: 1.596 GC heap after
Heap after GC invocations=3 (full 1):
 PSYoungGen      total 106496K, used 0K [0x0000000780a00000, 0x0000000787a00000, 0x00000007c0000000)
  eden space 98304K, 0% used [0x0000000780a00000,0x0000000780a00000,0x0000000786a00000)
  from space 8192K, 0% used [0x0000000787200000,0x0000000787200000,0x0000000787a00000)
  to   space 8192K, 0% used [0x0000000786a00000,0x0000000786a00000,0x0000000787200000)
 ParOldGen       total 111616K, used 18496K [0x0000000701e00000, 0x0000000708b00000, 0x0000000780a00000)
  object space 111616K, 16% used [0x0000000701e00000,0x0000000703010390,0x0000000708b00000)
 Metaspace       used 20730K, capacity 21122K, committed 21248K, reserved 1069056K
  class space    used 2381K, capacity 2515K, committed 2560K, reserved 1048576K
}
Event: 3.266 GC heap before
{Heap before GC invocations=4 (full 1):
 PSYoungGen      total 106496K, used 98304K [0x0000000780a00000, 0x0000000787a00000, 0x00000007c0000000)
  eden space 98304K, 100% used [0x0000000780a00000,0x0000000786a00000,0x0000000786a00000)
  from space 8192K, 0% used [0x0000000787200000,0x0000000787200000,0x0000000787a00000)
  to   space 8192K, 0% used [0x0000000786a00000,0x0000000786a00000,0x0000000787200000)
 ParOldGen       total 111616K, used 18496K [0x0000000701e00000, 0x0000000708b00000, 0x0000000780a00000)
  object space 111616K, 16% used [0x0000000701e00000,0x0000000703010390,0x0000000708b00000)
 Metaspace       used 34668K, capacity 35181K, committed 35416K, reserved 1081344K
  class space    used 4363K, capacity 4534K, committed 4608K, reserved 1048576K
Event: 3.283 GC heap after
Heap after GC invocations=4 (full 1):
 PSYoungGen      total 106496K, used 8162K [0x0000000780a00000, 0x0000000789a00000, 0x00000007c0000000)
  eden space 98304K, 0% used [0x0000000780a00000,0x0000000780a00000,0x0000000786a00000)
  from space 8192K, 99% used [0x0000000786a00000,0x00000007871f8918,0x0000000787200000)
  to   space 8192K, 0% used [0x0000000789200000,0x0000000789200000,0x0000000789a00000)
 ParOldGen       total 111616K, used 33681K [0x0000000701e00000, 0x0000000708b00000, 0x0000000780a00000)
  object space 111616K, 30% used [0x0000000701e00000,0x0000000703ee4568,0x0000000708b00000)
 Metaspace       used 34668K, capacity 35181K, committed 35416K, reserved 1081344K
  class space    used 4363K, capacity 4534K, committed 4608K, reserved 1048576K
}
Event: 3.283 GC heap before
{Heap before GC invocations=5 (full 2):
 PSYoungGen      total 106496K, used 8162K [0x0000000780a00000, 0x0000000789a00000, 0x00000007c0000000)
  eden space 98304K, 0% used [0x0000000780a00000,0x0000000780a00000,0x0000000786a00000)
  from space 8192K, 99% used [0x0000000786a00000,0x00000007871f8918,0x0000000787200000)
  to   space 8192K, 0% used [0x0000000789200000,0x0000000789200000,0x0000000789a00000)
 ParOldGen       total 111616K, used 33681K [0x0000000701e00000, 0x0000000708b00000, 0x0000000780a00000)
  object space 111616K, 30% used [0x0000000701e00000,0x0000000703ee4568,0x0000000708b00000)
 Metaspace       used 34668K, capacity 35181K, committed 35416K, reserved 1081344K
  class space    used 4363K, capacity 4534K, committed 4608K, reserved 1048576K
Event: 3.341 GC heap after
Heap after GC invocations=5 (full 2):
 PSYoungGen      total 106496K, used 0K [0x0000000780a00000, 0x0000000789a00000, 0x00000007c0000000)
  eden space 98304K, 0% used [0x0000000780a00000,0x0000000780a00000,0x0000000786a00000)
  from space 8192K, 0% used [0x0000000786a00000,0x0000000786a00000,0x0000000787200000)
  to   space 8192K, 0% used [0x0000000789200000,0x0000000789200000,0x0000000789a00000)
 ParOldGen       total 111616K, used 35189K [0x0000000701e00000, 0x0000000708b00000, 0x0000000780a00000)
  object space 111616K, 31% used [0x0000000701e00000,0x000000070405d648,0x0000000708b00000)
 Metaspace       used 34668K, capacity 35181K, committed 35416K, reserved 1081344K
  class space    used 4363K, capacity 4534K, committed 4608K, reserved 1048576K
}

