# JRE version: OpenJDK Runtime Environment (8.0_242-b01) (build 1.8.0_242-release-1644-b01)
# Java VM: OpenJDK 64-Bit Server VM (25.242-b01 mixed mode windows-amd64 compressed oops)
Heap:
 PSYoungGen      total 223744K, used 14295K [0x0000000780a00000, 0x0000000791180000, 0x00000007c0000000)
  eden space 182272K, 7% used [0x0000000780a00000,0x00000007817f5eb8,0x000000078bc00000)
  from space 41472K, 0% used [0x000000078bc00000,0x000000078bc00000,0x000000078e480000)
  to   space 34304K, 0% used [0x000000078e480000,0x000000078e480000,0x0000000790600000)
 ParOldGen       total 164352K, used 85550K [0x0000000701e00000, 0x000000070be80000, 0x0000000780a00000)
  object space 164352K, 52% used [0x0000000701e00000,0x000000070718bb18,0x000000070be80000)
 Metaspace       used 57966K, capacity 59123K, committed 59264K, reserved 1101824K
  class space    used 6947K, capacity 7219K, committed 7296K, reserved 1048576K
GC Heap History (10 events):
Event: 2.347 GC heap before
{Heap before GC invocations=6 (full 2):
 PSYoungGen      total 139264K, used 8183K [0x0000000780a00000, 0x000000078aa80000, 0x00000007c0000000)
  eden space 131072K, 0% used [0x0000000780a00000,0x0000000780a00000,0x0000000788a00000)
  from space 8192K, 99% used [0x0000000789200000,0x00000007899fddd8,0x0000000789a00000)
  to   space 8192K, 0% used [0x0000000788a00000,0x0000000788a00000,0x0000000789200000)
 ParOldGen       total 111616K, used 34476K [0x0000000701e00000, 0x0000000708b00000, 0x0000000780a00000)
  object space 111616K, 30% used [0x0000000701e00000,0x0000000703fab3d8,0x0000000708b00000)
 Metaspace       used 34675K, capacity 35177K, committed 35416K, reserved 1081344K
  class space    used 4355K, capacity 4534K, committed 4608K, reserved 1048576K
Event: 2.396 GC heap after
Heap after GC invocations=6 (full 2):
 PSYoungGen      total 139264K, used 0K [0x0000000780a00000, 0x000000078aa80000, 0x00000007c0000000)
  eden space 131072K, 0% used [0x0000000780a00000,0x0000000780a00000,0x0000000788a00000)
  from space 8192K, 0% used [0x0000000789200000,0x0000000789200000,0x0000000789a00000)
  to   space 8192K, 0% used [0x0000000788a00000,0x0000000788a00000,0x0000000789200000)
 ParOldGen       total 164352K, used 23559K [0x0000000701e00000, 0x000000070be80000, 0x0000000780a00000)
  object space 164352K, 14% used [0x0000000701e00000,0x0000000703501db0,0x000000070be80000)
 Metaspace       used 34675K, capacity 35177K, committed 35416K, reserved 1081344K
  class space    used 4355K, capacity 4534K, committed 4608K, reserved 1048576K
}
Event: 4.077 GC heap before
{Heap before GC invocations=7 (full 2):
 PSYoungGen      total 139264K, used 131072K [0x0000000780a00000, 0x000000078aa80000, 0x00000007c0000000)
  eden space 131072K, 100% used [0x0000000780a00000,0x0000000788a00000,0x0000000788a00000)
  from space 8192K, 0% used [0x0000000789200000,0x0000000789200000,0x0000000789a00000)
  to   space 8192K, 0% used [0x0000000788a00000,0x0000000788a00000,0x0000000789200000)
 ParOldGen       total 164352K, used 23559K [0x0000000701e00000, 0x000000070be80000, 0x0000000780a00000)
  object space 164352K, 14% used [0x0000000701e00000,0x0000000703501db0,0x000000070be80000)
 Metaspace       used 42621K, capacity 43327K, committed 43520K, reserved 1087488K
  class space    used 5089K, capacity 5275K, committed 5376K, reserved 1048576K
Event: 4.097 GC heap after
Heap after GC invocations=7 (full 2):
 PSYoungGen      total 139264K, used 8177K [0x0000000780a00000, 0x0000000790600000, 0x00000007c0000000)
  eden space 131072K, 0% used [0x0000000780a00000,0x0000000780a00000,0x0000000788a00000)
  from space 8192K, 99% used [0x0000000788a00000,0x00000007891fc568,0x0000000789200000)
  to   space 34304K, 0% used [0x000000078e480000,0x000000078e480000,0x0000000790600000)
 ParOldGen       total 164352K, used 43941K [0x0000000701e00000, 0x000000070be80000, 0x0000000780a00000)
  object space 164352K, 26% used [0x0000000701e00000,0x00000007048e97a0,0x000000070be80000)
 Metaspace       used 42621K, capacity 43327K, committed 43520K, reserved 1087488K
  class space    used 5089K, capacity 5275K, committed 5376K, reserved 1048576K
}
Event: 5.405 GC heap before
{Heap before GC invocations=8 (full 2):
 PSYoungGen      total 139264K, used 139249K [0x0000000780a00000, 0x0000000790600000, 0x00000007c0000000)
  eden space 131072K, 100% used [0x0000000780a00000,0x0000000788a00000,0x0000000788a00000)
  from space 8192K, 99% used [0x0000000788a00000,0x00000007891fc568,0x0000000789200000)
  to   space 34304K, 0% used [0x000000078e480000,0x000000078e480000,0x0000000790600000)
 ParOldGen       total 164352K, used 43941K [0x0000000701e00000, 0x000000070be80000, 0x0000000780a00000)
  object space 164352K, 26% used [0x0000000701e00000,0x00000007048e97a0,0x000000070be80000)
 Metaspace       used 47326K, capacity 48173K, committed 48384K, reserved 1091584K
  class space    used 5636K, capacity 5876K, committed 5888K, reserved 1048576K
Event: 5.432 GC heap after
Heap after GC invocations=8 (full 2):
 PSYoungGen      total 216576K, used 34283K [0x0000000780a00000, 0x0000000791180000, 0x00000007c0000000)
  eden space 182272K, 0% used [0x0000000780a00000,0x0000000780a00000,0x000000078bc00000)
  from space 34304K, 99% used [0x000000078e480000,0x00000007905faec8,0x0000000790600000)
  to   space 41472K, 0% used [0x000000078bc00000,0x000000078bc00000,0x000000078e480000)
 ParOldGen       total 164352K, used 45144K [0x0000000701e00000, 0x000000070be80000, 0x0000000780a00000)
  object space 164352K, 27% used [0x0000000701e00000,0x0000000704a16030,0x000000070be80000)
 Metaspace       used 47326K, capacity 48173K, committed 48384K, reserved 1091584K
  class space    used 5636K, capacity 5876K, committed 5888K, reserved 1048576K
}
Event: 7.945 GC heap before
{Heap before GC invocations=9 (full 2):
 PSYoungGen      total 216576K, used 183038K [0x0000000780a00000, 0x0000000791180000, 0x00000007c0000000)
  eden space 182272K, 81% used [0x0000000780a00000,0x0000000789b44a28,0x000000078bc00000)
  from space 34304K, 99% used [0x000000078e480000,0x00000007905faec8,0x0000000790600000)
  to   space 41472K, 0% used [0x000000078bc00000,0x000000078bc00000,0x000000078e480000)
 ParOldGen       total 164352K, used 45144K [0x0000000701e00000, 0x000000070be80000, 0x0000000780a00000)
  object space 164352K, 27% used [0x0000000701e00000,0x0000000704a16030,0x000000070be80000)
 Metaspace       used 57697K, capacity 58835K, committed 59008K, reserved 1101824K
  class space    used 6936K, capacity 7213K, committed 7296K, reserved 1048576K
Event: 7.982 GC heap after
Heap after GC invocations=9 (full 2):
 PSYoungGen      total 223744K, used 41440K [0x0000000780a00000, 0x0000000791180000, 0x00000007c0000000)
  eden space 182272K, 0% used [0x0000000780a00000,0x0000000780a00000,0x000000078bc00000)
  from space 41472K, 99% used [0x000000078bc00000,0x000000078e478160,0x000000078e480000)
  to   space 34304K, 0% used [0x000000078e480000,0x000000078e480000,0x0000000790600000)
 ParOldGen       total 164352K, used 55784K [0x0000000701e00000, 0x000000070be80000, 0x0000000780a00000)
  object space 164352K, 33% used [0x0000000701e00000,0x000000070547a1f0,0x000000070be80000)
 Metaspace       used 57697K, capacity 58835K, committed 59008K, reserved 1101824K
  class space    used 6936K, capacity 7213K, committed 7296K, reserved 1048576K
}
Event: 7.982 GC heap before
{Heap before GC invocations=10 (full 3):
 PSYoungGen      total 223744K, used 41440K [0x0000000780a00000, 0x0000000791180000, 0x00000007c0000000)
  eden space 182272K, 0% used [0x0000000780a00000,0x0000000780a00000,0x000000078bc00000)
  from space 41472K, 99% used [0x000000078bc00000,0x000000078e478160,0x000000078e480000)
  to   space 34304K, 0% used [0x000000078e480000,0x000000078e480000,0x0000000790600000)
 ParOldGen       total 164352K, used 55784K [0x0000000701e00000, 0x000000070be80000, 0x0000000780a00000)
  object space 164352K, 33% used [0x0000000701e00000,0x000000070547a1f0,0x000000070be80000)
 Metaspace       used 57697K, capacity 58835K, committed 59008K, reserved 1101824K
  class space    used 6936K, capacity 7213K, committed 7296K, reserved 1048576K
Event: 8.273 GC heap after
Heap after GC invocations=10 (full 3):
 PSYoungGen      total 223744K, used 0K [0x0000000780a00000, 0x0000000791180000, 0x00000007c0000000)
  eden space 182272K, 0% used [0x0000000780a00000,0x0000000780a00000,0x000000078bc00000)
  from space 41472K, 0% used [0x000000078bc00000,0x000000078bc00000,0x000000078e480000)
  to   space 34304K, 0% used [0x000000078e480000,0x000000078e480000,0x0000000790600000)
 ParOldGen       total 164352K, used 85550K [0x0000000701e00000, 0x000000070be80000, 0x0000000780a00000)
  object space 164352K, 52% used [0x0000000701e00000,0x000000070718bb18,0x000000070be80000)
 Metaspace       used 57697K, capacity 58835K, committed 59008K, reserved 1101824K
  class space    used 6936K, capacity 7213K, committed 7296K, reserved 1048576K
}

