# JRE version: OpenJDK Runtime Environment (8.0_242-b01) (build 1.8.0_242-release-1644-b01)
# Java VM: OpenJDK 64-Bit Server VM (25.242-b01 mixed mode windows-amd64 compressed oops)
Heap:
 PSYoungGen      total 139264K, used 29814K [0x0000000780a00000, 0x0000000790100000, 0x00000007c0000000)
  eden space 131072K, 16% used [0x0000000780a00000,0x0000000781f22350,0x0000000788a00000)
  from space 8192K, 99% used [0x0000000788a00000,0x00000007891fb760,0x0000000789200000)
  to   space 33792K, 0% used [0x000000078e000000,0x000000078e000000,0x0000000790100000)
 ParOldGen       total 167936K, used 45385K [0x0000000701e00000, 0x000000070c200000, 0x0000000780a00000)
  object space 167936K, 27% used [0x0000000701e00000,0x0000000704a525b0,0x000000070c200000)
 Metaspace       used 46252K, capacity 47079K, committed 47360K, reserved 1091584K
  class space    used 5598K, capacity 5835K, committed 5888K, reserved 1048576K
GC Heap History (10 events):
Event: 1.120 GC heap before
{Heap before GC invocations=3 (full 1):
 PSYoungGen      total 106496K, used 8189K [0x0000000780a00000, 0x0000000787a00000, 0x00000007c0000000)
  eden space 98304K, 0% used [0x0000000780a00000,0x0000000780a00000,0x0000000786a00000)
  from space 8192K, 99% used [0x0000000787200000,0x00000007879ff448,0x0000000787a00000)
  to   space 8192K, 0% used [0x0000000786a00000,0x0000000786a00000,0x0000000787200000)
 ParOldGen       total 131072K, used 13856K [0x0000000701e00000, 0x0000000709e00000, 0x0000000780a00000)
  object space 131072K, 10% used [0x0000000701e00000,0x0000000702b88180,0x0000000709e00000)
 Metaspace       used 20749K, capacity 21122K, committed 21248K, reserved 1069056K
  class space    used 2379K, capacity 2515K, committed 2560K, reserved 1048576K
Event: 1.157 GC heap after
Heap after GC invocations=3 (full 1):
 PSYoungGen      total 106496K, used 0K [0x0000000780a00000, 0x0000000787a00000, 0x00000007c0000000)
  eden space 98304K, 0% used [0x0000000780a00000,0x0000000780a00000,0x0000000786a00000)
  from space 8192K, 0% used [0x0000000787200000,0x0000000787200000,0x0000000787a00000)
  to   space 8192K, 0% used [0x0000000786a00000,0x0000000786a00000,0x0000000787200000)
 ParOldGen       total 112128K, used 18513K [0x0000000701e00000, 0x0000000708b80000, 0x0000000780a00000)
  object space 112128K, 16% used [0x0000000701e00000,0x0000000703014600,0x0000000708b80000)
 Metaspace       used 20749K, capacity 21122K, committed 21248K, reserved 1069056K
  class space    used 2379K, capacity 2515K, committed 2560K, reserved 1048576K
}
Event: 2.294 GC heap before
{Heap before GC invocations=4 (full 1):
 PSYoungGen      total 106496K, used 98304K [0x0000000780a00000, 0x0000000787a00000, 0x00000007c0000000)
  eden space 98304K, 100% used [0x0000000780a00000,0x0000000786a00000,0x0000000786a00000)
  from space 8192K, 0% used [0x0000000787200000,0x0000000787200000,0x0000000787a00000)
  to   space 8192K, 0% used [0x0000000786a00000,0x0000000786a00000,0x0000000787200000)
 ParOldGen       total 112128K, used 18513K [0x0000000701e00000, 0x0000000708b80000, 0x0000000780a00000)
  object space 112128K, 16% used [0x0000000701e00000,0x0000000703014600,0x0000000708b80000)
 Metaspace       used 33213K, capacity 33765K, committed 34048K, reserved 1079296K
  class space    used 4168K, capacity 4340K, committed 4352K, reserved 1048576K
Event: 2.308 GC heap after
Heap after GC invocations=4 (full 1):
 PSYoungGen      total 106496K, used 8191K [0x0000000780a00000, 0x0000000789a00000, 0x00000007c0000000)
  eden space 98304K, 0% used [0x0000000780a00000,0x0000000780a00000,0x0000000786a00000)
  from space 8192K, 99% used [0x0000000786a00000,0x00000007871ffdc0,0x0000000787200000)
  to   space 8192K, 0% used [0x0000000789200000,0x0000000789200000,0x0000000789a00000)
 ParOldGen       total 112128K, used 32612K [0x0000000701e00000, 0x0000000708b80000, 0x0000000780a00000)
  object space 112128K, 29% used [0x0000000701e00000,0x0000000703dd90b8,0x0000000708b80000)
 Metaspace       used 33213K, capacity 33765K, committed 34048K, reserved 1079296K
  class space    used 4168K, capacity 4340K, committed 4352K, reserved 1048576K
}
Event: 2.393 GC heap before
{Heap before GC invocations=5 (full 1):
 PSYoungGen      total 106496K, used 16320K [0x0000000780a00000, 0x0000000789a00000, 0x00000007c0000000)
  eden space 98304K, 8% used [0x0000000780a00000,0x00000007811f02a0,0x0000000786a00000)
  from space 8192K, 99% used [0x0000000786a00000,0x00000007871ffdc0,0x0000000787200000)
  to   space 8192K, 0% used [0x0000000789200000,0x0000000789200000,0x0000000789a00000)
 ParOldGen       total 112128K, used 32612K [0x0000000701e00000, 0x0000000708b80000, 0x0000000780a00000)
  object space 112128K, 29% used [0x0000000701e00000,0x0000000703dd90b8,0x0000000708b80000)
 Metaspace       used 34678K, capacity 35181K, committed 35416K, reserved 1081344K
  class space    used 4352K, capacity 4534K, committed 4608K, reserved 1048576K
Event: 2.399 GC heap after
Heap after GC invocations=5 (full 1):
 PSYoungGen      total 139264K, used 8178K [0x0000000780a00000, 0x000000078a680000, 0x00000007c0000000)
  eden space 131072K, 0% used [0x0000000780a00000,0x0000000780a00000,0x0000000788a00000)
  from space 8192K, 99% used [0x0000000789200000,0x00000007899fc858,0x0000000789a00000)
  to   space 8192K, 0% used [0x0000000788a00000,0x0000000788a00000,0x0000000789200000)
 ParOldGen       total 112128K, used 34446K [0x0000000701e00000, 0x0000000708b80000, 0x0000000780a00000)
  object space 112128K, 30% used [0x0000000701e00000,0x0000000703fa3930,0x0000000708b80000)
 Metaspace       used 34678K, capacity 35181K, committed 35416K, reserved 1081344K
  class space    used 4352K, capacity 4534K, committed 4608K, reserved 1048576K
}
Event: 2.399 GC heap before
{Heap before GC invocations=6 (full 2):
 PSYoungGen      total 139264K, used 8178K [0x0000000780a00000, 0x000000078a680000, 0x00000007c0000000)
  eden space 131072K, 0% used [0x0000000780a00000,0x0000000780a00000,0x0000000788a00000)
  from space 8192K, 99% used [0x0000000789200000,0x00000007899fc858,0x0000000789a00000)
  to   space 8192K, 0% used [0x0000000788a00000,0x0000000788a00000,0x0000000789200000)
 ParOldGen       total 112128K, used 34446K [0x0000000701e00000, 0x0000000708b80000, 0x0000000780a00000)
  object space 112128K, 30% used [0x0000000701e00000,0x0000000703fa3930,0x0000000708b80000)
 Metaspace       used 34678K, capacity 35181K, committed 35416K, reserved 1081344K
  class space    used 4352K, capacity 4534K, committed 4608K, reserved 1048576K
Event: 2.445 GC heap after
Heap after GC invocations=6 (full 2):
 PSYoungGen      total 139264K, used 0K [0x0000000780a00000, 0x000000078a680000, 0x00000007c0000000)
  eden space 131072K, 0% used [0x0000000780a00000,0x0000000780a00000,0x0000000788a00000)
  from space 8192K, 0% used [0x0000000789200000,0x0000000789200000,0x0000000789a00000)
  to   space 8192K, 0% used [0x0000000788a00000,0x0000000788a00000,0x0000000789200000)
 ParOldGen       total 167936K, used 24403K [0x0000000701e00000, 0x000000070c200000, 0x0000000780a00000)
  object space 167936K, 14% used [0x0000000701e00000,0x00000007035d4d28,0x000000070c200000)
 Metaspace       used 34678K, capacity 35181K, committed 35416K, reserved 1081344K
  class space    used 4352K, capacity 4534K, committed 4608K, reserved 1048576K
}
Event: 4.165 GC heap before
{Heap before GC invocations=7 (full 2):
 PSYoungGen      total 139264K, used 131072K [0x0000000780a00000, 0x000000078a680000, 0x00000007c0000000)
  eden space 131072K, 100% used [0x0000000780a00000,0x0000000788a00000,0x0000000788a00000)
  from space 8192K, 0% used [0x0000000789200000,0x0000000789200000,0x0000000789a00000)
  to   space 8192K, 0% used [0x0000000788a00000,0x0000000788a00000,0x0000000789200000)
 ParOldGen       total 167936K, used 24403K [0x0000000701e00000, 0x000000070c200000, 0x0000000780a00000)
  object space 167936K, 14% used [0x0000000701e00000,0x00000007035d4d28,0x000000070c200000)
 Metaspace       used 42755K, capacity 43497K, committed 43776K, reserved 1087488K
  class space    used 5108K, capacity 5308K, committed 5376K, reserved 1048576K
Event: 4.186 GC heap after
Heap after GC invocations=7 (full 2):
 PSYoungGen      total 139264K, used 8173K [0x0000000780a00000, 0x0000000790100000, 0x00000007c0000000)
  eden space 131072K, 0% used [0x0000000780a00000,0x0000000780a00000,0x0000000788a00000)
  from space 8192K, 99% used [0x0000000788a00000,0x00000007891fb760,0x0000000789200000)
  to   space 33792K, 0% used [0x000000078e000000,0x000000078e000000,0x0000000790100000)
 ParOldGen       total 167936K, used 45385K [0x0000000701e00000, 0x000000070c200000, 0x0000000780a00000)
  object space 167936K, 27% used [0x0000000701e00000,0x0000000704a525b0,0x000000070c200000)
 Metaspace       used 42755K, capacity 43497K, committed 43776K, reserved 1087488K
  class space    used 5108K, capacity 5308K, committed 5376K, reserved 1048576K
}

