# JRE version: OpenJDK Runtime Environment (8.0_242-b01) (build 1.8.0_242-release-1644-b01)
# Java VM: OpenJDK 64-Bit Server VM (25.242-b01 mixed mode windows-amd64 compressed oops)
Heap:
 PSYoungGen      total 97280K, used 28084K [0x00000000d5580000, 0x00000000dc680000, 0x0000000100000000)
  eden space 86016K, 19% used [0x00000000d5580000,0x00000000d65ef888,0x00000000da980000)
  from space 11264K, 99% used [0x00000000db080000,0x00000000dbb7dac8,0x00000000dbb80000)
  to   space 6144K, 0% used [0x00000000dc080000,0x00000000dc080000,0x00000000dc680000)
 ParOldGen       total 70656K, used 7544K [0x0000000080000000, 0x0000000084500000, 0x00000000d5580000)
  object space 70656K, 10% used [0x0000000080000000,0x000000008075e2d0,0x0000000084500000)
 Metaspace       used 33887K, capacity 34940K, committed 35120K, reserved 1079296K
  class space    used 4639K, capacity 4893K, committed 4912K, reserved 1048576K
GC Heap History (10 events):
Event: 4.267 GC heap before
{Heap before GC invocations=4 (full 0):
 PSYoungGen      total 57344K, used 57318K [0x00000000d5580000, 0x00000000d9580000, 0x0000000100000000)
  eden space 49152K, 100% used [0x00000000d5580000,0x00000000d8580000,0x00000000d8580000)
  from space 8192K, 99% used [0x00000000d8580000,0x00000000d8d79a28,0x00000000d8d80000)
  to   space 8192K, 0% used [0x00000000d8d80000,0x00000000d8d80000,0x00000000d9580000)
 ParOldGen       total 131072K, used 844K [0x0000000080000000, 0x0000000088000000, 0x00000000d5580000)
  object space 131072K, 0% used [0x0000000080000000,0x00000000800d3318,0x0000000088000000)
 Metaspace       used 20292K, capacity 20936K, committed 20992K, reserved 1067008K
  class space    used 2825K, capacity 3044K, committed 3072K, reserved 1048576K
Event: 4.277 GC heap after
Heap after GC invocations=4 (full 0):
 PSYoungGen      total 57344K, used 8189K [0x00000000d5580000, 0x00000000d9580000, 0x0000000100000000)
  eden space 49152K, 0% used [0x00000000d5580000,0x00000000d5580000,0x00000000d8580000)
  from space 8192K, 99% used [0x00000000d8d80000,0x00000000d957f438,0x00000000d9580000)
  to   space 8192K, 0% used [0x00000000d8580000,0x00000000d8580000,0x00000000d8d80000)
 ParOldGen       total 131072K, used 2969K [0x0000000080000000, 0x0000000088000000, 0x00000000d5580000)
  object space 131072K, 2% used [0x0000000080000000,0x00000000802e67a8,0x0000000088000000)
 Metaspace       used 20292K, capacity 20936K, committed 20992K, reserved 1067008K
  class space    used 2825K, capacity 3044K, committed 3072K, reserved 1048576K
}
Event: 4.344 GC heap before
{Heap before GC invocations=5 (full 0):
 PSYoungGen      total 57344K, used 15619K [0x00000000d5580000, 0x00000000d9580000, 0x0000000100000000)
  eden space 49152K, 15% used [0x00000000d5580000,0x00000000d5cc1938,0x00000000d8580000)
  from space 8192K, 99% used [0x00000000d8d80000,0x00000000d957f438,0x00000000d9580000)
  to   space 8192K, 0% used [0x00000000d8580000,0x00000000d8580000,0x00000000d8d80000)
 ParOldGen       total 131072K, used 2969K [0x0000000080000000, 0x0000000088000000, 0x00000000d5580000)
  object space 131072K, 2% used [0x0000000080000000,0x00000000802e67a8,0x0000000088000000)
 Metaspace       used 20616K, capacity 21224K, committed 21296K, reserved 1067008K
  class space    used 2873K, capacity 3076K, committed 3120K, reserved 1048576K
Event: 4.348 GC heap after
Heap after GC invocations=5 (full 0):
 PSYoungGen      total 57344K, used 7045K [0x00000000d5580000, 0x00000000dcb80000, 0x0000000100000000)
  eden space 49152K, 0% used [0x00000000d5580000,0x00000000d5580000,0x00000000d8580000)
  from space 8192K, 85% used [0x00000000d8580000,0x00000000d8c61470,0x00000000d8d80000)
  to   space 11264K, 0% used [0x00000000dc080000,0x00000000dc080000,0x00000000dcb80000)
 ParOldGen       total 131072K, used 2977K [0x0000000080000000, 0x0000000088000000, 0x00000000d5580000)
  object space 131072K, 2% used [0x0000000080000000,0x00000000802e87a8,0x0000000088000000)
 Metaspace       used 20616K, capacity 21224K, committed 21296K, reserved 1067008K
  class space    used 2873K, capacity 3076K, committed 3120K, reserved 1048576K
}
Event: 4.348 GC heap before
{Heap before GC invocations=6 (full 1):
 PSYoungGen      total 57344K, used 7045K [0x00000000d5580000, 0x00000000dcb80000, 0x0000000100000000)
  eden space 49152K, 0% used [0x00000000d5580000,0x00000000d5580000,0x00000000d8580000)
  from space 8192K, 85% used [0x00000000d8580000,0x00000000d8c61470,0x00000000d8d80000)
  to   space 11264K, 0% used [0x00000000dc080000,0x00000000dc080000,0x00000000dcb80000)
 ParOldGen       total 131072K, used 2977K [0x0000000080000000, 0x0000000088000000, 0x00000000d5580000)
  object space 131072K, 2% used [0x0000000080000000,0x00000000802e87a8,0x0000000088000000)
 Metaspace       used 20616K, capacity 21224K, committed 21296K, reserved 1067008K
  class space    used 2873K, capacity 3076K, committed 3120K, reserved 1048576K
Event: 4.376 GC heap after
Heap after GC invocations=6 (full 1):
 PSYoungGen      total 57344K, used 0K [0x00000000d5580000, 0x00000000dcb80000, 0x0000000100000000)
  eden space 49152K, 0% used [0x00000000d5580000,0x00000000d5580000,0x00000000d8580000)
  from space 8192K, 0% used [0x00000000d8580000,0x00000000d8580000,0x00000000d8d80000)
  to   space 11264K, 0% used [0x00000000dc080000,0x00000000dc080000,0x00000000dcb80000)
 ParOldGen       total 70656K, used 7387K [0x0000000080000000, 0x0000000084500000, 0x00000000d5580000)
  object space 70656K, 10% used [0x0000000080000000,0x0000000080736d78,0x0000000084500000)
 Metaspace       used 20616K, capacity 21224K, committed 21296K, reserved 1067008K
  class space    used 2873K, capacity 3076K, committed 3120K, reserved 1048576K
}
Event: 5.196 GC heap before
{Heap before GC invocations=7 (full 1):
 PSYoungGen      total 57344K, used 48978K [0x00000000d5580000, 0x00000000dcb80000, 0x0000000100000000)
  eden space 49152K, 99% used [0x00000000d5580000,0x00000000d85549d0,0x00000000d8580000)
  from space 8192K, 0% used [0x00000000d8580000,0x00000000d8580000,0x00000000d8d80000)
  to   space 11264K, 0% used [0x00000000dc080000,0x00000000dc080000,0x00000000dcb80000)
 ParOldGen       total 70656K, used 7387K [0x0000000080000000, 0x0000000084500000, 0x00000000d5580000)
  object space 70656K, 10% used [0x0000000080000000,0x0000000080736d78,0x0000000084500000)
 Metaspace       used 24723K, capacity 25522K, committed 25776K, reserved 1071104K
  class space    used 3515K, capacity 3743K, committed 3760K, reserved 1048576K
Event: 5.206 GC heap after
Heap after GC invocations=7 (full 1):
 PSYoungGen      total 92160K, used 5707K [0x00000000d5580000, 0x00000000dc680000, 0x0000000100000000)
  eden space 86016K, 0% used [0x00000000d5580000,0x00000000d5580000,0x00000000da980000)
  from space 6144K, 92% used [0x00000000dc080000,0x00000000dc612c88,0x00000000dc680000)
  to   space 11264K, 0% used [0x00000000db080000,0x00000000db080000,0x00000000dbb80000)
 ParOldGen       total 70656K, used 7395K [0x0000000080000000, 0x0000000084500000, 0x00000000d5580000)
  object space 70656K, 10% used [0x0000000080000000,0x0000000080738d78,0x0000000084500000)
 Metaspace       used 24723K, capacity 25522K, committed 25776K, reserved 1071104K
  class space    used 3515K, capacity 3743K, committed 3760K, reserved 1048576K
}
Event: 6.506 GC heap before
{Heap before GC invocations=8 (full 1):
 PSYoungGen      total 92160K, used 91723K [0x00000000d5580000, 0x00000000dc680000, 0x0000000100000000)
  eden space 86016K, 100% used [0x00000000d5580000,0x00000000da980000,0x00000000da980000)
  from space 6144K, 92% used [0x00000000dc080000,0x00000000dc612c88,0x00000000dc680000)
  to   space 11264K, 0% used [0x00000000db080000,0x00000000db080000,0x00000000dbb80000)
 ParOldGen       total 70656K, used 7395K [0x0000000080000000, 0x0000000084500000, 0x00000000d5580000)
  object space 70656K, 10% used [0x0000000080000000,0x0000000080738d78,0x0000000084500000)
 Metaspace       used 33193K, capacity 34244K, committed 34608K, reserved 1079296K
  class space    used 4537K, capacity 4791K, committed 4912K, reserved 1048576K
Event: 6.520 GC heap after
Heap after GC invocations=8 (full 1):
 PSYoungGen      total 97280K, used 11254K [0x00000000d5580000, 0x00000000dc680000, 0x0000000100000000)
  eden space 86016K, 0% used [0x00000000d5580000,0x00000000d5580000,0x00000000da980000)
  from space 11264K, 99% used [0x00000000db080000,0x00000000dbb7dac8,0x00000000dbb80000)
  to   space 6144K, 0% used [0x00000000dc080000,0x00000000dc080000,0x00000000dc680000)
 ParOldGen       total 70656K, used 7544K [0x0000000080000000, 0x0000000084500000, 0x00000000d5580000)
  object space 70656K, 10% used [0x0000000080000000,0x000000008075e2d0,0x0000000084500000)
 Metaspace       used 33193K, capacity 34244K, committed 34608K, reserved 1079296K
  class space    used 4537K, capacity 4791K, committed 4912K, reserved 1048576K
}

