# JRE version: OpenJDK Runtime Environment (8.0_242-b01) (build 1.8.0_242-release-1644-b01)
# Java VM: OpenJDK 64-Bit Server VM (25.242-b01 mixed mode windows-amd64 compressed oops)
Heap:
 PSYoungGen      total 305152K, used 155757K [0x00000000d5580000, 0x00000000ee000000, 0x0000000100000000)
  eden space 267776K, 44% used [0x00000000d5580000,0x00000000dc9216c8,0x00000000e5b00000)
  from space 37376K, 99% used [0x00000000e8d00000,0x00000000eb179e28,0x00000000eb180000)
  to   space 51200K, 0% used [0x00000000e5b00000,0x00000000e5b00000,0x00000000e8d00000)
 ParOldGen       total 170496K, used 99786K [0x0000000080000000, 0x000000008a680000, 0x00000000d5580000)
  object space 170496K, 58% used [0x0000000080000000,0x0000000086172840,0x000000008a680000)
 Metaspace       used 91199K, capacity 98402K, committed 98584K, reserved 1134592K
  class space    used 12478K, capacity 13842K, committed 13872K, reserved 1048576K
GC Heap History (10 events):
Event: 12.995 GC heap before
{Heap before GC invocations=17 (full 3):
 PSYoungGen      total 243712K, used 243711K [0x00000000d5580000, 0x00000000e8380000, 0x0000000100000000)
  eden space 220160K, 100% used [0x00000000d5580000,0x00000000e2c80000,0x00000000e2c80000)
  from space 23552K, 99% used [0x00000000e2c80000,0x00000000e437fdc8,0x00000000e4380000)
  to   space 27648K, 0% used [0x00000000e6880000,0x00000000e6880000,0x00000000e8380000)
 ParOldGen       total 170496K, used 37132K [0x0000000080000000, 0x000000008a680000, 0x00000000d5580000)
  object space 170496K, 21% used [0x0000000080000000,0x0000000082443158,0x000000008a680000)
 Metaspace       used 71539K, capacity 75746K, committed 75928K, reserved 1114112K
  class space    used 9775K, capacity 10546K, committed 10672K, reserved 1048576K
Event: 13.034 GC heap after
Heap after GC invocations=17 (full 3):
 PSYoungGen      total 268288K, used 27621K [0x00000000d5580000, 0x00000000ea080000, 0x0000000100000000)
  eden space 240640K, 0% used [0x00000000d5580000,0x00000000d5580000,0x00000000e4080000)
  from space 27648K, 99% used [0x00000000e6880000,0x00000000e83796e0,0x00000000e8380000)
  to   space 40960K, 0% used [0x00000000e4080000,0x00000000e4080000,0x00000000e6880000)
 ParOldGen       total 170496K, used 62738K [0x0000000080000000, 0x000000008a680000, 0x00000000d5580000)
  object space 170496K, 36% used [0x0000000080000000,0x0000000083d449c0,0x000000008a680000)
 Metaspace       used 71539K, capacity 75746K, committed 75928K, reserved 1114112K
  class space    used 9775K, capacity 10546K, committed 10672K, reserved 1048576K
}
Event: 15.404 GC heap before
{Heap before GC invocations=18 (full 3):
 PSYoungGen      total 268288K, used 268261K [0x00000000d5580000, 0x00000000ea080000, 0x0000000100000000)
  eden space 240640K, 100% used [0x00000000d5580000,0x00000000e4080000,0x00000000e4080000)
  from space 27648K, 99% used [0x00000000e6880000,0x00000000e83796e0,0x00000000e8380000)
  to   space 40960K, 0% used [0x00000000e4080000,0x00000000e4080000,0x00000000e6880000)
 ParOldGen       total 170496K, used 62738K [0x0000000080000000, 0x000000008a680000, 0x00000000d5580000)
  object space 170496K, 36% used [0x0000000080000000,0x0000000083d449c0,0x000000008a680000)
 Metaspace       used 74451K, capacity 78724K, committed 79000K, reserved 1118208K
  class space    used 10076K, capacity 10843K, committed 10928K, reserved 1048576K
Event: 15.436 GC heap after
Heap after GC invocations=18 (full 3):
 PSYoungGen      total 281600K, used 5836K [0x00000000d5580000, 0x00000000eb480000, 0x0000000100000000)
  eden space 240640K, 0% used [0x00000000d5580000,0x00000000d5580000,0x00000000e4080000)
  from space 40960K, 14% used [0x00000000e4080000,0x00000000e46332d0,0x00000000e6880000)
  to   space 40448K, 0% used [0x00000000e8d00000,0x00000000e8d00000,0x00000000eb480000)
 ParOldGen       total 170496K, used 88387K [0x0000000080000000, 0x000000008a680000, 0x00000000d5580000)
  object space 170496K, 51% used [0x0000000080000000,0x0000000085650ee8,0x000000008a680000)
 Metaspace       used 74451K, capacity 78724K, committed 79000K, reserved 1118208K
  class space    used 10076K, capacity 10843K, committed 10928K, reserved 1048576K
}
Event: 18.250 GC heap before
{Heap before GC invocations=19 (full 3):
 PSYoungGen      total 281600K, used 246476K [0x00000000d5580000, 0x00000000eb480000, 0x0000000100000000)
  eden space 240640K, 100% used [0x00000000d5580000,0x00000000e4080000,0x00000000e4080000)
  from space 40960K, 14% used [0x00000000e4080000,0x00000000e46332d0,0x00000000e6880000)
  to   space 40448K, 0% used [0x00000000e8d00000,0x00000000e8d00000,0x00000000eb480000)
 ParOldGen       total 170496K, used 88387K [0x0000000080000000, 0x000000008a680000, 0x00000000d5580000)
  object space 170496K, 51% used [0x0000000080000000,0x0000000085650ee8,0x000000008a680000)
 Metaspace       used 78038K, capacity 82414K, committed 82712K, reserved 1120256K
  class space    used 10433K, capacity 11230K, committed 11312K, reserved 1048576K
Event: 18.279 GC heap after
Heap after GC invocations=19 (full 3):
 PSYoungGen      total 312832K, used 22461K [0x00000000d5580000, 0x00000000eb180000, 0x0000000100000000)
  eden space 275456K, 0% used [0x00000000d5580000,0x00000000d5580000,0x00000000e6280000)
  from space 37376K, 60% used [0x00000000e8d00000,0x00000000ea2ef6c0,0x00000000eb180000)
  to   space 40448K, 0% used [0x00000000e6280000,0x00000000e6280000,0x00000000e8a00000)
 ParOldGen       total 170496K, used 88395K [0x0000000080000000, 0x000000008a680000, 0x00000000d5580000)
  object space 170496K, 51% used [0x0000000080000000,0x0000000085652ee8,0x000000008a680000)
 Metaspace       used 78038K, capacity 82414K, committed 82712K, reserved 1120256K
  class space    used 10433K, capacity 11230K, committed 11312K, reserved 1048576K
}
Event: 21.403 GC heap before
{Heap before GC invocations=20 (full 3):
 PSYoungGen      total 312832K, used 297917K [0x00000000d5580000, 0x00000000eb180000, 0x0000000100000000)
  eden space 275456K, 100% used [0x00000000d5580000,0x00000000e6280000,0x00000000e6280000)
  from space 37376K, 60% used [0x00000000e8d00000,0x00000000ea2ef6c0,0x00000000eb180000)
  to   space 40448K, 0% used [0x00000000e6280000,0x00000000e6280000,0x00000000e8a00000)
 ParOldGen       total 170496K, used 88395K [0x0000000080000000, 0x000000008a680000, 0x00000000d5580000)
  object space 170496K, 51% used [0x0000000080000000,0x0000000085652ee8,0x000000008a680000)
 Metaspace       used 79434K, capacity 83898K, committed 84120K, reserved 1122304K
  class space    used 10556K, capacity 11384K, committed 11440K, reserved 1048576K
Event: 21.427 GC heap after
Heap after GC invocations=20 (full 3):
 PSYoungGen      total 315904K, used 27788K [0x00000000d5580000, 0x00000000eb180000, 0x0000000100000000)
  eden space 275456K, 0% used [0x00000000d5580000,0x00000000d5580000,0x00000000e6280000)
  from space 40448K, 68% used [0x00000000e6280000,0x00000000e7da3330,0x00000000e8a00000)
  to   space 37376K, 0% used [0x00000000e8d00000,0x00000000e8d00000,0x00000000eb180000)
 ParOldGen       total 170496K, used 88403K [0x0000000080000000, 0x000000008a680000, 0x00000000d5580000)
  object space 170496K, 51% used [0x0000000080000000,0x0000000085654ee8,0x000000008a680000)
 Metaspace       used 79434K, capacity 83898K, committed 84120K, reserved 1122304K
  class space    used 10556K, capacity 11384K, committed 11440K, reserved 1048576K
}
Event: 23.142 GC heap before
{Heap before GC invocations=21 (full 3):
 PSYoungGen      total 315904K, used 303244K [0x00000000d5580000, 0x00000000eb180000, 0x0000000100000000)
  eden space 275456K, 100% used [0x00000000d5580000,0x00000000e6280000,0x00000000e6280000)
  from space 40448K, 68% used [0x00000000e6280000,0x00000000e7da3330,0x00000000e8a00000)
  to   space 37376K, 0% used [0x00000000e8d00000,0x00000000e8d00000,0x00000000eb180000)
 ParOldGen       total 170496K, used 88403K [0x0000000080000000, 0x000000008a680000, 0x00000000d5580000)
  object space 170496K, 51% used [0x0000000080000000,0x0000000085654ee8,0x000000008a680000)
 Metaspace       used 91067K, capacity 98308K, committed 98584K, reserved 1134592K
  class space    used 12475K, capacity 13837K, committed 13872K, reserved 1048576K
Event: 23.179 GC heap after
Heap after GC invocations=21 (full 3):
 PSYoungGen      total 305152K, used 37351K [0x00000000d5580000, 0x00000000ee000000, 0x0000000100000000)
  eden space 267776K, 0% used [0x00000000d5580000,0x00000000d5580000,0x00000000e5b00000)
  from space 37376K, 99% used [0x00000000e8d00000,0x00000000eb179e28,0x00000000eb180000)
  to   space 51200K, 0% used [0x00000000e5b00000,0x00000000e5b00000,0x00000000e8d00000)
 ParOldGen       total 170496K, used 99786K [0x0000000080000000, 0x000000008a680000, 0x00000000d5580000)
  object space 170496K, 58% used [0x0000000080000000,0x0000000086172840,0x000000008a680000)
 Metaspace       used 91067K, capacity 98308K, committed 98584K, reserved 1134592K
  class space    used 12475K, capacity 13837K, committed 13872K, reserved 1048576K
}

