# JRE version: OpenJDK Runtime Environment (8.0_242-b01) (build 1.8.0_242-release-1644-b01)
# Java VM: OpenJDK 64-Bit Server VM (25.242-b01 mixed mode windows-amd64 compressed oops)
Heap:
 PSYoungGen      total 208384K, used 25064K [0x0000000780a00000, 0x0000000795a00000, 0x00000007c0000000)
  eden space 174080K, 1% used [0x0000000780a00000,0x0000000780d4e4d8,0x000000078b400000)
  from space 34304K, 63% used [0x000000078e680000,0x000000078fbabc00,0x0000000790800000)
  to   space 51712K, 0% used [0x000000078b400000,0x000000078b400000,0x000000078e680000)
 ParOldGen       total 163840K, used 94188K [0x0000000701e00000, 0x000000070be00000, 0x0000000780a00000)
  object space 163840K, 57% used [0x0000000701e00000,0x00000007079fb178,0x000000070be00000)
 Metaspace       used 59738K, capacity 60941K, committed 61184K, reserved 1103872K
  class space    used 7025K, capacity 7330K, committed 7424K, reserved 1048576K
GC Heap History (10 events):
Event: 6.066 GC heap before
{Heap before GC invocations=7 (full 2):
 PSYoungGen      total 139776K, used 131584K [0x0000000780a00000, 0x000000078ad80000, 0x00000007c0000000)
  eden space 131584K, 100% used [0x0000000780a00000,0x0000000788a80000,0x0000000788a80000)
  from space 8192K, 0% used [0x0000000789280000,0x0000000789280000,0x0000000789a80000)
  to   space 8192K, 0% used [0x0000000788a80000,0x0000000788a80000,0x0000000789280000)
 ParOldGen       total 163840K, used 23671K [0x0000000701e00000, 0x000000070be00000, 0x0000000780a00000)
  object space 163840K, 14% used [0x0000000701e00000,0x000000070351dd20,0x000000070be00000)
 Metaspace       used 42625K, capacity 43331K, committed 43520K, reserved 1087488K
  class space    used 5089K, capacity 5275K, committed 5376K, reserved 1048576K
Event: 6.090 GC heap after
Heap after GC invocations=7 (full 2):
 PSYoungGen      total 139776K, used 8165K [0x0000000780a00000, 0x0000000790800000, 0x00000007c0000000)
  eden space 131584K, 0% used [0x0000000780a00000,0x0000000780a00000,0x0000000788a80000)
  from space 8192K, 99% used [0x0000000788a80000,0x00000007892796c8,0x0000000789280000)
  to   space 34304K, 0% used [0x000000078e680000,0x000000078e680000,0x0000000790800000)
 ParOldGen       total 163840K, used 44211K [0x0000000701e00000, 0x000000070be00000, 0x0000000780a00000)
  object space 163840K, 26% used [0x0000000701e00000,0x000000070492cec0,0x000000070be00000)
 Metaspace       used 42625K, capacity 43331K, committed 43520K, reserved 1087488K
  class space    used 5089K, capacity 5275K, committed 5376K, reserved 1048576K
}
Event: 8.178 GC heap before
{Heap before GC invocations=8 (full 2):
 PSYoungGen      total 139776K, used 139749K [0x0000000780a00000, 0x0000000790800000, 0x00000007c0000000)
  eden space 131584K, 100% used [0x0000000780a00000,0x0000000788a80000,0x0000000788a80000)
  from space 8192K, 99% used [0x0000000788a80000,0x00000007892796c8,0x0000000789280000)
  to   space 34304K, 0% used [0x000000078e680000,0x000000078e680000,0x0000000790800000)
 ParOldGen       total 163840K, used 44211K [0x0000000701e00000, 0x000000070be00000, 0x0000000780a00000)
  object space 163840K, 26% used [0x0000000701e00000,0x000000070492cec0,0x000000070be00000)
 Metaspace       used 47347K, capacity 48173K, committed 48384K, reserved 1091584K
  class space    used 5636K, capacity 5876K, committed 5888K, reserved 1048576K
Event: 8.214 GC heap after
Heap after GC invocations=8 (full 2):
 PSYoungGen      total 218624K, used 34295K [0x0000000780a00000, 0x0000000791300000, 0x00000007c0000000)
  eden space 184320K, 0% used [0x0000000780a00000,0x0000000780a00000,0x000000078be00000)
  from space 34304K, 99% used [0x000000078e680000,0x00000007907fdd20,0x0000000790800000)
  to   space 41472K, 0% used [0x000000078be00000,0x000000078be00000,0x000000078e680000)
 ParOldGen       total 163840K, used 45456K [0x0000000701e00000, 0x000000070be00000, 0x0000000780a00000)
  object space 163840K, 27% used [0x0000000701e00000,0x0000000704a642a0,0x000000070be00000)
 Metaspace       used 47347K, capacity 48173K, committed 48384K, reserved 1091584K
  class space    used 5636K, capacity 5876K, committed 5888K, reserved 1048576K
}
Event: 11.910 GC heap before
{Heap before GC invocations=9 (full 2):
 PSYoungGen      total 218624K, used 194926K [0x0000000780a00000, 0x0000000791300000, 0x00000007c0000000)
  eden space 184320K, 87% used [0x0000000780a00000,0x000000078a6ddc08,0x000000078be00000)
  from space 34304K, 99% used [0x000000078e680000,0x00000007907fdd20,0x0000000790800000)
  to   space 41472K, 0% used [0x000000078be00000,0x000000078be00000,0x000000078e680000)
 ParOldGen       total 163840K, used 45456K [0x0000000701e00000, 0x000000070be00000, 0x0000000780a00000)
  object space 163840K, 27% used [0x0000000701e00000,0x0000000704a642a0,0x000000070be00000)
 Metaspace       used 57686K, capacity 58841K, committed 59008K, reserved 1101824K
  class space    used 6919K, capacity 7214K, committed 7296K, reserved 1048576K
Event: 11.960 GC heap after
Heap after GC invocations=9 (full 2):
 PSYoungGen      total 225792K, used 41454K [0x0000000780a00000, 0x0000000791300000, 0x00000007c0000000)
  eden space 184320K, 0% used [0x0000000780a00000,0x0000000780a00000,0x000000078be00000)
  from space 41472K, 99% used [0x000000078be00000,0x000000078e67b9a8,0x000000078e680000)
  to   space 34304K, 0% used [0x000000078e680000,0x000000078e680000,0x0000000790800000)
 ParOldGen       total 163840K, used 56754K [0x0000000701e00000, 0x000000070be00000, 0x0000000780a00000)
  object space 163840K, 34% used [0x0000000701e00000,0x000000070556c9b0,0x000000070be00000)
 Metaspace       used 57686K, capacity 58841K, committed 59008K, reserved 1101824K
  class space    used 6919K, capacity 7214K, committed 7296K, reserved 1048576K
}
Event: 11.960 GC heap before
{Heap before GC invocations=10 (full 3):
 PSYoungGen      total 225792K, used 41454K [0x0000000780a00000, 0x0000000791300000, 0x00000007c0000000)
  eden space 184320K, 0% used [0x0000000780a00000,0x0000000780a00000,0x000000078be00000)
  from space 41472K, 99% used [0x000000078be00000,0x000000078e67b9a8,0x000000078e680000)
  to   space 34304K, 0% used [0x000000078e680000,0x000000078e680000,0x0000000790800000)
 ParOldGen       total 163840K, used 56754K [0x0000000701e00000, 0x000000070be00000, 0x0000000780a00000)
  object space 163840K, 34% used [0x0000000701e00000,0x000000070556c9b0,0x000000070be00000)
 Metaspace       used 57686K, capacity 58841K, committed 59008K, reserved 1101824K
  class space    used 6919K, capacity 7214K, committed 7296K, reserved 1048576K
Event: 12.438 GC heap after
Heap after GC invocations=10 (full 3):
 PSYoungGen      total 225792K, used 0K [0x0000000780a00000, 0x0000000791300000, 0x00000007c0000000)
  eden space 184320K, 0% used [0x0000000780a00000,0x0000000780a00000,0x000000078be00000)
  from space 41472K, 0% used [0x000000078be00000,0x000000078be00000,0x000000078e680000)
  to   space 34304K, 0% used [0x000000078e680000,0x000000078e680000,0x0000000790800000)
 ParOldGen       total 163840K, used 94180K [0x0000000701e00000, 0x000000070be00000, 0x0000000780a00000)
  object space 163840K, 57% used [0x0000000701e00000,0x00000007079f9178,0x000000070be00000)
 Metaspace       used 57686K, capacity 58841K, committed 59008K, reserved 1101824K
  class space    used 6919K, capacity 7214K, committed 7296K, reserved 1048576K
}
Event: 18.238 GC heap before
{Heap before GC invocations=11 (full 3):
 PSYoungGen      total 225792K, used 184320K [0x0000000780a00000, 0x0000000791300000, 0x00000007c0000000)
  eden space 184320K, 100% used [0x0000000780a00000,0x000000078be00000,0x000000078be00000)
  from space 41472K, 0% used [0x000000078be00000,0x000000078be00000,0x000000078e680000)
  to   space 34304K, 0% used [0x000000078e680000,0x000000078e680000,0x0000000790800000)
 ParOldGen       total 163840K, used 94180K [0x0000000701e00000, 0x000000070be00000, 0x0000000780a00000)
  object space 163840K, 57% used [0x0000000701e00000,0x00000007079f9178,0x000000070be00000)
 Metaspace       used 59692K, capacity 60937K, committed 61184K, reserved 1103872K
  class space    used 7024K, capacity 7330K, committed 7424K, reserved 1048576K
Event: 18.265 GC heap after
Heap after GC invocations=11 (full 3):
 PSYoungGen      total 208384K, used 21679K [0x0000000780a00000, 0x0000000795a00000, 0x00000007c0000000)
  eden space 174080K, 0% used [0x0000000780a00000,0x0000000780a00000,0x000000078b400000)
  from space 34304K, 63% used [0x000000078e680000,0x000000078fbabc00,0x0000000790800000)
  to   space 51712K, 0% used [0x000000078b400000,0x000000078b400000,0x000000078e680000)
 ParOldGen       total 163840K, used 94188K [0x0000000701e00000, 0x000000070be00000, 0x0000000780a00000)
  object space 163840K, 57% used [0x0000000701e00000,0x00000007079fb178,0x000000070be00000)
 Metaspace       used 59692K, capacity 60937K, committed 61184K, reserved 1103872K
  class space    used 7024K, capacity 7330K, committed 7424K, reserved 1048576K
}

