# JRE version: OpenJDK Runtime Environment (8.0_242-b01) (build 1.8.0_242-release-1644-b01)
# Java VM: OpenJDK 64-Bit Server VM (25.242-b01 mixed mode windows-amd64 compressed oops)
Heap:
 PSYoungGen      total 286720K, used 239189K [0x0000000780a00000, 0x0000000798400000, 0x00000007c0000000)
  eden space 236032K, 82% used [0x0000000780a00000,0x000000078c92c8d0,0x000000078f080000)
  from space 50688K, 85% used [0x000000078f080000,0x0000000791ae8cb0,0x0000000792200000)
  to   space 55296K, 0% used [0x0000000794e00000,0x0000000794e00000,0x0000000798400000)
 ParOldGen       total 167936K, used 85445K [0x0000000701e00000, 0x000000070c200000, 0x0000000780a00000)
  object space 167936K, 50% used [0x0000000701e00000,0x00000007071717a0,0x000000070c200000)
 Metaspace       used 62381K, capacity 64001K, committed 64256K, reserved 1105920K
  class space    used 7187K, capacity 7572K, committed 7680K, reserved 1048576K
GC Heap History (10 events):
Event: 5.327 GC heap before
{Heap before GC invocations=8 (full 2):
 PSYoungGen      total 139776K, used 139770K [0x0000000780a00000, 0x0000000790380000, 0x00000007c0000000)
  eden space 131584K, 100% used [0x0000000780a00000,0x0000000788a80000,0x0000000788a80000)
  from space 8192K, 99% used [0x0000000788a80000,0x000000078927e8c0,0x0000000789280000)
  to   space 34304K, 0% used [0x000000078e200000,0x000000078e200000,0x0000000790380000)
 ParOldGen       total 167936K, used 45628K [0x0000000701e00000, 0x000000070c200000, 0x0000000780a00000)
  object space 167936K, 27% used [0x0000000701e00000,0x0000000704a8f2b8,0x000000070c200000)
 Metaspace       used 47363K, capacity 48251K, committed 48384K, reserved 1091584K
  class space    used 5645K, capacity 5879K, committed 5888K, reserved 1048576K
Event: 5.356 GC heap after
Heap after GC invocations=8 (full 2):
 PSYoungGen      total 214528K, used 34288K [0x0000000780a00000, 0x0000000791000000, 0x00000007c0000000)
  eden space 180224K, 0% used [0x0000000780a00000,0x0000000780a00000,0x000000078ba00000)
  from space 34304K, 99% used [0x000000078e200000,0x000000079037c2b0,0x0000000790380000)
  to   space 40960K, 0% used [0x000000078ba00000,0x000000078ba00000,0x000000078e200000)
 ParOldGen       total 167936K, used 46002K [0x0000000701e00000, 0x000000070c200000, 0x0000000780a00000)
  object space 167936K, 27% used [0x0000000701e00000,0x0000000704aecbd8,0x000000070c200000)
 Metaspace       used 47363K, capacity 48251K, committed 48384K, reserved 1091584K
  class space    used 5645K, capacity 5879K, committed 5888K, reserved 1048576K
}
Event: 7.519 GC heap before
{Heap before GC invocations=9 (full 2):
 PSYoungGen      total 214528K, used 181884K [0x0000000780a00000, 0x0000000791000000, 0x00000007c0000000)
  eden space 180224K, 81% used [0x0000000780a00000,0x0000000789a22fc0,0x000000078ba00000)
  from space 34304K, 99% used [0x000000078e200000,0x000000079037c2b0,0x0000000790380000)
  to   space 40960K, 0% used [0x000000078ba00000,0x000000078ba00000,0x000000078e200000)
 ParOldGen       total 167936K, used 46002K [0x0000000701e00000, 0x000000070c200000, 0x0000000780a00000)
  object space 167936K, 27% used [0x0000000701e00000,0x0000000704aecbd8,0x000000070c200000)
 Metaspace       used 57694K, capacity 58839K, committed 59008K, reserved 1101824K
  class space    used 6938K, capacity 7213K, committed 7296K, reserved 1048576K
Event: 7.556 GC heap after
Heap after GC invocations=9 (full 2):
 PSYoungGen      total 221184K, used 40944K [0x0000000780a00000, 0x0000000796780000, 0x00000007c0000000)
  eden space 180224K, 0% used [0x0000000780a00000,0x0000000780a00000,0x000000078ba00000)
  from space 40960K, 99% used [0x000000078ba00000,0x000000078e1fc288,0x000000078e200000)
  to   space 53248K, 0% used [0x0000000793380000,0x0000000793380000,0x0000000796780000)
 ParOldGen       total 167936K, used 55638K [0x0000000701e00000, 0x000000070c200000, 0x0000000780a00000)
  object space 167936K, 33% used [0x0000000701e00000,0x0000000705455b10,0x000000070c200000)
 Metaspace       used 57694K, capacity 58839K, committed 59008K, reserved 1101824K
  class space    used 6938K, capacity 7213K, committed 7296K, reserved 1048576K
}
Event: 7.556 GC heap before
{Heap before GC invocations=10 (full 3):
 PSYoungGen      total 221184K, used 40944K [0x0000000780a00000, 0x0000000796780000, 0x00000007c0000000)
  eden space 180224K, 0% used [0x0000000780a00000,0x0000000780a00000,0x000000078ba00000)
  from space 40960K, 99% used [0x000000078ba00000,0x000000078e1fc288,0x000000078e200000)
  to   space 53248K, 0% used [0x0000000793380000,0x0000000793380000,0x0000000796780000)
 ParOldGen       total 167936K, used 55638K [0x0000000701e00000, 0x000000070c200000, 0x0000000780a00000)
  object space 167936K, 33% used [0x0000000701e00000,0x0000000705455b10,0x000000070c200000)
 Metaspace       used 57694K, capacity 58839K, committed 59008K, reserved 1101824K
  class space    used 6938K, capacity 7213K, committed 7296K, reserved 1048576K
Event: 7.847 GC heap after
Heap after GC invocations=10 (full 3):
 PSYoungGen      total 221184K, used 0K [0x0000000780a00000, 0x0000000796780000, 0x00000007c0000000)
  eden space 180224K, 0% used [0x0000000780a00000,0x0000000780a00000,0x000000078ba00000)
  from space 40960K, 0% used [0x000000078ba00000,0x000000078ba00000,0x000000078e200000)
  to   space 53248K, 0% used [0x0000000793380000,0x0000000793380000,0x0000000796780000)
 ParOldGen       total 167936K, used 85429K [0x0000000701e00000, 0x000000070c200000, 0x0000000780a00000)
  object space 167936K, 50% used [0x0000000701e00000,0x000000070716d7a0,0x000000070c200000)
 Metaspace       used 57694K, capacity 58839K, committed 59008K, reserved 1101824K
  class space    used 6938K, capacity 7213K, committed 7296K, reserved 1048576K
}
Event: 11.832 GC heap before
{Heap before GC invocations=11 (full 3):
 PSYoungGen      total 221184K, used 180224K [0x0000000780a00000, 0x0000000796780000, 0x00000007c0000000)
  eden space 180224K, 100% used [0x0000000780a00000,0x000000078ba00000,0x000000078ba00000)
  from space 40960K, 0% used [0x000000078ba00000,0x000000078ba00000,0x000000078e200000)
  to   space 53248K, 0% used [0x0000000793380000,0x0000000793380000,0x0000000796780000)
 ParOldGen       total 167936K, used 85429K [0x0000000701e00000, 0x000000070c200000, 0x0000000780a00000)
  object space 167936K, 50% used [0x0000000701e00000,0x000000070716d7a0,0x000000070c200000)
 Metaspace       used 59813K, capacity 61009K, committed 61184K, reserved 1103872K
  class space    used 7032K, capacity 7330K, committed 7424K, reserved 1048576K
Event: 11.852 GC heap after
Heap after GC invocations=11 (full 3):
 PSYoungGen      total 268800K, used 20535K [0x0000000780a00000, 0x0000000795380000, 0x00000007c0000000)
  eden space 236032K, 0% used [0x0000000780a00000,0x0000000780a00000,0x000000078f080000)
  from space 32768K, 62% used [0x0000000793380000,0x000000079478df40,0x0000000795380000)
  to   space 50688K, 0% used [0x000000078f080000,0x000000078f080000,0x0000000792200000)
 ParOldGen       total 167936K, used 85437K [0x0000000701e00000, 0x000000070c200000, 0x0000000780a00000)
  object space 167936K, 50% used [0x0000000701e00000,0x000000070716f7a0,0x000000070c200000)
 Metaspace       used 59813K, capacity 61009K, committed 61184K, reserved 1103872K
  class space    used 7032K, capacity 7330K, committed 7424K, reserved 1048576K
}
Event: 15.658 GC heap before
{Heap before GC invocations=12 (full 3):
 PSYoungGen      total 268800K, used 256567K [0x0000000780a00000, 0x0000000795380000, 0x00000007c0000000)
  eden space 236032K, 100% used [0x0000000780a00000,0x000000078f080000,0x000000078f080000)
  from space 32768K, 62% used [0x0000000793380000,0x000000079478df40,0x0000000795380000)
  to   space 50688K, 0% used [0x000000078f080000,0x000000078f080000,0x0000000792200000)
 ParOldGen       total 167936K, used 85437K [0x0000000701e00000, 0x000000070c200000, 0x0000000780a00000)
  object space 167936K, 50% used [0x0000000701e00000,0x000000070716f7a0,0x000000070c200000)
 Metaspace       used 61802K, capacity 63437K, committed 63616K, reserved 1105920K
  class space    used 7165K, capacity 7536K, committed 7552K, reserved 1048576K
Event: 15.699 GC heap after
Heap after GC invocations=12 (full 3):
 PSYoungGen      total 286720K, used 43427K [0x0000000780a00000, 0x0000000798400000, 0x00000007c0000000)
  eden space 236032K, 0% used [0x0000000780a00000,0x0000000780a00000,0x000000078f080000)
  from space 50688K, 85% used [0x000000078f080000,0x0000000791ae8cb0,0x0000000792200000)
  to   space 55296K, 0% used [0x0000000794e00000,0x0000000794e00000,0x0000000798400000)
 ParOldGen       total 167936K, used 85445K [0x0000000701e00000, 0x000000070c200000, 0x0000000780a00000)
  object space 167936K, 50% used [0x0000000701e00000,0x00000007071717a0,0x000000070c200000)
 Metaspace       used 61802K, capacity 63437K, committed 63616K, reserved 1105920K
  class space    used 7165K, capacity 7536K, committed 7552K, reserved 1048576K
}

