# JRE version: OpenJDK Runtime Environment (8.0_242-b01) (build 1.8.0_242-release-1644-b01)
# Java VM: OpenJDK 64-Bit Server VM (25.242-b01 mixed mode windows-amd64 compressed oops)
Heap:
 PSYoungGen      total 200704K, used 91289K [0x00000000d5580000, 0x00000000e2e00000, 0x0000000100000000)
  eden space 182784K, 49% used [0x00000000d5580000,0x00000000daea6668,0x00000000e0800000)
  from space 17920K, 0% used [0x00000000e0800000,0x00000000e0800000,0x00000000e1980000)
  to   space 12800K, 0% used [0x00000000e1980000,0x00000000e1980000,0x00000000e2600000)
 ParOldGen       total 109056K, used 35323K [0x0000000080000000, 0x0000000086a80000, 0x00000000d5580000)
  object space 109056K, 32% used [0x0000000080000000,0x000000008227ed88,0x0000000086a80000)
 Metaspace       used 61361K, capacity 63712K, committed 64024K, reserved 1103872K
  class space    used 8428K, capacity 8951K, committed 9008K, reserved 1048576K
GC Heap History (10 events):
Event: 7.885 GC heap before
{Heap before GC invocations=10 (full 2):
 PSYoungGen      total 161280K, used 8515K [0x00000000d5580000, 0x00000000e0f80000, 0x0000000100000000)
  eden space 148480K, 0% used [0x00000000d5580000,0x00000000d5580000,0x00000000de680000)
  from space 12800K, 66% used [0x00000000df300000,0x00000000dfb50ea8,0x00000000dff80000)
  to   space 12800K, 0% used [0x00000000de680000,0x00000000de680000,0x00000000df300000)
 ParOldGen       total 70656K, used 7605K [0x0000000080000000, 0x0000000084500000, 0x00000000d5580000)
  object space 70656K, 10% used [0x0000000080000000,0x000000008076d578,0x0000000084500000)
 Metaspace       used 34264K, capacity 35412K, committed 35496K, reserved 1079296K
  class space    used 4718K, capacity 5001K, committed 5040K, reserved 1048576K
Event: 8.048 GC heap after
Heap after GC invocations=10 (full 2):
 PSYoungGen      total 161280K, used 0K [0x00000000d5580000, 0x00000000e0f80000, 0x0000000100000000)
  eden space 148480K, 0% used [0x00000000d5580000,0x00000000d5580000,0x00000000de680000)
  from space 12800K, 0% used [0x00000000df300000,0x00000000df300000,0x00000000dff80000)
  to   space 12800K, 0% used [0x00000000de680000,0x00000000de680000,0x00000000df300000)
 ParOldGen       total 109056K, used 14851K [0x0000000080000000, 0x0000000086a80000, 0x00000000d5580000)
  object space 109056K, 13% used [0x0000000080000000,0x0000000080e80d60,0x0000000086a80000)
 Metaspace       used 34264K, capacity 35412K, committed 35496K, reserved 1079296K
  class space    used 4718K, capacity 5001K, committed 5040K, reserved 1048576K
}
Event: 9.483 GC heap before
{Heap before GC invocations=11 (full 2):
 PSYoungGen      total 161280K, used 148480K [0x00000000d5580000, 0x00000000e0f80000, 0x0000000100000000)
  eden space 148480K, 100% used [0x00000000d5580000,0x00000000de680000,0x00000000de680000)
  from space 12800K, 0% used [0x00000000df300000,0x00000000df300000,0x00000000dff80000)
  to   space 12800K, 0% used [0x00000000de680000,0x00000000de680000,0x00000000df300000)
 ParOldGen       total 109056K, used 14851K [0x0000000080000000, 0x0000000086a80000, 0x00000000d5580000)
  object space 109056K, 13% used [0x0000000080000000,0x0000000080e80d60,0x0000000086a80000)
 Metaspace       used 37876K, capacity 39596K, committed 39720K, reserved 1083392K
  class space    used 5218K, capacity 5605K, committed 5680K, reserved 1048576K
Event: 9.498 GC heap after
Heap after GC invocations=11 (full 2):
 PSYoungGen      total 161280K, used 9015K [0x00000000d5580000, 0x00000000e2600000, 0x0000000100000000)
  eden space 148480K, 0% used [0x00000000d5580000,0x00000000d5580000,0x00000000de680000)
  from space 12800K, 70% used [0x00000000de680000,0x00000000def4dcd8,0x00000000df300000)
  to   space 12800K, 0% used [0x00000000e1980000,0x00000000e1980000,0x00000000e2600000)
 ParOldGen       total 109056K, used 14859K [0x0000000080000000, 0x0000000086a80000, 0x00000000d5580000)
  object space 109056K, 13% used [0x0000000080000000,0x0000000080e82d60,0x0000000086a80000)
 Metaspace       used 37876K, capacity 39596K, committed 39720K, reserved 1083392K
  class space    used 5218K, capacity 5605K, committed 5680K, reserved 1048576K
}
Event: 11.945 GC heap before
{Heap before GC invocations=12 (full 2):
 PSYoungGen      total 161280K, used 157495K [0x00000000d5580000, 0x00000000e2600000, 0x0000000100000000)
  eden space 148480K, 100% used [0x00000000d5580000,0x00000000de680000,0x00000000de680000)
  from space 12800K, 70% used [0x00000000de680000,0x00000000def4dcd8,0x00000000df300000)
  to   space 12800K, 0% used [0x00000000e1980000,0x00000000e1980000,0x00000000e2600000)
 ParOldGen       total 109056K, used 14859K [0x0000000080000000, 0x0000000086a80000, 0x00000000d5580000)
  object space 109056K, 13% used [0x0000000080000000,0x0000000080e82d60,0x0000000086a80000)
 Metaspace       used 52397K, capacity 54390K, committed 54568K, reserved 1095680K
  class space    used 6962K, capacity 7409K, committed 7472K, reserved 1048576K
Event: 11.985 GC heap after
Heap after GC invocations=12 (full 2):
 PSYoungGen      total 195584K, used 12780K [0x00000000d5580000, 0x00000000e2e00000, 0x0000000100000000)
  eden space 182784K, 0% used [0x00000000d5580000,0x00000000d5580000,0x00000000e0800000)
  from space 12800K, 99% used [0x00000000e1980000,0x00000000e25fb310,0x00000000e2600000)
  to   space 17920K, 0% used [0x00000000e0800000,0x00000000e0800000,0x00000000e1980000)
 ParOldGen       total 109056K, used 25971K [0x0000000080000000, 0x0000000086a80000, 0x00000000d5580000)
  object space 109056K, 23% used [0x0000000080000000,0x000000008195ced8,0x0000000086a80000)
 Metaspace       used 52397K, capacity 54390K, committed 54568K, reserved 1095680K
  class space    used 6962K, capacity 7409K, committed 7472K, reserved 1048576K
}
Event: 13.180 GC heap before
{Heap before GC invocations=13 (full 2):
 PSYoungGen      total 195584K, used 89741K [0x00000000d5580000, 0x00000000e2e00000, 0x0000000100000000)
  eden space 182784K, 42% used [0x00000000d5580000,0x00000000da0a8328,0x00000000e0800000)
  from space 12800K, 99% used [0x00000000e1980000,0x00000000e25fb310,0x00000000e2600000)
  to   space 17920K, 0% used [0x00000000e0800000,0x00000000e0800000,0x00000000e1980000)
 ParOldGen       total 109056K, used 25971K [0x0000000080000000, 0x0000000086a80000, 0x00000000d5580000)
  object space 109056K, 23% used [0x0000000080000000,0x000000008195ced8,0x0000000086a80000)
 Metaspace       used 56868K, capacity 59046K, committed 59160K, reserved 1099776K
  class space    used 7697K, capacity 8184K, committed 8240K, reserved 1048576K
Event: 13.225 GC heap after
Heap after GC invocations=13 (full 2):
 PSYoungGen      total 200704K, used 17908K [0x00000000d5580000, 0x00000000e2e00000, 0x0000000100000000)
  eden space 182784K, 0% used [0x00000000d5580000,0x00000000d5580000,0x00000000e0800000)
  from space 17920K, 99% used [0x00000000e0800000,0x00000000e197d298,0x00000000e1980000)
  to   space 12800K, 0% used [0x00000000e1980000,0x00000000e1980000,0x00000000e2600000)
 ParOldGen       total 109056K, used 29406K [0x0000000080000000, 0x0000000086a80000, 0x00000000d5580000)
  object space 109056K, 26% used [0x0000000080000000,0x0000000081cb7bb8,0x0000000086a80000)
 Metaspace       used 56868K, capacity 59046K, committed 59160K, reserved 1099776K
  class space    used 7697K, capacity 8184K, committed 8240K, reserved 1048576K
}
Event: 13.225 GC heap before
{Heap before GC invocations=14 (full 3):
 PSYoungGen      total 200704K, used 17908K [0x00000000d5580000, 0x00000000e2e00000, 0x0000000100000000)
  eden space 182784K, 0% used [0x00000000d5580000,0x00000000d5580000,0x00000000e0800000)
  from space 17920K, 99% used [0x00000000e0800000,0x00000000e197d298,0x00000000e1980000)
  to   space 12800K, 0% used [0x00000000e1980000,0x00000000e1980000,0x00000000e2600000)
 ParOldGen       total 109056K, used 29406K [0x0000000080000000, 0x0000000086a80000, 0x00000000d5580000)
  object space 109056K, 26% used [0x0000000080000000,0x0000000081cb7bb8,0x0000000086a80000)
 Metaspace       used 56868K, capacity 59046K, committed 59160K, reserved 1099776K
  class space    used 7697K, capacity 8184K, committed 8240K, reserved 1048576K
Event: 13.634 GC heap after
Heap after GC invocations=14 (full 3):
 PSYoungGen      total 200704K, used 0K [0x00000000d5580000, 0x00000000e2e00000, 0x0000000100000000)
  eden space 182784K, 0% used [0x00000000d5580000,0x00000000d5580000,0x00000000e0800000)
  from space 17920K, 0% used [0x00000000e0800000,0x00000000e0800000,0x00000000e1980000)
  to   space 12800K, 0% used [0x00000000e1980000,0x00000000e1980000,0x00000000e2600000)
 ParOldGen       total 109056K, used 35323K [0x0000000080000000, 0x0000000086a80000, 0x00000000d5580000)
  object space 109056K, 32% used [0x0000000080000000,0x000000008227ed88,0x0000000086a80000)
 Metaspace       used 56843K, capacity 58962K, committed 59160K, reserved 1099776K
  class space    used 7690K, capacity 8170K, committed 8240K, reserved 1048576K
}

