# JRE version: OpenJDK Runtime Environment (8.0_242-b01) (build 1.8.0_242-release-1644-b01)
# Java VM: OpenJDK 64-Bit Server VM (25.242-b01 mixed mode windows-amd64 compressed oops)
Heap:
 PSYoungGen      total 354304K, used 155477K [0x00000000d5580000, 0x00000000f0480000, 0x0000000100000000)
  eden space 292864K, 46% used [0x00000000d5580000,0x00000000dd9c1a98,0x00000000e7380000)
  from space 61440K, 32% used [0x00000000ec880000,0x00000000edc13aa0,0x00000000f0480000)
  to   space 74240K, 0% used [0x00000000e7380000,0x00000000e7380000,0x00000000ebc00000)
 ParOldGen       total 370176K, used 158841K [0x0000000080000000, 0x0000000096980000, 0x00000000d5580000)
  object space 370176K, 42% used [0x0000000080000000,0x0000000089b1e6f8,0x0000000096980000)
 Metaspace       used 83859K, capacity 87870K, committed 88344K, reserved 1126400K
  class space    used 11440K, capacity 12238K, committed 12336K, reserved 1048576K
GC Heap History (10 events):
Event: 13.615 GC heap before
{Heap before GC invocations=16 (full 3):
 PSYoungGen      total 248320K, used 248295K [0x00000000d5580000, 0x00000000e6580000, 0x0000000100000000)
  eden space 229888K, 100% used [0x00000000d5580000,0x00000000e3600000,0x00000000e3600000)
  from space 18432K, 99% used [0x00000000e5380000,0x00000000e6579f70,0x00000000e6580000)
  to   space 23040K, 0% used [0x00000000e3880000,0x00000000e3880000,0x00000000e4f00000)
 ParOldGen       total 161792K, used 34453K [0x0000000080000000, 0x0000000089e00000, 0x00000000d5580000)
  object space 161792K, 21% used [0x0000000080000000,0x00000000821a5530,0x0000000089e00000)
 Metaspace       used 71121K, capacity 74506K, committed 74648K, reserved 1114112K
  class space    used 9721K, capacity 10383K, committed 10416K, reserved 1048576K
Event: 13.633 GC heap after
Heap after GC invocations=16 (full 3):
 PSYoungGen      total 255488K, used 23034K [0x00000000d5580000, 0x00000000e9080000, 0x0000000100000000)
  eden space 232448K, 0% used [0x00000000d5580000,0x00000000d5580000,0x00000000e3880000)
  from space 23040K, 99% used [0x00000000e3880000,0x00000000e4efe9e0,0x00000000e4f00000)
  to   space 27648K, 0% used [0x00000000e7580000,0x00000000e7580000,0x00000000e9080000)
 ParOldGen       total 161792K, used 38407K [0x0000000080000000, 0x0000000089e00000, 0x00000000d5580000)
  object space 161792K, 23% used [0x0000000080000000,0x0000000082581f80,0x0000000089e00000)
 Metaspace       used 71121K, capacity 74506K, committed 74648K, reserved 1114112K
  class space    used 9721K, capacity 10383K, committed 10416K, reserved 1048576K
}
Event: 15.182 GC heap before
{Heap before GC invocations=17 (full 3):
 PSYoungGen      total 255488K, used 255482K [0x00000000d5580000, 0x00000000e9080000, 0x0000000100000000)
  eden space 232448K, 100% used [0x00000000d5580000,0x00000000e3880000,0x00000000e3880000)
  from space 23040K, 99% used [0x00000000e3880000,0x00000000e4efe9e0,0x00000000e4f00000)
  to   space 27648K, 0% used [0x00000000e7580000,0x00000000e7580000,0x00000000e9080000)
 ParOldGen       total 161792K, used 38407K [0x0000000080000000, 0x0000000089e00000, 0x00000000d5580000)
  object space 161792K, 23% used [0x0000000080000000,0x0000000082581f80,0x0000000089e00000)
 Metaspace       used 74309K, capacity 77852K, committed 77976K, reserved 1116160K
  class space    used 10133K, capacity 10838K, committed 10928K, reserved 1048576K
Event: 15.219 GC heap after
Heap after GC invocations=17 (full 3):
 PSYoungGen      total 275968K, used 27645K [0x00000000d5580000, 0x00000000ebb00000, 0x0000000100000000)
  eden space 248320K, 0% used [0x00000000d5580000,0x00000000d5580000,0x00000000e4800000)
  from space 27648K, 99% used [0x00000000e7580000,0x00000000e907f7e8,0x00000000e9080000)
  to   space 46592K, 0% used [0x00000000e4800000,0x00000000e4800000,0x00000000e7580000)
 ParOldGen       total 161792K, used 78620K [0x0000000080000000, 0x0000000089e00000, 0x00000000d5580000)
  object space 161792K, 48% used [0x0000000080000000,0x0000000084cc7218,0x0000000089e00000)
 Metaspace       used 74309K, capacity 77852K, committed 77976K, reserved 1116160K
  class space    used 10133K, capacity 10838K, committed 10928K, reserved 1048576K
}
Event: 17.227 GC heap before
{Heap before GC invocations=18 (full 3):
 PSYoungGen      total 275968K, used 275965K [0x00000000d5580000, 0x00000000ebb00000, 0x0000000100000000)
  eden space 248320K, 100% used [0x00000000d5580000,0x00000000e4800000,0x00000000e4800000)
  from space 27648K, 99% used [0x00000000e7580000,0x00000000e907f7e8,0x00000000e9080000)
  to   space 46592K, 0% used [0x00000000e4800000,0x00000000e4800000,0x00000000e7580000)
 ParOldGen       total 161792K, used 78620K [0x0000000080000000, 0x0000000089e00000, 0x00000000d5580000)
  object space 161792K, 48% used [0x0000000080000000,0x0000000084cc7218,0x0000000089e00000)
 Metaspace       used 78533K, capacity 82802K, committed 83096K, reserved 1120256K
  class space    used 10820K, capacity 11645K, committed 11696K, reserved 1048576K
Event: 17.329 GC heap after
Heap after GC invocations=18 (full 3):
 PSYoungGen      total 294912K, used 46576K [0x00000000d5580000, 0x00000000f1500000, 0x0000000100000000)
  eden space 248320K, 0% used [0x00000000d5580000,0x00000000d5580000,0x00000000e4800000)
  from space 46592K, 99% used [0x00000000e4800000,0x00000000e757c288,0x00000000e7580000)
  to   space 78336K, 0% used [0x00000000ec880000,0x00000000ec880000,0x00000000f1500000)
 ParOldGen       total 161792K, used 143636K [0x0000000080000000, 0x0000000089e00000, 0x00000000d5580000)
  object space 161792K, 88% used [0x0000000080000000,0x0000000088c45340,0x0000000089e00000)
 Metaspace       used 78533K, capacity 82802K, committed 83096K, reserved 1120256K
  class space    used 10820K, capacity 11645K, committed 11696K, reserved 1048576K
}
Event: 17.329 GC heap before
{Heap before GC invocations=19 (full 4):
 PSYoungGen      total 294912K, used 46576K [0x00000000d5580000, 0x00000000f1500000, 0x0000000100000000)
  eden space 248320K, 0% used [0x00000000d5580000,0x00000000d5580000,0x00000000e4800000)
  from space 46592K, 99% used [0x00000000e4800000,0x00000000e757c288,0x00000000e7580000)
  to   space 78336K, 0% used [0x00000000ec880000,0x00000000ec880000,0x00000000f1500000)
 ParOldGen       total 161792K, used 143636K [0x0000000080000000, 0x0000000089e00000, 0x00000000d5580000)
  object space 161792K, 88% used [0x0000000080000000,0x0000000088c45340,0x0000000089e00000)
 Metaspace       used 78533K, capacity 82802K, committed 83096K, reserved 1120256K
  class space    used 10820K, capacity 11645K, committed 11696K, reserved 1048576K
Event: 17.952 GC heap after
Heap after GC invocations=19 (full 4):
 PSYoungGen      total 294912K, used 0K [0x00000000d5580000, 0x00000000f1500000, 0x0000000100000000)
  eden space 248320K, 0% used [0x00000000d5580000,0x00000000d5580000,0x00000000e4800000)
  from space 46592K, 0% used [0x00000000e4800000,0x00000000e4800000,0x00000000e7580000)
  to   space 78336K, 0% used [0x00000000ec880000,0x00000000ec880000,0x00000000f1500000)
 ParOldGen       total 370176K, used 158833K [0x0000000080000000, 0x0000000096980000, 0x00000000d5580000)
  object space 370176K, 42% used [0x0000000080000000,0x0000000089b1c6f8,0x0000000096980000)
 Metaspace       used 78199K, capacity 81828K, committed 83096K, reserved 1120256K
  class space    used 10709K, capacity 11450K, committed 11696K, reserved 1048576K
}
Event: 18.941 GC heap before
{Heap before GC invocations=20 (full 4):
 PSYoungGen      total 294912K, used 248320K [0x00000000d5580000, 0x00000000f1500000, 0x0000000100000000)
  eden space 248320K, 100% used [0x00000000d5580000,0x00000000e4800000,0x00000000e4800000)
  from space 46592K, 0% used [0x00000000e4800000,0x00000000e4800000,0x00000000e7580000)
  to   space 78336K, 0% used [0x00000000ec880000,0x00000000ec880000,0x00000000f1500000)
 ParOldGen       total 370176K, used 158833K [0x0000000080000000, 0x0000000096980000, 0x00000000d5580000)
  object space 370176K, 42% used [0x0000000080000000,0x0000000089b1c6f8,0x0000000096980000)
 Metaspace       used 79566K, capacity 83250K, committed 84248K, reserved 1122304K
  class space    used 10828K, capacity 11579K, committed 11824K, reserved 1048576K
Event: 18.960 GC heap after
Heap after GC invocations=20 (full 4):
 PSYoungGen      total 354304K, used 20046K [0x00000000d5580000, 0x00000000f0480000, 0x0000000100000000)
  eden space 292864K, 0% used [0x00000000d5580000,0x00000000d5580000,0x00000000e7380000)
  from space 61440K, 32% used [0x00000000ec880000,0x00000000edc13aa0,0x00000000f0480000)
  to   space 74240K, 0% used [0x00000000e7380000,0x00000000e7380000,0x00000000ebc00000)
 ParOldGen       total 370176K, used 158841K [0x0000000080000000, 0x0000000096980000, 0x00000000d5580000)
  object space 370176K, 42% used [0x0000000080000000,0x0000000089b1e6f8,0x0000000096980000)
 Metaspace       used 79566K, capacity 83250K, committed 84248K, reserved 1122304K
  class space    used 10828K, capacity 11579K, committed 11824K, reserved 1048576K
}

