# JRE version: OpenJDK Runtime Environment (8.0_242-b01) (build 1.8.0_242-release-1644-b01)
# Java VM: OpenJDK 64-Bit Server VM (25.242-b01 mixed mode windows-amd64 compressed oops)
Heap:
 PSYoungGen      total 140288K, used 121396K [0x0000000780a00000, 0x000000078a700000, 0x00000007c0000000)
  eden space 132096K, 85% used [0x0000000780a00000,0x0000000787890178,0x0000000788b00000)
  from space 8192K, 99% used [0x0000000789300000,0x0000000789afd1e8,0x0000000789b00000)
  to   space 8192K, 0% used [0x0000000788b00000,0x0000000788b00000,0x0000000789300000)
 ParOldGen       total 167424K, used 97642K [0x0000000701e00000, 0x000000070c180000, 0x0000000780a00000)
  object space 167424K, 58% used [0x0000000701e00000,0x0000000707d5aa68,0x000000070c180000)
 Metaspace       used 61657K, capacity 63249K, committed 63360K, reserved 1105920K
  class space    used 7163K, capacity 7536K, committed 7552K, reserved 1048576K
GC Heap History (10 events):
Event: 7.279 GC heap before
{Heap before GC invocations=9 (full 2):
 PSYoungGen      total 140288K, used 140264K [0x0000000780a00000, 0x000000078a700000, 0x00000007c0000000)
  eden space 132096K, 100% used [0x0000000780a00000,0x0000000788b00000,0x0000000788b00000)
  from space 8192K, 99% used [0x0000000789300000,0x0000000789afa2e0,0x0000000789b00000)
  to   space 8192K, 0% used [0x0000000788b00000,0x0000000788b00000,0x0000000789300000)
 ParOldGen       total 167424K, used 70638K [0x0000000701e00000, 0x000000070c180000, 0x0000000780a00000)
  object space 167424K, 42% used [0x0000000701e00000,0x00000007062fb8d0,0x000000070c180000)
 Metaspace       used 57411K, capacity 58511K, committed 58752K, reserved 1101824K
  class space    used 6936K, capacity 7213K, committed 7296K, reserved 1048576K
Event: 7.305 GC heap after
Heap after GC invocations=9 (full 2):
 PSYoungGen      total 140288K, used 8188K [0x0000000780a00000, 0x000000078a700000, 0x00000007c0000000)
  eden space 132096K, 0% used [0x0000000780a00000,0x0000000780a00000,0x0000000788b00000)
  from space 8192K, 99% used [0x0000000788b00000,0x00000007892ff1f8,0x0000000789300000)
  to   space 8192K, 0% used [0x0000000789300000,0x0000000789300000,0x0000000789b00000)
 ParOldGen       total 167424K, used 90704K [0x0000000701e00000, 0x000000070c180000, 0x0000000780a00000)
  object space 167424K, 54% used [0x0000000701e00000,0x0000000707694330,0x000000070c180000)
 Metaspace       used 57411K, capacity 58511K, committed 58752K, reserved 1101824K
  class space    used 6936K, capacity 7213K, committed 7296K, reserved 1048576K
}
Event: 7.664 GC heap before
{Heap before GC invocations=10 (full 2):
 PSYoungGen      total 140288K, used 21329K [0x0000000780a00000, 0x000000078a700000, 0x00000007c0000000)
  eden space 132096K, 9% used [0x0000000780a00000,0x00000007816d53b0,0x0000000788b00000)
  from space 8192K, 99% used [0x0000000788b00000,0x00000007892ff1f8,0x0000000789300000)
  to   space 8192K, 0% used [0x0000000789300000,0x0000000789300000,0x0000000789b00000)
 ParOldGen       total 167424K, used 90704K [0x0000000701e00000, 0x000000070c180000, 0x0000000780a00000)
  object space 167424K, 54% used [0x0000000701e00000,0x0000000707694330,0x000000070c180000)
 Metaspace       used 57759K, capacity 58853K, committed 59008K, reserved 1101824K
  class space    used 6945K, capacity 7216K, committed 7296K, reserved 1048576K
Event: 7.675 GC heap after
Heap after GC invocations=10 (full 2):
 PSYoungGen      total 140288K, used 8188K [0x0000000780a00000, 0x000000078a700000, 0x00000007c0000000)
  eden space 132096K, 0% used [0x0000000780a00000,0x0000000780a00000,0x0000000788b00000)
  from space 8192K, 99% used [0x0000000789300000,0x0000000789aff1f8,0x0000000789b00000)
  to   space 8192K, 0% used [0x0000000788b00000,0x0000000788b00000,0x0000000789300000)
 ParOldGen       total 167424K, used 91923K [0x0000000701e00000, 0x000000070c180000, 0x0000000780a00000)
  object space 167424K, 54% used [0x0000000701e00000,0x00000007077c4c88,0x000000070c180000)
 Metaspace       used 57759K, capacity 58853K, committed 59008K, reserved 1101824K
  class space    used 6945K, capacity 7216K, committed 7296K, reserved 1048576K
}
Event: 7.675 GC heap before
{Heap before GC invocations=11 (full 3):
 PSYoungGen      total 140288K, used 8188K [0x0000000780a00000, 0x000000078a700000, 0x00000007c0000000)
  eden space 132096K, 0% used [0x0000000780a00000,0x0000000780a00000,0x0000000788b00000)
  from space 8192K, 99% used [0x0000000789300000,0x0000000789aff1f8,0x0000000789b00000)
  to   space 8192K, 0% used [0x0000000788b00000,0x0000000788b00000,0x0000000789300000)
 ParOldGen       total 167424K, used 91923K [0x0000000701e00000, 0x000000070c180000, 0x0000000780a00000)
  object space 167424K, 54% used [0x0000000701e00000,0x00000007077c4c88,0x000000070c180000)
 Metaspace       used 57759K, capacity 58853K, committed 59008K, reserved 1101824K
  class space    used 6945K, capacity 7216K, committed 7296K, reserved 1048576K
Event: 7.980 GC heap after
Heap after GC invocations=11 (full 3):
 PSYoungGen      total 140288K, used 0K [0x0000000780a00000, 0x000000078a700000, 0x00000007c0000000)
  eden space 132096K, 0% used [0x0000000780a00000,0x0000000780a00000,0x0000000788b00000)
  from space 8192K, 0% used [0x0000000789300000,0x0000000789300000,0x0000000789b00000)
  to   space 8192K, 0% used [0x0000000788b00000,0x0000000788b00000,0x0000000789300000)
 ParOldGen       total 167424K, used 75887K [0x0000000701e00000, 0x000000070c180000, 0x0000000780a00000)
  object space 167424K, 45% used [0x0000000701e00000,0x000000070681bd48,0x000000070c180000)
 Metaspace       used 57759K, capacity 58853K, committed 59008K, reserved 1101824K
  class space    used 6945K, capacity 7216K, committed 7296K, reserved 1048576K
}
Event: 11.040 GC heap before
{Heap before GC invocations=12 (full 3):
 PSYoungGen      total 140288K, used 132096K [0x0000000780a00000, 0x000000078a700000, 0x00000007c0000000)
  eden space 132096K, 100% used [0x0000000780a00000,0x0000000788b00000,0x0000000788b00000)
  from space 8192K, 0% used [0x0000000789300000,0x0000000789300000,0x0000000789b00000)
  to   space 8192K, 0% used [0x0000000788b00000,0x0000000788b00000,0x0000000789300000)
 ParOldGen       total 167424K, used 75887K [0x0000000701e00000, 0x000000070c180000, 0x0000000780a00000)
  object space 167424K, 45% used [0x0000000701e00000,0x000000070681bd48,0x000000070c180000)
 Metaspace       used 59463K, capacity 60681K, committed 60928K, reserved 1103872K
  class space    used 7026K, capacity 7330K, committed 7424K, reserved 1048576K
Event: 11.053 GC heap after
Heap after GC invocations=12 (full 3):
 PSYoungGen      total 140288K, used 8172K [0x0000000780a00000, 0x000000078a700000, 0x00000007c0000000)
  eden space 132096K, 0% used [0x0000000780a00000,0x0000000780a00000,0x0000000788b00000)
  from space 8192K, 99% used [0x0000000788b00000,0x00000007892fb338,0x0000000789300000)
  to   space 8192K, 0% used [0x0000000789300000,0x0000000789300000,0x0000000789b00000)
 ParOldGen       total 167424K, used 83252K [0x0000000701e00000, 0x000000070c180000, 0x0000000780a00000)
  object space 167424K, 49% used [0x0000000701e00000,0x0000000706f4d208,0x000000070c180000)
 Metaspace       used 59463K, capacity 60681K, committed 60928K, reserved 1103872K
  class space    used 7026K, capacity 7330K, committed 7424K, reserved 1048576K
}
Event: 13.268 GC heap before
{Heap before GC invocations=13 (full 3):
 PSYoungGen      total 140288K, used 140268K [0x0000000780a00000, 0x000000078a700000, 0x00000007c0000000)
  eden space 132096K, 100% used [0x0000000780a00000,0x0000000788b00000,0x0000000788b00000)
  from space 8192K, 99% used [0x0000000788b00000,0x00000007892fb338,0x0000000789300000)
  to   space 8192K, 0% used [0x0000000789300000,0x0000000789300000,0x0000000789b00000)
 ParOldGen       total 167424K, used 83252K [0x0000000701e00000, 0x000000070c180000, 0x0000000780a00000)
  object space 167424K, 49% used [0x0000000701e00000,0x0000000706f4d208,0x000000070c180000)
 Metaspace       used 60936K, capacity 62475K, committed 62592K, reserved 1103872K
  class space    used 7133K, capacity 7499K, committed 7552K, reserved 1048576K
Event: 13.287 GC heap after
Heap after GC invocations=13 (full 3):
 PSYoungGen      total 140288K, used 8180K [0x0000000780a00000, 0x000000078a700000, 0x00000007c0000000)
  eden space 132096K, 0% used [0x0000000780a00000,0x0000000780a00000,0x0000000788b00000)
  from space 8192K, 99% used [0x0000000789300000,0x0000000789afd1e8,0x0000000789b00000)
  to   space 8192K, 0% used [0x0000000788b00000,0x0000000788b00000,0x0000000789300000)
 ParOldGen       total 167424K, used 97642K [0x0000000701e00000, 0x000000070c180000, 0x0000000780a00000)
  object space 167424K, 58% used [0x0000000701e00000,0x0000000707d5aa68,0x000000070c180000)
 Metaspace       used 60936K, capacity 62475K, committed 62592K, reserved 1103872K
  class space    used 7133K, capacity 7499K, committed 7552K, reserved 1048576K
}

