# JRE version: OpenJDK Runtime Environment (8.0_242-b01) (build 1.8.0_242-release-1644-b01)
# Java VM: OpenJDK 64-Bit Server VM (25.242-b01 mixed mode windows-amd64 compressed oops)
Heap:
 PSYoungGen      total 219136K, used 214096K [0x0000000780a00000, 0x0000000790a00000, 0x00000007c0000000)
  eden space 178176K, 100% used [0x0000000780a00000,0x000000078b800000,0x000000078b800000)
  from space 40960K, 87% used [0x000000078b800000,0x000000078db14320,0x000000078e000000)
  to   space 34304K, 40% used [0x000000078e000000,0x000000078eda4d98,0x0000000790180000)
 ParOldGen       total 167424K, used 85410K [0x0000000701e00000, 0x000000070c180000, 0x0000000780a00000)
  object space 167424K, 51% used [0x0000000701e00000,0x0000000707168918,0x000000070c180000)
 Metaspace       used 62259K, capacity 63839K, committed 64128K, reserved 1105920K
  class space    used 7183K, capacity 7539K, committed 7552K, reserved 1048576K
GC Heap History (10 events):
Event: 8.324 GC heap after
Heap after GC invocations=8 (full 2):
 PSYoungGen      total 212480K, used 34287K [0x0000000780a00000, 0x0000000790a00000, 0x00000007c0000000)
  eden space 178176K, 0% used [0x0000000780a00000,0x0000000780a00000,0x000000078b800000)
  from space 34304K, 99% used [0x000000078e000000,0x000000079017bd40,0x0000000790180000)
  to   space 40960K, 0% used [0x000000078b800000,0x000000078b800000,0x000000078e000000)
 ParOldGen       total 167424K, used 45769K [0x0000000701e00000, 0x000000070c180000, 0x0000000780a00000)
  object space 167424K, 27% used [0x0000000701e00000,0x0000000704ab27e0,0x000000070c180000)
 Metaspace       used 47410K, capacity 48263K, committed 48384K, reserved 1091584K
  class space    used 5649K, capacity 5881K, committed 5888K, reserved 1048576K
}
Event: 11.055 GC heap before
{Heap before GC invocations=9 (full 2):
 PSYoungGen      total 212480K, used 182308K [0x0000000780a00000, 0x0000000790a00000, 0x00000007c0000000)
  eden space 178176K, 83% used [0x0000000780a00000,0x0000000789a8d440,0x000000078b800000)
  from space 34304K, 99% used [0x000000078e000000,0x000000079017bd40,0x0000000790180000)
  to   space 40960K, 0% used [0x000000078b800000,0x000000078b800000,0x000000078e000000)
 ParOldGen       total 167424K, used 45769K [0x0000000701e00000, 0x000000070c180000, 0x0000000780a00000)
  object space 167424K, 27% used [0x0000000701e00000,0x0000000704ab27e0,0x000000070c180000)
 Metaspace       used 57708K, capacity 58849K, committed 59008K, reserved 1101824K
  class space    used 6940K, capacity 7214K, committed 7296K, reserved 1048576K
Event: 11.094 GC heap after
Heap after GC invocations=9 (full 2):
 PSYoungGen      total 219136K, used 40944K [0x0000000780a00000, 0x0000000790a00000, 0x00000007c0000000)
  eden space 178176K, 0% used [0x0000000780a00000,0x0000000780a00000,0x000000078b800000)
  from space 40960K, 99% used [0x000000078b800000,0x000000078dffc248,0x000000078e000000)
  to   space 34304K, 0% used [0x000000078e000000,0x000000078e000000,0x0000000790180000)
 ParOldGen       total 167424K, used 55980K [0x0000000701e00000, 0x000000070c180000, 0x0000000780a00000)
  object space 167424K, 33% used [0x0000000701e00000,0x00000007054ab250,0x000000070c180000)
 Metaspace       used 57708K, capacity 58849K, committed 59008K, reserved 1101824K
  class space    used 6940K, capacity 7214K, committed 7296K, reserved 1048576K
}
Event: 11.094 GC heap before
{Heap before GC invocations=10 (full 3):
 PSYoungGen      total 219136K, used 40944K [0x0000000780a00000, 0x0000000790a00000, 0x00000007c0000000)
  eden space 178176K, 0% used [0x0000000780a00000,0x0000000780a00000,0x000000078b800000)
  from space 40960K, 99% used [0x000000078b800000,0x000000078dffc248,0x000000078e000000)
  to   space 34304K, 0% used [0x000000078e000000,0x000000078e000000,0x0000000790180000)
 ParOldGen       total 167424K, used 55980K [0x0000000701e00000, 0x000000070c180000, 0x0000000780a00000)
  object space 167424K, 33% used [0x0000000701e00000,0x00000007054ab250,0x000000070c180000)
 Metaspace       used 57708K, capacity 58849K, committed 59008K, reserved 1101824K
  class space    used 6940K, capacity 7214K, committed 7296K, reserved 1048576K
Event: 11.449 GC heap after
Heap after GC invocations=10 (full 3):
 PSYoungGen      total 219136K, used 0K [0x0000000780a00000, 0x0000000790a00000, 0x00000007c0000000)
  eden space 178176K, 0% used [0x0000000780a00000,0x0000000780a00000,0x000000078b800000)
  from space 40960K, 0% used [0x000000078b800000,0x000000078b800000,0x000000078e000000)
  to   space 34304K, 0% used [0x000000078e000000,0x000000078e000000,0x0000000790180000)
 ParOldGen       total 167424K, used 85394K [0x0000000701e00000, 0x000000070c180000, 0x0000000780a00000)
  object space 167424K, 51% used [0x0000000701e00000,0x0000000707164918,0x000000070c180000)
 Metaspace       used 57708K, capacity 58849K, committed 59008K, reserved 1101824K
  class space    used 6940K, capacity 7214K, committed 7296K, reserved 1048576K
}
Event: 16.265 GC heap before
{Heap before GC invocations=11 (full 3):
 PSYoungGen      total 219136K, used 178176K [0x0000000780a00000, 0x0000000790a00000, 0x00000007c0000000)
  eden space 178176K, 100% used [0x0000000780a00000,0x000000078b800000,0x000000078b800000)
  from space 40960K, 0% used [0x000000078b800000,0x000000078b800000,0x000000078e000000)
  to   space 34304K, 0% used [0x000000078e000000,0x000000078e000000,0x0000000790180000)
 ParOldGen       total 167424K, used 85394K [0x0000000701e00000, 0x000000070c180000, 0x0000000780a00000)
  object space 167424K, 51% used [0x0000000701e00000,0x0000000707164918,0x000000070c180000)
 Metaspace       used 59842K, capacity 61079K, committed 61184K, reserved 1103872K
  class space    used 7032K, capacity 7331K, committed 7424K, reserved 1048576K
Event: 16.283 GC heap after
Heap after GC invocations=11 (full 3):
 PSYoungGen      total 212480K, used 20335K [0x0000000780a00000, 0x0000000790a00000, 0x00000007c0000000)
  eden space 178176K, 0% used [0x0000000780a00000,0x0000000780a00000,0x000000078b800000)
  from space 34304K, 59% used [0x000000078e000000,0x000000078f3dbff8,0x0000000790180000)
  to   space 40960K, 0% used [0x000000078b800000,0x000000078b800000,0x000000078e000000)
 ParOldGen       total 167424K, used 85402K [0x0000000701e00000, 0x000000070c180000, 0x0000000780a00000)
  object space 167424K, 51% used [0x0000000701e00000,0x0000000707166918,0x000000070c180000)
 Metaspace       used 59842K, capacity 61079K, committed 61184K, reserved 1103872K
  class space    used 7032K, capacity 7331K, committed 7424K, reserved 1048576K
}
Event: 20.131 GC heap before
{Heap before GC invocations=12 (full 3):
 PSYoungGen      total 212480K, used 198511K [0x0000000780a00000, 0x0000000790a00000, 0x00000007c0000000)
  eden space 178176K, 100% used [0x0000000780a00000,0x000000078b800000,0x000000078b800000)
  from space 34304K, 59% used [0x000000078e000000,0x000000078f3dbff8,0x0000000790180000)
  to   space 40960K, 0% used [0x000000078b800000,0x000000078b800000,0x000000078e000000)
 ParOldGen       total 167424K, used 85402K [0x0000000701e00000, 0x000000070c180000, 0x0000000780a00000)
  object space 167424K, 51% used [0x0000000701e00000,0x0000000707166918,0x000000070c180000)
 Metaspace       used 61542K, capacity 63151K, committed 63360K, reserved 1105920K
  class space    used 7148K, capacity 7503K, committed 7552K, reserved 1048576K
Event: 20.164 GC heap after
Heap after GC invocations=12 (full 3):
 PSYoungGen      total 219136K, used 35920K [0x0000000780a00000, 0x0000000790a00000, 0x00000007c0000000)
  eden space 178176K, 0% used [0x0000000780a00000,0x0000000780a00000,0x000000078b800000)
  from space 40960K, 87% used [0x000000078b800000,0x000000078db14320,0x000000078e000000)
  to   space 34304K, 0% used [0x000000078e000000,0x000000078e000000,0x0000000790180000)
 ParOldGen       total 167424K, used 85410K [0x0000000701e00000, 0x000000070c180000, 0x0000000780a00000)
  object space 167424K, 51% used [0x0000000701e00000,0x0000000707168918,0x000000070c180000)
 Metaspace       used 61542K, capacity 63151K, committed 63360K, reserved 1105920K
  class space    used 7148K, capacity 7503K, committed 7552K, reserved 1048576K
}
Event: 23.321 GC heap before
{Heap before GC invocations=13 (full 3):
 PSYoungGen      total 219136K, used 214096K [0x0000000780a00000, 0x0000000790a00000, 0x00000007c0000000)
  eden space 178176K, 100% used [0x0000000780a00000,0x000000078b800000,0x000000078b800000)
  from space 40960K, 87% used [0x000000078b800000,0x000000078db14320,0x000000078e000000)
  to   space 34304K, 0% used [0x000000078e000000,0x000000078e000000,0x0000000790180000)
 ParOldGen       total 167424K, used 85410K [0x0000000701e00000, 0x000000070c180000, 0x0000000780a00000)
  object space 167424K, 51% used [0x0000000701e00000,0x0000000707168918,0x000000070c180000)
 Metaspace       used 62259K, capacity 63839K, committed 64128K, reserved 1105920K
  class space    used 7183K, capacity 7539K, committed 7552K, reserved 1048576K

