# JRE version: OpenJDK Runtime Environment (8.0_242-b01) (build 1.8.0_242-release-1644-b01)
# Java VM: OpenJDK 64-Bit Server VM (25.242-b01 mixed mode windows-amd64 compressed oops)
Heap:
 PSYoungGen      total 140288K, used 128602K [0x0000000780a00000, 0x000000078a880000, 0x00000007c0000000)
  eden space 132096K, 91% used [0x0000000780a00000,0x0000000787f9c410,0x0000000788b00000)
  from space 8192K, 99% used [0x0000000789300000,0x0000000789afa670,0x0000000789b00000)
  to   space 8192K, 0% used [0x0000000788b00000,0x0000000788b00000,0x0000000789300000)
 ParOldGen       total 166912K, used 72177K [0x0000000701e00000, 0x000000070c100000, 0x0000000780a00000)
  object space 166912K, 43% used [0x0000000701e00000,0x000000070647c688,0x000000070c100000)
 Metaspace       used 55585K, capacity 56541K, committed 56832K, reserved 1099776K
  class space    used 6595K, capacity 6840K, committed 6912K, reserved 1048576K
GC Heap History (10 events):
Event: 2.416 GC heap before
{Heap before GC invocations=4 (full 1):
 PSYoungGen      total 106496K, used 98304K [0x0000000780a00000, 0x0000000787a00000, 0x00000007c0000000)
  eden space 98304K, 100% used [0x0000000780a00000,0x0000000786a00000,0x0000000786a00000)
  from space 8192K, 0% used [0x0000000787200000,0x0000000787200000,0x0000000787a00000)
  to   space 8192K, 0% used [0x0000000786a00000,0x0000000786a00000,0x0000000787200000)
 ParOldGen       total 111616K, used 18527K [0x0000000701e00000, 0x0000000708b00000, 0x0000000780a00000)
  object space 111616K, 16% used [0x0000000701e00000,0x0000000703017d88,0x0000000708b00000)
 Metaspace       used 33528K, capacity 34049K, committed 34432K, reserved 1079296K
  class space    used 4196K, capacity 4372K, committed 4480K, reserved 1048576K
Event: 2.431 GC heap after
Heap after GC invocations=4 (full 1):
 PSYoungGen      total 106496K, used 8183K [0x0000000780a00000, 0x0000000789b00000, 0x00000007c0000000)
  eden space 98304K, 0% used [0x0000000780a00000,0x0000000780a00000,0x0000000786a00000)
  from space 8192K, 99% used [0x0000000786a00000,0x00000007871fdd28,0x0000000787200000)
  to   space 8192K, 0% used [0x0000000789300000,0x0000000789300000,0x0000000789b00000)
 ParOldGen       total 111616K, used 33189K [0x0000000701e00000, 0x0000000708b00000, 0x0000000780a00000)
  object space 111616K, 29% used [0x0000000701e00000,0x0000000703e69718,0x0000000708b00000)
 Metaspace       used 33528K, capacity 34049K, committed 34432K, reserved 1079296K
  class space    used 4196K, capacity 4372K, committed 4480K, reserved 1048576K
}
Event: 2.504 GC heap before
{Heap before GC invocations=5 (full 1):
 PSYoungGen      total 106496K, used 14352K [0x0000000780a00000, 0x0000000789b00000, 0x00000007c0000000)
  eden space 98304K, 6% used [0x0000000780a00000,0x0000000781006440,0x0000000786a00000)
  from space 8192K, 99% used [0x0000000786a00000,0x00000007871fdd28,0x0000000787200000)
  to   space 8192K, 0% used [0x0000000789300000,0x0000000789300000,0x0000000789b00000)
 ParOldGen       total 111616K, used 33189K [0x0000000701e00000, 0x0000000708b00000, 0x0000000780a00000)
  object space 111616K, 29% used [0x0000000701e00000,0x0000000703e69718,0x0000000708b00000)
 Metaspace       used 34672K, capacity 35177K, committed 35416K, reserved 1081344K
  class space    used 4352K, capacity 4534K, committed 4608K, reserved 1048576K
Event: 2.510 GC heap after
Heap after GC invocations=5 (full 1):
 PSYoungGen      total 140288K, used 8186K [0x0000000780a00000, 0x000000078a880000, 0x00000007c0000000)
  eden space 132096K, 0% used [0x0000000780a00000,0x0000000780a00000,0x0000000788b00000)
  from space 8192K, 99% used [0x0000000789300000,0x0000000789afea48,0x0000000789b00000)
  to   space 8192K, 0% used [0x0000000788b00000,0x0000000788b00000,0x0000000789300000)
 ParOldGen       total 111616K, used 34488K [0x0000000701e00000, 0x0000000708b00000, 0x0000000780a00000)
  object space 111616K, 30% used [0x0000000701e00000,0x0000000703fae130,0x0000000708b00000)
 Metaspace       used 34672K, capacity 35177K, committed 35416K, reserved 1081344K
  class space    used 4352K, capacity 4534K, committed 4608K, reserved 1048576K
}
Event: 2.510 GC heap before
{Heap before GC invocations=6 (full 2):
 PSYoungGen      total 140288K, used 8186K [0x0000000780a00000, 0x000000078a880000, 0x00000007c0000000)
  eden space 132096K, 0% used [0x0000000780a00000,0x0000000780a00000,0x0000000788b00000)
  from space 8192K, 99% used [0x0000000789300000,0x0000000789afea48,0x0000000789b00000)
  to   space 8192K, 0% used [0x0000000788b00000,0x0000000788b00000,0x0000000789300000)
 ParOldGen       total 111616K, used 34488K [0x0000000701e00000, 0x0000000708b00000, 0x0000000780a00000)
  object space 111616K, 30% used [0x0000000701e00000,0x0000000703fae130,0x0000000708b00000)
 Metaspace       used 34672K, capacity 35177K, committed 35416K, reserved 1081344K
  class space    used 4352K, capacity 4534K, committed 4608K, reserved 1048576K
Event: 2.558 GC heap after
Heap after GC invocations=6 (full 2):
 PSYoungGen      total 140288K, used 0K [0x0000000780a00000, 0x000000078a880000, 0x00000007c0000000)
  eden space 132096K, 0% used [0x0000000780a00000,0x0000000780a00000,0x0000000788b00000)
  from space 8192K, 0% used [0x0000000789300000,0x0000000789300000,0x0000000789b00000)
  to   space 8192K, 0% used [0x0000000788b00000,0x0000000788b00000,0x0000000789300000)
 ParOldGen       total 166912K, used 24008K [0x0000000701e00000, 0x000000070c100000, 0x0000000780a00000)
  object space 166912K, 14% used [0x0000000701e00000,0x00000007035722c8,0x000000070c100000)
 Metaspace       used 34672K, capacity 35177K, committed 35416K, reserved 1081344K
  class space    used 4352K, capacity 4534K, committed 4608K, reserved 1048576K
}
Event: 4.396 GC heap before
{Heap before GC invocations=7 (full 2):
 PSYoungGen      total 140288K, used 132096K [0x0000000780a00000, 0x000000078a880000, 0x00000007c0000000)
  eden space 132096K, 100% used [0x0000000780a00000,0x0000000788b00000,0x0000000788b00000)
  from space 8192K, 0% used [0x0000000789300000,0x0000000789300000,0x0000000789b00000)
  to   space 8192K, 0% used [0x0000000788b00000,0x0000000788b00000,0x0000000789300000)
 ParOldGen       total 166912K, used 24008K [0x0000000701e00000, 0x000000070c100000, 0x0000000780a00000)
  object space 166912K, 14% used [0x0000000701e00000,0x00000007035722c8,0x000000070c100000)
 Metaspace       used 42667K, capacity 43391K, committed 43520K, reserved 1087488K
  class space    used 5088K, capacity 5275K, committed 5376K, reserved 1048576K
Event: 4.416 GC heap after
Heap after GC invocations=7 (full 2):
 PSYoungGen      total 140288K, used 8168K [0x0000000780a00000, 0x000000078a880000, 0x00000007c0000000)
  eden space 132096K, 0% used [0x0000000780a00000,0x0000000780a00000,0x0000000788b00000)
  from space 8192K, 99% used [0x0000000788b00000,0x00000007892fa000,0x0000000789300000)
  to   space 8192K, 0% used [0x0000000789300000,0x0000000789300000,0x0000000789b00000)
 ParOldGen       total 166912K, used 45005K [0x0000000701e00000, 0x000000070c100000, 0x0000000780a00000)
  object space 166912K, 26% used [0x0000000701e00000,0x00000007049f34d0,0x000000070c100000)
 Metaspace       used 42667K, capacity 43391K, committed 43520K, reserved 1087488K
  class space    used 5088K, capacity 5275K, committed 5376K, reserved 1048576K
}
Event: 5.777 GC heap before
{Heap before GC invocations=8 (full 2):
 PSYoungGen      total 140288K, used 140264K [0x0000000780a00000, 0x000000078a880000, 0x00000007c0000000)
  eden space 132096K, 100% used [0x0000000780a00000,0x0000000788b00000,0x0000000788b00000)
  from space 8192K, 99% used [0x0000000788b00000,0x00000007892fa000,0x0000000789300000)
  to   space 8192K, 0% used [0x0000000789300000,0x0000000789300000,0x0000000789b00000)
 ParOldGen       total 166912K, used 45005K [0x0000000701e00000, 0x000000070c100000, 0x0000000780a00000)
  object space 166912K, 26% used [0x0000000701e00000,0x00000007049f34d0,0x000000070c100000)
 Metaspace       used 47330K, capacity 48173K, committed 48384K, reserved 1091584K
  class space    used 5635K, capacity 5876K, committed 5888K, reserved 1048576K
Event: 5.806 GC heap after
Heap after GC invocations=8 (full 2):
 PSYoungGen      total 140288K, used 8169K [0x0000000780a00000, 0x000000078a880000, 0x00000007c0000000)
  eden space 132096K, 0% used [0x0000000780a00000,0x0000000780a00000,0x0000000788b00000)
  from space 8192K, 99% used [0x0000000789300000,0x0000000789afa670,0x0000000789b00000)
  to   space 8192K, 0% used [0x0000000788b00000,0x0000000788b00000,0x0000000789300000)
 ParOldGen       total 166912K, used 72177K [0x0000000701e00000, 0x000000070c100000, 0x0000000780a00000)
  object space 166912K, 43% used [0x0000000701e00000,0x000000070647c688,0x000000070c100000)
 Metaspace       used 47330K, capacity 48173K, committed 48384K, reserved 1091584K
  class space    used 5635K, capacity 5876K, committed 5888K, reserved 1048576K
}

