# JRE version: OpenJDK Runtime Environment (8.0_242-b01) (build 1.8.0_242-release-1644-b01)
# Java VM: OpenJDK 64-Bit Server VM (25.242-b01 mixed mode windows-amd64 compressed oops)
Heap:
 PSYoungGen      total 266240K, used 201837K [0x0000000780a00000, 0x0000000795280000, 0x00000007c0000000)
  eden space 235008K, 77% used [0x0000000780a00000,0x000000078bae9df0,0x000000078ef80000)
  from space 31232K, 66% used [0x0000000793400000,0x00000007948318c8,0x0000000795280000)
  to   space 50688K, 0% used [0x000000078ef80000,0x000000078ef80000,0x0000000792100000)
 ParOldGen       total 291328K, used 93336K [0x0000000701e00000, 0x0000000713a80000, 0x0000000780a00000)
  object space 291328K, 32% used [0x0000000701e00000,0x0000000707926070,0x0000000713a80000)
 Metaspace       used 61469K, capacity 63071K, committed 63360K, reserved 1105920K
  class space    used 7138K, capacity 7501K, committed 7552K, reserved 1048576K
GC Heap History (10 events):
Event: 4.407 GC heap before
{Heap before GC invocations=7 (full 2):
 PSYoungGen      total 141824K, used 133632K [0x0000000780a00000, 0x000000078a880000, 0x00000007c0000000)
  eden space 133632K, 100% used [0x0000000780a00000,0x0000000788c80000,0x0000000788c80000)
  from space 8192K, 0% used [0x0000000789480000,0x0000000789480000,0x0000000789c80000)
  to   space 8192K, 0% used [0x0000000788c80000,0x0000000788c80000,0x0000000789480000)
 ParOldGen       total 167936K, used 24508K [0x0000000701e00000, 0x000000070c200000, 0x0000000780a00000)
  object space 167936K, 14% used [0x0000000701e00000,0x00000007035ef3f0,0x000000070c200000)
 Metaspace       used 42846K, capacity 43563K, committed 43776K, reserved 1087488K
  class space    used 5113K, capacity 5309K, committed 5376K, reserved 1048576K
Event: 4.424 GC heap after
Heap after GC invocations=7 (full 2):
 PSYoungGen      total 141824K, used 8172K [0x0000000780a00000, 0x0000000790400000, 0x00000007c0000000)
  eden space 133632K, 0% used [0x0000000780a00000,0x0000000780a00000,0x0000000788c80000)
  from space 8192K, 99% used [0x0000000788c80000,0x000000078947b200,0x0000000789480000)
  to   space 34304K, 0% used [0x000000078e280000,0x000000078e280000,0x0000000790400000)
 ParOldGen       total 167936K, used 46268K [0x0000000701e00000, 0x000000070c200000, 0x0000000780a00000)
  object space 167936K, 27% used [0x0000000701e00000,0x0000000704b2f208,0x000000070c200000)
 Metaspace       used 42846K, capacity 43563K, committed 43776K, reserved 1087488K
  class space    used 5113K, capacity 5309K, committed 5376K, reserved 1048576K
}
Event: 5.708 GC heap before
{Heap before GC invocations=8 (full 2):
 PSYoungGen      total 141824K, used 141804K [0x0000000780a00000, 0x0000000790400000, 0x00000007c0000000)
  eden space 133632K, 100% used [0x0000000780a00000,0x0000000788c80000,0x0000000788c80000)
  from space 8192K, 99% used [0x0000000788c80000,0x000000078947b200,0x0000000789480000)
  to   space 34304K, 0% used [0x000000078e280000,0x000000078e280000,0x0000000790400000)
 ParOldGen       total 167936K, used 46268K [0x0000000701e00000, 0x000000070c200000, 0x0000000780a00000)
  object space 167936K, 27% used [0x0000000701e00000,0x0000000704b2f208,0x000000070c200000)
 Metaspace       used 47490K, capacity 48321K, committed 48384K, reserved 1091584K
  class space    used 5650K, capacity 5880K, committed 5888K, reserved 1048576K
Event: 5.736 GC heap after
Heap after GC invocations=8 (full 2):
 PSYoungGen      total 215040K, used 34278K [0x0000000780a00000, 0x0000000791100000, 0x00000007c0000000)
  eden space 180736K, 0% used [0x0000000780a00000,0x0000000780a00000,0x000000078ba80000)
  from space 34304K, 99% used [0x000000078e280000,0x00000007903f9a90,0x0000000790400000)
  to   space 40960K, 0% used [0x000000078ba80000,0x000000078ba80000,0x000000078e280000)
 ParOldGen       total 167936K, used 46746K [0x0000000701e00000, 0x000000070c200000, 0x0000000780a00000)
  object space 167936K, 27% used [0x0000000701e00000,0x0000000704ba6880,0x000000070c200000)
 Metaspace       used 47490K, capacity 48321K, committed 48384K, reserved 1091584K
  class space    used 5650K, capacity 5880K, committed 5888K, reserved 1048576K
}
Event: 7.964 GC heap before
{Heap before GC invocations=9 (full 2):
 PSYoungGen      total 215040K, used 177961K [0x0000000780a00000, 0x0000000791100000, 0x00000007c0000000)
  eden space 180736K, 79% used [0x0000000780a00000,0x0000000789650ae8,0x000000078ba80000)
  from space 34304K, 99% used [0x000000078e280000,0x00000007903f9a90,0x0000000790400000)
  to   space 40960K, 0% used [0x000000078ba80000,0x000000078ba80000,0x000000078e280000)
 ParOldGen       total 167936K, used 46746K [0x0000000701e00000, 0x000000070c200000, 0x0000000780a00000)
  object space 167936K, 27% used [0x0000000701e00000,0x0000000704ba6880,0x000000070c200000)
 Metaspace       used 57703K, capacity 58843K, committed 59008K, reserved 1101824K
  class space    used 6937K, capacity 7213K, committed 7296K, reserved 1048576K
Event: 8.007 GC heap after
Heap after GC invocations=9 (full 2):
 PSYoungGen      total 221696K, used 40946K [0x0000000780a00000, 0x0000000796800000, 0x00000007c0000000)
  eden space 180736K, 0% used [0x0000000780a00000,0x0000000780a00000,0x000000078ba80000)
  from space 40960K, 99% used [0x000000078ba80000,0x000000078e27cb78,0x000000078e280000)
  to   space 53248K, 0% used [0x0000000793400000,0x0000000793400000,0x0000000796800000)
 ParOldGen       total 167936K, used 56635K [0x0000000701e00000, 0x000000070c200000, 0x0000000780a00000)
  object space 167936K, 33% used [0x0000000701e00000,0x000000070554eee0,0x000000070c200000)
 Metaspace       used 57703K, capacity 58843K, committed 59008K, reserved 1101824K
  class space    used 6937K, capacity 7213K, committed 7296K, reserved 1048576K
}
Event: 8.007 GC heap before
{Heap before GC invocations=10 (full 3):
 PSYoungGen      total 221696K, used 40946K [0x0000000780a00000, 0x0000000796800000, 0x00000007c0000000)
  eden space 180736K, 0% used [0x0000000780a00000,0x0000000780a00000,0x000000078ba80000)
  from space 40960K, 99% used [0x000000078ba80000,0x000000078e27cb78,0x000000078e280000)
  to   space 53248K, 0% used [0x0000000793400000,0x0000000793400000,0x0000000796800000)
 ParOldGen       total 167936K, used 56635K [0x0000000701e00000, 0x000000070c200000, 0x0000000780a00000)
  object space 167936K, 33% used [0x0000000701e00000,0x000000070554eee0,0x000000070c200000)
 Metaspace       used 57703K, capacity 58843K, committed 59008K, reserved 1101824K
  class space    used 6937K, capacity 7213K, committed 7296K, reserved 1048576K
Event: 8.309 GC heap after
Heap after GC invocations=10 (full 3):
 PSYoungGen      total 221696K, used 0K [0x0000000780a00000, 0x0000000796800000, 0x00000007c0000000)
  eden space 180736K, 0% used [0x0000000780a00000,0x0000000780a00000,0x000000078ba80000)
  from space 40960K, 0% used [0x000000078ba80000,0x000000078ba80000,0x000000078e280000)
  to   space 53248K, 0% used [0x0000000793400000,0x0000000793400000,0x0000000796800000)
 ParOldGen       total 291328K, used 93328K [0x0000000701e00000, 0x0000000713a80000, 0x0000000780a00000)
  object space 291328K, 32% used [0x0000000701e00000,0x0000000707924070,0x0000000713a80000)
 Metaspace       used 57703K, capacity 58843K, committed 59008K, reserved 1101824K
  class space    used 6937K, capacity 7213K, committed 7296K, reserved 1048576K
}
Event: 13.618 GC heap before
{Heap before GC invocations=11 (full 3):
 PSYoungGen      total 221696K, used 180736K [0x0000000780a00000, 0x0000000796800000, 0x00000007c0000000)
  eden space 180736K, 100% used [0x0000000780a00000,0x000000078ba80000,0x000000078ba80000)
  from space 40960K, 0% used [0x000000078ba80000,0x000000078ba80000,0x000000078e280000)
  to   space 53248K, 0% used [0x0000000793400000,0x0000000793400000,0x0000000796800000)
 ParOldGen       total 291328K, used 93328K [0x0000000701e00000, 0x0000000713a80000, 0x0000000780a00000)
  object space 291328K, 32% used [0x0000000701e00000,0x0000000707924070,0x0000000713a80000)
 Metaspace       used 60149K, capacity 61571K, committed 61696K, reserved 1103872K
  class space    used 7075K, capacity 7413K, committed 7424K, reserved 1048576K
Event: 13.640 GC heap after
Heap after GC invocations=11 (full 3):
 PSYoungGen      total 266240K, used 20678K [0x0000000780a00000, 0x0000000795280000, 0x00000007c0000000)
  eden space 235008K, 0% used [0x0000000780a00000,0x0000000780a00000,0x000000078ef80000)
  from space 31232K, 66% used [0x0000000793400000,0x00000007948318c8,0x0000000795280000)
  to   space 50688K, 0% used [0x000000078ef80000,0x000000078ef80000,0x0000000792100000)
 ParOldGen       total 291328K, used 93336K [0x0000000701e00000, 0x0000000713a80000, 0x0000000780a00000)
  object space 291328K, 32% used [0x0000000701e00000,0x0000000707926070,0x0000000713a80000)
 Metaspace       used 60149K, capacity 61571K, committed 61696K, reserved 1103872K
  class space    used 7075K, capacity 7413K, committed 7424K, reserved 1048576K
}

