# JRE version: OpenJDK Runtime Environment (8.0_242-b01) (build 1.8.0_242-release-1644-b01)
# Java VM: OpenJDK 64-Bit Server VM (25.242-b01 mixed mode windows-amd64 compressed oops)
Heap:
 PSYoungGen      total 212992K, used 57011K [0x0000000780a00000, 0x0000000790d80000, 0x00000007c0000000)
  eden space 169472K, 7% used [0x0000000780a00000,0x000000078172e460,0x000000078af80000)
  from space 43520K, 99% used [0x000000078af80000,0x000000078d9fe7f0,0x000000078da00000)
  to   space 34304K, 0% used [0x000000078da00000,0x000000078da00000,0x000000078fb80000)
 ParOldGen       total 172544K, used 63151K [0x0000000701e00000, 0x000000070c680000, 0x0000000780a00000)
  object space 172544K, 36% used [0x0000000701e00000,0x0000000705babfd8,0x000000070c680000)
 Metaspace       used 57591K, capacity 58701K, committed 59008K, reserved 1101824K
  class space    used 6923K, capacity 7210K, committed 7296K, reserved 1048576K
GC Heap History (10 events):
Event: 2.306 GC heap before
{Heap before GC invocations=5 (full 1):
 PSYoungGen      total 106496K, used 20110K [0x0000000780a00000, 0x0000000789a80000, 0x00000007c0000000)
  eden space 98304K, 12% used [0x0000000780a00000,0x00000007815aa770,0x0000000786a00000)
  from space 8192K, 99% used [0x0000000786a00000,0x00000007871f91c8,0x0000000787200000)
  to   space 8192K, 0% used [0x0000000789280000,0x0000000789280000,0x0000000789a80000)
 ParOldGen       total 111616K, used 33139K [0x0000000701e00000, 0x0000000708b00000, 0x0000000780a00000)
  object space 111616K, 29% used [0x0000000701e00000,0x0000000703e5cfb0,0x0000000708b00000)
 Metaspace       used 34681K, capacity 35181K, committed 35416K, reserved 1081344K
  class space    used 4352K, capacity 4534K, committed 4608K, reserved 1048576K
Event: 2.312 GC heap after
Heap after GC invocations=5 (full 1):
 PSYoungGen      total 139776K, used 8177K [0x0000000780a00000, 0x000000078a400000, 0x00000007c0000000)
  eden space 131584K, 0% used [0x0000000780a00000,0x0000000780a00000,0x0000000788a80000)
  from space 8192K, 99% used [0x0000000789280000,0x0000000789a7c498,0x0000000789a80000)
  to   space 8192K, 0% used [0x0000000788a80000,0x0000000788a80000,0x0000000789280000)
 ParOldGen       total 111616K, used 35007K [0x0000000701e00000, 0x0000000708b00000, 0x0000000780a00000)
  object space 111616K, 31% used [0x0000000701e00000,0x000000070402fe90,0x0000000708b00000)
 Metaspace       used 34681K, capacity 35181K, committed 35416K, reserved 1081344K
  class space    used 4352K, capacity 4534K, committed 4608K, reserved 1048576K
}
Event: 2.312 GC heap before
{Heap before GC invocations=6 (full 2):
 PSYoungGen      total 139776K, used 8177K [0x0000000780a00000, 0x000000078a400000, 0x00000007c0000000)
  eden space 131584K, 0% used [0x0000000780a00000,0x0000000780a00000,0x0000000788a80000)
  from space 8192K, 99% used [0x0000000789280000,0x0000000789a7c498,0x0000000789a80000)
  to   space 8192K, 0% used [0x0000000788a80000,0x0000000788a80000,0x0000000789280000)
 ParOldGen       total 111616K, used 35007K [0x0000000701e00000, 0x0000000708b00000, 0x0000000780a00000)
  object space 111616K, 31% used [0x0000000701e00000,0x000000070402fe90,0x0000000708b00000)
 Metaspace       used 34681K, capacity 35181K, committed 35416K, reserved 1081344K
  class space    used 4352K, capacity 4534K, committed 4608K, reserved 1048576K
Event: 2.364 GC heap after
Heap after GC invocations=6 (full 2):
 PSYoungGen      total 139776K, used 0K [0x0000000780a00000, 0x000000078a400000, 0x00000007c0000000)
  eden space 131584K, 0% used [0x0000000780a00000,0x0000000780a00000,0x0000000788a80000)
  from space 8192K, 0% used [0x0000000789280000,0x0000000789280000,0x0000000789a80000)
  to   space 8192K, 0% used [0x0000000788a80000,0x0000000788a80000,0x0000000789280000)
 ParOldGen       total 172544K, used 25120K [0x0000000701e00000, 0x000000070c680000, 0x0000000780a00000)
  object space 172544K, 14% used [0x0000000701e00000,0x0000000703688188,0x000000070c680000)
 Metaspace       used 34681K, capacity 35181K, committed 35416K, reserved 1081344K
  class space    used 4352K, capacity 4534K, committed 4608K, reserved 1048576K
}
Event: 4.038 GC heap before
{Heap before GC invocations=7 (full 2):
 PSYoungGen      total 139776K, used 131584K [0x0000000780a00000, 0x000000078a400000, 0x00000007c0000000)
  eden space 131584K, 100% used [0x0000000780a00000,0x0000000788a80000,0x0000000788a80000)
  from space 8192K, 0% used [0x0000000789280000,0x0000000789280000,0x0000000789a80000)
  to   space 8192K, 0% used [0x0000000788a80000,0x0000000788a80000,0x0000000789280000)
 ParOldGen       total 172544K, used 25120K [0x0000000701e00000, 0x000000070c680000, 0x0000000780a00000)
  object space 172544K, 14% used [0x0000000701e00000,0x0000000703688188,0x000000070c680000)
 Metaspace       used 42580K, capacity 43333K, committed 43520K, reserved 1087488K
  class space    used 5088K, capacity 5276K, committed 5376K, reserved 1048576K
Event: 4.051 GC heap after
Heap after GC invocations=7 (full 2):
 PSYoungGen      total 139776K, used 8177K [0x0000000780a00000, 0x000000078fb80000, 0x00000007c0000000)
  eden space 131584K, 0% used [0x0000000780a00000,0x0000000780a00000,0x0000000788a80000)
  from space 8192K, 99% used [0x0000000788a80000,0x000000078927c5f8,0x0000000789280000)
  to   space 34304K, 0% used [0x000000078da00000,0x000000078da00000,0x000000078fb80000)
 ParOldGen       total 172544K, used 46844K [0x0000000701e00000, 0x000000070c680000, 0x0000000780a00000)
  object space 172544K, 27% used [0x0000000701e00000,0x0000000704bbf250,0x000000070c680000)
 Metaspace       used 42580K, capacity 43333K, committed 43520K, reserved 1087488K
  class space    used 5088K, capacity 5276K, committed 5376K, reserved 1048576K
}
Event: 5.537 GC heap before
{Heap before GC invocations=8 (full 2):
 PSYoungGen      total 139776K, used 139761K [0x0000000780a00000, 0x000000078fb80000, 0x00000007c0000000)
  eden space 131584K, 100% used [0x0000000780a00000,0x0000000788a80000,0x0000000788a80000)
  from space 8192K, 99% used [0x0000000788a80000,0x000000078927c5f8,0x0000000789280000)
  to   space 34304K, 0% used [0x000000078da00000,0x000000078da00000,0x000000078fb80000)
 ParOldGen       total 172544K, used 46844K [0x0000000701e00000, 0x000000070c680000, 0x0000000780a00000)
  object space 172544K, 27% used [0x0000000701e00000,0x0000000704bbf250,0x000000070c680000)
 Metaspace       used 48812K, capacity 49707K, committed 49920K, reserved 1093632K
  class space    used 5810K, capacity 6043K, committed 6144K, reserved 1048576K
Event: 5.569 GC heap after
Heap after GC invocations=8 (full 2):
 PSYoungGen      total 203776K, used 34272K [0x0000000780a00000, 0x0000000790d80000, 0x00000007c0000000)
  eden space 169472K, 0% used [0x0000000780a00000,0x0000000780a00000,0x000000078af80000)
  from space 34304K, 99% used [0x000000078da00000,0x000000078fb782d8,0x000000078fb80000)
  to   space 43520K, 0% used [0x000000078af80000,0x000000078af80000,0x000000078da00000)
 ParOldGen       total 172544K, used 51675K [0x0000000701e00000, 0x000000070c680000, 0x0000000780a00000)
  object space 172544K, 29% used [0x0000000701e00000,0x0000000705076fe0,0x000000070c680000)
 Metaspace       used 48812K, capacity 49707K, committed 49920K, reserved 1093632K
  class space    used 5810K, capacity 6043K, committed 6144K, reserved 1048576K
}
Event: 7.491 GC heap before
{Heap before GC invocations=9 (full 2):
 PSYoungGen      total 203776K, used 203744K [0x0000000780a00000, 0x0000000790d80000, 0x00000007c0000000)
  eden space 169472K, 100% used [0x0000000780a00000,0x000000078af80000,0x000000078af80000)
  from space 34304K, 99% used [0x000000078da00000,0x000000078fb782d8,0x000000078fb80000)
  to   space 43520K, 0% used [0x000000078af80000,0x000000078af80000,0x000000078da00000)
 ParOldGen       total 172544K, used 51675K [0x0000000701e00000, 0x000000070c680000, 0x0000000780a00000)
  object space 172544K, 29% used [0x0000000701e00000,0x0000000705076fe0,0x000000070c680000)
 Metaspace       used 57304K, capacity 58441K, committed 58752K, reserved 1101824K
  class space    used 6920K, capacity 7210K, committed 7296K, reserved 1048576K
Event: 7.532 GC heap after
Heap after GC invocations=9 (full 2):
 PSYoungGen      total 212992K, used 43513K [0x0000000780a00000, 0x0000000790d80000, 0x00000007c0000000)
  eden space 169472K, 0% used [0x0000000780a00000,0x0000000780a00000,0x000000078af80000)
  from space 43520K, 99% used [0x000000078af80000,0x000000078d9fe7f0,0x000000078da00000)
  to   space 34304K, 0% used [0x000000078da00000,0x000000078da00000,0x000000078fb80000)
 ParOldGen       total 172544K, used 63151K [0x0000000701e00000, 0x000000070c680000, 0x0000000780a00000)
  object space 172544K, 36% used [0x0000000701e00000,0x0000000705babfd8,0x000000070c680000)
 Metaspace       used 57304K, capacity 58441K, committed 58752K, reserved 1101824K
  class space    used 6920K, capacity 7210K, committed 7296K, reserved 1048576K
}

