# JRE version: OpenJDK Runtime Environment (8.0_242-b01) (build 1.8.0_242-release-1644-b01)
# Java VM: OpenJDK 64-Bit Server VM (25.242-b01 mixed mode windows-amd64 compressed oops)
Heap:
 PSYoungGen      total 506880K, used 140862K [0x00000000d5580000, 0x00000000fa380000, 0x0000000100000000)
  eden space 453632K, 31% used [0x00000000d5580000,0x00000000ddf0fab8,0x00000000f1080000)
  from space 53248K, 0% used [0x00000000f1080000,0x00000000f1080000,0x00000000f4480000)
  to   space 52224K, 0% used [0x00000000f7080000,0x00000000f7080000,0x00000000fa380000)
 ParOldGen       total 260096K, used 93378K [0x0000000080000000, 0x000000008fe00000, 0x00000000d5580000)
  object space 260096K, 35% used [0x0000000080000000,0x0000000085b30b18,0x000000008fe00000)
 Metaspace       used 92789K, capacity 97408K, committed 98856K, reserved 1134592K
  class space    used 12265K, capacity 13139K, committed 13488K, reserved 1048576K
GC Heap History (10 events):
Event: 52.346 GC heap before
{Heap before GC invocations=19 (full 3):
 PSYoungGen      total 383488K, used 358792K [0x00000000d5580000, 0x00000000f3800000, 0x0000000100000000)
  eden space 337920K, 99% used [0x00000000d5580000,0x00000000e9f7e030,0x00000000e9f80000)
  from space 45568K, 45% used [0x00000000e9f80000,0x00000000eb3e4288,0x00000000ecc00000)
  to   space 44032K, 0% used [0x00000000f0d00000,0x00000000f0d00000,0x00000000f3800000)
 ParOldGen       total 145920K, used 96750K [0x0000000080000000, 0x0000000088e80000, 0x00000000d5580000)
  object space 145920K, 66% used [0x0000000080000000,0x0000000085e7b978,0x0000000088e80000)
 Metaspace       used 85382K, capacity 90040K, committed 90136K, reserved 1126400K
  class space    used 11630K, capacity 12505K, committed 12592K, reserved 1048576K
Event: 52.373 GC heap after
Heap after GC invocations=19 (full 3):
 PSYoungGen      total 447488K, used 33598K [0x00000000d5580000, 0x00000000f3a80000, 0x0000000100000000)
  eden space 403456K, 0% used [0x00000000d5580000,0x00000000d5580000,0x00000000edf80000)
  from space 44032K, 76% used [0x00000000f0d00000,0x00000000f2dcfb20,0x00000000f3800000)
  to   space 46592K, 0% used [0x00000000edf80000,0x00000000edf80000,0x00000000f0d00000)
 ParOldGen       total 145920K, used 96758K [0x0000000080000000, 0x0000000088e80000, 0x00000000d5580000)
  object space 145920K, 66% used [0x0000000080000000,0x0000000085e7d978,0x0000000088e80000)
 Metaspace       used 85382K, capacity 90040K, committed 90136K, reserved 1126400K
  class space    used 11630K, capacity 12505K, committed 12592K, reserved 1048576K
}
Event: 54.288 GC heap before
{Heap before GC invocations=20 (full 3):
 PSYoungGen      total 447488K, used 437054K [0x00000000d5580000, 0x00000000f3a80000, 0x0000000100000000)
  eden space 403456K, 100% used [0x00000000d5580000,0x00000000edf80000,0x00000000edf80000)
  from space 44032K, 76% used [0x00000000f0d00000,0x00000000f2dcfb20,0x00000000f3800000)
  to   space 46592K, 0% used [0x00000000edf80000,0x00000000edf80000,0x00000000f0d00000)
 ParOldGen       total 145920K, used 96758K [0x0000000080000000, 0x0000000088e80000, 0x00000000d5580000)
  object space 145920K, 66% used [0x0000000080000000,0x0000000085e7d978,0x0000000088e80000)
 Metaspace       used 86817K, capacity 91762K, committed 91800K, reserved 1128448K
  class space    used 11794K, capacity 12698K, committed 12720K, reserved 1048576K
Event: 54.322 GC heap after
Heap after GC invocations=20 (full 3):
 PSYoungGen      total 450048K, used 35753K [0x00000000d5580000, 0x00000000f7680000, 0x0000000100000000)
  eden space 403456K, 0% used [0x00000000d5580000,0x00000000d5580000,0x00000000edf80000)
  from space 46592K, 76% used [0x00000000edf80000,0x00000000f026a4f0,0x00000000f0d00000)
  to   space 50176K, 0% used [0x00000000f4580000,0x00000000f4580000,0x00000000f7680000)
 ParOldGen       total 145920K, used 96766K [0x0000000080000000, 0x0000000088e80000, 0x00000000d5580000)
  object space 145920K, 66% used [0x0000000080000000,0x0000000085e7f978,0x0000000088e80000)
 Metaspace       used 86817K, capacity 91762K, committed 91800K, reserved 1128448K
  class space    used 11794K, capacity 12698K, committed 12720K, reserved 1048576K
}
Event: 58.417 GC heap before
{Heap before GC invocations=21 (full 3):
 PSYoungGen      total 450048K, used 438531K [0x00000000d5580000, 0x00000000f7680000, 0x0000000100000000)
  eden space 403456K, 99% used [0x00000000d5580000,0x00000000eded69a8,0x00000000edf80000)
  from space 46592K, 76% used [0x00000000edf80000,0x00000000f026a4f0,0x00000000f0d00000)
  to   space 50176K, 0% used [0x00000000f4580000,0x00000000f4580000,0x00000000f7680000)
 ParOldGen       total 145920K, used 96766K [0x0000000080000000, 0x0000000088e80000, 0x00000000d5580000)
  object space 145920K, 66% used [0x0000000080000000,0x0000000085e7f978,0x0000000088e80000)
 Metaspace       used 89225K, capacity 94476K, committed 94744K, reserved 1130496K
  class space    used 12118K, capacity 13085K, committed 13104K, reserved 1048576K
Event: 58.451 GC heap after
Heap after GC invocations=21 (full 3):
 PSYoungGen      total 503808K, used 38157K [0x00000000d5580000, 0x00000000f7880000, 0x0000000100000000)
  eden space 453632K, 0% used [0x00000000d5580000,0x00000000d5580000,0x00000000f1080000)
  from space 50176K, 76% used [0x00000000f4580000,0x00000000f6ac3588,0x00000000f7680000)
  to   space 53248K, 0% used [0x00000000f1080000,0x00000000f1080000,0x00000000f4480000)
 ParOldGen       total 145920K, used 96774K [0x0000000080000000, 0x0000000088e80000, 0x00000000d5580000)
  object space 145920K, 66% used [0x0000000080000000,0x0000000085e81978,0x0000000088e80000)
 Metaspace       used 89225K, capacity 94476K, committed 94744K, reserved 1130496K
  class space    used 12118K, capacity 13085K, committed 13104K, reserved 1048576K
}
Event: 213.556 GC heap before
{Heap before GC invocations=22 (full 3):
 PSYoungGen      total 503808K, used 198334K [0x00000000d5580000, 0x00000000f7880000, 0x0000000100000000)
  eden space 453632K, 35% used [0x00000000d5580000,0x00000000df1ec548,0x00000000f1080000)
  from space 50176K, 76% used [0x00000000f4580000,0x00000000f6ac3588,0x00000000f7680000)
  to   space 53248K, 0% used [0x00000000f1080000,0x00000000f1080000,0x00000000f4480000)
 ParOldGen       total 145920K, used 96774K [0x0000000080000000, 0x0000000088e80000, 0x00000000d5580000)
  object space 145920K, 66% used [0x0000000080000000,0x0000000085e81978,0x0000000088e80000)
 Metaspace       used 93134K, capacity 98466K, committed 98600K, reserved 1134592K
  class space    used 12406K, capacity 13388K, committed 13488K, reserved 1048576K
Event: 213.576 GC heap after
Heap after GC invocations=22 (full 3):
 PSYoungGen      total 506880K, used 28688K [0x00000000d5580000, 0x00000000fa380000, 0x0000000100000000)
  eden space 453632K, 0% used [0x00000000d5580000,0x00000000d5580000,0x00000000f1080000)
  from space 53248K, 53% used [0x00000000f1080000,0x00000000f2c840b0,0x00000000f4480000)
  to   space 52224K, 0% used [0x00000000f7080000,0x00000000f7080000,0x00000000fa380000)
 ParOldGen       total 145920K, used 96782K [0x0000000080000000, 0x0000000088e80000, 0x00000000d5580000)
  object space 145920K, 66% used [0x0000000080000000,0x0000000085e83978,0x0000000088e80000)
 Metaspace       used 93134K, capacity 98466K, committed 98600K, reserved 1134592K
  class space    used 12406K, capacity 13388K, committed 13488K, reserved 1048576K
}
Event: 213.576 GC heap before
{Heap before GC invocations=23 (full 4):
 PSYoungGen      total 506880K, used 28688K [0x00000000d5580000, 0x00000000fa380000, 0x0000000100000000)
  eden space 453632K, 0% used [0x00000000d5580000,0x00000000d5580000,0x00000000f1080000)
  from space 53248K, 53% used [0x00000000f1080000,0x00000000f2c840b0,0x00000000f4480000)
  to   space 52224K, 0% used [0x00000000f7080000,0x00000000f7080000,0x00000000fa380000)
 ParOldGen       total 145920K, used 96782K [0x0000000080000000, 0x0000000088e80000, 0x00000000d5580000)
  object space 145920K, 66% used [0x0000000080000000,0x0000000085e83978,0x0000000088e80000)
 Metaspace       used 93134K, capacity 98466K, committed 98600K, reserved 1134592K
  class space    used 12406K, capacity 13388K, committed 13488K, reserved 1048576K
Event: 213.825 GC heap after
Heap after GC invocations=23 (full 4):
 PSYoungGen      total 506880K, used 0K [0x00000000d5580000, 0x00000000fa380000, 0x0000000100000000)
  eden space 453632K, 0% used [0x00000000d5580000,0x00000000d5580000,0x00000000f1080000)
  from space 53248K, 0% used [0x00000000f1080000,0x00000000f1080000,0x00000000f4480000)
  to   space 52224K, 0% used [0x00000000f7080000,0x00000000f7080000,0x00000000fa380000)
 ParOldGen       total 260096K, used 93378K [0x0000000080000000, 0x000000008fe00000, 0x00000000d5580000)
  object space 260096K, 35% used [0x0000000080000000,0x0000000085b30b18,0x000000008fe00000)
 Metaspace       used 92706K, capacity 97212K, committed 98600K, reserved 1134592K
  class space    used 12265K, capacity 13139K, committed 13488K, reserved 1048576K
}

