# JRE version: OpenJDK Runtime Environment (8.0_242-b01) (build 1.8.0_242-release-1644-b01)
# Java VM: OpenJDK 64-Bit Server VM (25.242-b01 mixed mode windows-amd64 compressed oops)
Heap:
 PSYoungGen      total 568320K, used 184642K [0x00000000d5580000, 0x0000000100000000, 0x0000000100000000)
  eden space 512512K, 25% used [0x00000000d5580000,0x00000000dd386260,0x00000000f4a00000)
  from space 55808K, 99% used [0x00000000fa280000,0x00000000fd8ffc48,0x00000000fd900000)
  to   space 90624K, 0% used [0x00000000f4a00000,0x00000000f4a00000,0x00000000fa280000)
 ParOldGen       total 306176K, used 147271K [0x0000000080000000, 0x0000000092b00000, 0x00000000d5580000)
  object space 306176K, 48% used [0x0000000080000000,0x0000000088fd1dc0,0x0000000092b00000)
 Metaspace       used 112526K, capacity 121810K, committed 122264K, reserved 1155072K
  class space    used 14295K, capacity 15852K, committed 16048K, reserved 1048576K
GC Heap History (10 events):
Event: 8024.029 GC heap before
{Heap before GC invocations=53 (full 5):
 PSYoungGen      total 596480K, used 567687K [0x00000000d5580000, 0x00000000fd400000, 0x0000000100000000)
  eden space 538112K, 100% used [0x00000000d5580000,0x00000000f6300000,0x00000000f6300000)
  from space 58368K, 50% used [0x00000000f6300000,0x00000000f7fe1ef8,0x00000000f9c00000)
  to   space 55808K, 0% used [0x00000000f9d80000,0x00000000f9d80000,0x00000000fd400000)
 ParOldGen       total 306176K, used 69831K [0x0000000080000000, 0x0000000092b00000, 0x00000000d5580000)
  object space 306176K, 22% used [0x0000000080000000,0x0000000084431cd8,0x0000000092b00000)
 Metaspace       used 111778K, capacity 120924K, committed 121368K, reserved 1155072K
  class space    used 14260K, capacity 15765K, committed 15920K, reserved 1048576K
Event: 8024.087 GC heap after
Heap after GC invocations=53 (full 5):
 PSYoungGen      total 594432K, used 47214K [0x00000000d5580000, 0x00000000fdc80000, 0x0000000100000000)
  eden space 538624K, 0% used [0x00000000d5580000,0x00000000d5580000,0x00000000f6380000)
  from space 55808K, 84% used [0x00000000f9d80000,0x00000000fcb9b950,0x00000000fd400000)
  to   space 59392K, 0% used [0x00000000f6380000,0x00000000f6380000,0x00000000f9d80000)
 ParOldGen       total 306176K, used 69831K [0x0000000080000000, 0x0000000092b00000, 0x00000000d5580000)
  object space 306176K, 22% used [0x0000000080000000,0x0000000084431cd8,0x0000000092b00000)
 Metaspace       used 111778K, capacity 120924K, committed 121368K, reserved 1155072K
  class space    used 14260K, capacity 15765K, committed 15920K, reserved 1048576K
}
Event: 8958.761 GC heap before
{Heap before GC invocations=54 (full 5):
 PSYoungGen      total 594432K, used 585838K [0x00000000d5580000, 0x00000000fdc80000, 0x0000000100000000)
  eden space 538624K, 100% used [0x00000000d5580000,0x00000000f6380000,0x00000000f6380000)
  from space 55808K, 84% used [0x00000000f9d80000,0x00000000fcb9b950,0x00000000fd400000)
  to   space 59392K, 0% used [0x00000000f6380000,0x00000000f6380000,0x00000000f9d80000)
 ParOldGen       total 306176K, used 69831K [0x0000000080000000, 0x0000000092b00000, 0x00000000d5580000)
  object space 306176K, 22% used [0x0000000080000000,0x0000000084431cd8,0x0000000092b00000)
 Metaspace       used 111897K, capacity 121034K, committed 121368K, reserved 1155072K
  class space    used 14264K, capacity 15772K, committed 15920K, reserved 1048576K
Event: 8958.774 GC heap after
Heap after GC invocations=54 (full 5):
 PSYoungGen      total 598016K, used 21421K [0x00000000d5580000, 0x00000000fdb00000, 0x0000000100000000)
  eden space 538624K, 0% used [0x00000000d5580000,0x00000000d5580000,0x00000000f6380000)
  from space 59392K, 36% used [0x00000000f6380000,0x00000000f786b518,0x00000000f9d80000)
  to   space 58880K, 0% used [0x00000000fa180000,0x00000000fa180000,0x00000000fdb00000)
 ParOldGen       total 306176K, used 69839K [0x0000000080000000, 0x0000000092b00000, 0x00000000d5580000)
  object space 306176K, 22% used [0x0000000080000000,0x0000000084433cd8,0x0000000092b00000)
 Metaspace       used 111897K, capacity 121034K, committed 121368K, reserved 1155072K
  class space    used 14264K, capacity 15772K, committed 15920K, reserved 1048576K
}
Event: 8974.431 GC heap before
{Heap before GC invocations=55 (full 5):
 PSYoungGen      total 598016K, used 560045K [0x00000000d5580000, 0x00000000fdb00000, 0x0000000100000000)
  eden space 538624K, 100% used [0x00000000d5580000,0x00000000f6380000,0x00000000f6380000)
  from space 59392K, 36% used [0x00000000f6380000,0x00000000f786b518,0x00000000f9d80000)
  to   space 58880K, 0% used [0x00000000fa180000,0x00000000fa180000,0x00000000fdb00000)
 ParOldGen       total 306176K, used 69839K [0x0000000080000000, 0x0000000092b00000, 0x00000000d5580000)
  object space 306176K, 22% used [0x0000000080000000,0x0000000084433cd8,0x0000000092b00000)
 Metaspace       used 112227K, capacity 121410K, committed 121624K, reserved 1155072K
  class space    used 14287K, capacity 15812K, committed 15920K, reserved 1048576K
Event: 8974.453 GC heap after
Heap after GC invocations=55 (full 5):
 PSYoungGen      total 596992K, used 29572K [0x00000000d5580000, 0x00000000fd600000, 0x0000000100000000)
  eden space 543232K, 0% used [0x00000000d5580000,0x00000000d5580000,0x00000000f6800000)
  from space 53760K, 55% used [0x00000000fa180000,0x00000000fbe61118,0x00000000fd600000)
  to   space 56320K, 0% used [0x00000000f6800000,0x00000000f6800000,0x00000000f9f00000)
 ParOldGen       total 306176K, used 69847K [0x0000000080000000, 0x0000000092b00000, 0x00000000d5580000)
  object space 306176K, 22% used [0x0000000080000000,0x0000000084435cd8,0x0000000092b00000)
 Metaspace       used 112227K, capacity 121410K, committed 121624K, reserved 1155072K
  class space    used 14287K, capacity 15812K, committed 15920K, reserved 1048576K
}
Event: 9095.986 GC heap before
{Heap before GC invocations=56 (full 5):
 PSYoungGen      total 596992K, used 572804K [0x00000000d5580000, 0x00000000fd600000, 0x0000000100000000)
  eden space 543232K, 100% used [0x00000000d5580000,0x00000000f6800000,0x00000000f6800000)
  from space 53760K, 55% used [0x00000000fa180000,0x00000000fbe61118,0x00000000fd600000)
  to   space 56320K, 0% used [0x00000000f6800000,0x00000000f6800000,0x00000000f9f00000)
 ParOldGen       total 306176K, used 69847K [0x0000000080000000, 0x0000000092b00000, 0x00000000d5580000)
  object space 306176K, 22% used [0x0000000080000000,0x0000000084435cd8,0x0000000092b00000)
 Metaspace       used 112283K, capacity 121482K, committed 121880K, reserved 1155072K
  class space    used 14287K, capacity 15812K, committed 15920K, reserved 1048576K
Event: 9096.032 GC heap after
Heap after GC invocations=56 (full 5):
 PSYoungGen      total 599552K, used 36067K [0x00000000d5580000, 0x00000000fd900000, 0x0000000100000000)
  eden space 543232K, 0% used [0x00000000d5580000,0x00000000d5580000,0x00000000f6800000)
  from space 56320K, 64% used [0x00000000f6800000,0x00000000f8b38fc0,0x00000000f9f00000)
  to   space 55808K, 0% used [0x00000000fa280000,0x00000000fa280000,0x00000000fd900000)
 ParOldGen       total 306176K, used 69855K [0x0000000080000000, 0x0000000092b00000, 0x00000000d5580000)
  object space 306176K, 22% used [0x0000000080000000,0x0000000084437cd8,0x0000000092b00000)
 Metaspace       used 112283K, capacity 121482K, committed 121880K, reserved 1155072K
  class space    used 14287K, capacity 15812K, committed 15920K, reserved 1048576K
}
Event: 9097.811 GC heap before
{Heap before GC invocations=57 (full 5):
 PSYoungGen      total 599552K, used 579299K [0x00000000d5580000, 0x00000000fd900000, 0x0000000100000000)
  eden space 543232K, 100% used [0x00000000d5580000,0x00000000f6800000,0x00000000f6800000)
  from space 56320K, 64% used [0x00000000f6800000,0x00000000f8b38fc0,0x00000000f9f00000)
  to   space 55808K, 0% used [0x00000000fa280000,0x00000000fa280000,0x00000000fd900000)
 ParOldGen       total 306176K, used 69855K [0x0000000080000000, 0x0000000092b00000, 0x00000000d5580000)
  object space 306176K, 22% used [0x0000000080000000,0x0000000084437cd8,0x0000000092b00000)
 Metaspace       used 112412K, capacity 121642K, committed 122008K, reserved 1155072K
  class space    used 14288K, capacity 15844K, committed 16048K, reserved 1048576K
Event: 9097.972 GC heap after
Heap after GC invocations=57 (full 5):
 PSYoungGen      total 568320K, used 55807K [0x00000000d5580000, 0x0000000100000000, 0x0000000100000000)
  eden space 512512K, 0% used [0x00000000d5580000,0x00000000d5580000,0x00000000f4a00000)
  from space 55808K, 99% used [0x00000000fa280000,0x00000000fd8ffc48,0x00000000fd900000)
  to   space 90624K, 0% used [0x00000000f4a00000,0x00000000f4a00000,0x00000000fa280000)
 ParOldGen       total 306176K, used 147271K [0x0000000080000000, 0x0000000092b00000, 0x00000000d5580000)
  object space 306176K, 48% used [0x0000000080000000,0x0000000088fd1dc0,0x0000000092b00000)
 Metaspace       used 112412K, capacity 121642K, committed 122008K, reserved 1155072K
  class space    used 14288K, capacity 15844K, committed 16048K, reserved 1048576K
}

