# JRE version: OpenJDK Runtime Environment (8.0_242-b01) (build 1.8.0_242-release-1644-b01)
# Java VM: OpenJDK 64-Bit Server VM (25.242-b01 mixed mode windows-amd64 compressed oops)
Heap:
 PSYoungGen      total 200704K, used 119473K [0x0000000780a00000, 0x0000000791400000, 0x00000007c0000000)
  eden space 163840K, 59% used [0x0000000780a00000,0x00000007869fa820,0x000000078aa00000)
  from space 36864K, 57% used [0x000000078aa00000,0x000000078beb1f68,0x000000078ce00000)
  to   space 34816K, 0% used [0x000000078f200000,0x000000078f200000,0x0000000791400000)
 ParOldGen       total 189440K, used 68225K [0x0000000701e00000, 0x000000070d700000, 0x0000000780a00000)
  object space 189440K, 36% used [0x0000000701e00000,0x00000007060a0780,0x000000070d700000)
 Metaspace       used 66283K, capacity 67947K, committed 68352K, reserved 1114112K
  class space    used 7681K, capacity 8087K, committed 8192K, reserved 1048576K
GC Heap History (10 events):
Event: 4.543 GC heap before
{Heap before GC invocations=6 (full 2):
 PSYoungGen      total 106496K, used 98304K [0x0000000780a00000, 0x0000000789980000, 0x00000007c0000000)
  eden space 98304K, 100% used [0x0000000780a00000,0x0000000786a00000,0x0000000786a00000)
  from space 8192K, 0% used [0x0000000786a00000,0x0000000786a00000,0x0000000787200000)
  to   space 8192K, 0% used [0x0000000789180000,0x0000000789180000,0x0000000789980000)
 ParOldGen       total 189440K, used 35170K [0x0000000701e00000, 0x000000070d700000, 0x0000000780a00000)
  object space 189440K, 18% used [0x0000000701e00000,0x0000000704058978,0x000000070d700000)
 Metaspace       used 41819K, capacity 42509K, committed 42752K, reserved 1087488K
  class space    used 5083K, capacity 5268K, committed 5376K, reserved 1048576K
Event: 4.565 GC heap after
Heap after GC invocations=6 (full 2):
 PSYoungGen      total 136704K, used 8176K [0x0000000780a00000, 0x0000000789980000, 0x00000007c0000000)
  eden space 128512K, 0% used [0x0000000780a00000,0x0000000780a00000,0x0000000788780000)
  from space 8192K, 99% used [0x0000000789180000,0x000000078997c148,0x0000000789980000)
  to   space 8192K, 0% used [0x0000000788980000,0x0000000788980000,0x0000000789180000)
 ParOldGen       total 189440K, used 46168K [0x0000000701e00000, 0x000000070d700000, 0x0000000780a00000)
  object space 189440K, 24% used [0x0000000701e00000,0x0000000704b163a0,0x000000070d700000)
 Metaspace       used 41819K, capacity 42509K, committed 42752K, reserved 1087488K
  class space    used 5083K, capacity 5268K, committed 5376K, reserved 1048576K
}
Event: 6.944 GC heap before
{Heap before GC invocations=7 (full 2):
 PSYoungGen      total 136704K, used 136688K [0x0000000780a00000, 0x0000000789980000, 0x00000007c0000000)
  eden space 128512K, 100% used [0x0000000780a00000,0x0000000788780000,0x0000000788780000)
  from space 8192K, 99% used [0x0000000789180000,0x000000078997c148,0x0000000789980000)
  to   space 8192K, 0% used [0x0000000788980000,0x0000000788980000,0x0000000789180000)
 ParOldGen       total 189440K, used 46168K [0x0000000701e00000, 0x000000070d700000, 0x0000000780a00000)
  object space 189440K, 24% used [0x0000000701e00000,0x0000000704b163a0,0x000000070d700000)
 Metaspace       used 51091K, capacity 52007K, committed 52096K, reserved 1095680K
  class space    used 6268K, capacity 6509K, committed 6528K, reserved 1048576K
Event: 6.971 GC heap after
Heap after GC invocations=7 (full 2):
 PSYoungGen      total 138752K, used 8169K [0x0000000780a00000, 0x000000078ef80000, 0x00000007c0000000)
  eden space 130560K, 0% used [0x0000000780a00000,0x0000000780a00000,0x0000000788980000)
  from space 8192K, 99% used [0x0000000788980000,0x000000078917a638,0x0000000789180000)
  to   space 34304K, 0% used [0x000000078ce00000,0x000000078ce00000,0x000000078ef80000)
 ParOldGen       total 189440K, used 70417K [0x0000000701e00000, 0x000000070d700000, 0x0000000780a00000)
  object space 189440K, 37% used [0x0000000701e00000,0x00000007062c44d0,0x000000070d700000)
 Metaspace       used 51091K, capacity 52007K, committed 52096K, reserved 1095680K
  class space    used 6268K, capacity 6509K, committed 6528K, reserved 1048576K
}
Event: 10.157 GC heap before
{Heap before GC invocations=8 (full 2):
 PSYoungGen      total 138752K, used 123312K [0x0000000780a00000, 0x000000078ef80000, 0x00000007c0000000)
  eden space 130560K, 88% used [0x0000000780a00000,0x0000000787a71ba8,0x0000000788980000)
  from space 8192K, 99% used [0x0000000788980000,0x000000078917a638,0x0000000789180000)
  to   space 34304K, 0% used [0x000000078ce00000,0x000000078ce00000,0x000000078ef80000)
 ParOldGen       total 189440K, used 70417K [0x0000000701e00000, 0x000000070d700000, 0x0000000780a00000)
  object space 189440K, 37% used [0x0000000701e00000,0x00000007062c44d0,0x000000070d700000)
 Metaspace       used 57738K, capacity 58885K, committed 59008K, reserved 1101824K
  class space    used 6961K, capacity 7250K, committed 7296K, reserved 1048576K
Event: 10.187 GC heap after
Heap after GC invocations=8 (full 2):
 PSYoungGen      total 198144K, used 28930K [0x0000000780a00000, 0x000000078f480000, 0x00000007c0000000)
  eden space 163840K, 0% used [0x0000000780a00000,0x0000000780a00000,0x000000078aa00000)
  from space 34304K, 84% used [0x000000078ce00000,0x000000078ea40988,0x000000078ef80000)
  to   space 36864K, 0% used [0x000000078aa00000,0x000000078aa00000,0x000000078ce00000)
 ParOldGen       total 189440K, used 70425K [0x0000000701e00000, 0x000000070d700000, 0x0000000780a00000)
  object space 189440K, 37% used [0x0000000701e00000,0x00000007062c64d0,0x000000070d700000)
 Metaspace       used 57738K, capacity 58885K, committed 59008K, reserved 1101824K
  class space    used 6961K, capacity 7250K, committed 7296K, reserved 1048576K
}
Event: 10.187 GC heap before
{Heap before GC invocations=9 (full 3):
 PSYoungGen      total 198144K, used 28930K [0x0000000780a00000, 0x000000078f480000, 0x00000007c0000000)
  eden space 163840K, 0% used [0x0000000780a00000,0x0000000780a00000,0x000000078aa00000)
  from space 34304K, 84% used [0x000000078ce00000,0x000000078ea40988,0x000000078ef80000)
  to   space 36864K, 0% used [0x000000078aa00000,0x000000078aa00000,0x000000078ce00000)
 ParOldGen       total 189440K, used 70425K [0x0000000701e00000, 0x000000070d700000, 0x0000000780a00000)
  object space 189440K, 37% used [0x0000000701e00000,0x00000007062c64d0,0x000000070d700000)
 Metaspace       used 57738K, capacity 58885K, committed 59008K, reserved 1101824K
  class space    used 6961K, capacity 7250K, committed 7296K, reserved 1048576K
Event: 10.468 GC heap after
Heap after GC invocations=9 (full 3):
 PSYoungGen      total 198144K, used 0K [0x0000000780a00000, 0x000000078f480000, 0x00000007c0000000)
  eden space 163840K, 0% used [0x0000000780a00000,0x0000000780a00000,0x000000078aa00000)
  from space 34304K, 0% used [0x000000078ce00000,0x000000078ce00000,0x000000078ef80000)
  to   space 36864K, 0% used [0x000000078aa00000,0x000000078aa00000,0x000000078ce00000)
 ParOldGen       total 189440K, used 68217K [0x0000000701e00000, 0x000000070d700000, 0x0000000780a00000)
  object space 189440K, 36% used [0x0000000701e00000,0x000000070609e780,0x000000070d700000)
 Metaspace       used 57738K, capacity 58885K, committed 59008K, reserved 1101824K
  class space    used 6961K, capacity 7250K, committed 7296K, reserved 1048576K
}
Event: 15.047 GC heap before
{Heap before GC invocations=10 (full 3):
 PSYoungGen      total 198144K, used 163840K [0x0000000780a00000, 0x000000078f480000, 0x00000007c0000000)
  eden space 163840K, 100% used [0x0000000780a00000,0x000000078aa00000,0x000000078aa00000)
  from space 34304K, 0% used [0x000000078ce00000,0x000000078ce00000,0x000000078ef80000)
  to   space 36864K, 0% used [0x000000078aa00000,0x000000078aa00000,0x000000078ce00000)
 ParOldGen       total 189440K, used 68217K [0x0000000701e00000, 0x000000070d700000, 0x0000000780a00000)
  object space 189440K, 36% used [0x0000000701e00000,0x000000070609e780,0x000000070d700000)
 Metaspace       used 60570K, capacity 62121K, committed 62336K, reserved 1103872K
  class space    used 7155K, capacity 7524K, committed 7552K, reserved 1048576K
Event: 15.069 GC heap after
Heap after GC invocations=10 (full 3):
 PSYoungGen      total 200704K, used 21191K [0x0000000780a00000, 0x0000000791400000, 0x00000007c0000000)
  eden space 163840K, 0% used [0x0000000780a00000,0x0000000780a00000,0x000000078aa00000)
  from space 36864K, 57% used [0x000000078aa00000,0x000000078beb1f68,0x000000078ce00000)
  to   space 34816K, 0% used [0x000000078f200000,0x000000078f200000,0x0000000791400000)
 ParOldGen       total 189440K, used 68225K [0x0000000701e00000, 0x000000070d700000, 0x0000000780a00000)
  object space 189440K, 36% used [0x0000000701e00000,0x00000007060a0780,0x000000070d700000)
 Metaspace       used 60570K, capacity 62121K, committed 62336K, reserved 1103872K
  class space    used 7155K, capacity 7524K, committed 7552K, reserved 1048576K
}

