# JRE version: OpenJDK Runtime Environment (8.0_242-b01) (build 1.8.0_242-release-1644-b01)
# Java VM: OpenJDK 64-Bit Server VM (25.242-b01 mixed mode windows-amd64 compressed oops)
Heap:
 PSYoungGen      total 232960K, used 68257K [0x00000000d5580000, 0x00000000e6180000, 0x0000000100000000)
  eden space 200192K, 17% used [0x00000000d5580000,0x00000000d782a570,0x00000000e1900000)
  from space 32768K, 99% used [0x00000000e1900000,0x00000000e38fe0a0,0x00000000e3900000)
  to   space 25600K, 0% used [0x00000000e3900000,0x00000000e3900000,0x00000000e5200000)
 ParOldGen       total 190464K, used 80374K [0x0000000080000000, 0x000000008ba00000, 0x00000000d5580000)
  object space 190464K, 42% used [0x0000000080000000,0x0000000084e7db00,0x000000008ba00000)
 Metaspace       used 76070K, capacity 80102K, committed 80280K, reserved 1118208K
  class space    used 10573K, capacity 11325K, committed 11440K, reserved 1048576K
GC Heap History (10 events):
Event: 9.119 GC heap before
{Heap before GC invocations=14 (full 3):
 PSYoungGen      total 175104K, used 17404K [0x00000000d5580000, 0x00000000e3480000, 0x0000000100000000)
  eden space 157696K, 0% used [0x00000000d5580000,0x00000000d5580000,0x00000000def80000)
  from space 17408K, 99% used [0x00000000def80000,0x00000000e007f340,0x00000000e0080000)
  to   space 21504K, 0% used [0x00000000e1f80000,0x00000000e1f80000,0x00000000e3480000)
 ParOldGen       total 119808K, used 30634K [0x0000000080000000, 0x0000000087500000, 0x00000000d5580000)
  object space 119808K, 25% used [0x0000000080000000,0x0000000081dea800,0x0000000087500000)
 Metaspace       used 56899K, capacity 59094K, committed 59160K, reserved 1099776K
  class space    used 7705K, capacity 8192K, committed 8240K, reserved 1048576K
Event: 9.348 GC heap after
Heap after GC invocations=14 (full 3):
 PSYoungGen      total 175104K, used 0K [0x00000000d5580000, 0x00000000e3480000, 0x0000000100000000)
  eden space 157696K, 0% used [0x00000000d5580000,0x00000000d5580000,0x00000000def80000)
  from space 17408K, 0% used [0x00000000def80000,0x00000000def80000,0x00000000e0080000)
  to   space 21504K, 0% used [0x00000000e1f80000,0x00000000e1f80000,0x00000000e3480000)
 ParOldGen       total 190464K, used 35738K [0x0000000080000000, 0x000000008ba00000, 0x00000000d5580000)
  object space 190464K, 18% used [0x0000000080000000,0x00000000822e6b00,0x000000008ba00000)
 Metaspace       used 56860K, capacity 58962K, committed 59160K, reserved 1099776K
  class space    used 7693K, capacity 8170K, committed 8240K, reserved 1048576K
}
Event: 11.598 GC heap before
{Heap before GC invocations=15 (full 3):
 PSYoungGen      total 175104K, used 157696K [0x00000000d5580000, 0x00000000e3480000, 0x0000000100000000)
  eden space 157696K, 100% used [0x00000000d5580000,0x00000000def80000,0x00000000def80000)
  from space 17408K, 0% used [0x00000000def80000,0x00000000def80000,0x00000000e0080000)
  to   space 21504K, 0% used [0x00000000e1f80000,0x00000000e1f80000,0x00000000e3480000)
 ParOldGen       total 190464K, used 35738K [0x0000000080000000, 0x000000008ba00000, 0x00000000d5580000)
  object space 190464K, 18% used [0x0000000080000000,0x00000000822e6b00,0x000000008ba00000)
 Metaspace       used 65687K, capacity 68398K, committed 68504K, reserved 1107968K
  class space    used 9016K, capacity 9603K, committed 9648K, reserved 1048576K
Event: 11.613 GC heap after
Heap after GC invocations=15 (full 3):
 PSYoungGen      total 200704K, used 17221K [0x00000000d5580000, 0x00000000e3300000, 0x0000000100000000)
  eden space 180736K, 0% used [0x00000000d5580000,0x00000000d5580000,0x00000000e0600000)
  from space 19968K, 86% used [0x00000000e1f80000,0x00000000e3051570,0x00000000e3300000)
  to   space 23040K, 0% used [0x00000000e0600000,0x00000000e0600000,0x00000000e1c80000)
 ParOldGen       total 190464K, used 35746K [0x0000000080000000, 0x000000008ba00000, 0x00000000d5580000)
  object space 190464K, 18% used [0x0000000080000000,0x00000000822e8b00,0x000000008ba00000)
 Metaspace       used 65687K, capacity 68398K, committed 68504K, reserved 1107968K
  class space    used 9016K, capacity 9603K, committed 9648K, reserved 1048576K
}
Event: 12.875 GC heap before
{Heap before GC invocations=16 (full 3):
 PSYoungGen      total 200704K, used 197957K [0x00000000d5580000, 0x00000000e3300000, 0x0000000100000000)
  eden space 180736K, 100% used [0x00000000d5580000,0x00000000e0600000,0x00000000e0600000)
  from space 19968K, 86% used [0x00000000e1f80000,0x00000000e3051570,0x00000000e3300000)
  to   space 23040K, 0% used [0x00000000e0600000,0x00000000e0600000,0x00000000e1c80000)
 ParOldGen       total 190464K, used 35746K [0x0000000080000000, 0x000000008ba00000, 0x00000000d5580000)
  object space 190464K, 18% used [0x0000000080000000,0x00000000822e8b00,0x000000008ba00000)
 Metaspace       used 67410K, capacity 71000K, committed 71192K, reserved 1110016K
  class space    used 9236K, capacity 9938K, committed 10032K, reserved 1048576K
Event: 12.894 GC heap after
Heap after GC invocations=16 (full 3):
 PSYoungGen      total 203776K, used 22382K [0x00000000d5580000, 0x00000000e5200000, 0x0000000100000000)
  eden space 180736K, 0% used [0x00000000d5580000,0x00000000d5580000,0x00000000e0600000)
  from space 23040K, 97% used [0x00000000e0600000,0x00000000e1bdb888,0x00000000e1c80000)
  to   space 25600K, 0% used [0x00000000e3900000,0x00000000e3900000,0x00000000e5200000)
 ParOldGen       total 190464K, used 35754K [0x0000000080000000, 0x000000008ba00000, 0x00000000d5580000)
  object space 190464K, 18% used [0x0000000080000000,0x00000000822eab00,0x000000008ba00000)
 Metaspace       used 67410K, capacity 71000K, committed 71192K, reserved 1110016K
  class space    used 9236K, capacity 9938K, committed 10032K, reserved 1048576K
}
Event: 14.318 GC heap before
{Heap before GC invocations=17 (full 3):
 PSYoungGen      total 203776K, used 203118K [0x00000000d5580000, 0x00000000e5200000, 0x0000000100000000)
  eden space 180736K, 100% used [0x00000000d5580000,0x00000000e0600000,0x00000000e0600000)
  from space 23040K, 97% used [0x00000000e0600000,0x00000000e1bdb888,0x00000000e1c80000)
  to   space 25600K, 0% used [0x00000000e3900000,0x00000000e3900000,0x00000000e5200000)
 ParOldGen       total 190464K, used 35754K [0x0000000080000000, 0x000000008ba00000, 0x00000000d5580000)
  object space 190464K, 18% used [0x0000000080000000,0x00000000822eab00,0x000000008ba00000)
 Metaspace       used 71988K, capacity 75686K, committed 75928K, reserved 1114112K
  class space    used 9849K, capacity 10575K, committed 10672K, reserved 1048576K
Event: 14.345 GC heap after
Heap after GC invocations=17 (full 3):
 PSYoungGen      total 225792K, used 25582K [0x00000000d5580000, 0x00000000e6180000, 0x0000000100000000)
  eden space 200192K, 0% used [0x00000000d5580000,0x00000000d5580000,0x00000000e1900000)
  from space 25600K, 99% used [0x00000000e3900000,0x00000000e51fb8d0,0x00000000e5200000)
  to   space 32768K, 0% used [0x00000000e1900000,0x00000000e1900000,0x00000000e3900000)
 ParOldGen       total 190464K, used 45578K [0x0000000080000000, 0x000000008ba00000, 0x00000000d5580000)
  object space 190464K, 23% used [0x0000000080000000,0x0000000082c82890,0x000000008ba00000)
 Metaspace       used 71988K, capacity 75686K, committed 75928K, reserved 1114112K
  class space    used 9849K, capacity 10575K, committed 10672K, reserved 1048576K
}
Event: 16.778 GC heap before
{Heap before GC invocations=18 (full 3):
 PSYoungGen      total 225792K, used 225774K [0x00000000d5580000, 0x00000000e6180000, 0x0000000100000000)
  eden space 200192K, 100% used [0x00000000d5580000,0x00000000e1900000,0x00000000e1900000)
  from space 25600K, 99% used [0x00000000e3900000,0x00000000e51fb8d0,0x00000000e5200000)
  to   space 32768K, 0% used [0x00000000e1900000,0x00000000e1900000,0x00000000e3900000)
 ParOldGen       total 190464K, used 45578K [0x0000000080000000, 0x000000008ba00000, 0x00000000d5580000)
  object space 190464K, 23% used [0x0000000080000000,0x0000000082c82890,0x000000008ba00000)
 Metaspace       used 74668K, capacity 78448K, committed 78616K, reserved 1116160K
  class space    used 10247K, capacity 10982K, committed 11056K, reserved 1048576K
Event: 16.815 GC heap after
Heap after GC invocations=18 (full 3):
 PSYoungGen      total 232960K, used 32760K [0x00000000d5580000, 0x00000000e6180000, 0x0000000100000000)
  eden space 200192K, 0% used [0x00000000d5580000,0x00000000d5580000,0x00000000e1900000)
  from space 32768K, 99% used [0x00000000e1900000,0x00000000e38fe0a0,0x00000000e3900000)
  to   space 25600K, 0% used [0x00000000e3900000,0x00000000e3900000,0x00000000e5200000)
 ParOldGen       total 190464K, used 80374K [0x0000000080000000, 0x000000008ba00000, 0x00000000d5580000)
  object space 190464K, 42% used [0x0000000080000000,0x0000000084e7db00,0x000000008ba00000)
 Metaspace       used 74668K, capacity 78448K, committed 78616K, reserved 1116160K
  class space    used 10247K, capacity 10982K, committed 11056K, reserved 1048576K
}

