# JRE version: OpenJDK Runtime Environment (8.0_242-b01) (build 1.8.0_242-release-1644-b01)
# Java VM: OpenJDK 64-Bit Server VM (25.242-b01 mixed mode windows-amd64 compressed oops)
Heap:
 PSYoungGen      total 378880K, used 132961K [0x00000000d5580000, 0x00000000f3680000, 0x0000000100000000)
  eden space 283648K, 42% used [0x00000000d5580000,0x00000000dca17b50,0x00000000e6a80000)
  from space 95232K, 14% used [0x00000000e6a80000,0x00000000e77c0c38,0x00000000ec780000)
  to   space 92672K, 0% used [0x00000000edc00000,0x00000000edc00000,0x00000000f3680000)
 ParOldGen       total 172544K, used 94486K [0x0000000080000000, 0x000000008a880000, 0x00000000d5580000)
  object space 172544K, 54% used [0x0000000080000000,0x0000000085c45b20,0x000000008a880000)
 Metaspace       used 93847K, capacity 98272K, committed 98456K, reserved 1134592K
  class space    used 12261K, capacity 13139K, committed 13232K, reserved 1048576K
GC Heap History (10 events):
Event: 26.481 GC heap before
{Heap before GC invocations=21 (full 3):
 PSYoungGen      total 326656K, used 326629K [0x00000000d5580000, 0x00000000f0580000, 0x0000000100000000)
  eden space 276992K, 100% used [0x00000000d5580000,0x00000000e6400000,0x00000000e6400000)
  from space 49664K, 99% used [0x00000000e6400000,0x00000000e94794c0,0x00000000e9480000)
  to   space 63488K, 0% used [0x00000000ec780000,0x00000000ec780000,0x00000000f0580000)
 ParOldGen       total 167424K, used 115517K [0x0000000080000000, 0x000000008a380000, 0x00000000d5580000)
  object space 167424K, 68% used [0x0000000080000000,0x00000000870cf778,0x000000008a380000)
 Metaspace       used 84983K, capacity 89484K, committed 89752K, reserved 1126400K
  class space    used 11499K, capacity 12360K, committed 12464K, reserved 1048576K
Event: 26.598 GC heap after
Heap after GC invocations=21 (full 3):
 PSYoungGen      total 347136K, used 63471K [0x00000000d5580000, 0x00000000f5480000, 0x0000000100000000)
  eden space 283648K, 0% used [0x00000000d5580000,0x00000000d5580000,0x00000000e6a80000)
  from space 63488K, 99% used [0x00000000ec780000,0x00000000f057be08,0x00000000f0580000)
  to   space 95232K, 0% used [0x00000000e6a80000,0x00000000e6a80000,0x00000000ec780000)
 ParOldGen       total 172544K, used 172234K [0x0000000080000000, 0x000000008a880000, 0x00000000d5580000)
  object space 172544K, 99% used [0x0000000080000000,0x000000008a832928,0x000000008a880000)
 Metaspace       used 84983K, capacity 89484K, committed 89752K, reserved 1126400K
  class space    used 11499K, capacity 12360K, committed 12464K, reserved 1048576K
}
Event: 26.598 GC heap before
{Heap before GC invocations=22 (full 4):
 PSYoungGen      total 347136K, used 63471K [0x00000000d5580000, 0x00000000f5480000, 0x0000000100000000)
  eden space 283648K, 0% used [0x00000000d5580000,0x00000000d5580000,0x00000000e6a80000)
  from space 63488K, 99% used [0x00000000ec780000,0x00000000f057be08,0x00000000f0580000)
  to   space 95232K, 0% used [0x00000000e6a80000,0x00000000e6a80000,0x00000000ec780000)
 ParOldGen       total 172544K, used 172234K [0x0000000080000000, 0x000000008a880000, 0x00000000d5580000)
  object space 172544K, 99% used [0x0000000080000000,0x000000008a832928,0x000000008a880000)
 Metaspace       used 84983K, capacity 89484K, committed 89752K, reserved 1126400K
  class space    used 11499K, capacity 12360K, committed 12464K, reserved 1048576K
Event: 27.242 GC heap after
Heap after GC invocations=22 (full 4):
 PSYoungGen      total 347136K, used 17365K [0x00000000d5580000, 0x00000000f5480000, 0x0000000100000000)
  eden space 283648K, 0% used [0x00000000d5580000,0x00000000d5580000,0x00000000e6a80000)
  from space 63488K, 27% used [0x00000000ec780000,0x00000000ed8755b0,0x00000000f0580000)
  to   space 95232K, 0% used [0x00000000e6a80000,0x00000000e6a80000,0x00000000ec780000)
 ParOldGen       total 172544K, used 172187K [0x0000000080000000, 0x000000008a880000, 0x00000000d5580000)
  object space 172544K, 99% used [0x0000000080000000,0x000000008a826f10,0x000000008a880000)
 Metaspace       used 84579K, capacity 88320K, committed 89752K, reserved 1126400K
  class space    used 11369K, capacity 12132K, committed 12464K, reserved 1048576K
}
Event: 29.429 GC heap before
{Heap before GC invocations=23 (full 5):
 PSYoungGen      total 347136K, used 301013K [0x00000000d5580000, 0x00000000f5480000, 0x0000000100000000)
  eden space 283648K, 100% used [0x00000000d5580000,0x00000000e6a80000,0x00000000e6a80000)
  from space 63488K, 27% used [0x00000000ec780000,0x00000000ed8755b0,0x00000000f0580000)
  to   space 95232K, 0% used [0x00000000e6a80000,0x00000000e6a80000,0x00000000ec780000)
 ParOldGen       total 172544K, used 172187K [0x0000000080000000, 0x000000008a880000, 0x00000000d5580000)
  object space 172544K, 99% used [0x0000000080000000,0x000000008a826f10,0x000000008a880000)
 Metaspace       used 85808K, capacity 89864K, committed 90520K, reserved 1128448K
  class space    used 11501K, capacity 12298K, committed 12464K, reserved 1048576K
Event: 30.340 GC heap after
Heap after GC invocations=23 (full 5):
 PSYoungGen      total 347136K, used 39020K [0x00000000d5580000, 0x00000000f5480000, 0x0000000100000000)
  eden space 283648K, 13% used [0x00000000d5580000,0x00000000d7b9b0a8,0x00000000e6a80000)
  from space 63488K, 0% used [0x00000000ec780000,0x00000000ec780000,0x00000000f0580000)
  to   space 95232K, 0% used [0x00000000e6a80000,0x00000000e6a80000,0x00000000ec780000)
 ParOldGen       total 172544K, used 172411K [0x0000000080000000, 0x000000008a880000, 0x00000000d5580000)
  object space 172544K, 99% used [0x0000000080000000,0x000000008a85ed40,0x000000008a880000)
 Metaspace       used 85806K, capacity 89858K, committed 90520K, reserved 1128448K
  class space    used 11501K, capacity 12297K, committed 12464K, reserved 1048576K
}
Event: 31.341 GC heap before
{Heap before GC invocations=24 (full 6):
 PSYoungGen      total 347136K, used 283648K [0x00000000d5580000, 0x00000000f5480000, 0x0000000100000000)
  eden space 283648K, 100% used [0x00000000d5580000,0x00000000e6a80000,0x00000000e6a80000)
  from space 63488K, 0% used [0x00000000ec780000,0x00000000ec780000,0x00000000f0580000)
  to   space 95232K, 0% used [0x00000000e6a80000,0x00000000e6a80000,0x00000000ec780000)
 ParOldGen       total 172544K, used 172411K [0x0000000080000000, 0x000000008a880000, 0x00000000d5580000)
  object space 172544K, 99% used [0x0000000080000000,0x000000008a85ed40,0x000000008a880000)
 Metaspace       used 88582K, capacity 92702K, committed 93464K, reserved 1130496K
  class space    used 11830K, capacity 12633K, committed 12848K, reserved 1048576K
Event: 31.491 GC heap after
Heap after GC invocations=24 (full 6):
 PSYoungGen      total 347136K, used 0K [0x00000000d5580000, 0x00000000f5480000, 0x0000000100000000)
  eden space 283648K, 0% used [0x00000000d5580000,0x00000000d5580000,0x00000000e6a80000)
  from space 63488K, 0% used [0x00000000ec780000,0x00000000ec780000,0x00000000f0580000)
  to   space 95232K, 0% used [0x00000000e6a80000,0x00000000e6a80000,0x00000000ec780000)
 ParOldGen       total 172544K, used 94478K [0x0000000080000000, 0x000000008a880000, 0x00000000d5580000)
  object space 172544K, 54% used [0x0000000080000000,0x0000000085c43b20,0x000000008a880000)
 Metaspace       used 88582K, capacity 92702K, committed 93464K, reserved 1130496K
  class space    used 11830K, capacity 12633K, committed 12848K, reserved 1048576K
}
Event: 46.239 GC heap before
{Heap before GC invocations=25 (full 6):
 PSYoungGen      total 347136K, used 283648K [0x00000000d5580000, 0x00000000f5480000, 0x0000000100000000)
  eden space 283648K, 100% used [0x00000000d5580000,0x00000000e6a80000,0x00000000e6a80000)
  from space 63488K, 0% used [0x00000000ec780000,0x00000000ec780000,0x00000000f0580000)
  to   space 95232K, 0% used [0x00000000e6a80000,0x00000000e6a80000,0x00000000ec780000)
 ParOldGen       total 172544K, used 94478K [0x0000000080000000, 0x000000008a880000, 0x00000000d5580000)
  object space 172544K, 54% used [0x0000000080000000,0x0000000085c43b20,0x000000008a880000)
 Metaspace       used 93530K, capacity 97936K, committed 98200K, reserved 1134592K
  class space    used 12253K, capacity 13127K, committed 13232K, reserved 1048576K
Event: 46.257 GC heap after
Heap after GC invocations=25 (full 6):
 PSYoungGen      total 378880K, used 13571K [0x00000000d5580000, 0x00000000f3680000, 0x0000000100000000)
  eden space 283648K, 0% used [0x00000000d5580000,0x00000000d5580000,0x00000000e6a80000)
  from space 95232K, 14% used [0x00000000e6a80000,0x00000000e77c0c38,0x00000000ec780000)
  to   space 92672K, 0% used [0x00000000edc00000,0x00000000edc00000,0x00000000f3680000)
 ParOldGen       total 172544K, used 94486K [0x0000000080000000, 0x000000008a880000, 0x00000000d5580000)
  object space 172544K, 54% used [0x0000000080000000,0x0000000085c45b20,0x000000008a880000)
 Metaspace       used 93530K, capacity 97936K, committed 98200K, reserved 1134592K
  class space    used 12253K, capacity 13127K, committed 13232K, reserved 1048576K
}

