# JRE version: OpenJDK Runtime Environment (8.0_242-b01) (build 1.8.0_242-release-1644-b01)
# Java VM: OpenJDK 64-Bit Server VM (25.242-b01 mixed mode windows-amd64 compressed oops)
Heap:
 PSYoungGen      total 226304K, used 59557K [0x0000000780a00000, 0x0000000796b00000, 0x00000007c0000000)
  eden space 188416K, 31% used [0x0000000780a00000,0x00000007844295e8,0x000000078c200000)
  from space 37888K, 0% used [0x000000078c200000,0x000000078c200000,0x000000078e700000)
  to   space 48640K, 0% used [0x0000000793b80000,0x0000000793b80000,0x0000000796b00000)
 ParOldGen       total 270336K, used 77934K [0x0000000701e00000, 0x0000000712600000, 0x0000000780a00000)
  object space 270336K, 28% used [0x0000000701e00000,0x0000000706a1ba48,0x0000000712600000)
 Metaspace       used 58563K, capacity 59771K, committed 59776K, reserved 1101824K
  class space    used 6991K, capacity 7291K, committed 7296K, reserved 1048576K
GC Heap History (10 events):
Event: 2.327 GC heap before
{Heap before GC invocations=6 (full 2):
 PSYoungGen      total 140800K, used 8189K [0x0000000780a00000, 0x000000078ab80000, 0x00000007c0000000)
  eden space 132608K, 0% used [0x0000000780a00000,0x0000000780a00000,0x0000000788b80000)
  from space 8192K, 99% used [0x0000000789380000,0x0000000789b7f558,0x0000000789b80000)
  to   space 8192K, 0% used [0x0000000788b80000,0x0000000788b80000,0x0000000789380000)
 ParOldGen       total 111616K, used 34164K [0x0000000701e00000, 0x0000000708b00000, 0x0000000780a00000)
  object space 111616K, 30% used [0x0000000701e00000,0x0000000703f5d1a0,0x0000000708b00000)
 Metaspace       used 34676K, capacity 35181K, committed 35416K, reserved 1081344K
  class space    used 4355K, capacity 4534K, committed 4608K, reserved 1048576K
Event: 2.373 GC heap after
Heap after GC invocations=6 (full 2):
 PSYoungGen      total 140800K, used 0K [0x0000000780a00000, 0x000000078ab80000, 0x00000007c0000000)
  eden space 132608K, 0% used [0x0000000780a00000,0x0000000780a00000,0x0000000788b80000)
  from space 8192K, 0% used [0x0000000789380000,0x0000000789380000,0x0000000789b80000)
  to   space 8192K, 0% used [0x0000000788b80000,0x0000000788b80000,0x0000000789380000)
 ParOldGen       total 164352K, used 23324K [0x0000000701e00000, 0x000000070be80000, 0x0000000780a00000)
  object space 164352K, 14% used [0x0000000701e00000,0x00000007034c7180,0x000000070be80000)
 Metaspace       used 34676K, capacity 35181K, committed 35416K, reserved 1081344K
  class space    used 4355K, capacity 4534K, committed 4608K, reserved 1048576K
}
Event: 4.095 GC heap before
{Heap before GC invocations=7 (full 2):
 PSYoungGen      total 140800K, used 132608K [0x0000000780a00000, 0x000000078ab80000, 0x00000007c0000000)
  eden space 132608K, 100% used [0x0000000780a00000,0x0000000788b80000,0x0000000788b80000)
  from space 8192K, 0% used [0x0000000789380000,0x0000000789380000,0x0000000789b80000)
  to   space 8192K, 0% used [0x0000000788b80000,0x0000000788b80000,0x0000000789380000)
 ParOldGen       total 164352K, used 23324K [0x0000000701e00000, 0x000000070be80000, 0x0000000780a00000)
  object space 164352K, 14% used [0x0000000701e00000,0x00000007034c7180,0x000000070be80000)
 Metaspace       used 45824K, capacity 46653K, committed 46848K, reserved 1089536K
  class space    used 5595K, capacity 5832K, committed 5888K, reserved 1048576K
Event: 4.116 GC heap after
Heap after GC invocations=7 (full 2):
 PSYoungGen      total 140800K, used 8191K [0x0000000780a00000, 0x0000000790880000, 0x00000007c0000000)
  eden space 132608K, 0% used [0x0000000780a00000,0x0000000780a00000,0x0000000788b80000)
  from space 8192K, 99% used [0x0000000788b80000,0x000000078937ff28,0x0000000789380000)
  to   space 34304K, 0% used [0x000000078e700000,0x000000078e700000,0x0000000790880000)
 ParOldGen       total 164352K, used 43957K [0x0000000701e00000, 0x000000070be80000, 0x0000000780a00000)
  object space 164352K, 26% used [0x0000000701e00000,0x00000007048ed6d8,0x000000070be80000)
 Metaspace       used 45824K, capacity 46653K, committed 46848K, reserved 1089536K
  class space    used 5595K, capacity 5832K, committed 5888K, reserved 1048576K
}
Event: 5.268 GC heap before
{Heap before GC invocations=8 (full 2):
 PSYoungGen      total 140800K, used 140799K [0x0000000780a00000, 0x0000000790880000, 0x00000007c0000000)
  eden space 132608K, 100% used [0x0000000780a00000,0x0000000788b80000,0x0000000788b80000)
  from space 8192K, 99% used [0x0000000788b80000,0x000000078937ff28,0x0000000789380000)
  to   space 34304K, 0% used [0x000000078e700000,0x000000078e700000,0x0000000790880000)
 ParOldGen       total 164352K, used 43957K [0x0000000701e00000, 0x000000070be80000, 0x0000000780a00000)
  object space 164352K, 26% used [0x0000000701e00000,0x00000007048ed6d8,0x000000070be80000)
 Metaspace       used 48159K, capacity 49021K, committed 49280K, reserved 1093632K
  class space    used 5757K, capacity 6010K, committed 6016K, reserved 1048576K
Event: 5.288 GC heap after
Heap after GC invocations=8 (full 2):
 PSYoungGen      total 222720K, used 28968K [0x0000000780a00000, 0x0000000790c80000, 0x00000007c0000000)
  eden space 188416K, 0% used [0x0000000780a00000,0x0000000780a00000,0x000000078c200000)
  from space 34304K, 84% used [0x000000078e700000,0x000000079034a270,0x0000000790880000)
  to   space 37888K, 0% used [0x000000078c200000,0x000000078c200000,0x000000078e700000)
 ParOldGen       total 164352K, used 43965K [0x0000000701e00000, 0x000000070be80000, 0x0000000780a00000)
  object space 164352K, 26% used [0x0000000701e00000,0x00000007048ef6d8,0x000000070be80000)
 Metaspace       used 48159K, capacity 49021K, committed 49280K, reserved 1093632K
  class space    used 5757K, capacity 6010K, committed 6016K, reserved 1048576K
}
Event: 7.593 GC heap before
{Heap before GC invocations=9 (full 2):
 PSYoungGen      total 222720K, used 138636K [0x0000000780a00000, 0x0000000790c80000, 0x00000007c0000000)
  eden space 188416K, 58% used [0x0000000780a00000,0x0000000787518ef0,0x000000078c200000)
  from space 34304K, 84% used [0x000000078e700000,0x000000079034a270,0x0000000790880000)
  to   space 37888K, 0% used [0x000000078c200000,0x000000078c200000,0x000000078e700000)
 ParOldGen       total 164352K, used 43965K [0x0000000701e00000, 0x000000070be80000, 0x0000000780a00000)
  object space 164352K, 26% used [0x0000000701e00000,0x00000007048ef6d8,0x000000070be80000)
 Metaspace       used 57769K, capacity 58863K, committed 59008K, reserved 1101824K
  class space    used 6958K, capacity 7245K, committed 7296K, reserved 1048576K
Event: 7.632 GC heap after
Heap after GC invocations=9 (full 2):
 PSYoungGen      total 226304K, used 37883K [0x0000000780a00000, 0x0000000796b00000, 0x00000007c0000000)
  eden space 188416K, 0% used [0x0000000780a00000,0x0000000780a00000,0x000000078c200000)
  from space 37888K, 99% used [0x000000078c200000,0x000000078e6feef0,0x000000078e700000)
  to   space 48640K, 0% used [0x0000000793b80000,0x0000000793b80000,0x0000000796b00000)
 ParOldGen       total 164352K, used 52500K [0x0000000701e00000, 0x000000070be80000, 0x0000000780a00000)
  object space 164352K, 31% used [0x0000000701e00000,0x00000007051452d8,0x000000070be80000)
 Metaspace       used 57769K, capacity 58863K, committed 59008K, reserved 1101824K
  class space    used 6958K, capacity 7245K, committed 7296K, reserved 1048576K
}
Event: 7.632 GC heap before
{Heap before GC invocations=10 (full 3):
 PSYoungGen      total 226304K, used 37883K [0x0000000780a00000, 0x0000000796b00000, 0x00000007c0000000)
  eden space 188416K, 0% used [0x0000000780a00000,0x0000000780a00000,0x000000078c200000)
  from space 37888K, 99% used [0x000000078c200000,0x000000078e6feef0,0x000000078e700000)
  to   space 48640K, 0% used [0x0000000793b80000,0x0000000793b80000,0x0000000796b00000)
 ParOldGen       total 164352K, used 52500K [0x0000000701e00000, 0x000000070be80000, 0x0000000780a00000)
  object space 164352K, 31% used [0x0000000701e00000,0x00000007051452d8,0x000000070be80000)
 Metaspace       used 57769K, capacity 58863K, committed 59008K, reserved 1101824K
  class space    used 6958K, capacity 7245K, committed 7296K, reserved 1048576K
Event: 7.944 GC heap after
Heap after GC invocations=10 (full 3):
 PSYoungGen      total 226304K, used 0K [0x0000000780a00000, 0x0000000796b00000, 0x00000007c0000000)
  eden space 188416K, 0% used [0x0000000780a00000,0x0000000780a00000,0x000000078c200000)
  from space 37888K, 0% used [0x000000078c200000,0x000000078c200000,0x000000078e700000)
  to   space 48640K, 0% used [0x0000000793b80000,0x0000000793b80000,0x0000000796b00000)
 ParOldGen       total 270336K, used 77934K [0x0000000701e00000, 0x0000000712600000, 0x0000000780a00000)
  object space 270336K, 28% used [0x0000000701e00000,0x0000000706a1ba48,0x0000000712600000)
 Metaspace       used 57769K, capacity 58863K, committed 59008K, reserved 1101824K
  class space    used 6958K, capacity 7245K, committed 7296K, reserved 1048576K
}

