# JRE version: OpenJDK Runtime Environment (8.0_242-b01) (build 1.8.0_242-release-1644-b01)
# Java VM: OpenJDK 64-Bit Server VM (25.242-b01 mixed mode windows-amd64 compressed oops)
Heap:
 PSYoungGen      total 118272K, used 88401K [0x0000000780a00000, 0x000000078ce80000, 0x00000007c0000000)
  eden space 96256K, 68% used [0x0000000780a00000,0x0000000784ada110,0x0000000786800000)
  from space 22016K, 99% used [0x0000000786800000,0x0000000787d7a378,0x0000000787d80000)
  to   space 30720K, 0% used [0x000000078b080000,0x000000078b080000,0x000000078ce80000)
 ParOldGen       total 157184K, used 34516K [0x0000000701e00000, 0x000000070b780000, 0x0000000780a00000)
  object space 157184K, 21% used [0x0000000701e00000,0x0000000703fb52a0,0x000000070b780000)
 Metaspace       used 47273K, capacity 48109K, committed 48384K, reserved 1091584K
  class space    used 5632K, capacity 5876K, committed 5888K, reserved 1048576K
GC Heap History (10 events):
Event: 2.649 GC heap before
{Heap before GC invocations=5 (full 1):
 PSYoungGen      total 57344K, used 57334K [0x0000000780a00000, 0x0000000785880000, 0x00000007c0000000)
  eden space 49152K, 100% used [0x0000000780a00000,0x0000000783a00000,0x0000000783a00000)
  from space 8192K, 99% used [0x0000000783a00000,0x00000007841fd858,0x0000000784200000)
  to   space 8192K, 0% used [0x0000000785080000,0x0000000785080000,0x0000000785880000)
 ParOldGen       total 112640K, used 20586K [0x0000000701e00000, 0x0000000708c00000, 0x0000000780a00000)
  object space 112640K, 18% used [0x0000000701e00000,0x000000070321a948,0x0000000708c00000)
 Metaspace       used 33801K, capacity 34341K, committed 34688K, reserved 1079296K
  class space    used 4229K, capacity 4404K, committed 4480K, reserved 1048576K
Event: 2.662 GC heap after
Heap after GC invocations=5 (full 1):
 PSYoungGen      total 72192K, used 8180K [0x0000000780a00000, 0x0000000785b00000, 0x00000007c0000000)
  eden space 64000K, 0% used [0x0000000780a00000,0x0000000780a00000,0x0000000784880000)
  from space 8192K, 99% used [0x0000000785080000,0x000000078587d0e8,0x0000000785880000)
  to   space 8192K, 0% used [0x0000000784880000,0x0000000784880000,0x0000000785080000)
 ParOldGen       total 112640K, used 31471K [0x0000000701e00000, 0x0000000708c00000, 0x0000000780a00000)
  object space 112640K, 27% used [0x0000000701e00000,0x0000000703cbbe90,0x0000000708c00000)
 Metaspace       used 33801K, capacity 34341K, committed 34688K, reserved 1079296K
  class space    used 4229K, capacity 4404K, committed 4480K, reserved 1048576K
}
Event: 2.711 GC heap before
{Heap before GC invocations=6 (full 1):
 PSYoungGen      total 72192K, used 12144K [0x0000000780a00000, 0x0000000785b00000, 0x00000007c0000000)
  eden space 64000K, 6% used [0x0000000780a00000,0x0000000780ddf0d8,0x0000000784880000)
  from space 8192K, 99% used [0x0000000785080000,0x000000078587d0e8,0x0000000785880000)
  to   space 8192K, 0% used [0x0000000784880000,0x0000000784880000,0x0000000785080000)
 ParOldGen       total 112640K, used 31471K [0x0000000701e00000, 0x0000000708c00000, 0x0000000780a00000)
  object space 112640K, 27% used [0x0000000701e00000,0x0000000703cbbe90,0x0000000708c00000)
 Metaspace       used 34683K, capacity 35181K, committed 35416K, reserved 1081344K
  class space    used 4354K, capacity 4534K, committed 4608K, reserved 1048576K
Event: 2.718 GC heap after
Heap after GC invocations=6 (full 1):
 PSYoungGen      total 72192K, used 8164K [0x0000000780a00000, 0x0000000789d00000, 0x00000007c0000000)
  eden space 64000K, 0% used [0x0000000780a00000,0x0000000780a00000,0x0000000784880000)
  from space 8192K, 99% used [0x0000000784880000,0x0000000785079330,0x0000000785080000)
  to   space 23552K, 0% used [0x0000000788600000,0x0000000788600000,0x0000000789d00000)
 ParOldGen       total 112640K, used 32483K [0x0000000701e00000, 0x0000000708c00000, 0x0000000780a00000)
  object space 112640K, 28% used [0x0000000701e00000,0x0000000703db8c80,0x0000000708c00000)
 Metaspace       used 34683K, capacity 35181K, committed 35416K, reserved 1081344K
  class space    used 4354K, capacity 4534K, committed 4608K, reserved 1048576K
}
Event: 2.718 GC heap before
{Heap before GC invocations=7 (full 2):
 PSYoungGen      total 72192K, used 8164K [0x0000000780a00000, 0x0000000789d00000, 0x00000007c0000000)
  eden space 64000K, 0% used [0x0000000780a00000,0x0000000780a00000,0x0000000784880000)
  from space 8192K, 99% used [0x0000000784880000,0x0000000785079330,0x0000000785080000)
  to   space 23552K, 0% used [0x0000000788600000,0x0000000788600000,0x0000000789d00000)
 ParOldGen       total 112640K, used 32483K [0x0000000701e00000, 0x0000000708c00000, 0x0000000780a00000)
  object space 112640K, 28% used [0x0000000701e00000,0x0000000703db8c80,0x0000000708c00000)
 Metaspace       used 34683K, capacity 35181K, committed 35416K, reserved 1081344K
  class space    used 4354K, capacity 4534K, committed 4608K, reserved 1048576K
Event: 2.778 GC heap after
Heap after GC invocations=7 (full 2):
 PSYoungGen      total 72192K, used 0K [0x0000000780a00000, 0x0000000789d00000, 0x00000007c0000000)
  eden space 64000K, 0% used [0x0000000780a00000,0x0000000780a00000,0x0000000784880000)
  from space 8192K, 0% used [0x0000000784880000,0x0000000784880000,0x0000000785080000)
  to   space 23552K, 0% used [0x0000000788600000,0x0000000788600000,0x0000000789d00000)
 ParOldGen       total 157184K, used 23703K [0x0000000701e00000, 0x000000070b780000, 0x0000000780a00000)
  object space 157184K, 15% used [0x0000000701e00000,0x0000000703525e00,0x000000070b780000)
 Metaspace       used 34683K, capacity 35181K, committed 35416K, reserved 1081344K
  class space    used 4354K, capacity 4534K, committed 4608K, reserved 1048576K
}
Event: 3.609 GC heap before
{Heap before GC invocations=8 (full 2):
 PSYoungGen      total 72192K, used 64000K [0x0000000780a00000, 0x0000000789d00000, 0x00000007c0000000)
  eden space 64000K, 100% used [0x0000000780a00000,0x0000000784880000,0x0000000784880000)
  from space 8192K, 0% used [0x0000000784880000,0x0000000784880000,0x0000000785080000)
  to   space 23552K, 0% used [0x0000000788600000,0x0000000788600000,0x0000000789d00000)
 ParOldGen       total 157184K, used 23703K [0x0000000701e00000, 0x000000070b780000, 0x0000000780a00000)
  object space 157184K, 15% used [0x0000000701e00000,0x0000000703525e00,0x000000070b780000)
 Metaspace       used 39275K, capacity 39937K, committed 40192K, reserved 1085440K
  class space    used 4855K, capacity 5052K, committed 5120K, reserved 1048576K
Event: 3.620 GC heap after
Heap after GC invocations=8 (full 2):
 PSYoungGen      total 109568K, used 12407K [0x0000000780a00000, 0x0000000789300000, 0x00000007c0000000)
  eden space 96256K, 0% used [0x0000000780a00000,0x0000000780a00000,0x0000000786800000)
  from space 13312K, 93% used [0x0000000788600000,0x000000078921df60,0x0000000789300000)
  to   space 22016K, 0% used [0x0000000786800000,0x0000000786800000,0x0000000787d80000)
 ParOldGen       total 157184K, used 23711K [0x0000000701e00000, 0x000000070b780000, 0x0000000780a00000)
  object space 157184K, 15% used [0x0000000701e00000,0x0000000703527e00,0x000000070b780000)
 Metaspace       used 39275K, capacity 39937K, committed 40192K, reserved 1085440K
  class space    used 4855K, capacity 5052K, committed 5120K, reserved 1048576K
}
Event: 5.349 GC heap before
{Heap before GC invocations=9 (full 2):
 PSYoungGen      total 109568K, used 108663K [0x0000000780a00000, 0x0000000789300000, 0x00000007c0000000)
  eden space 96256K, 100% used [0x0000000780a00000,0x0000000786800000,0x0000000786800000)
  from space 13312K, 93% used [0x0000000788600000,0x000000078921df60,0x0000000789300000)
  to   space 22016K, 0% used [0x0000000786800000,0x0000000786800000,0x0000000787d80000)
 ParOldGen       total 157184K, used 23711K [0x0000000701e00000, 0x000000070b780000, 0x0000000780a00000)
  object space 157184K, 15% used [0x0000000701e00000,0x0000000703527e00,0x000000070b780000)
 Metaspace       used 46412K, capacity 47217K, committed 47360K, reserved 1091584K
  class space    used 5605K, capacity 5836K, committed 5888K, reserved 1048576K
Event: 5.368 GC heap after
Heap after GC invocations=9 (full 2):
 PSYoungGen      total 118272K, used 21992K [0x0000000780a00000, 0x000000078ce80000, 0x00000007c0000000)
  eden space 96256K, 0% used [0x0000000780a00000,0x0000000780a00000,0x0000000786800000)
  from space 22016K, 99% used [0x0000000786800000,0x0000000787d7a378,0x0000000787d80000)
  to   space 30720K, 0% used [0x000000078b080000,0x000000078b080000,0x000000078ce80000)
 ParOldGen       total 157184K, used 34516K [0x0000000701e00000, 0x000000070b780000, 0x0000000780a00000)
  object space 157184K, 21% used [0x0000000701e00000,0x0000000703fb52a0,0x000000070b780000)
 Metaspace       used 46412K, capacity 47217K, committed 47360K, reserved 1091584K
  class space    used 5605K, capacity 5836K, committed 5888K, reserved 1048576K
}

