# JRE version: OpenJDK Runtime Environment (11.0.12+7) (build 11.0.12+7-b1504.28-7817840)
# Java VM: OpenJDK 64-Bit Server VM (11.0.12+7-b1504.28-7817840, mixed mode, tiered, compressed oops, g1 gc, windows-amd64)
Heap:
 garbage-first heap   total 393216K, used 250155K [0x0000000080000000, 0x0000000100000000)
  region size 1024K, 72 young (73728K), 4 survivors (4096K)
 Metaspace       used 114674K, capacity 117772K, committed 118088K, reserved 1153024K
  class space    used 14393K, capacity 15537K, committed 15616K, reserved 1048576K
GC Heap History (20 events):
Event: 1571.069 GC heap before
{Heap before GC invocations=81 (full 0):
 garbage-first heap   total 393216K, used 318185K [0x0000000080000000, 0x0000000100000000)
  region size 1024K, 172 young (176128K), 15 survivors (15360K)
 Metaspace       used 109087K, capacity 112043K, committed 112200K, reserved 1146880K
  class space    used 13675K, capacity 14757K, committed 14848K, reserved 1048576K
}
Event: 1571.075 GC heap after
{Heap after GC invocations=82 (full 0):
 garbage-first heap   total 393216K, used 161744K [0x0000000080000000, 0x0000000100000000)
  region size 1024K, 16 young (16384K), 16 survivors (16384K)
 Metaspace       used 109087K, capacity 112043K, committed 112200K, reserved 1146880K
  class space    used 13675K, capacity 14757K, committed 14848K, reserved 1048576K
}
Event: 1571.140 GC heap before
{Heap before GC invocations=82 (full 0):
 garbage-first heap   total 393216K, used 312272K [0x0000000080000000, 0x0000000100000000)
  region size 1024K, 164 young (167936K), 16 survivors (16384K)
 Metaspace       used 109117K, capacity 112043K, committed 112200K, reserved 1146880K
  class space    used 13675K, capacity 14757K, committed 14848K, reserved 1048576K
}
Event: 1571.144 GC heap after
{Heap after GC invocations=83 (full 0):
 garbage-first heap   total 393216K, used 164080K [0x0000000080000000, 0x0000000100000000)
  region size 1024K, 11 young (11264K), 11 survivors (11264K)
 Metaspace       used 109117K, capacity 112043K, committed 112200K, reserved 1146880K
  class space    used 13675K, capacity 14757K, committed 14848K, reserved 1048576K
}
Event: 1571.218 GC heap before
{Heap before GC invocations=83 (full 0):
 garbage-first heap   total 393216K, used 318704K [0x0000000080000000, 0x0000000100000000)
  region size 1024K, 163 young (166912K), 11 survivors (11264K)
 Metaspace       used 109124K, capacity 112043K, committed 112200K, reserved 1146880K
  class space    used 13675K, capacity 14757K, committed 14848K, reserved 1048576K
}
Event: 1571.220 GC heap after
{Heap after GC invocations=84 (full 0):
 garbage-first heap   total 393216K, used 166148K [0x0000000080000000, 0x0000000100000000)
  region size 1024K, 13 young (13312K), 13 survivors (13312K)
 Metaspace       used 109124K, capacity 112043K, committed 112200K, reserved 1146880K
  class space    used 13675K, capacity 14757K, committed 14848K, reserved 1048576K
}
Event: 1571.291 GC heap before
{Heap before GC invocations=84 (full 0):
 garbage-first heap   total 393216K, used 322820K [0x0000000080000000, 0x0000000100000000)
  region size 1024K, 167 young (171008K), 13 survivors (13312K)
 Metaspace       used 109169K, capacity 112171K, committed 112456K, reserved 1146880K
  class space    used 13675K, capacity 14757K, committed 14848K, reserved 1048576K
}
Event: 1571.294 GC heap after
{Heap after GC invocations=85 (full 0):
 garbage-first heap   total 393216K, used 168480K [0x0000000080000000, 0x0000000100000000)
  region size 1024K, 9 young (9216K), 9 survivors (9216K)
 Metaspace       used 109169K, capacity 112171K, committed 112456K, reserved 1146880K
  class space    used 13675K, capacity 14757K, committed 14848K, reserved 1048576K
}
Event: 1571.366 GC heap before
{Heap before GC invocations=85 (full 0):
 garbage-first heap   total 393216K, used 328224K [0x0000000080000000, 0x0000000100000000)
  region size 1024K, 165 young (168960K), 9 survivors (9216K)
 Metaspace       used 109172K, capacity 112171K, committed 112456K, reserved 1146880K
  class space    used 13675K, capacity 14757K, committed 14848K, reserved 1048576K
}
Event: 1571.369 GC heap after
{Heap after GC invocations=86 (full 0):
 garbage-first heap   total 393216K, used 171768K [0x0000000080000000, 0x0000000100000000)
  region size 1024K, 13 young (13312K), 13 survivors (13312K)
 Metaspace       used 109172K, capacity 112171K, committed 112456K, reserved 1146880K
  class space    used 13675K, capacity 14757K, committed 14848K, reserved 1048576K
}
Event: 1571.522 GC heap before
{Heap before GC invocations=86 (full 0):
 garbage-first heap   total 393216K, used 330488K [0x0000000080000000, 0x0000000100000000)
  region size 1024K, 168 young (172032K), 13 survivors (13312K)
 Metaspace       used 109172K, capacity 112171K, committed 112456K, reserved 1146880K
  class space    used 13675K, capacity 14757K, committed 14848K, reserved 1048576K
}
Event: 1571.526 GC heap after
{Heap after GC invocations=87 (full 0):
 garbage-first heap   total 393216K, used 173962K [0x0000000080000000, 0x0000000100000000)
  region size 1024K, 12 young (12288K), 12 survivors (12288K)
 Metaspace       used 109172K, capacity 112171K, committed 112456K, reserved 1146880K
  class space    used 13675K, capacity 14757K, committed 14848K, reserved 1048576K
}
Event: 1572.194 GC heap before
{Heap before GC invocations=87 (full 0):
 garbage-first heap   total 393216K, used 332682K [0x0000000080000000, 0x0000000100000000)
  region size 1024K, 167 young (171008K), 12 survivors (12288K)
 Metaspace       used 110061K, capacity 113044K, committed 113352K, reserved 1148928K
  class space    used 13786K, capacity 14830K, committed 14976K, reserved 1048576K
}
Event: 1572.199 GC heap after
{Heap after GC invocations=88 (full 0):
 garbage-first heap   total 393216K, used 180013K [0x0000000080000000, 0x0000000100000000)
  region size 1024K, 18 young (18432K), 18 survivors (18432K)
 Metaspace       used 110061K, capacity 113044K, committed 113352K, reserved 1148928K
  class space    used 13786K, capacity 14830K, committed 14976K, reserved 1048576K
}
Event: 1584.074 GC heap before
{Heap before GC invocations=88 (full 0):
 garbage-first heap   total 393216K, used 334637K [0x0000000080000000, 0x0000000100000000)
  region size 1024K, 168 young (172032K), 18 survivors (18432K)
 Metaspace       used 110193K, capacity 113173K, committed 113352K, reserved 1148928K
  class space    used 13795K, capacity 14871K, committed 14976K, reserved 1048576K
}
Event: 1584.080 GC heap after
{Heap after GC invocations=89 (full 0):
 garbage-first heap   total 393216K, used 185903K [0x0000000080000000, 0x0000000100000000)
  region size 1024K, 14 young (14336K), 14 survivors (14336K)
 Metaspace       used 110193K, capacity 113173K, committed 113352K, reserved 1148928K
  class space    used 13795K, capacity 14871K, committed 14976K, reserved 1048576K
}
Event: 1584.875 GC heap before
{Heap before GC invocations=89 (full 0):
 garbage-first heap   total 393216K, used 337455K [0x0000000080000000, 0x0000000100000000)
  region size 1024K, 160 young (163840K), 14 survivors (14336K)
 Metaspace       used 110437K, capacity 113429K, committed 113608K, reserved 1148928K
  class space    used 13814K, capacity 14871K, committed 14976K, reserved 1048576K
}
Event: 1584.880 GC heap after
{Heap after GC invocations=90 (full 0):
 garbage-first heap   total 393216K, used 186223K [0x0000000080000000, 0x0000000100000000)
  region size 1024K, 11 young (11264K), 11 survivors (11264K)
 Metaspace       used 110437K, capacity 113429K, committed 113608K, reserved 1148928K
  class space    used 13814K, capacity 14871K, committed 14976K, reserved 1048576K
}
Event: 1585.615 GC heap before
{Heap before GC invocations=90 (full 0):
 garbage-first heap   total 393216K, used 337775K [0x0000000080000000, 0x0000000100000000)
  region size 1024K, 159 young (162816K), 11 survivors (11264K)
 Metaspace       used 113577K, capacity 116622K, committed 116936K, reserved 1150976K
  class space    used 14275K, capacity 15393K, committed 15488K, reserved 1048576K
}
Event: 1585.619 GC heap after
{Heap after GC invocations=91 (full 0):
 garbage-first heap   total 393216K, used 182571K [0x0000000080000000, 0x0000000100000000)
  region size 1024K, 4 young (4096K), 4 survivors (4096K)
 Metaspace       used 113577K, capacity 116622K, committed 116936K, reserved 1150976K
  class space    used 14275K, capacity 15393K, committed 15488K, reserved 1048576K
}

