# JRE version: OpenJDK Runtime Environment (8.0_242-b01) (build 1.8.0_242-release-1644-b01)
# Java VM: OpenJDK 64-Bit Server VM (25.242-b01 mixed mode windows-amd64 compressed oops)
Heap:
 PSYoungGen      total 465920K, used 249257K [0x00000000d5580000, 0x00000000f7c00000, 0x0000000100000000)
  eden space 387584K, 44% used [0x00000000d5580000,0x00000000dfc6eb08,0x00000000ed000000)
  from space 78336K, 99% used [0x00000000f2800000,0x00000000f747ba40,0x00000000f7480000)
  to   space 88064K, 0% used [0x00000000ed000000,0x00000000ed000000,0x00000000f2600000)
 ParOldGen       total 391680K, used 301891K [0x0000000080000000, 0x0000000097e80000, 0x00000000d5580000)
  object space 391680K, 77% used [0x0000000080000000,0x00000000926d0f78,0x0000000097e80000)
 Metaspace       used 91942K, capacity 96844K, committed 97176K, reserved 1132544K
  class space    used 12197K, capacity 13126K, committed 13232K, reserved 1048576K
GC Heap History (10 events):
Event: 10.425 GC heap before
{Heap before GC invocations=16 (full 4):
 PSYoungGen      total 362496K, used 30196K [0x00000000d5580000, 0x00000000f5700000, 0x0000000100000000)
  eden space 332288K, 0% used [0x00000000d5580000,0x00000000d5580000,0x00000000e9a00000)
  from space 30208K, 99% used [0x00000000edc00000,0x00000000ef97d1e0,0x00000000ef980000)
  to   space 67584K, 0% used [0x00000000e9a00000,0x00000000e9a00000,0x00000000edc00000)
 ParOldGen       total 177152K, used 156349K [0x0000000080000000, 0x000000008ad00000, 0x00000000d5580000)
  object space 177152K, 88% used [0x0000000080000000,0x00000000898af4f8,0x000000008ad00000)
 Metaspace       used 76687K, capacity 80772K, committed 81048K, reserved 1118208K
  class space    used 10620K, capacity 11369K, committed 11440K, reserved 1048576K
Event: 10.801 GC heap after
Heap after GC invocations=16 (full 4):
 PSYoungGen      total 362496K, used 0K [0x00000000d5580000, 0x00000000f5700000, 0x0000000100000000)
  eden space 332288K, 0% used [0x00000000d5580000,0x00000000d5580000,0x00000000e9a00000)
  from space 30208K, 0% used [0x00000000edc00000,0x00000000edc00000,0x00000000ef980000)
  to   space 67584K, 0% used [0x00000000e9a00000,0x00000000e9a00000,0x00000000edc00000)
 ParOldGen       total 391680K, used 169527K [0x0000000080000000, 0x0000000097e80000, 0x00000000d5580000)
  object space 391680K, 43% used [0x0000000080000000,0x000000008a58dc50,0x0000000097e80000)
 Metaspace       used 76253K, capacity 79498K, committed 81048K, reserved 1118208K
  class space    used 10479K, capacity 11118K, committed 11440K, reserved 1048576K
}
Event: 12.367 GC heap before
{Heap before GC invocations=17 (full 4):
 PSYoungGen      total 362496K, used 332288K [0x00000000d5580000, 0x00000000f5700000, 0x0000000100000000)
  eden space 332288K, 100% used [0x00000000d5580000,0x00000000e9a00000,0x00000000e9a00000)
  from space 30208K, 0% used [0x00000000edc00000,0x00000000edc00000,0x00000000ef980000)
  to   space 67584K, 0% used [0x00000000e9a00000,0x00000000e9a00000,0x00000000edc00000)
 ParOldGen       total 391680K, used 169527K [0x0000000080000000, 0x0000000097e80000, 0x00000000d5580000)
  object space 391680K, 43% used [0x0000000080000000,0x000000008a58dc50,0x0000000097e80000)
 Metaspace       used 79153K, capacity 83014K, committed 83352K, reserved 1120256K
  class space    used 10859K, capacity 11620K, committed 11696K, reserved 1048576K
Event: 12.400 GC heap after
Heap after GC invocations=17 (full 4):
 PSYoungGen      total 399872K, used 65726K [0x00000000d5580000, 0x00000000f7480000, 0x0000000100000000)
  eden space 332288K, 0% used [0x00000000d5580000,0x00000000d5580000,0x00000000e9a00000)
  from space 67584K, 97% used [0x00000000e9a00000,0x00000000eda2f9a0,0x00000000edc00000)
  to   space 78336K, 0% used [0x00000000f2800000,0x00000000f2800000,0x00000000f7480000)
 ParOldGen       total 391680K, used 169535K [0x0000000080000000, 0x0000000097e80000, 0x00000000d5580000)
  object space 391680K, 43% used [0x0000000080000000,0x000000008a58fc50,0x0000000097e80000)
 Metaspace       used 79153K, capacity 83014K, committed 83352K, reserved 1120256K
  class space    used 10859K, capacity 11620K, committed 11696K, reserved 1048576K
}
Event: 1273.907 GC heap before
{Heap before GC invocations=18 (full 4):
 PSYoungGen      total 399872K, used 398014K [0x00000000d5580000, 0x00000000f7480000, 0x0000000100000000)
  eden space 332288K, 100% used [0x00000000d5580000,0x00000000e9a00000,0x00000000e9a00000)
  from space 67584K, 97% used [0x00000000e9a00000,0x00000000eda2f9a0,0x00000000edc00000)
  to   space 78336K, 0% used [0x00000000f2800000,0x00000000f2800000,0x00000000f7480000)
 ParOldGen       total 391680K, used 169535K [0x0000000080000000, 0x0000000097e80000, 0x00000000d5580000)
  object space 391680K, 43% used [0x0000000080000000,0x000000008a58fc50,0x0000000097e80000)
 Metaspace       used 84934K, capacity 89096K, committed 89240K, reserved 1126400K
  class space    used 11335K, capacity 12125K, committed 12208K, reserved 1048576K
Event: 1273.956 GC heap after
Heap after GC invocations=18 (full 4):
 PSYoungGen      total 465920K, used 68528K [0x00000000d5580000, 0x00000000f7c00000, 0x0000000100000000)
  eden space 387584K, 0% used [0x00000000d5580000,0x00000000d5580000,0x00000000ed000000)
  from space 78336K, 87% used [0x00000000f2800000,0x00000000f6aec0c0,0x00000000f7480000)
  to   space 88064K, 0% used [0x00000000ed000000,0x00000000ed000000,0x00000000f2600000)
 ParOldGen       total 391680K, used 169543K [0x0000000080000000, 0x0000000097e80000, 0x00000000d5580000)
  object space 391680K, 43% used [0x0000000080000000,0x000000008a591c50,0x0000000097e80000)
 Metaspace       used 84934K, capacity 89096K, committed 89240K, reserved 1126400K
  class space    used 11335K, capacity 12125K, committed 12208K, reserved 1048576K
}
Event: 1277.153 GC heap before
{Heap before GC invocations=19 (full 4):
 PSYoungGen      total 465920K, used 456112K [0x00000000d5580000, 0x00000000f7c00000, 0x0000000100000000)
  eden space 387584K, 100% used [0x00000000d5580000,0x00000000ed000000,0x00000000ed000000)
  from space 78336K, 87% used [0x00000000f2800000,0x00000000f6aec0c0,0x00000000f7480000)
  to   space 88064K, 0% used [0x00000000ed000000,0x00000000ed000000,0x00000000f2600000)
 ParOldGen       total 391680K, used 169543K [0x0000000080000000, 0x0000000097e80000, 0x00000000d5580000)
  object space 391680K, 43% used [0x0000000080000000,0x000000008a591c50,0x0000000097e80000)
 Metaspace       used 87669K, capacity 92042K, committed 92184K, reserved 1128448K
  class space    used 11704K, capacity 12555K, committed 12592K, reserved 1048576K
Event: 1277.196 GC heap after
Heap after GC invocations=19 (full 4):
 PSYoungGen      total 475648K, used 88062K [0x00000000d5580000, 0x00000000f7c00000, 0x0000000100000000)
  eden space 387584K, 0% used [0x00000000d5580000,0x00000000d5580000,0x00000000ed000000)
  from space 88064K, 99% used [0x00000000ed000000,0x00000000f25ff880,0x00000000f2600000)
  to   space 78336K, 0% used [0x00000000f2800000,0x00000000f2800000,0x00000000f7480000)
 ParOldGen       total 391680K, used 181379K [0x0000000080000000, 0x0000000097e80000, 0x00000000d5580000)
  object space 391680K, 46% used [0x0000000080000000,0x000000008b120c08,0x0000000097e80000)
 Metaspace       used 87669K, capacity 92042K, committed 92184K, reserved 1128448K
  class space    used 11704K, capacity 12555K, committed 12592K, reserved 1048576K
}
Event: 1277.924 GC heap before
{Heap before GC invocations=20 (full 4):
 PSYoungGen      total 475648K, used 475646K [0x00000000d5580000, 0x00000000f7c00000, 0x0000000100000000)
  eden space 387584K, 100% used [0x00000000d5580000,0x00000000ed000000,0x00000000ed000000)
  from space 88064K, 99% used [0x00000000ed000000,0x00000000f25ff880,0x00000000f2600000)
  to   space 78336K, 0% used [0x00000000f2800000,0x00000000f2800000,0x00000000f7480000)
 ParOldGen       total 391680K, used 181379K [0x0000000080000000, 0x0000000097e80000, 0x00000000d5580000)
  object space 391680K, 46% used [0x0000000080000000,0x000000008b120c08,0x0000000097e80000)
 Metaspace       used 90801K, capacity 95574K, committed 95768K, reserved 1132544K
  class space    used 12150K, capacity 13069K, committed 13104K, reserved 1048576K
Event: 1278.056 GC heap after
Heap after GC invocations=20 (full 4):
 PSYoungGen      total 465920K, used 78318K [0x00000000d5580000, 0x00000000f7c00000, 0x0000000100000000)
  eden space 387584K, 0% used [0x00000000d5580000,0x00000000d5580000,0x00000000ed000000)
  from space 78336K, 99% used [0x00000000f2800000,0x00000000f747ba40,0x00000000f7480000)
  to   space 88064K, 0% used [0x00000000ed000000,0x00000000ed000000,0x00000000f2600000)
 ParOldGen       total 391680K, used 301891K [0x0000000080000000, 0x0000000097e80000, 0x00000000d5580000)
  object space 391680K, 77% used [0x0000000080000000,0x00000000926d0f78,0x0000000097e80000)
 Metaspace       used 90801K, capacity 95574K, committed 95768K, reserved 1132544K
  class space    used 12150K, capacity 13069K, committed 13104K, reserved 1048576K
}

