# JRE version: OpenJDK Runtime Environment (8.0_242-b01) (build 1.8.0_242-release-1644-b01)
# Java VM: OpenJDK 64-Bit Server VM (25.242-b01 mixed mode windows-amd64 compressed oops)
Heap:
 PSYoungGen      total 183808K, used 51980K [0x0000000780a00000, 0x000000078ed00000, 0x00000007c0000000)
  eden space 154112K, 14% used [0x0000000780a00000,0x0000000781fc53f8,0x000000078a080000)
  from space 29696K, 99% used [0x000000078c500000,0x000000078e1fdc48,0x000000078e200000)
  to   space 37376K, 0% used [0x000000078a080000,0x000000078a080000,0x000000078c500000)
 ParOldGen       total 147456K, used 39666K [0x0000000701e00000, 0x000000070ae00000, 0x0000000780a00000)
  object space 147456K, 26% used [0x0000000701e00000,0x00000007044bcb18,0x000000070ae00000)
 Metaspace       used 55380K, capacity 56525K, committed 56704K, reserved 1099776K
  class space    used 6757K, capacity 7032K, committed 7040K, reserved 1048576K
GC Heap History (10 events):
Event: 4.076 GC heap before
{Heap before GC invocations=6 (full 1):
 PSYoungGen      total 72192K, used 9480K [0x0000000780a00000, 0x0000000785900000, 0x00000007c0000000)
  eden space 64000K, 2% used [0x0000000780a00000,0x0000000780b42798,0x0000000784880000)
  from space 8192K, 99% used [0x0000000785080000,0x000000078587f8c8,0x0000000785880000)
  to   space 8192K, 0% used [0x0000000784880000,0x0000000784880000,0x0000000785080000)
 ParOldGen       total 113152K, used 31237K [0x0000000701e00000, 0x0000000708c80000, 0x0000000780a00000)
  object space 113152K, 27% used [0x0000000701e00000,0x0000000703c81770,0x0000000708c80000)
 Metaspace       used 34620K, capacity 35181K, committed 35416K, reserved 1081344K
  class space    used 4350K, capacity 4534K, committed 4608K, reserved 1048576K
Event: 4.084 GC heap after
Heap after GC invocations=6 (full 1):
 PSYoungGen      total 72192K, used 8185K [0x0000000780a00000, 0x0000000789f80000, 0x00000007c0000000)
  eden space 64000K, 0% used [0x0000000780a00000,0x0000000780a00000,0x0000000784880000)
  from space 8192K, 99% used [0x0000000784880000,0x000000078507e4c8,0x0000000785080000)
  to   space 23040K, 0% used [0x0000000788900000,0x0000000788900000,0x0000000789f80000)
 ParOldGen       total 113152K, used 31586K [0x0000000701e00000, 0x0000000708c80000, 0x0000000780a00000)
  object space 113152K, 27% used [0x0000000701e00000,0x0000000703cd8818,0x0000000708c80000)
 Metaspace       used 34620K, capacity 35181K, committed 35416K, reserved 1081344K
  class space    used 4350K, capacity 4534K, committed 4608K, reserved 1048576K
}
Event: 4.084 GC heap before
{Heap before GC invocations=7 (full 2):
 PSYoungGen      total 72192K, used 8185K [0x0000000780a00000, 0x0000000789f80000, 0x00000007c0000000)
  eden space 64000K, 0% used [0x0000000780a00000,0x0000000780a00000,0x0000000784880000)
  from space 8192K, 99% used [0x0000000784880000,0x000000078507e4c8,0x0000000785080000)
  to   space 23040K, 0% used [0x0000000788900000,0x0000000788900000,0x0000000789f80000)
 ParOldGen       total 113152K, used 31586K [0x0000000701e00000, 0x0000000708c80000, 0x0000000780a00000)
  object space 113152K, 27% used [0x0000000701e00000,0x0000000703cd8818,0x0000000708c80000)
 Metaspace       used 34620K, capacity 35181K, committed 35416K, reserved 1081344K
  class space    used 4350K, capacity 4534K, committed 4608K, reserved 1048576K
Event: 4.155 GC heap after
Heap after GC invocations=7 (full 2):
 PSYoungGen      total 72192K, used 0K [0x0000000780a00000, 0x0000000789f80000, 0x00000007c0000000)
  eden space 64000K, 0% used [0x0000000780a00000,0x0000000780a00000,0x0000000784880000)
  from space 8192K, 0% used [0x0000000784880000,0x0000000784880000,0x0000000785080000)
  to   space 23040K, 0% used [0x0000000788900000,0x0000000788900000,0x0000000789f80000)
 ParOldGen       total 147456K, used 22865K [0x0000000701e00000, 0x000000070ae00000, 0x0000000780a00000)
  object space 147456K, 15% used [0x0000000701e00000,0x0000000703454478,0x000000070ae00000)
 Metaspace       used 34620K, capacity 35181K, committed 35416K, reserved 1081344K
  class space    used 4350K, capacity 4534K, committed 4608K, reserved 1048576K
}
Event: 5.401 GC heap before
{Heap before GC invocations=8 (full 2):
 PSYoungGen      total 72192K, used 64000K [0x0000000780a00000, 0x0000000789f80000, 0x00000007c0000000)
  eden space 64000K, 100% used [0x0000000780a00000,0x0000000784880000,0x0000000784880000)
  from space 8192K, 0% used [0x0000000784880000,0x0000000784880000,0x0000000785080000)
  to   space 23040K, 0% used [0x0000000788900000,0x0000000788900000,0x0000000789f80000)
 ParOldGen       total 147456K, used 22865K [0x0000000701e00000, 0x000000070ae00000, 0x0000000780a00000)
  object space 147456K, 15% used [0x0000000701e00000,0x0000000703454478,0x000000070ae00000)
 Metaspace       used 39919K, capacity 40527K, committed 40704K, reserved 1085440K
  class space    used 4932K, capacity 5119K, committed 5120K, reserved 1048576K
Event: 5.415 GC heap after
Heap after GC invocations=8 (full 2):
 PSYoungGen      total 120832K, used 12088K [0x0000000780a00000, 0x0000000789a00000, 0x00000007c0000000)
  eden space 103424K, 0% used [0x0000000780a00000,0x0000000780a00000,0x0000000786f00000)
  from space 17408K, 69% used [0x0000000788900000,0x00000007894ce280,0x0000000789a00000)
  to   space 22016K, 0% used [0x0000000786f00000,0x0000000786f00000,0x0000000788480000)
 ParOldGen       total 147456K, used 22873K [0x0000000701e00000, 0x000000070ae00000, 0x0000000780a00000)
  object space 147456K, 15% used [0x0000000701e00000,0x0000000703456478,0x000000070ae00000)
 Metaspace       used 39919K, capacity 40527K, committed 40704K, reserved 1085440K
  class space    used 4932K, capacity 5119K, committed 5120K, reserved 1048576K
}
Event: 8.134 GC heap before
{Heap before GC invocations=9 (full 2):
 PSYoungGen      total 120832K, used 115512K [0x0000000780a00000, 0x0000000789a00000, 0x00000007c0000000)
  eden space 103424K, 100% used [0x0000000780a00000,0x0000000786f00000,0x0000000786f00000)
  from space 17408K, 69% used [0x0000000788900000,0x00000007894ce280,0x0000000789a00000)
  to   space 22016K, 0% used [0x0000000786f00000,0x0000000786f00000,0x0000000788480000)
 ParOldGen       total 147456K, used 22873K [0x0000000701e00000, 0x000000070ae00000, 0x0000000780a00000)
  object space 147456K, 15% used [0x0000000701e00000,0x0000000703456478,0x000000070ae00000)
 Metaspace       used 46910K, capacity 47769K, committed 48128K, reserved 1091584K
  class space    used 5630K, capacity 5874K, committed 5888K, reserved 1048576K
Event: 8.163 GC heap after
Heap after GC invocations=9 (full 2):
 PSYoungGen      total 125440K, used 22014K [0x0000000780a00000, 0x000000078e200000, 0x00000007c0000000)
  eden space 103424K, 0% used [0x0000000780a00000,0x0000000780a00000,0x0000000786f00000)
  from space 22016K, 99% used [0x0000000786f00000,0x000000078847f958,0x0000000788480000)
  to   space 29696K, 0% used [0x000000078c500000,0x000000078c500000,0x000000078e200000)
 ParOldGen       total 147456K, used 31924K [0x0000000701e00000, 0x000000070ae00000, 0x0000000780a00000)
  object space 147456K, 21% used [0x0000000701e00000,0x0000000703d2d010,0x000000070ae00000)
 Metaspace       used 46910K, capacity 47769K, committed 48128K, reserved 1091584K
  class space    used 5630K, capacity 5874K, committed 5888K, reserved 1048576K
}
Event: 10.306 GC heap before
{Heap before GC invocations=10 (full 2):
 PSYoungGen      total 125440K, used 125438K [0x0000000780a00000, 0x000000078e200000, 0x00000007c0000000)
  eden space 103424K, 100% used [0x0000000780a00000,0x0000000786f00000,0x0000000786f00000)
  from space 22016K, 99% used [0x0000000786f00000,0x000000078847f958,0x0000000788480000)
  to   space 29696K, 0% used [0x000000078c500000,0x000000078c500000,0x000000078e200000)
 ParOldGen       total 147456K, used 31924K [0x0000000701e00000, 0x000000070ae00000, 0x0000000780a00000)
  object space 147456K, 21% used [0x0000000701e00000,0x0000000703d2d010,0x000000070ae00000)
 Metaspace       used 52369K, capacity 53309K, committed 53760K, reserved 1095680K
  class space    used 6308K, capacity 6550K, committed 6656K, reserved 1048576K
Event: 10.349 GC heap after
Heap after GC invocations=10 (full 2):
 PSYoungGen      total 183808K, used 29687K [0x0000000780a00000, 0x000000078ed00000, 0x00000007c0000000)
  eden space 154112K, 0% used [0x0000000780a00000,0x0000000780a00000,0x000000078a080000)
  from space 29696K, 99% used [0x000000078c500000,0x000000078e1fdc48,0x000000078e200000)
  to   space 37376K, 0% used [0x000000078a080000,0x000000078a080000,0x000000078c500000)
 ParOldGen       total 147456K, used 39666K [0x0000000701e00000, 0x000000070ae00000, 0x0000000780a00000)
  object space 147456K, 26% used [0x0000000701e00000,0x00000007044bcb18,0x000000070ae00000)
 Metaspace       used 52369K, capacity 53309K, committed 53760K, reserved 1095680K
  class space    used 6308K, capacity 6550K, committed 6656K, reserved 1048576K
}

