# JRE version: OpenJDK Runtime Environment (8.0_242-b01) (build 1.8.0_242-release-1644-b01)
# Java VM: OpenJDK 64-Bit Server VM (25.242-b01 mixed mode windows-amd64 compressed oops)
Heap:
 PSYoungGen      total 303104K, used 115165K [0x0000000780a00000, 0x0000000799280000, 0x00000007c0000000)
  eden space 246784K, 23% used [0x0000000780a00000,0x000000078437e1e8,0x000000078fb00000)
  from space 56320K, 99% used [0x0000000795b80000,0x0000000799279470,0x0000000799280000)
  to   space 50688K, 0% used [0x000000078fb00000,0x000000078fb00000,0x0000000792c80000)
 ParOldGen       total 162304K, used 132885K [0x0000000701e00000, 0x000000070bc80000, 0x0000000780a00000)
  object space 162304K, 81% used [0x0000000701e00000,0x0000000709fc5538,0x000000070bc80000)
 Metaspace       used 71985K, capacity 73849K, committed 73984K, reserved 1114112K
  class space    used 7931K, capacity 8364K, committed 8448K, reserved 1048576K
GC Heap History (10 events):
Event: 14.109 GC heap before
{Heap before GC invocations=11 (full 3):
 PSYoungGen      total 229888K, used 188416K [0x0000000780a00000, 0x0000000797580000, 0x00000007c0000000)
  eden space 188416K, 100% used [0x0000000780a00000,0x000000078c200000,0x000000078c200000)
  from space 41472K, 0% used [0x000000078c200000,0x000000078c200000,0x000000078ea80000)
  to   space 53760K, 0% used [0x0000000794100000,0x0000000794100000,0x0000000797580000)
 ParOldGen       total 162304K, used 93641K [0x0000000701e00000, 0x000000070bc80000, 0x0000000780a00000)
  object space 162304K, 57% used [0x0000000701e00000,0x0000000707972628,0x000000070bc80000)
 Metaspace       used 60540K, capacity 62125K, committed 62336K, reserved 1103872K
  class space    used 7120K, capacity 7494K, committed 7552K, reserved 1048576K
Event: 14.134 GC heap after
Heap after GC invocations=11 (full 3):
 PSYoungGen      total 276480K, used 22008K [0x0000000780a00000, 0x0000000795e00000, 0x00000007c0000000)
  eden space 246784K, 0% used [0x0000000780a00000,0x0000000780a00000,0x000000078fb00000)
  from space 29696K, 74% used [0x0000000794100000,0x000000079567e350,0x0000000795e00000)
  to   space 50688K, 0% used [0x000000078fb00000,0x000000078fb00000,0x0000000792c80000)
 ParOldGen       total 162304K, used 93649K [0x0000000701e00000, 0x000000070bc80000, 0x0000000780a00000)
  object space 162304K, 57% used [0x0000000701e00000,0x0000000707974628,0x000000070bc80000)
 Metaspace       used 60540K, capacity 62125K, committed 62336K, reserved 1103872K
  class space    used 7120K, capacity 7494K, committed 7552K, reserved 1048576K
}
Event: 19.027 GC heap before
{Heap before GC invocations=12 (full 3):
 PSYoungGen      total 276480K, used 268792K [0x0000000780a00000, 0x0000000795e00000, 0x00000007c0000000)
  eden space 246784K, 100% used [0x0000000780a00000,0x000000078fb00000,0x000000078fb00000)
  from space 29696K, 74% used [0x0000000794100000,0x000000079567e350,0x0000000795e00000)
  to   space 50688K, 0% used [0x000000078fb00000,0x000000078fb00000,0x0000000792c80000)
 ParOldGen       total 162304K, used 93649K [0x0000000701e00000, 0x000000070bc80000, 0x0000000780a00000)
  object space 162304K, 57% used [0x0000000701e00000,0x0000000707974628,0x000000070bc80000)
 Metaspace       used 61866K, capacity 63503K, committed 63616K, reserved 1105920K
  class space    used 7165K, capacity 7537K, committed 7552K, reserved 1048576K
Event: 19.076 GC heap after
Heap after GC invocations=12 (full 3):
 PSYoungGen      total 297472K, used 45004K [0x0000000780a00000, 0x0000000799280000, 0x00000007c0000000)
  eden space 246784K, 0% used [0x0000000780a00000,0x0000000780a00000,0x000000078fb00000)
  from space 50688K, 88% used [0x000000078fb00000,0x00000007926f3070,0x0000000792c80000)
  to   space 56320K, 0% used [0x0000000795b80000,0x0000000795b80000,0x0000000799280000)
 ParOldGen       total 162304K, used 93657K [0x0000000701e00000, 0x000000070bc80000, 0x0000000780a00000)
  object space 162304K, 57% used [0x0000000701e00000,0x0000000707976628,0x000000070bc80000)
 Metaspace       used 61866K, capacity 63503K, committed 63616K, reserved 1105920K
  class space    used 7165K, capacity 7537K, committed 7552K, reserved 1048576K
}
Event: 23.046 GC heap before
{Heap before GC invocations=13 (full 3):
 PSYoungGen      total 297472K, used 291788K [0x0000000780a00000, 0x0000000799280000, 0x00000007c0000000)
  eden space 246784K, 100% used [0x0000000780a00000,0x000000078fb00000,0x000000078fb00000)
  from space 50688K, 88% used [0x000000078fb00000,0x00000007926f3070,0x0000000792c80000)
  to   space 56320K, 0% used [0x0000000795b80000,0x0000000795b80000,0x0000000799280000)
 ParOldGen       total 162304K, used 93657K [0x0000000701e00000, 0x000000070bc80000, 0x0000000780a00000)
  object space 162304K, 57% used [0x0000000701e00000,0x0000000707976628,0x000000070bc80000)
 Metaspace       used 62608K, capacity 64211K, committed 64512K, reserved 1105920K
  class space    used 7188K, capacity 7571K, committed 7680K, reserved 1048576K
Event: 23.113 GC heap after
Heap after GC invocations=13 (full 3):
 PSYoungGen      total 303104K, used 56296K [0x0000000780a00000, 0x0000000799280000, 0x00000007c0000000)
  eden space 246784K, 0% used [0x0000000780a00000,0x0000000780a00000,0x000000078fb00000)
  from space 56320K, 99% used [0x0000000795b80000,0x000000079927a198,0x0000000799280000)
  to   space 50688K, 0% used [0x000000078fb00000,0x000000078fb00000,0x0000000792c80000)
 ParOldGen       total 162304K, used 109081K [0x0000000701e00000, 0x000000070bc80000, 0x0000000780a00000)
  object space 162304K, 67% used [0x0000000701e00000,0x0000000708886488,0x000000070bc80000)
 Metaspace       used 62608K, capacity 64211K, committed 64512K, reserved 1105920K
  class space    used 7188K, capacity 7571K, committed 7680K, reserved 1048576K
}
Event: 25.689 GC heap before
{Heap before GC invocations=14 (full 3):
 PSYoungGen      total 303104K, used 303080K [0x0000000780a00000, 0x0000000799280000, 0x00000007c0000000)
  eden space 246784K, 100% used [0x0000000780a00000,0x000000078fb00000,0x000000078fb00000)
  from space 56320K, 99% used [0x0000000795b80000,0x000000079927a198,0x0000000799280000)
  to   space 50688K, 0% used [0x000000078fb00000,0x000000078fb00000,0x0000000792c80000)
 ParOldGen       total 162304K, used 109081K [0x0000000701e00000, 0x000000070bc80000, 0x0000000780a00000)
  object space 162304K, 67% used [0x0000000701e00000,0x0000000708886488,0x000000070bc80000)
 Metaspace       used 63179K, capacity 64831K, committed 65024K, reserved 1105920K
  class space    used 7221K, capacity 7605K, committed 7680K, reserved 1048576K
Event: 25.756 GC heap after
Heap after GC invocations=14 (full 3):
 PSYoungGen      total 297472K, used 50668K [0x0000000780a00000, 0x0000000799280000, 0x00000007c0000000)
  eden space 246784K, 0% used [0x0000000780a00000,0x0000000780a00000,0x000000078fb00000)
  from space 50688K, 99% used [0x000000078fb00000,0x0000000792c7b350,0x0000000792c80000)
  to   space 56320K, 0% used [0x0000000795b80000,0x0000000795b80000,0x0000000799280000)
 ParOldGen       total 162304K, used 126251K [0x0000000701e00000, 0x000000070bc80000, 0x0000000780a00000)
  object space 162304K, 77% used [0x0000000701e00000,0x000000070994ae18,0x000000070bc80000)
 Metaspace       used 63179K, capacity 64831K, committed 65024K, reserved 1105920K
  class space    used 7221K, capacity 7605K, committed 7680K, reserved 1048576K
}
Event: 29.198 GC heap before
{Heap before GC invocations=15 (full 3):
 PSYoungGen      total 297472K, used 297452K [0x0000000780a00000, 0x0000000799280000, 0x00000007c0000000)
  eden space 246784K, 100% used [0x0000000780a00000,0x000000078fb00000,0x000000078fb00000)
  from space 50688K, 99% used [0x000000078fb00000,0x0000000792c7b350,0x0000000792c80000)
  to   space 56320K, 0% used [0x0000000795b80000,0x0000000795b80000,0x0000000799280000)
 ParOldGen       total 162304K, used 126251K [0x0000000701e00000, 0x000000070bc80000, 0x0000000780a00000)
  object space 162304K, 77% used [0x0000000701e00000,0x000000070994ae18,0x000000070bc80000)
 Metaspace       used 71709K, capacity 73587K, committed 73728K, reserved 1114112K
  class space    used 7925K, capacity 8363K, committed 8448K, reserved 1048576K
Event: 29.273 GC heap after
Heap after GC invocations=15 (full 3):
 PSYoungGen      total 303104K, used 56293K [0x0000000780a00000, 0x0000000799280000, 0x00000007c0000000)
  eden space 246784K, 0% used [0x0000000780a00000,0x0000000780a00000,0x000000078fb00000)
  from space 56320K, 99% used [0x0000000795b80000,0x0000000799279470,0x0000000799280000)
  to   space 50688K, 0% used [0x000000078fb00000,0x000000078fb00000,0x0000000792c80000)
 ParOldGen       total 162304K, used 132885K [0x0000000701e00000, 0x000000070bc80000, 0x0000000780a00000)
  object space 162304K, 81% used [0x0000000701e00000,0x0000000709fc5538,0x000000070bc80000)
 Metaspace       used 71709K, capacity 73587K, committed 73728K, reserved 1114112K
  class space    used 7925K, capacity 8363K, committed 8448K, reserved 1048576K
}

