# JRE version: OpenJDK Runtime Environment (8.0_242-b01) (build 1.8.0_242-release-1644-b01)
# Java VM: OpenJDK 64-Bit Server VM (25.242-b01 mixed mode windows-amd64 compressed oops)
Heap:
 PSYoungGen      total 237568K, used 37960K [0x0000000780a00000, 0x0000000794880000, 0x00000007c0000000)
  eden space 198144K, 1% used [0x0000000780a00000,0x0000000780dd2cf8,0x000000078cb80000)
  from space 39424K, 86% used [0x000000078cb80000,0x000000078ecbf440,0x000000078f200000)
  to   space 45056K, 0% used [0x0000000791c80000,0x0000000791c80000,0x0000000794880000)
 ParOldGen       total 154624K, used 65822K [0x0000000701e00000, 0x000000070b500000, 0x0000000780a00000)
  object space 154624K, 42% used [0x0000000701e00000,0x0000000705e47908,0x000000070b500000)
 Metaspace       used 69530K, capacity 71307K, committed 71552K, reserved 1112064K
  class space    used 7888K, capacity 8317K, committed 8320K, reserved 1048576K
GC Heap History (10 events):
Event: 6.024 GC heap before
{Heap before GC invocations=8 (full 2):
 PSYoungGen      total 139776K, used 139764K [0x0000000780a00000, 0x0000000791300000, 0x00000007c0000000)
  eden space 131584K, 100% used [0x0000000780a00000,0x0000000788a80000,0x0000000788a80000)
  from space 8192K, 99% used [0x0000000788a80000,0x000000078927d008,0x0000000789280000)
  to   space 33792K, 0% used [0x000000078f200000,0x000000078f200000,0x0000000791300000)
 ParOldGen       total 154624K, used 42185K [0x0000000701e00000, 0x000000070b500000, 0x0000000780a00000)
  object space 154624K, 27% used [0x0000000701e00000,0x0000000704732408,0x000000070b500000)
 Metaspace       used 55114K, capacity 56207K, committed 56320K, reserved 1097728K
  class space    used 6829K, capacity 7103K, committed 7168K, reserved 1048576K
Event: 6.051 GC heap after
Heap after GC invocations=8 (full 2):
 PSYoungGen      total 231936K, used 32057K [0x0000000780a00000, 0x0000000791900000, 0x00000007c0000000)
  eden space 198144K, 0% used [0x0000000780a00000,0x0000000780a00000,0x000000078cb80000)
  from space 33792K, 94% used [0x000000078f200000,0x000000079114e778,0x0000000791300000)
  to   space 39424K, 0% used [0x000000078cb80000,0x000000078cb80000,0x000000078f200000)
 ParOldGen       total 154624K, used 42193K [0x0000000701e00000, 0x000000070b500000, 0x0000000780a00000)
  object space 154624K, 27% used [0x0000000701e00000,0x0000000704734408,0x000000070b500000)
 Metaspace       used 55114K, capacity 56207K, committed 56320K, reserved 1097728K
  class space    used 6829K, capacity 7103K, committed 7168K, reserved 1048576K
}
Event: 7.745 GC heap before
{Heap before GC invocations=9 (full 2):
 PSYoungGen      total 231936K, used 116105K [0x0000000780a00000, 0x0000000791900000, 0x00000007c0000000)
  eden space 198144K, 42% used [0x0000000780a00000,0x0000000785c13fc8,0x000000078cb80000)
  from space 33792K, 94% used [0x000000078f200000,0x000000079114e778,0x0000000791300000)
  to   space 39424K, 0% used [0x000000078cb80000,0x000000078cb80000,0x000000078f200000)
 ParOldGen       total 154624K, used 42193K [0x0000000701e00000, 0x000000070b500000, 0x0000000780a00000)
  object space 154624K, 27% used [0x0000000701e00000,0x0000000704734408,0x000000070b500000)
 Metaspace       used 57798K, capacity 58949K, committed 59008K, reserved 1101824K
  class space    used 6954K, capacity 7250K, committed 7296K, reserved 1048576K
Event: 7.774 GC heap after
Heap after GC invocations=9 (full 2):
 PSYoungGen      total 237568K, used 35665K [0x0000000780a00000, 0x0000000791900000, 0x00000007c0000000)
  eden space 198144K, 0% used [0x0000000780a00000,0x0000000780a00000,0x000000078cb80000)
  from space 39424K, 90% used [0x000000078cb80000,0x000000078ee54518,0x000000078f200000)
  to   space 33792K, 0% used [0x000000078f200000,0x000000078f200000,0x0000000791300000)
 ParOldGen       total 154624K, used 42201K [0x0000000701e00000, 0x000000070b500000, 0x0000000780a00000)
  object space 154624K, 27% used [0x0000000701e00000,0x0000000704736408,0x000000070b500000)
 Metaspace       used 57798K, capacity 58949K, committed 59008K, reserved 1101824K
  class space    used 6954K, capacity 7250K, committed 7296K, reserved 1048576K
}
Event: 7.774 GC heap before
{Heap before GC invocations=10 (full 3):
 PSYoungGen      total 237568K, used 35665K [0x0000000780a00000, 0x0000000791900000, 0x00000007c0000000)
  eden space 198144K, 0% used [0x0000000780a00000,0x0000000780a00000,0x000000078cb80000)
  from space 39424K, 90% used [0x000000078cb80000,0x000000078ee54518,0x000000078f200000)
  to   space 33792K, 0% used [0x000000078f200000,0x000000078f200000,0x0000000791300000)
 ParOldGen       total 154624K, used 42201K [0x0000000701e00000, 0x000000070b500000, 0x0000000780a00000)
  object space 154624K, 27% used [0x0000000701e00000,0x0000000704736408,0x000000070b500000)
 Metaspace       used 57798K, capacity 58949K, committed 59008K, reserved 1101824K
  class space    used 6954K, capacity 7250K, committed 7296K, reserved 1048576K
Event: 8.099 GC heap after
Heap after GC invocations=10 (full 3):
 PSYoungGen      total 237568K, used 0K [0x0000000780a00000, 0x0000000791900000, 0x00000007c0000000)
  eden space 198144K, 0% used [0x0000000780a00000,0x0000000780a00000,0x000000078cb80000)
  from space 39424K, 0% used [0x000000078cb80000,0x000000078cb80000,0x000000078f200000)
  to   space 33792K, 0% used [0x000000078f200000,0x000000078f200000,0x0000000791300000)
 ParOldGen       total 154624K, used 65806K [0x0000000701e00000, 0x000000070b500000, 0x0000000780a00000)
  object space 154624K, 42% used [0x0000000701e00000,0x0000000705e43908,0x000000070b500000)
 Metaspace       used 57798K, capacity 58949K, committed 59008K, reserved 1101824K
  class space    used 6954K, capacity 7250K, committed 7296K, reserved 1048576K
}
Event: 11.796 GC heap before
{Heap before GC invocations=11 (full 3):
 PSYoungGen      total 237568K, used 198144K [0x0000000780a00000, 0x0000000791900000, 0x00000007c0000000)
  eden space 198144K, 100% used [0x0000000780a00000,0x000000078cb80000,0x000000078cb80000)
  from space 39424K, 0% used [0x000000078cb80000,0x000000078cb80000,0x000000078f200000)
  to   space 33792K, 0% used [0x000000078f200000,0x000000078f200000,0x0000000791300000)
 ParOldGen       total 154624K, used 65806K [0x0000000701e00000, 0x000000070b500000, 0x0000000780a00000)
  object space 154624K, 42% used [0x0000000701e00000,0x0000000705e43908,0x000000070b500000)
 Metaspace       used 60720K, capacity 62329K, committed 62592K, reserved 1103872K
  class space    used 7154K, capacity 7524K, committed 7552K, reserved 1048576K
Event: 11.811 GC heap after
Heap after GC invocations=11 (full 3):
 PSYoungGen      total 231936K, used 24586K [0x0000000780a00000, 0x0000000791900000, 0x00000007c0000000)
  eden space 198144K, 0% used [0x0000000780a00000,0x0000000780a00000,0x000000078cb80000)
  from space 33792K, 72% used [0x000000078f200000,0x0000000790a02b18,0x0000000791300000)
  to   space 39424K, 0% used [0x000000078cb80000,0x000000078cb80000,0x000000078f200000)
 ParOldGen       total 154624K, used 65814K [0x0000000701e00000, 0x000000070b500000, 0x0000000780a00000)
  object space 154624K, 42% used [0x0000000701e00000,0x0000000705e45908,0x000000070b500000)
 Metaspace       used 60720K, capacity 62329K, committed 62592K, reserved 1103872K
  class space    used 7154K, capacity 7524K, committed 7552K, reserved 1048576K
}
Event: 14.470 GC heap before
{Heap before GC invocations=12 (full 3):
 PSYoungGen      total 231936K, used 222730K [0x0000000780a00000, 0x0000000791900000, 0x00000007c0000000)
  eden space 198144K, 100% used [0x0000000780a00000,0x000000078cb80000,0x000000078cb80000)
  from space 33792K, 72% used [0x000000078f200000,0x0000000790a02b18,0x0000000791300000)
  to   space 39424K, 0% used [0x000000078cb80000,0x000000078cb80000,0x000000078f200000)
 ParOldGen       total 154624K, used 65814K [0x0000000701e00000, 0x000000070b500000, 0x0000000780a00000)
  object space 154624K, 42% used [0x0000000701e00000,0x0000000705e45908,0x000000070b500000)
 Metaspace       used 69529K, capacity 71307K, committed 71552K, reserved 1112064K
  class space    used 7888K, capacity 8317K, committed 8320K, reserved 1048576K
Event: 14.491 GC heap after
Heap after GC invocations=12 (full 3):
 PSYoungGen      total 237568K, used 34045K [0x0000000780a00000, 0x0000000794880000, 0x00000007c0000000)
  eden space 198144K, 0% used [0x0000000780a00000,0x0000000780a00000,0x000000078cb80000)
  from space 39424K, 86% used [0x000000078cb80000,0x000000078ecbf440,0x000000078f200000)
  to   space 45056K, 0% used [0x0000000791c80000,0x0000000791c80000,0x0000000794880000)
 ParOldGen       total 154624K, used 65822K [0x0000000701e00000, 0x000000070b500000, 0x0000000780a00000)
  object space 154624K, 42% used [0x0000000701e00000,0x0000000705e47908,0x000000070b500000)
 Metaspace       used 69529K, capacity 71307K, committed 71552K, reserved 1112064K
  class space    used 7888K, capacity 8317K, committed 8320K, reserved 1048576K
}

