# JRE version: OpenJDK Runtime Environment (8.0_242-b01) (build 1.8.0_242-release-1644-b01)
# Java VM: OpenJDK 64-Bit Server VM (25.242-b01 mixed mode windows-amd64 compressed oops)
Heap:
 PSYoungGen      total 291840K, used 109498K [0x0000000780a00000, 0x000000079c180000, 0x00000007c0000000)
  eden space 240640K, 25% used [0x0000000780a00000,0x00000007846e3740,0x000000078f500000)
  from space 51200K, 92% used [0x000000078f500000,0x000000079230b3d0,0x0000000792700000)
  to   space 80896K, 0% used [0x0000000797280000,0x0000000797280000,0x000000079c180000)
 ParOldGen       total 281088K, used 132299K [0x0000000701e00000, 0x0000000713080000, 0x0000000780a00000)
  object space 281088K, 47% used [0x0000000701e00000,0x0000000709f32da8,0x0000000713080000)
 Metaspace       used 72961K, capacity 74817K, committed 75136K, reserved 1116160K
  class space    used 8048K, capacity 8470K, committed 8576K, reserved 1048576K
GC Heap History (10 events):
Event: 17.103 GC heap before
{Heap before GC invocations=12 (full 3):
 PSYoungGen      total 273920K, used 261628K [0x0000000780a00000, 0x0000000795900000, 0x00000007c0000000)
  eden space 240640K, 100% used [0x0000000780a00000,0x000000078f500000,0x000000078f500000)
  from space 33280K, 63% used [0x0000000793880000,0x0000000794cff218,0x0000000795900000)
  to   space 51200K, 0% used [0x000000078f500000,0x000000078f500000,0x0000000792700000)
 ParOldGen       total 281088K, used 86227K [0x0000000701e00000, 0x0000000713080000, 0x0000000780a00000)
  object space 281088K, 30% used [0x0000000701e00000,0x0000000707234f70,0x0000000713080000)
 Metaspace       used 61834K, capacity 63437K, committed 63616K, reserved 1105920K
  class space    used 7164K, capacity 7536K, committed 7552K, reserved 1048576K
Event: 17.144 GC heap after
Heap after GC invocations=12 (full 3):
 PSYoungGen      total 291840K, used 43780K [0x0000000780a00000, 0x0000000798a00000, 0x00000007c0000000)
  eden space 240640K, 0% used [0x0000000780a00000,0x0000000780a00000,0x000000078f500000)
  from space 51200K, 85% used [0x000000078f500000,0x0000000791fc1230,0x0000000792700000)
  to   space 55808K, 0% used [0x0000000795380000,0x0000000795380000,0x0000000798a00000)
 ParOldGen       total 281088K, used 86235K [0x0000000701e00000, 0x0000000713080000, 0x0000000780a00000)
  object space 281088K, 30% used [0x0000000701e00000,0x0000000707236f70,0x0000000713080000)
 Metaspace       used 61834K, capacity 63437K, committed 63616K, reserved 1105920K
  class space    used 7164K, capacity 7536K, committed 7552K, reserved 1048576K
}
Event: 20.895 GC heap before
{Heap before GC invocations=13 (full 3):
 PSYoungGen      total 291840K, used 284420K [0x0000000780a00000, 0x0000000798a00000, 0x00000007c0000000)
  eden space 240640K, 100% used [0x0000000780a00000,0x000000078f500000,0x000000078f500000)
  from space 51200K, 85% used [0x000000078f500000,0x0000000791fc1230,0x0000000792700000)
  to   space 55808K, 0% used [0x0000000795380000,0x0000000795380000,0x0000000798a00000)
 ParOldGen       total 281088K, used 86235K [0x0000000701e00000, 0x0000000713080000, 0x0000000780a00000)
  object space 281088K, 30% used [0x0000000701e00000,0x0000000707236f70,0x0000000713080000)
 Metaspace       used 62853K, capacity 64457K, committed 64768K, reserved 1105920K
  class space    used 7273K, capacity 7636K, committed 7680K, reserved 1048576K
Event: 20.961 GC heap after
Heap after GC invocations=13 (full 3):
 PSYoungGen      total 296448K, used 55787K [0x0000000780a00000, 0x0000000798a00000, 0x00000007c0000000)
  eden space 240640K, 0% used [0x0000000780a00000,0x0000000780a00000,0x000000078f500000)
  from space 55808K, 99% used [0x0000000795380000,0x00000007989fadd8,0x0000000798a00000)
  to   space 51200K, 0% used [0x000000078f500000,0x000000078f500000,0x0000000792700000)
 ParOldGen       total 281088K, used 100366K [0x0000000701e00000, 0x0000000713080000, 0x0000000780a00000)
  object space 281088K, 35% used [0x0000000701e00000,0x0000000708003ab0,0x0000000713080000)
 Metaspace       used 62853K, capacity 64457K, committed 64768K, reserved 1105920K
  class space    used 7273K, capacity 7636K, committed 7680K, reserved 1048576K
}
Event: 23.681 GC heap before
{Heap before GC invocations=14 (full 3):
 PSYoungGen      total 296448K, used 296427K [0x0000000780a00000, 0x0000000798a00000, 0x00000007c0000000)
  eden space 240640K, 100% used [0x0000000780a00000,0x000000078f500000,0x000000078f500000)
  from space 55808K, 99% used [0x0000000795380000,0x00000007989fadd8,0x0000000798a00000)
  to   space 51200K, 0% used [0x000000078f500000,0x000000078f500000,0x0000000792700000)
 ParOldGen       total 281088K, used 100366K [0x0000000701e00000, 0x0000000713080000, 0x0000000780a00000)
  object space 281088K, 35% used [0x0000000701e00000,0x0000000708003ab0,0x0000000713080000)
 Metaspace       used 63544K, capacity 65209K, committed 65280K, reserved 1107968K
  class space    used 7309K, capacity 7670K, committed 7680K, reserved 1048576K
Event: 23.800 GC heap after
Heap after GC invocations=14 (full 3):
 PSYoungGen      total 291840K, used 51197K [0x0000000780a00000, 0x0000000798a00000, 0x00000007c0000000)
  eden space 240640K, 0% used [0x0000000780a00000,0x0000000780a00000,0x000000078f500000)
  from space 51200K, 99% used [0x000000078f500000,0x00000007926ff460,0x0000000792700000)
  to   space 55808K, 0% used [0x0000000795380000,0x0000000795380000,0x0000000798a00000)
 ParOldGen       total 281088K, used 120122K [0x0000000701e00000, 0x0000000713080000, 0x0000000780a00000)
  object space 281088K, 42% used [0x0000000701e00000,0x000000070934ea38,0x0000000713080000)
 Metaspace       used 63544K, capacity 65209K, committed 65280K, reserved 1107968K
  class space    used 7309K, capacity 7670K, committed 7680K, reserved 1048576K
}
Event: 30.107 GC heap before
{Heap before GC invocations=15 (full 3):
 PSYoungGen      total 291840K, used 291837K [0x0000000780a00000, 0x0000000798a00000, 0x00000007c0000000)
  eden space 240640K, 100% used [0x0000000780a00000,0x000000078f500000,0x000000078f500000)
  from space 51200K, 99% used [0x000000078f500000,0x00000007926ff460,0x0000000792700000)
  to   space 55808K, 0% used [0x0000000795380000,0x0000000795380000,0x0000000798a00000)
 ParOldGen       total 281088K, used 120122K [0x0000000701e00000, 0x0000000713080000, 0x0000000780a00000)
  object space 281088K, 42% used [0x0000000701e00000,0x000000070934ea38,0x0000000713080000)
 Metaspace       used 71608K, capacity 73393K, committed 73728K, reserved 1114112K
  class space    used 7972K, capacity 8390K, committed 8448K, reserved 1048576K
Event: 30.178 GC heap after
Heap after GC invocations=15 (full 3):
 PSYoungGen      total 296448K, used 52101K [0x0000000780a00000, 0x0000000798a00000, 0x00000007c0000000)
  eden space 240640K, 0% used [0x0000000780a00000,0x0000000780a00000,0x000000078f500000)
  from space 55808K, 93% used [0x0000000795380000,0x0000000798661660,0x0000000798a00000)
  to   space 51200K, 0% used [0x000000078f500000,0x000000078f500000,0x0000000792700000)
 ParOldGen       total 281088K, used 132291K [0x0000000701e00000, 0x0000000713080000, 0x0000000780a00000)
  object space 281088K, 47% used [0x0000000701e00000,0x0000000709f30da8,0x0000000713080000)
 Metaspace       used 71608K, capacity 73393K, committed 73728K, reserved 1114112K
  class space    used 7972K, capacity 8390K, committed 8448K, reserved 1048576K
}
Event: 33.027 GC heap before
{Heap before GC invocations=16 (full 3):
 PSYoungGen      total 296448K, used 292741K [0x0000000780a00000, 0x0000000798a00000, 0x00000007c0000000)
  eden space 240640K, 100% used [0x0000000780a00000,0x000000078f500000,0x000000078f500000)
  from space 55808K, 93% used [0x0000000795380000,0x0000000798661660,0x0000000798a00000)
  to   space 51200K, 0% used [0x000000078f500000,0x000000078f500000,0x0000000792700000)
 ParOldGen       total 281088K, used 132291K [0x0000000701e00000, 0x0000000713080000, 0x0000000780a00000)
  object space 281088K, 47% used [0x0000000701e00000,0x0000000709f30da8,0x0000000713080000)
 Metaspace       used 72792K, capacity 74595K, committed 74880K, reserved 1116160K
  class space    used 8036K, capacity 8463K, committed 8576K, reserved 1048576K
Event: 33.072 GC heap after
Heap after GC invocations=16 (full 3):
 PSYoungGen      total 291840K, used 47148K [0x0000000780a00000, 0x000000079c180000, 0x00000007c0000000)
  eden space 240640K, 0% used [0x0000000780a00000,0x0000000780a00000,0x000000078f500000)
  from space 51200K, 92% used [0x000000078f500000,0x000000079230b3d0,0x0000000792700000)
  to   space 80896K, 0% used [0x0000000797280000,0x0000000797280000,0x000000079c180000)
 ParOldGen       total 281088K, used 132299K [0x0000000701e00000, 0x0000000713080000, 0x0000000780a00000)
  object space 281088K, 47% used [0x0000000701e00000,0x0000000709f32da8,0x0000000713080000)
 Metaspace       used 72792K, capacity 74595K, committed 74880K, reserved 1116160K
  class space    used 8036K, capacity 8463K, committed 8576K, reserved 1048576K
}

