# JRE version: OpenJDK Runtime Environment (8.0_242-b01) (build 1.8.0_242-release-1644-b01)
# Java VM: OpenJDK 64-Bit Server VM (25.242-b01 mixed mode windows-amd64 compressed oops)
Heap:
 PSYoungGen      total 200192K, used 54031K [0x00000000d5580000, 0x00000000e5780000, 0x0000000100000000)
  eden space 182272K, 29% used [0x00000000d5580000,0x00000000d8a43d80,0x00000000e0780000)
  from space 17920K, 0% used [0x00000000e0780000,0x00000000e0780000,0x00000000e1900000)
  to   space 21504K, 0% used [0x00000000e4280000,0x00000000e4280000,0x00000000e5780000)
 ParOldGen       total 110592K, used 34594K [0x0000000080000000, 0x0000000086c00000, 0x00000000d5580000)
  object space 110592K, 31% used [0x0000000080000000,0x00000000821c88b0,0x0000000086c00000)
 Metaspace       used 59101K, capacity 61486K, committed 61592K, reserved 1101824K
  class space    used 8063K, capacity 8617K, committed 8624K, reserved 1048576K
GC Heap History (10 events):
Event: 4.804 GC heap before
{Heap before GC invocations=10 (full 2):
 PSYoungGen      total 165888K, used 8451K [0x00000000d5580000, 0x00000000e1400000, 0x0000000100000000)
  eden space 153088K, 0% used [0x00000000d5580000,0x00000000d5580000,0x00000000deb00000)
  from space 12800K, 66% used [0x00000000df780000,0x00000000dffc0dc8,0x00000000e0400000)
  to   space 12800K, 0% used [0x00000000deb00000,0x00000000deb00000,0x00000000df780000)
 ParOldGen       total 69120K, used 7718K [0x0000000080000000, 0x0000000084380000, 0x00000000d5580000)
  object space 69120K, 11% used [0x0000000080000000,0x0000000080789bc8,0x0000000084380000)
 Metaspace       used 34263K, capacity 35404K, committed 35496K, reserved 1079296K
  class space    used 4719K, capacity 5001K, committed 5040K, reserved 1048576K
Event: 4.919 GC heap after
Heap after GC invocations=10 (full 2):
 PSYoungGen      total 165888K, used 0K [0x00000000d5580000, 0x00000000e1400000, 0x0000000100000000)
  eden space 153088K, 0% used [0x00000000d5580000,0x00000000d5580000,0x00000000deb00000)
  from space 12800K, 0% used [0x00000000df780000,0x00000000df780000,0x00000000e0400000)
  to   space 12800K, 0% used [0x00000000deb00000,0x00000000deb00000,0x00000000df780000)
 ParOldGen       total 110592K, used 14779K [0x0000000080000000, 0x0000000086c00000, 0x00000000d5580000)
  object space 110592K, 13% used [0x0000000080000000,0x0000000080e6ed88,0x0000000086c00000)
 Metaspace       used 34263K, capacity 35404K, committed 35496K, reserved 1079296K
  class space    used 4719K, capacity 5001K, committed 5040K, reserved 1048576K
}
Event: 7.212 GC heap before
{Heap before GC invocations=11 (full 2):
 PSYoungGen      total 165888K, used 153088K [0x00000000d5580000, 0x00000000e1400000, 0x0000000100000000)
  eden space 153088K, 100% used [0x00000000d5580000,0x00000000deb00000,0x00000000deb00000)
  from space 12800K, 0% used [0x00000000df780000,0x00000000df780000,0x00000000e0400000)
  to   space 12800K, 0% used [0x00000000deb00000,0x00000000deb00000,0x00000000df780000)
 ParOldGen       total 110592K, used 14779K [0x0000000080000000, 0x0000000086c00000, 0x00000000d5580000)
  object space 110592K, 13% used [0x0000000080000000,0x0000000080e6ed88,0x0000000086c00000)
 Metaspace       used 38304K, capacity 40020K, committed 40232K, reserved 1083392K
  class space    used 5266K, capacity 5651K, committed 5680K, reserved 1048576K
Event: 7.219 GC heap after
Heap after GC invocations=11 (full 2):
 PSYoungGen      total 165888K, used 9189K [0x00000000d5580000, 0x00000000e2580000, 0x0000000100000000)
  eden space 153088K, 0% used [0x00000000d5580000,0x00000000d5580000,0x00000000deb00000)
  from space 12800K, 71% used [0x00000000deb00000,0x00000000df3f96b8,0x00000000df780000)
  to   space 12800K, 0% used [0x00000000e1900000,0x00000000e1900000,0x00000000e2580000)
 ParOldGen       total 110592K, used 14787K [0x0000000080000000, 0x0000000086c00000, 0x00000000d5580000)
  object space 110592K, 13% used [0x0000000080000000,0x0000000080e70d88,0x0000000086c00000)
 Metaspace       used 38304K, capacity 40020K, committed 40232K, reserved 1083392K
  class space    used 5266K, capacity 5651K, committed 5680K, reserved 1048576K
}
Event: 10.473 GC heap before
{Heap before GC invocations=12 (full 2):
 PSYoungGen      total 165888K, used 162277K [0x00000000d5580000, 0x00000000e2580000, 0x0000000100000000)
  eden space 153088K, 100% used [0x00000000d5580000,0x00000000deb00000,0x00000000deb00000)
  from space 12800K, 71% used [0x00000000deb00000,0x00000000df3f96b8,0x00000000df780000)
  to   space 12800K, 0% used [0x00000000e1900000,0x00000000e1900000,0x00000000e2580000)
 ParOldGen       total 110592K, used 14787K [0x0000000080000000, 0x0000000086c00000, 0x00000000d5580000)
  object space 110592K, 13% used [0x0000000080000000,0x0000000080e70d88,0x0000000086c00000)
 Metaspace       used 52593K, capacity 54634K, committed 54824K, reserved 1097728K
  class space    used 7001K, capacity 7459K, committed 7472K, reserved 1048576K
Event: 10.491 GC heap after
Heap after GC invocations=12 (full 2):
 PSYoungGen      total 195072K, used 12780K [0x00000000d5580000, 0x00000000e2b00000, 0x0000000100000000)
  eden space 182272K, 0% used [0x00000000d5580000,0x00000000d5580000,0x00000000e0780000)
  from space 12800K, 99% used [0x00000000e1900000,0x00000000e257b310,0x00000000e2580000)
  to   space 17920K, 0% used [0x00000000e0780000,0x00000000e0780000,0x00000000e1900000)
 ParOldGen       total 110592K, used 25780K [0x0000000080000000, 0x0000000086c00000, 0x00000000d5580000)
  object space 110592K, 23% used [0x0000000080000000,0x000000008192d3e0,0x0000000086c00000)
 Metaspace       used 52593K, capacity 54634K, committed 54824K, reserved 1097728K
  class space    used 7001K, capacity 7459K, committed 7472K, reserved 1048576K
}
Event: 11.129 GC heap before
{Heap before GC invocations=13 (full 2):
 PSYoungGen      total 195072K, used 78553K [0x00000000d5580000, 0x00000000e2b00000, 0x0000000100000000)
  eden space 182272K, 36% used [0x00000000d5580000,0x00000000d95bb3b8,0x00000000e0780000)
  from space 12800K, 99% used [0x00000000e1900000,0x00000000e257b310,0x00000000e2580000)
  to   space 17920K, 0% used [0x00000000e0780000,0x00000000e0780000,0x00000000e1900000)
 ParOldGen       total 110592K, used 25780K [0x0000000080000000, 0x0000000086c00000, 0x00000000d5580000)
  object space 110592K, 23% used [0x0000000080000000,0x000000008192d3e0,0x0000000086c00000)
 Metaspace       used 56831K, capacity 59058K, committed 59160K, reserved 1099776K
  class space    used 7699K, capacity 8198K, committed 8240K, reserved 1048576K
Event: 11.151 GC heap after
Heap after GC invocations=13 (full 2):
 PSYoungGen      total 200192K, used 17911K [0x00000000d5580000, 0x00000000e5780000, 0x0000000100000000)
  eden space 182272K, 0% used [0x00000000d5580000,0x00000000d5580000,0x00000000e0780000)
  from space 17920K, 99% used [0x00000000e0780000,0x00000000e18fddf0,0x00000000e1900000)
  to   space 21504K, 0% used [0x00000000e4280000,0x00000000e4280000,0x00000000e5780000)
 ParOldGen       total 110592K, used 28390K [0x0000000080000000, 0x0000000086c00000, 0x00000000d5580000)
  object space 110592K, 25% used [0x0000000080000000,0x0000000081bb9bb0,0x0000000086c00000)
 Metaspace       used 56831K, capacity 59058K, committed 59160K, reserved 1099776K
  class space    used 7699K, capacity 8198K, committed 8240K, reserved 1048576K
}
Event: 11.151 GC heap before
{Heap before GC invocations=14 (full 3):
 PSYoungGen      total 200192K, used 17911K [0x00000000d5580000, 0x00000000e5780000, 0x0000000100000000)
  eden space 182272K, 0% used [0x00000000d5580000,0x00000000d5580000,0x00000000e0780000)
  from space 17920K, 99% used [0x00000000e0780000,0x00000000e18fddf0,0x00000000e1900000)
  to   space 21504K, 0% used [0x00000000e4280000,0x00000000e4280000,0x00000000e5780000)
 ParOldGen       total 110592K, used 28390K [0x0000000080000000, 0x0000000086c00000, 0x00000000d5580000)
  object space 110592K, 25% used [0x0000000080000000,0x0000000081bb9bb0,0x0000000086c00000)
 Metaspace       used 56831K, capacity 59058K, committed 59160K, reserved 1099776K
  class space    used 7699K, capacity 8198K, committed 8240K, reserved 1048576K
Event: 11.357 GC heap after
Heap after GC invocations=14 (full 3):
 PSYoungGen      total 200192K, used 0K [0x00000000d5580000, 0x00000000e5780000, 0x0000000100000000)
  eden space 182272K, 0% used [0x00000000d5580000,0x00000000d5580000,0x00000000e0780000)
  from space 17920K, 0% used [0x00000000e0780000,0x00000000e0780000,0x00000000e1900000)
  to   space 21504K, 0% used [0x00000000e4280000,0x00000000e4280000,0x00000000e5780000)
 ParOldGen       total 110592K, used 34594K [0x0000000080000000, 0x0000000086c00000, 0x00000000d5580000)
  object space 110592K, 31% used [0x0000000080000000,0x00000000821c88b0,0x0000000086c00000)
 Metaspace       used 56782K, capacity 58890K, committed 59160K, reserved 1099776K
  class space    used 7684K, capacity 8170K, committed 8240K, reserved 1048576K
}

