# JRE version: OpenJDK Runtime Environment (8.0_242-b01) (build 1.8.0_242-release-1644-b01)
# Java VM: OpenJDK 64-Bit Server VM (25.242-b01 mixed mode windows-amd64 compressed oops)
Heap:
 PSYoungGen      total 367616K, used 150133K [0x00000000d5580000, 0x00000000f3d80000, 0x0000000100000000)
  eden space 306176K, 45% used [0x00000000d5580000,0x00000000dde62750,0x00000000e8080000)
  from space 61440K, 16% used [0x00000000e8080000,0x00000000e8a3ae98,0x00000000ebc80000)
  to   space 65536K, 0% used [0x00000000efd80000,0x00000000efd80000,0x00000000f3d80000)
 ParOldGen       total 171520K, used 95285K [0x0000000080000000, 0x000000008a780000, 0x00000000d5580000)
  object space 171520K, 55% used [0x0000000080000000,0x0000000085d0d758,0x000000008a780000)
 Metaspace       used 104741K, capacity 110732K, committed 111000K, reserved 1144832K
  class space    used 13726K, capacity 14946K, committed 15024K, reserved 1048576K
GC Heap History (10 events):
Event: 852.013 GC heap before
{Heap before GC invocations=23 (full 3):
 PSYoungGen      total 347648K, used 347637K [0x00000000d5580000, 0x00000000ef400000, 0x0000000100000000)
  eden space 299520K, 100% used [0x00000000d5580000,0x00000000e7a00000,0x00000000e7a00000)
  from space 48128K, 99% used [0x00000000e7a00000,0x00000000ea8fd7c8,0x00000000ea900000)
  to   space 56832K, 0% used [0x00000000ebc80000,0x00000000ebc80000,0x00000000ef400000)
 ParOldGen       total 171520K, used 98135K [0x0000000080000000, 0x000000008a780000, 0x00000000d5580000)
  object space 171520K, 57% used [0x0000000080000000,0x0000000085fd5d28,0x000000008a780000)
 Metaspace       used 93691K, capacity 98098K, committed 98200K, reserved 1134592K
  class space    used 12084K, capacity 12919K, committed 12976K, reserved 1048576K
Event: 852.044 GC heap after
Heap after GC invocations=23 (full 3):
 PSYoungGen      total 363008K, used 45956K [0x00000000d5580000, 0x00000000f1480000, 0x0000000100000000)
  eden space 306176K, 0% used [0x00000000d5580000,0x00000000d5580000,0x00000000e8080000)
  from space 56832K, 80% used [0x00000000ebc80000,0x00000000ee961290,0x00000000ef400000)
  to   space 61440K, 0% used [0x00000000e8080000,0x00000000e8080000,0x00000000ebc80000)
 ParOldGen       total 171520K, used 111785K [0x0000000080000000, 0x000000008a780000, 0x00000000d5580000)
  object space 171520K, 65% used [0x0000000080000000,0x0000000086d2a698,0x000000008a780000)
 Metaspace       used 93691K, capacity 98098K, committed 98200K, reserved 1134592K
  class space    used 12084K, capacity 12919K, committed 12976K, reserved 1048576K
}
Event: 852.218 GC heap before
{Heap before GC invocations=24 (full 3):
 PSYoungGen      total 363008K, used 89698K [0x00000000d5580000, 0x00000000f1480000, 0x0000000100000000)
  eden space 306176K, 14% used [0x00000000d5580000,0x00000000d8037960,0x00000000e8080000)
  from space 56832K, 80% used [0x00000000ebc80000,0x00000000ee961290,0x00000000ef400000)
  to   space 61440K, 0% used [0x00000000e8080000,0x00000000e8080000,0x00000000ebc80000)
 ParOldGen       total 171520K, used 111785K [0x0000000080000000, 0x000000008a780000, 0x00000000d5580000)
  object space 171520K, 65% used [0x0000000080000000,0x0000000086d2a698,0x000000008a780000)
 Metaspace       used 94032K, capacity 98440K, committed 98584K, reserved 1134592K
  class space    used 12132K, capacity 12986K, committed 13104K, reserved 1048576K
Event: 852.244 GC heap after
Heap after GC invocations=24 (full 3):
 PSYoungGen      total 367616K, used 47548K [0x00000000d5580000, 0x00000000f1480000, 0x0000000100000000)
  eden space 306176K, 0% used [0x00000000d5580000,0x00000000d5580000,0x00000000e8080000)
  from space 61440K, 77% used [0x00000000e8080000,0x00000000eaeef328,0x00000000ebc80000)
  to   space 56832K, 0% used [0x00000000ebc80000,0x00000000ebc80000,0x00000000ef400000)
 ParOldGen       total 171520K, used 111793K [0x0000000080000000, 0x000000008a780000, 0x00000000d5580000)
  object space 171520K, 65% used [0x0000000080000000,0x0000000086d2c698,0x000000008a780000)
 Metaspace       used 94032K, capacity 98440K, committed 98584K, reserved 1134592K
  class space    used 12132K, capacity 12986K, committed 13104K, reserved 1048576K
}
Event: 852.244 GC heap before
{Heap before GC invocations=25 (full 4):
 PSYoungGen      total 367616K, used 47548K [0x00000000d5580000, 0x00000000f1480000, 0x0000000100000000)
  eden space 306176K, 0% used [0x00000000d5580000,0x00000000d5580000,0x00000000e8080000)
  from space 61440K, 77% used [0x00000000e8080000,0x00000000eaeef328,0x00000000ebc80000)
  to   space 56832K, 0% used [0x00000000ebc80000,0x00000000ebc80000,0x00000000ef400000)
 ParOldGen       total 171520K, used 111793K [0x0000000080000000, 0x000000008a780000, 0x00000000d5580000)
  object space 171520K, 65% used [0x0000000080000000,0x0000000086d2c698,0x000000008a780000)
 Metaspace       used 94032K, capacity 98440K, committed 98584K, reserved 1134592K
  class space    used 12132K, capacity 12986K, committed 13104K, reserved 1048576K
Event: 852.540 GC heap after
Heap after GC invocations=25 (full 4):
 PSYoungGen      total 367616K, used 0K [0x00000000d5580000, 0x00000000f1480000, 0x0000000100000000)
  eden space 306176K, 0% used [0x00000000d5580000,0x00000000d5580000,0x00000000e8080000)
  from space 61440K, 0% used [0x00000000e8080000,0x00000000e8080000,0x00000000ebc80000)
  to   space 56832K, 0% used [0x00000000ebc80000,0x00000000ebc80000,0x00000000ef400000)
 ParOldGen       total 171520K, used 95269K [0x0000000080000000, 0x000000008a780000, 0x00000000d5580000)
  object space 171520K, 55% used [0x0000000080000000,0x0000000085d09758,0x000000008a780000)
 Metaspace       used 93446K, capacity 97158K, committed 98584K, reserved 1134592K
  class space    used 12002K, capacity 12755K, committed 13104K, reserved 1048576K
}
Event: 853.998 GC heap before
{Heap before GC invocations=26 (full 4):
 PSYoungGen      total 367616K, used 306176K [0x00000000d5580000, 0x00000000f1480000, 0x0000000100000000)
  eden space 306176K, 100% used [0x00000000d5580000,0x00000000e8080000,0x00000000e8080000)
  from space 61440K, 0% used [0x00000000e8080000,0x00000000e8080000,0x00000000ebc80000)
  to   space 56832K, 0% used [0x00000000ebc80000,0x00000000ebc80000,0x00000000ef400000)
 ParOldGen       total 171520K, used 95269K [0x0000000080000000, 0x000000008a780000, 0x00000000d5580000)
  object space 171520K, 55% used [0x0000000080000000,0x0000000085d09758,0x000000008a780000)
 Metaspace       used 103388K, capacity 109180K, committed 109336K, reserved 1144832K
  class space    used 13641K, capacity 14862K, committed 14896K, reserved 1048576K
Event: 854.022 GC heap after
Heap after GC invocations=26 (full 4):
 PSYoungGen      total 363008K, used 38671K [0x00000000d5580000, 0x00000000f1480000, 0x0000000100000000)
  eden space 306176K, 0% used [0x00000000d5580000,0x00000000d5580000,0x00000000e8080000)
  from space 56832K, 68% used [0x00000000ebc80000,0x00000000ee243fd0,0x00000000ef400000)
  to   space 61440K, 0% used [0x00000000e8080000,0x00000000e8080000,0x00000000ebc80000)
 ParOldGen       total 171520K, used 95277K [0x0000000080000000, 0x000000008a780000, 0x00000000d5580000)
  object space 171520K, 55% used [0x0000000080000000,0x0000000085d0b758,0x000000008a780000)
 Metaspace       used 103388K, capacity 109180K, committed 109336K, reserved 1144832K
  class space    used 13641K, capacity 14862K, committed 14896K, reserved 1048576K
}
Event: 855.309 GC heap before
{Heap before GC invocations=27 (full 4):
 PSYoungGen      total 363008K, used 344847K [0x00000000d5580000, 0x00000000f1480000, 0x0000000100000000)
  eden space 306176K, 100% used [0x00000000d5580000,0x00000000e8080000,0x00000000e8080000)
  from space 56832K, 68% used [0x00000000ebc80000,0x00000000ee243fd0,0x00000000ef400000)
  to   space 61440K, 0% used [0x00000000e8080000,0x00000000e8080000,0x00000000ebc80000)
 ParOldGen       total 171520K, used 95277K [0x0000000080000000, 0x000000008a780000, 0x00000000d5580000)
  object space 171520K, 55% used [0x0000000080000000,0x0000000085d0b758,0x000000008a780000)
 Metaspace       used 104469K, capacity 110504K, committed 110744K, reserved 1144832K
  class space    used 13717K, capacity 14942K, committed 15024K, reserved 1048576K
Event: 855.318 GC heap after
Heap after GC invocations=27 (full 4):
 PSYoungGen      total 367616K, used 9963K [0x00000000d5580000, 0x00000000f3d80000, 0x0000000100000000)
  eden space 306176K, 0% used [0x00000000d5580000,0x00000000d5580000,0x00000000e8080000)
  from space 61440K, 16% used [0x00000000e8080000,0x00000000e8a3ae98,0x00000000ebc80000)
  to   space 65536K, 0% used [0x00000000efd80000,0x00000000efd80000,0x00000000f3d80000)
 ParOldGen       total 171520K, used 95285K [0x0000000080000000, 0x000000008a780000, 0x00000000d5580000)
  object space 171520K, 55% used [0x0000000080000000,0x0000000085d0d758,0x000000008a780000)
 Metaspace       used 104469K, capacity 110504K, committed 110744K, reserved 1144832K
  class space    used 13717K, capacity 14942K, committed 15024K, reserved 1048576K
}

