# JRE version: OpenJDK Runtime Environment (8.0_242-b01) (build 1.8.0_242-release-1644-b01)
# Java VM: OpenJDK 64-Bit Server VM (25.242-b01 mixed mode windows-amd64 compressed oops)
Heap:
 PSYoungGen      total 230912K, used 203741K [0x00000000d5580000, 0x00000000e5700000, 0x0000000100000000)
  eden space 211968K, 87% used [0x00000000d5580000,0x00000000e09fe3b0,0x00000000e2480000)
  from space 18944K, 99% used [0x00000000e4480000,0x00000000e56f91b8,0x00000000e5700000)
  to   space 23552K, 0% used [0x00000000e2900000,0x00000000e2900000,0x00000000e4000000)
 ParOldGen       total 110080K, used 58950K [0x0000000080000000, 0x0000000086b80000, 0x00000000d5580000)
  object space 110080K, 53% used [0x0000000080000000,0x00000000839918d0,0x0000000086b80000)
 Metaspace       used 73549K, capacity 76986K, committed 77208K, reserved 1116160K
  class space    used 10009K, capacity 10650K, committed 10672K, reserved 1048576K
GC Heap History (10 events):
Event: 12.000 GC heap before
{Heap before GC invocations=13 (full 2):
 PSYoungGen      total 192512K, used 90812K [0x00000000d5580000, 0x00000000e2a00000, 0x0000000100000000)
  eden space 179712K, 43% used [0x00000000d5580000,0x00000000da1b5f60,0x00000000e0500000)
  from space 12800K, 99% used [0x00000000e1680000,0x00000000e22f9310,0x00000000e2300000)
  to   space 17920K, 0% used [0x00000000e0500000,0x00000000e0500000,0x00000000e1680000)
 ParOldGen       total 110080K, used 25921K [0x0000000080000000, 0x0000000086b80000, 0x00000000d5580000)
  object space 110080K, 23% used [0x0000000080000000,0x0000000081950640,0x0000000086b80000)
 Metaspace       used 56871K, capacity 59098K, committed 59160K, reserved 1099776K
  class space    used 7704K, capacity 8194K, committed 8240K, reserved 1048576K
Event: 12.031 GC heap after
Heap after GC invocations=13 (full 2):
 PSYoungGen      total 197632K, used 17900K [0x00000000d5580000, 0x00000000e5980000, 0x0000000100000000)
  eden space 179712K, 0% used [0x00000000d5580000,0x00000000d5580000,0x00000000e0500000)
  from space 17920K, 99% used [0x00000000e0500000,0x00000000e167b330,0x00000000e1680000)
  to   space 21504K, 0% used [0x00000000e4480000,0x00000000e4480000,0x00000000e5980000)
 ParOldGen       total 110080K, used 29610K [0x0000000080000000, 0x0000000086b80000, 0x00000000d5580000)
  object space 110080K, 26% used [0x0000000080000000,0x0000000081ceaa20,0x0000000086b80000)
 Metaspace       used 56871K, capacity 59098K, committed 59160K, reserved 1099776K
  class space    used 7704K, capacity 8194K, committed 8240K, reserved 1048576K
}
Event: 12.031 GC heap before
{Heap before GC invocations=14 (full 3):
 PSYoungGen      total 197632K, used 17900K [0x00000000d5580000, 0x00000000e5980000, 0x0000000100000000)
  eden space 179712K, 0% used [0x00000000d5580000,0x00000000d5580000,0x00000000e0500000)
  from space 17920K, 99% used [0x00000000e0500000,0x00000000e167b330,0x00000000e1680000)
  to   space 21504K, 0% used [0x00000000e4480000,0x00000000e4480000,0x00000000e5980000)
 ParOldGen       total 110080K, used 29610K [0x0000000080000000, 0x0000000086b80000, 0x00000000d5580000)
  object space 110080K, 26% used [0x0000000080000000,0x0000000081ceaa20,0x0000000086b80000)
 Metaspace       used 56871K, capacity 59098K, committed 59160K, reserved 1099776K
  class space    used 7704K, capacity 8194K, committed 8240K, reserved 1048576K
Event: 12.344 GC heap after
Heap after GC invocations=14 (full 3):
 PSYoungGen      total 197632K, used 0K [0x00000000d5580000, 0x00000000e5980000, 0x0000000100000000)
  eden space 179712K, 0% used [0x00000000d5580000,0x00000000d5580000,0x00000000e0500000)
  from space 17920K, 0% used [0x00000000e0500000,0x00000000e0500000,0x00000000e1680000)
  to   space 21504K, 0% used [0x00000000e4480000,0x00000000e4480000,0x00000000e5980000)
 ParOldGen       total 110080K, used 35402K [0x0000000080000000, 0x0000000086b80000, 0x00000000d5580000)
  object space 110080K, 32% used [0x0000000080000000,0x00000000822928f0,0x0000000086b80000)
 Metaspace       used 56828K, capacity 58954K, committed 59160K, reserved 1099776K
  class space    used 7691K, capacity 8170K, committed 8240K, reserved 1048576K
}
Event: 15.161 GC heap before
{Heap before GC invocations=15 (full 3):
 PSYoungGen      total 197632K, used 179712K [0x00000000d5580000, 0x00000000e5980000, 0x0000000100000000)
  eden space 179712K, 100% used [0x00000000d5580000,0x00000000e0500000,0x00000000e0500000)
  from space 17920K, 0% used [0x00000000e0500000,0x00000000e0500000,0x00000000e1680000)
  to   space 21504K, 0% used [0x00000000e4480000,0x00000000e4480000,0x00000000e5980000)
 ParOldGen       total 110080K, used 35402K [0x0000000080000000, 0x0000000086b80000, 0x00000000d5580000)
  object space 110080K, 32% used [0x0000000080000000,0x00000000822928f0,0x0000000086b80000)
 Metaspace       used 66032K, capacity 68932K, committed 69144K, reserved 1107968K
  class space    used 9080K, capacity 9689K, committed 9776K, reserved 1048576K
Event: 15.181 GC heap after
Heap after GC invocations=15 (full 3):
 PSYoungGen      total 230912K, used 18889K [0x00000000d5580000, 0x00000000e5700000, 0x0000000100000000)
  eden space 211968K, 0% used [0x00000000d5580000,0x00000000d5580000,0x00000000e2480000)
  from space 18944K, 99% used [0x00000000e4480000,0x00000000e56f2598,0x00000000e5700000)
  to   space 23552K, 0% used [0x00000000e2900000,0x00000000e2900000,0x00000000e4000000)
 ParOldGen       total 110080K, used 35410K [0x0000000080000000, 0x0000000086b80000, 0x00000000d5580000)
  object space 110080K, 32% used [0x0000000080000000,0x00000000822948f0,0x0000000086b80000)
 Metaspace       used 66032K, capacity 68932K, committed 69144K, reserved 1107968K
  class space    used 9080K, capacity 9689K, committed 9776K, reserved 1048576K
}
Event: 17.002 GC heap before
{Heap before GC invocations=16 (full 3):
 PSYoungGen      total 230912K, used 230857K [0x00000000d5580000, 0x00000000e5700000, 0x0000000100000000)
  eden space 211968K, 100% used [0x00000000d5580000,0x00000000e2480000,0x00000000e2480000)
  from space 18944K, 99% used [0x00000000e4480000,0x00000000e56f2598,0x00000000e5700000)
  to   space 23552K, 0% used [0x00000000e2900000,0x00000000e2900000,0x00000000e4000000)
 ParOldGen       total 110080K, used 35410K [0x0000000080000000, 0x0000000086b80000, 0x00000000d5580000)
  object space 110080K, 32% used [0x0000000080000000,0x00000000822948f0,0x0000000086b80000)
 Metaspace       used 67317K, capacity 70504K, committed 70808K, reserved 1110016K
  class space    used 9183K, capacity 9837K, committed 9904K, reserved 1048576K
Event: 17.037 GC heap after
Heap after GC invocations=16 (full 3):
 PSYoungGen      total 235520K, used 23533K [0x00000000d5580000, 0x00000000e5700000, 0x0000000100000000)
  eden space 211968K, 0% used [0x00000000d5580000,0x00000000d5580000,0x00000000e2480000)
  from space 23552K, 99% used [0x00000000e2900000,0x00000000e3ffb678,0x00000000e4000000)
  to   space 18944K, 0% used [0x00000000e4480000,0x00000000e4480000,0x00000000e5700000)
 ParOldGen       total 110080K, used 38203K [0x0000000080000000, 0x0000000086b80000, 0x00000000d5580000)
  object space 110080K, 34% used [0x0000000080000000,0x000000008254ec98,0x0000000086b80000)
 Metaspace       used 67317K, capacity 70504K, committed 70808K, reserved 1110016K
  class space    used 9183K, capacity 9837K, committed 9904K, reserved 1048576K
}
Event: 18.870 GC heap before
{Heap before GC invocations=17 (full 3):
 PSYoungGen      total 235520K, used 235501K [0x00000000d5580000, 0x00000000e5700000, 0x0000000100000000)
  eden space 211968K, 100% used [0x00000000d5580000,0x00000000e2480000,0x00000000e2480000)
  from space 23552K, 99% used [0x00000000e2900000,0x00000000e3ffb678,0x00000000e4000000)
  to   space 18944K, 0% used [0x00000000e4480000,0x00000000e4480000,0x00000000e5700000)
 ParOldGen       total 110080K, used 38203K [0x0000000080000000, 0x0000000086b80000, 0x00000000d5580000)
  object space 110080K, 34% used [0x0000000080000000,0x000000008254ec98,0x0000000086b80000)
 Metaspace       used 71931K, capacity 75252K, committed 75544K, reserved 1114112K
  class space    used 9796K, capacity 10473K, committed 10544K, reserved 1048576K
Event: 18.912 GC heap after
Heap after GC invocations=17 (full 3):
 PSYoungGen      total 230912K, used 18916K [0x00000000d5580000, 0x00000000e5700000, 0x0000000100000000)
  eden space 211968K, 0% used [0x00000000d5580000,0x00000000d5580000,0x00000000e2480000)
  from space 18944K, 99% used [0x00000000e4480000,0x00000000e56f91b8,0x00000000e5700000)
  to   space 23552K, 0% used [0x00000000e2900000,0x00000000e2900000,0x00000000e4000000)
 ParOldGen       total 110080K, used 58950K [0x0000000080000000, 0x0000000086b80000, 0x00000000d5580000)
  object space 110080K, 53% used [0x0000000080000000,0x00000000839918d0,0x0000000086b80000)
 Metaspace       used 71931K, capacity 75252K, committed 75544K, reserved 1114112K
  class space    used 9796K, capacity 10473K, committed 10544K, reserved 1048576K
}

