# JRE version: OpenJDK Runtime Environment (8.0_242-b01) (build 1.8.0_242-release-1644-b01)
# Java VM: OpenJDK 64-Bit Server VM (25.242-b01 mixed mode windows-amd64 compressed oops)
Heap:
 PSYoungGen      total 305664K, used 251336K [0x00000000d5580000, 0x00000000eba00000, 0x0000000100000000)
  eden space 268288K, 81% used [0x00000000d5580000,0x00000000e29d3a78,0x00000000e5b80000)
  from space 37376K, 90% used [0x00000000e8480000,0x00000000ea59e868,0x00000000ea900000)
  to   space 41984K, 0% used [0x00000000e5b80000,0x00000000e5b80000,0x00000000e8480000)
 ParOldGen       total 173568K, used 87010K [0x0000000080000000, 0x000000008a980000, 0x00000000d5580000)
  object space 173568K, 50% used [0x0000000080000000,0x00000000854f8810,0x000000008a980000)
 Metaspace       used 81303K, capacity 85134K, committed 85272K, reserved 1122304K
  class space    used 10807K, capacity 11560K, committed 11568K, reserved 1048576K
GC Heap History (10 events):
Event: 8.230 GC heap before
{Heap before GC invocations=15 (full 3):
 PSYoungGen      total 200192K, used 182272K [0x00000000d5580000, 0x00000000e5500000, 0x0000000100000000)
  eden space 182272K, 100% used [0x00000000d5580000,0x00000000e0780000,0x00000000e0780000)
  from space 17920K, 0% used [0x00000000e0780000,0x00000000e0780000,0x00000000e1900000)
  to   space 21504K, 0% used [0x00000000e4000000,0x00000000e4000000,0x00000000e5500000)
 ParOldGen       total 173568K, used 34671K [0x0000000080000000, 0x000000008a980000, 0x00000000d5580000)
  object space 173568K, 19% used [0x0000000080000000,0x00000000821dbe78,0x000000008a980000)
 Metaspace       used 66200K, capacity 69146K, committed 69400K, reserved 1110016K
  class space    used 9114K, capacity 9709K, committed 9776K, reserved 1048576K
Event: 8.254 GC heap after
Heap after GC invocations=15 (full 3):
 PSYoungGen      total 232960K, used 18785K [0x00000000d5580000, 0x00000000e5300000, 0x0000000100000000)
  eden space 213504K, 0% used [0x00000000d5580000,0x00000000d5580000,0x00000000e2600000)
  from space 19456K, 96% used [0x00000000e4000000,0x00000000e5258668,0x00000000e5300000)
  to   space 23040K, 0% used [0x00000000e2600000,0x00000000e2600000,0x00000000e3c80000)
 ParOldGen       total 173568K, used 34679K [0x0000000080000000, 0x000000008a980000, 0x00000000d5580000)
  object space 173568K, 19% used [0x0000000080000000,0x00000000821dde78,0x000000008a980000)
 Metaspace       used 66200K, capacity 69146K, committed 69400K, reserved 1110016K
  class space    used 9114K, capacity 9709K, committed 9776K, reserved 1048576K
}
Event: 9.711 GC heap before
{Heap before GC invocations=16 (full 3):
 PSYoungGen      total 232960K, used 232289K [0x00000000d5580000, 0x00000000e5300000, 0x0000000100000000)
  eden space 213504K, 100% used [0x00000000d5580000,0x00000000e2600000,0x00000000e2600000)
  from space 19456K, 96% used [0x00000000e4000000,0x00000000e5258668,0x00000000e5300000)
  to   space 23040K, 0% used [0x00000000e2600000,0x00000000e2600000,0x00000000e3c80000)
 ParOldGen       total 173568K, used 34679K [0x0000000080000000, 0x000000008a980000, 0x00000000d5580000)
  object space 173568K, 19% used [0x0000000080000000,0x00000000821dde78,0x000000008a980000)
 Metaspace       used 68256K, capacity 71584K, committed 71704K, reserved 1112064K
  class space    used 9301K, capacity 9954K, committed 10032K, reserved 1048576K
Event: 9.730 GC heap after
Heap after GC invocations=16 (full 3):
 PSYoungGen      total 236544K, used 23016K [0x00000000d5580000, 0x00000000e7c80000, 0x0000000100000000)
  eden space 213504K, 0% used [0x00000000d5580000,0x00000000d5580000,0x00000000e2600000)
  from space 23040K, 99% used [0x00000000e2600000,0x00000000e3c7a328,0x00000000e3c80000)
  to   space 27136K, 0% used [0x00000000e6200000,0x00000000e6200000,0x00000000e7c80000)
 ParOldGen       total 173568K, used 36865K [0x0000000080000000, 0x000000008a980000, 0x00000000d5580000)
  object space 173568K, 21% used [0x0000000080000000,0x0000000082400468,0x000000008a980000)
 Metaspace       used 68256K, capacity 71584K, committed 71704K, reserved 1112064K
  class space    used 9301K, capacity 9954K, committed 10032K, reserved 1048576K
}
Event: 11.083 GC heap before
{Heap before GC invocations=17 (full 3):
 PSYoungGen      total 236544K, used 236520K [0x00000000d5580000, 0x00000000e7c80000, 0x0000000100000000)
  eden space 213504K, 100% used [0x00000000d5580000,0x00000000e2600000,0x00000000e2600000)
  from space 23040K, 99% used [0x00000000e2600000,0x00000000e3c7a328,0x00000000e3c80000)
  to   space 27136K, 0% used [0x00000000e6200000,0x00000000e6200000,0x00000000e7c80000)
 ParOldGen       total 173568K, used 36865K [0x0000000080000000, 0x000000008a980000, 0x00000000d5580000)
  object space 173568K, 21% used [0x0000000080000000,0x0000000082400468,0x000000008a980000)
 Metaspace       used 71279K, capacity 74644K, committed 74904K, reserved 1114112K
  class space    used 9649K, capacity 10306K, committed 10416K, reserved 1048576K
Event: 11.115 GC heap after
Heap after GC invocations=17 (full 3):
 PSYoungGen      total 262656K, used 27121K [0x00000000d5580000, 0x00000000e9600000, 0x0000000100000000)
  eden space 235520K, 0% used [0x00000000d5580000,0x00000000d5580000,0x00000000e3b80000)
  from space 27136K, 99% used [0x00000000e6200000,0x00000000e7c7c730,0x00000000e7c80000)
  to   space 39424K, 0% used [0x00000000e3b80000,0x00000000e3b80000,0x00000000e6200000)
 ParOldGen       total 173568K, used 60155K [0x0000000080000000, 0x000000008a980000, 0x00000000d5580000)
  object space 173568K, 34% used [0x0000000080000000,0x0000000083abed38,0x000000008a980000)
 Metaspace       used 71279K, capacity 74644K, committed 74904K, reserved 1114112K
  class space    used 9649K, capacity 10306K, committed 10416K, reserved 1048576K
}
Event: 13.584 GC heap before
{Heap before GC invocations=18 (full 3):
 PSYoungGen      total 262656K, used 262641K [0x00000000d5580000, 0x00000000e9600000, 0x0000000100000000)
  eden space 235520K, 100% used [0x00000000d5580000,0x00000000e3b80000,0x00000000e3b80000)
  from space 27136K, 99% used [0x00000000e6200000,0x00000000e7c7c730,0x00000000e7c80000)
  to   space 39424K, 0% used [0x00000000e3b80000,0x00000000e3b80000,0x00000000e6200000)
 ParOldGen       total 173568K, used 60155K [0x0000000080000000, 0x000000008a980000, 0x00000000d5580000)
  object space 173568K, 34% used [0x0000000080000000,0x0000000083abed38,0x000000008a980000)
 Metaspace       used 73011K, capacity 76596K, committed 76824K, reserved 1116160K
  class space    used 9793K, capacity 10504K, committed 10544K, reserved 1048576K
Event: 13.620 GC heap after
Heap after GC invocations=18 (full 3):
 PSYoungGen      total 274944K, used 15744K [0x00000000d5580000, 0x00000000ea900000, 0x0000000100000000)
  eden space 235520K, 0% used [0x00000000d5580000,0x00000000d5580000,0x00000000e3b80000)
  from space 39424K, 39% used [0x00000000e3b80000,0x00000000e4ae0128,0x00000000e6200000)
  to   space 37376K, 0% used [0x00000000e8480000,0x00000000e8480000,0x00000000ea900000)
 ParOldGen       total 173568K, used 87002K [0x0000000080000000, 0x000000008a980000, 0x00000000d5580000)
  object space 173568K, 50% used [0x0000000080000000,0x00000000854f6810,0x000000008a980000)
 Metaspace       used 73011K, capacity 76596K, committed 76824K, reserved 1116160K
  class space    used 9793K, capacity 10504K, committed 10544K, reserved 1048576K
}
Event: 15.164 GC heap before
{Heap before GC invocations=19 (full 3):
 PSYoungGen      total 274944K, used 251264K [0x00000000d5580000, 0x00000000ea900000, 0x0000000100000000)
  eden space 235520K, 100% used [0x00000000d5580000,0x00000000e3b80000,0x00000000e3b80000)
  from space 39424K, 39% used [0x00000000e3b80000,0x00000000e4ae0128,0x00000000e6200000)
  to   space 37376K, 0% used [0x00000000e8480000,0x00000000e8480000,0x00000000ea900000)
 ParOldGen       total 173568K, used 87002K [0x0000000080000000, 0x000000008a980000, 0x00000000d5580000)
  object space 173568K, 50% used [0x0000000080000000,0x00000000854f6810,0x000000008a980000)
 Metaspace       used 75324K, capacity 78902K, committed 79128K, reserved 1118208K
  class space    used 10070K, capacity 10747K, committed 10800K, reserved 1048576K
Event: 15.230 GC heap after
Heap after GC invocations=19 (full 3):
 PSYoungGen      total 305664K, used 33914K [0x00000000d5580000, 0x00000000eba00000, 0x0000000100000000)
  eden space 268288K, 0% used [0x00000000d5580000,0x00000000d5580000,0x00000000e5b80000)
  from space 37376K, 90% used [0x00000000e8480000,0x00000000ea59e868,0x00000000ea900000)
  to   space 41984K, 0% used [0x00000000e5b80000,0x00000000e5b80000,0x00000000e8480000)
 ParOldGen       total 173568K, used 87010K [0x0000000080000000, 0x000000008a980000, 0x00000000d5580000)
  object space 173568K, 50% used [0x0000000080000000,0x00000000854f8810,0x000000008a980000)
 Metaspace       used 75324K, capacity 78902K, committed 79128K, reserved 1118208K
  class space    used 10070K, capacity 10747K, committed 10800K, reserved 1048576K
}

