# JRE version: OpenJDK Runtime Environment (8.0_242-b01) (build 1.8.0_242-release-1644-b01)
# Java VM: OpenJDK 64-Bit Server VM (25.242-b01 mixed mode windows-amd64 compressed oops)
Heap:
 PSYoungGen      total 304640K, used 28153K [0x00000000d5580000, 0x00000000ea500000, 0x0000000100000000)
  eden space 274432K, 1% used [0x00000000d5580000,0x00000000d59f6e40,0x00000000e6180000)
  from space 30208K, 78% used [0x00000000e6180000,0x00000000e7887958,0x00000000e7f00000)
  to   space 27136K, 0% used [0x00000000e7f00000,0x00000000e7f00000,0x00000000e9980000)
 ParOldGen       total 159744K, used 85620K [0x0000000080000000, 0x0000000089c00000, 0x00000000d5580000)
  object space 159744K, 53% used [0x0000000080000000,0x000000008539d3f0,0x0000000089c00000)
 Metaspace       used 91064K, capacity 95554K, committed 95896K, reserved 1132544K
  class space    used 12240K, capacity 13121K, committed 13232K, reserved 1048576K
GC Heap History (10 events):
Event: 17.486 GC heap before
{Heap before GC invocations=16 (full 3):
 PSYoungGen      total 247296K, used 247083K [0x00000000d5580000, 0x00000000e6a00000, 0x0000000100000000)
  eden space 227840K, 100% used [0x00000000d5580000,0x00000000e3400000,0x00000000e3400000)
  from space 19456K, 98% used [0x00000000e5700000,0x00000000e69cae98,0x00000000e6a00000)
  to   space 22016K, 0% used [0x00000000e3f00000,0x00000000e3f00000,0x00000000e5480000)
 ParOldGen       total 159744K, used 35496K [0x0000000080000000, 0x0000000089c00000, 0x00000000d5580000)
  object space 159744K, 22% used [0x0000000080000000,0x00000000822aa060,0x0000000089c00000)
 Metaspace       used 67463K, capacity 70662K, committed 70808K, reserved 1110016K
  class space    used 9192K, capacity 9840K, committed 9904K, reserved 1048576K
Event: 17.513 GC heap after
Heap after GC invocations=16 (full 3):
 PSYoungGen      total 261120K, used 22013K [0x00000000d5580000, 0x00000000e9980000, 0x0000000100000000)
  eden space 239104K, 0% used [0x00000000d5580000,0x00000000d5580000,0x00000000e3f00000)
  from space 22016K, 99% used [0x00000000e3f00000,0x00000000e547f668,0x00000000e5480000)
  to   space 27136K, 0% used [0x00000000e7f00000,0x00000000e7f00000,0x00000000e9980000)
 ParOldGen       total 159744K, used 40702K [0x0000000080000000, 0x0000000089c00000, 0x00000000d5580000)
  object space 159744K, 25% used [0x0000000080000000,0x00000000827bfba8,0x0000000089c00000)
 Metaspace       used 67463K, capacity 70662K, committed 70808K, reserved 1110016K
  class space    used 9192K, capacity 9840K, committed 9904K, reserved 1048576K
}
Event: 43.969 GC heap before
{Heap before GC invocations=17 (full 3):
 PSYoungGen      total 261120K, used 261117K [0x00000000d5580000, 0x00000000e9980000, 0x0000000100000000)
  eden space 239104K, 100% used [0x00000000d5580000,0x00000000e3f00000,0x00000000e3f00000)
  from space 22016K, 99% used [0x00000000e3f00000,0x00000000e547f668,0x00000000e5480000)
  to   space 27136K, 0% used [0x00000000e7f00000,0x00000000e7f00000,0x00000000e9980000)
 ParOldGen       total 159744K, used 40702K [0x0000000080000000, 0x0000000089c00000, 0x00000000d5580000)
  object space 159744K, 25% used [0x0000000080000000,0x00000000827bfba8,0x0000000089c00000)
 Metaspace       used 75059K, capacity 78548K, committed 78872K, reserved 1118208K
  class space    used 10256K, capacity 10948K, committed 11056K, reserved 1048576K
Event: 44.024 GC heap after
Heap after GC invocations=17 (full 3):
 PSYoungGen      total 301568K, used 25542K [0x00000000d5580000, 0x00000000ea500000, 0x0000000100000000)
  eden space 274432K, 0% used [0x00000000d5580000,0x00000000d5580000,0x00000000e6180000)
  from space 27136K, 94% used [0x00000000e7f00000,0x00000000e97f1800,0x00000000e9980000)
  to   space 30208K, 0% used [0x00000000e6180000,0x00000000e6180000,0x00000000e7f00000)
 ParOldGen       total 159744K, used 62201K [0x0000000080000000, 0x0000000089c00000, 0x00000000d5580000)
  object space 159744K, 38% used [0x0000000080000000,0x0000000083cbe718,0x0000000089c00000)
 Metaspace       used 75059K, capacity 78548K, committed 78872K, reserved 1118208K
  class space    used 10256K, capacity 10948K, committed 11056K, reserved 1048576K
}
Event: 45.263 GC heap before
{Heap before GC invocations=18 (full 3):
 PSYoungGen      total 301568K, used 299974K [0x00000000d5580000, 0x00000000ea500000, 0x0000000100000000)
  eden space 274432K, 100% used [0x00000000d5580000,0x00000000e6180000,0x00000000e6180000)
  from space 27136K, 94% used [0x00000000e7f00000,0x00000000e97f1800,0x00000000e9980000)
  to   space 30208K, 0% used [0x00000000e6180000,0x00000000e6180000,0x00000000e7f00000)
 ParOldGen       total 159744K, used 62201K [0x0000000080000000, 0x0000000089c00000, 0x00000000d5580000)
  object space 159744K, 38% used [0x0000000080000000,0x0000000083cbe718,0x0000000089c00000)
 Metaspace       used 80090K, capacity 83764K, committed 84120K, reserved 1122304K
  class space    used 10841K, capacity 11590K, committed 11696K, reserved 1048576K
Event: 45.289 GC heap after
Heap after GC invocations=18 (full 3):
 PSYoungGen      total 304640K, used 30194K [0x00000000d5580000, 0x00000000ea500000, 0x0000000100000000)
  eden space 274432K, 0% used [0x00000000d5580000,0x00000000d5580000,0x00000000e6180000)
  from space 30208K, 99% used [0x00000000e6180000,0x00000000e7efcba0,0x00000000e7f00000)
  to   space 27136K, 0% used [0x00000000e7f00000,0x00000000e7f00000,0x00000000e9980000)
 ParOldGen       total 159744K, used 62257K [0x0000000080000000, 0x0000000089c00000, 0x00000000d5580000)
  object space 159744K, 38% used [0x0000000080000000,0x0000000083ccc718,0x0000000089c00000)
 Metaspace       used 80090K, capacity 83764K, committed 84120K, reserved 1122304K
  class space    used 10841K, capacity 11590K, committed 11696K, reserved 1048576K
}
Event: 47.410 GC heap before
{Heap before GC invocations=19 (full 3):
 PSYoungGen      total 304640K, used 304626K [0x00000000d5580000, 0x00000000ea500000, 0x0000000100000000)
  eden space 274432K, 100% used [0x00000000d5580000,0x00000000e6180000,0x00000000e6180000)
  from space 30208K, 99% used [0x00000000e6180000,0x00000000e7efcba0,0x00000000e7f00000)
  to   space 27136K, 0% used [0x00000000e7f00000,0x00000000e7f00000,0x00000000e9980000)
 ParOldGen       total 159744K, used 62257K [0x0000000080000000, 0x0000000089c00000, 0x00000000d5580000)
  object space 159744K, 38% used [0x0000000080000000,0x0000000083ccc718,0x0000000089c00000)
 Metaspace       used 81808K, capacity 85562K, committed 85784K, reserved 1124352K
  class space    used 11000K, capacity 11771K, committed 11824K, reserved 1048576K
Event: 47.441 GC heap after
Heap after GC invocations=19 (full 3):
 PSYoungGen      total 301568K, used 9977K [0x00000000d5580000, 0x00000000ea500000, 0x0000000100000000)
  eden space 274432K, 0% used [0x00000000d5580000,0x00000000d5580000,0x00000000e6180000)
  from space 27136K, 36% used [0x00000000e7f00000,0x00000000e88be6c8,0x00000000e9980000)
  to   space 30208K, 0% used [0x00000000e6180000,0x00000000e6180000,0x00000000e7f00000)
 ParOldGen       total 159744K, used 85612K [0x0000000080000000, 0x0000000089c00000, 0x00000000d5580000)
  object space 159744K, 53% used [0x0000000080000000,0x000000008539b3f0,0x0000000089c00000)
 Metaspace       used 81808K, capacity 85562K, committed 85784K, reserved 1124352K
  class space    used 11000K, capacity 11771K, committed 11824K, reserved 1048576K
}
Event: 51.001 GC heap before
{Heap before GC invocations=20 (full 3):
 PSYoungGen      total 301568K, used 284409K [0x00000000d5580000, 0x00000000ea500000, 0x0000000100000000)
  eden space 274432K, 100% used [0x00000000d5580000,0x00000000e6180000,0x00000000e6180000)
  from space 27136K, 36% used [0x00000000e7f00000,0x00000000e88be6c8,0x00000000e9980000)
  to   space 30208K, 0% used [0x00000000e6180000,0x00000000e6180000,0x00000000e7f00000)
 ParOldGen       total 159744K, used 85612K [0x0000000080000000, 0x0000000089c00000, 0x00000000d5580000)
  object space 159744K, 53% used [0x0000000080000000,0x000000008539b3f0,0x0000000089c00000)
 Metaspace       used 91059K, capacity 95546K, committed 95896K, reserved 1132544K
  class space    used 12240K, capacity 13121K, committed 13232K, reserved 1048576K
Event: 51.025 GC heap after
Heap after GC invocations=20 (full 3):
 PSYoungGen      total 304640K, used 23582K [0x00000000d5580000, 0x00000000ea500000, 0x0000000100000000)
  eden space 274432K, 0% used [0x00000000d5580000,0x00000000d5580000,0x00000000e6180000)
  from space 30208K, 78% used [0x00000000e6180000,0x00000000e7887958,0x00000000e7f00000)
  to   space 27136K, 0% used [0x00000000e7f00000,0x00000000e7f00000,0x00000000e9980000)
 ParOldGen       total 159744K, used 85620K [0x0000000080000000, 0x0000000089c00000, 0x00000000d5580000)
  object space 159744K, 53% used [0x0000000080000000,0x000000008539d3f0,0x0000000089c00000)
 Metaspace       used 91059K, capacity 95546K, committed 95896K, reserved 1132544K
  class space    used 12240K, capacity 13121K, committed 13232K, reserved 1048576K
}

