# JRE version: OpenJDK Runtime Environment (8.0_242-b01) (build 1.8.0_242-release-1644-b01)
# Java VM: OpenJDK 64-Bit Server VM (25.242-b01 mixed mode windows-amd64 compressed oops)
Heap:
 PSYoungGen      total 465408K, used 253636K [0x00000000d5580000, 0x00000000f3800000, 0x0000000100000000)
  eden space 436736K, 58% used [0x00000000d5580000,0x00000000e4d31300,0x00000000f0000000)
  from space 28672K, 0% used [0x00000000f0000000,0x00000000f0000000,0x00000000f1c00000)
  to   space 28672K, 0% used [0x00000000f1c00000,0x00000000f1c00000,0x00000000f3800000)
 ParOldGen       total 220160K, used 60959K [0x0000000080000000, 0x000000008d700000, 0x00000000d5580000)
  object space 220160K, 27% used [0x0000000080000000,0x0000000083b87db8,0x000000008d700000)
 Metaspace       used 100570K, capacity 105126K, committed 105804K, reserved 1140736K
  class space    used 13099K, capacity 14048K, committed 14208K, reserved 1048576K
GC Heap History (10 events):
Event: 277.516 GC heap before
{Heap before GC invocations=18 (full 3):
 PSYoungGen      total 376832K, used 72136K [0x00000000d5580000, 0x00000000ee700000, 0x0000000100000000)
  eden space 351232K, 13% used [0x00000000d5580000,0x00000000d84cad88,0x00000000eac80000)
  from space 25600K, 92% used [0x00000000ec880000,0x00000000edfa7278,0x00000000ee180000)
  to   space 28672K, 0% used [0x00000000eac80000,0x00000000eac80000,0x00000000ec880000)
 ParOldGen       total 138752K, used 52639K [0x0000000080000000, 0x0000000088780000, 0x00000000d5580000)
  object space 138752K, 37% used [0x0000000080000000,0x0000000083367ec0,0x0000000088780000)
 Metaspace       used 93547K, capacity 98248K, committed 98380K, reserved 1134592K
  class space    used 12449K, capacity 13380K, committed 13440K, reserved 1048576K
Event: 277.534 GC heap after
Heap after GC invocations=18 (full 3):
 PSYoungGen      total 379904K, used 2836K [0x00000000d5580000, 0x00000000f3900000, 0x0000000100000000)
  eden space 351232K, 0% used [0x00000000d5580000,0x00000000d5580000,0x00000000eac80000)
  from space 28672K, 9% used [0x00000000eac80000,0x00000000eaf452a8,0x00000000ec880000)
  to   space 28672K, 0% used [0x00000000f1d00000,0x00000000f1d00000,0x00000000f3900000)
 ParOldGen       total 138752K, used 67234K [0x0000000080000000, 0x0000000088780000, 0x00000000d5580000)
  object space 138752K, 48% used [0x0000000080000000,0x00000000841a8af8,0x0000000088780000)
 Metaspace       used 93547K, capacity 98248K, committed 98380K, reserved 1134592K
  class space    used 12449K, capacity 13380K, committed 13440K, reserved 1048576K
}
Event: 277.534 GC heap before
{Heap before GC invocations=19 (full 4):
 PSYoungGen      total 379904K, used 2836K [0x00000000d5580000, 0x00000000f3900000, 0x0000000100000000)
  eden space 351232K, 0% used [0x00000000d5580000,0x00000000d5580000,0x00000000eac80000)
  from space 28672K, 9% used [0x00000000eac80000,0x00000000eaf452a8,0x00000000ec880000)
  to   space 28672K, 0% used [0x00000000f1d00000,0x00000000f1d00000,0x00000000f3900000)
 ParOldGen       total 138752K, used 67234K [0x0000000080000000, 0x0000000088780000, 0x00000000d5580000)
  object space 138752K, 48% used [0x0000000080000000,0x00000000841a8af8,0x0000000088780000)
 Metaspace       used 93547K, capacity 98248K, committed 98380K, reserved 1134592K
  class space    used 12449K, capacity 13380K, committed 13440K, reserved 1048576K
Event: 278.440 GC heap after
Heap after GC invocations=19 (full 4):
 PSYoungGen      total 379904K, used 0K [0x00000000d5580000, 0x00000000f3900000, 0x0000000100000000)
  eden space 351232K, 0% used [0x00000000d5580000,0x00000000d5580000,0x00000000eac80000)
  from space 28672K, 0% used [0x00000000eac80000,0x00000000eac80000,0x00000000ec880000)
  to   space 28672K, 0% used [0x00000000f1d00000,0x00000000f1d00000,0x00000000f3900000)
 ParOldGen       total 220160K, used 67512K [0x0000000080000000, 0x000000008d700000, 0x00000000d5580000)
  object space 220160K, 30% used [0x0000000080000000,0x00000000841ee018,0x000000008d700000)
 Metaspace       used 93356K, capacity 97666K, committed 98380K, reserved 1134592K
  class space    used 12387K, capacity 13271K, committed 13440K, reserved 1048576K
}
Event: 5037.695 GC heap before
{Heap before GC invocations=20 (full 4):
 PSYoungGen      total 379904K, used 351232K [0x00000000d5580000, 0x00000000f3900000, 0x0000000100000000)
  eden space 351232K, 100% used [0x00000000d5580000,0x00000000eac80000,0x00000000eac80000)
  from space 28672K, 0% used [0x00000000eac80000,0x00000000eac80000,0x00000000ec880000)
  to   space 28672K, 0% used [0x00000000f1d00000,0x00000000f1d00000,0x00000000f3900000)
 ParOldGen       total 220160K, used 67512K [0x0000000080000000, 0x000000008d700000, 0x00000000d5580000)
  object space 220160K, 30% used [0x0000000080000000,0x00000000841ee018,0x000000008d700000)
 Metaspace       used 96551K, capacity 101198K, committed 101708K, reserved 1136640K
  class space    used 12584K, capacity 13548K, committed 13696K, reserved 1048576K
Event: 5037.738 GC heap after
Heap after GC invocations=20 (full 4):
 PSYoungGen      total 464384K, used 4872K [0x00000000d5580000, 0x00000000f3800000, 0x0000000100000000)
  eden space 436736K, 0% used [0x00000000d5580000,0x00000000d5580000,0x00000000f0000000)
  from space 27648K, 17% used [0x00000000f1d00000,0x00000000f21c2148,0x00000000f3800000)
  to   space 28672K, 0% used [0x00000000f0000000,0x00000000f0000000,0x00000000f1c00000)
 ParOldGen       total 220160K, used 67520K [0x0000000080000000, 0x000000008d700000, 0x00000000d5580000)
  object space 220160K, 30% used [0x0000000080000000,0x00000000841f0018,0x000000008d700000)
 Metaspace       used 96551K, capacity 101198K, committed 101708K, reserved 1136640K
  class space    used 12584K, capacity 13548K, committed 13696K, reserved 1048576K
}
Event: 5064.916 GC heap before
{Heap before GC invocations=21 (full 4):
 PSYoungGen      total 464384K, used 291111K [0x00000000d5580000, 0x00000000f3800000, 0x0000000100000000)
  eden space 436736K, 65% used [0x00000000d5580000,0x00000000e6d07d88,0x00000000f0000000)
  from space 27648K, 17% used [0x00000000f1d00000,0x00000000f21c2148,0x00000000f3800000)
  to   space 28672K, 0% used [0x00000000f0000000,0x00000000f0000000,0x00000000f1c00000)
 ParOldGen       total 220160K, used 67520K [0x0000000080000000, 0x000000008d700000, 0x00000000d5580000)
  object space 220160K, 30% used [0x0000000080000000,0x00000000841f0018,0x000000008d700000)
 Metaspace       used 99009K, capacity 103884K, committed 104140K, reserved 1138688K
  class space    used 12947K, capacity 14017K, committed 14080K, reserved 1048576K
Event: 5064.941 GC heap after
Heap after GC invocations=21 (full 4):
 PSYoungGen      total 465408K, used 17184K [0x00000000d5580000, 0x00000000f3800000, 0x0000000100000000)
  eden space 436736K, 0% used [0x00000000d5580000,0x00000000d5580000,0x00000000f0000000)
  from space 28672K, 59% used [0x00000000f0000000,0x00000000f10c8378,0x00000000f1c00000)
  to   space 28672K, 0% used [0x00000000f1c00000,0x00000000f1c00000,0x00000000f3800000)
 ParOldGen       total 220160K, used 67528K [0x0000000080000000, 0x000000008d700000, 0x00000000d5580000)
  object space 220160K, 30% used [0x0000000080000000,0x00000000841f2018,0x000000008d700000)
 Metaspace       used 99009K, capacity 103884K, committed 104140K, reserved 1138688K
  class space    used 12947K, capacity 14017K, committed 14080K, reserved 1048576K
}
Event: 5064.941 GC heap before
{Heap before GC invocations=22 (full 5):
 PSYoungGen      total 465408K, used 17184K [0x00000000d5580000, 0x00000000f3800000, 0x0000000100000000)
  eden space 436736K, 0% used [0x00000000d5580000,0x00000000d5580000,0x00000000f0000000)
  from space 28672K, 59% used [0x00000000f0000000,0x00000000f10c8378,0x00000000f1c00000)
  to   space 28672K, 0% used [0x00000000f1c00000,0x00000000f1c00000,0x00000000f3800000)
 ParOldGen       total 220160K, used 67528K [0x0000000080000000, 0x000000008d700000, 0x00000000d5580000)
  object space 220160K, 30% used [0x0000000080000000,0x00000000841f2018,0x000000008d700000)
 Metaspace       used 99009K, capacity 103884K, committed 104140K, reserved 1138688K
  class space    used 12947K, capacity 14017K, committed 14080K, reserved 1048576K
Event: 5065.588 GC heap after
Heap after GC invocations=22 (full 5):
 PSYoungGen      total 465408K, used 0K [0x00000000d5580000, 0x00000000f3800000, 0x0000000100000000)
  eden space 436736K, 0% used [0x00000000d5580000,0x00000000d5580000,0x00000000f0000000)
  from space 28672K, 0% used [0x00000000f0000000,0x00000000f0000000,0x00000000f1c00000)
  to   space 28672K, 0% used [0x00000000f1c00000,0x00000000f1c00000,0x00000000f3800000)
 ParOldGen       total 220160K, used 60959K [0x0000000080000000, 0x000000008d700000, 0x00000000d5580000)
  object space 220160K, 27% used [0x0000000080000000,0x0000000083b87db8,0x000000008d700000)
 Metaspace       used 98137K, capacity 102328K, committed 104140K, reserved 1138688K
  class space    used 12781K, capacity 13678K, committed 14080K, reserved 1048576K
}

