# JRE version: OpenJDK Runtime Environment (8.0_242-b01) (build 1.8.0_242-release-1644-b01)
# Java VM: OpenJDK 64-Bit Server VM (25.242-b01 mixed mode windows-amd64 compressed oops)
Heap:
 PSYoungGen      total 106496K, used 12009K [0x0000000780a00000, 0x0000000787a00000, 0x00000007c0000000)
  eden space 98304K, 12% used [0x0000000780a00000,0x00000007815ba498,0x0000000786a00000)
  from space 8192K, 0% used [0x0000000787200000,0x0000000787200000,0x0000000787a00000)
  to   space 8192K, 0% used [0x0000000786a00000,0x0000000786a00000,0x0000000787200000)
 ParOldGen       total 112128K, used 22578K [0x0000000701e00000, 0x0000000708b80000, 0x0000000780a00000)
  object space 112128K, 20% used [0x0000000701e00000,0x000000070340cad8,0x0000000708b80000)
 Metaspace       used 35923K, capacity 36557K, committed 36824K, reserved 1081344K
  class space    used 4481K, capacity 4654K, committed 4736K, reserved 1048576K
GC Heap History (10 events):
Event: 1.040 GC heap before
{Heap before GC invocations=2 (full 0):
 PSYoungGen      total 57344K, used 49350K [0x0000000780a00000, 0x0000000787a00000, 0x00000007c0000000)
  eden space 49152K, 83% used [0x0000000780a00000,0x0000000783232f00,0x0000000783a00000)
  from space 8192K, 99% used [0x0000000783a00000,0x00000007841fead8,0x0000000784200000)
  to   space 8192K, 0% used [0x0000000787200000,0x0000000787200000,0x0000000787a00000)
 ParOldGen       total 131072K, used 3138K [0x0000000701e00000, 0x0000000709e00000, 0x0000000780a00000)
  object space 131072K, 2% used [0x0000000701e00000,0x0000000702110870,0x0000000709e00000)
 Metaspace       used 20700K, capacity 21122K, committed 21248K, reserved 1069056K
  class space    used 2376K, capacity 2515K, committed 2560K, reserved 1048576K
Event: 1.050 GC heap after
Heap after GC invocations=2 (full 0):
 PSYoungGen      total 106496K, used 8171K [0x0000000780a00000, 0x0000000787a00000, 0x00000007c0000000)
  eden space 98304K, 0% used [0x0000000780a00000,0x0000000780a00000,0x0000000786a00000)
  from space 8192K, 99% used [0x0000000787200000,0x00000007879fad60,0x0000000787a00000)
  to   space 8192K, 0% used [0x0000000786a00000,0x0000000786a00000,0x0000000787200000)
 ParOldGen       total 131072K, used 13695K [0x0000000701e00000, 0x0000000709e00000, 0x0000000780a00000)
  object space 131072K, 10% used [0x0000000701e00000,0x0000000702b5fe58,0x0000000709e00000)
 Metaspace       used 20700K, capacity 21122K, committed 21248K, reserved 1069056K
  class space    used 2376K, capacity 2515K, committed 2560K, reserved 1048576K
}
Event: 1.050 GC heap before
{Heap before GC invocations=3 (full 1):
 PSYoungGen      total 106496K, used 8171K [0x0000000780a00000, 0x0000000787a00000, 0x00000007c0000000)
  eden space 98304K, 0% used [0x0000000780a00000,0x0000000780a00000,0x0000000786a00000)
  from space 8192K, 99% used [0x0000000787200000,0x00000007879fad60,0x0000000787a00000)
  to   space 8192K, 0% used [0x0000000786a00000,0x0000000786a00000,0x0000000787200000)
 ParOldGen       total 131072K, used 13695K [0x0000000701e00000, 0x0000000709e00000, 0x0000000780a00000)
  object space 131072K, 10% used [0x0000000701e00000,0x0000000702b5fe58,0x0000000709e00000)
 Metaspace       used 20700K, capacity 21122K, committed 21248K, reserved 1069056K
  class space    used 2376K, capacity 2515K, committed 2560K, reserved 1048576K
Event: 1.085 GC heap after
Heap after GC invocations=3 (full 1):
 PSYoungGen      total 106496K, used 0K [0x0000000780a00000, 0x0000000787a00000, 0x00000007c0000000)
  eden space 98304K, 0% used [0x0000000780a00000,0x0000000780a00000,0x0000000786a00000)
  from space 8192K, 0% used [0x0000000787200000,0x0000000787200000,0x0000000787a00000)
  to   space 8192K, 0% used [0x0000000786a00000,0x0000000786a00000,0x0000000787200000)
 ParOldGen       total 112128K, used 18430K [0x0000000701e00000, 0x0000000708b80000, 0x0000000780a00000)
  object space 112128K, 16% used [0x0000000701e00000,0x0000000702fffbb8,0x0000000708b80000)
 Metaspace       used 20700K, capacity 21122K, committed 21248K, reserved 1069056K
  class space    used 2376K, capacity 2515K, committed 2560K, reserved 1048576K
}
Event: 2.125 GC heap before
{Heap before GC invocations=4 (full 1):
 PSYoungGen      total 106496K, used 98304K [0x0000000780a00000, 0x0000000787a00000, 0x00000007c0000000)
  eden space 98304K, 100% used [0x0000000780a00000,0x0000000786a00000,0x0000000786a00000)
  from space 8192K, 0% used [0x0000000787200000,0x0000000787200000,0x0000000787a00000)
  to   space 8192K, 0% used [0x0000000786a00000,0x0000000786a00000,0x0000000787200000)
 ParOldGen       total 112128K, used 18430K [0x0000000701e00000, 0x0000000708b80000, 0x0000000780a00000)
  object space 112128K, 16% used [0x0000000701e00000,0x0000000702fffbb8,0x0000000708b80000)
 Metaspace       used 34230K, capacity 34761K, committed 35072K, reserved 1079296K
  class space    used 4322K, capacity 4502K, committed 4608K, reserved 1048576K
Event: 2.139 GC heap after
Heap after GC invocations=4 (full 1):
 PSYoungGen      total 106496K, used 8162K [0x0000000780a00000, 0x0000000787a00000, 0x00000007c0000000)
  eden space 98304K, 0% used [0x0000000780a00000,0x0000000780a00000,0x0000000786a00000)
  from space 8192K, 99% used [0x0000000786a00000,0x00000007871f8918,0x0000000787200000)
  to   space 8192K, 0% used [0x0000000787200000,0x0000000787200000,0x0000000787a00000)
 ParOldGen       total 112128K, used 33472K [0x0000000701e00000, 0x0000000708b80000, 0x0000000780a00000)
  object space 112128K, 29% used [0x0000000701e00000,0x0000000703eb0190,0x0000000708b80000)
 Metaspace       used 34230K, capacity 34761K, committed 35072K, reserved 1079296K
  class space    used 4322K, capacity 4502K, committed 4608K, reserved 1048576K
}
Event: 2.162 GC heap before
{Heap before GC invocations=5 (full 1):
 PSYoungGen      total 106496K, used 12093K [0x0000000780a00000, 0x0000000787a00000, 0x00000007c0000000)
  eden space 98304K, 3% used [0x0000000780a00000,0x0000000780dd6cb8,0x0000000786a00000)
  from space 8192K, 99% used [0x0000000786a00000,0x00000007871f8918,0x0000000787200000)
  to   space 8192K, 0% used [0x0000000787200000,0x0000000787200000,0x0000000787a00000)
 ParOldGen       total 112128K, used 33472K [0x0000000701e00000, 0x0000000708b80000, 0x0000000780a00000)
  object space 112128K, 29% used [0x0000000701e00000,0x0000000703eb0190,0x0000000708b80000)
 Metaspace       used 34674K, capacity 35177K, committed 35416K, reserved 1081344K
  class space    used 4361K, capacity 4534K, committed 4608K, reserved 1048576K
Event: 2.166 GC heap after
Heap after GC invocations=5 (full 1):
 PSYoungGen      total 106496K, used 8171K [0x0000000780a00000, 0x0000000787a00000, 0x00000007c0000000)
  eden space 98304K, 0% used [0x0000000780a00000,0x0000000780a00000,0x0000000786a00000)
  from space 8192K, 99% used [0x0000000787200000,0x00000007879fadd8,0x0000000787a00000)
  to   space 8192K, 0% used [0x0000000786a00000,0x0000000786a00000,0x0000000787200000)
 ParOldGen       total 112128K, used 33895K [0x0000000701e00000, 0x0000000708b80000, 0x0000000780a00000)
  object space 112128K, 30% used [0x0000000701e00000,0x0000000703f19f48,0x0000000708b80000)
 Metaspace       used 34674K, capacity 35177K, committed 35416K, reserved 1081344K
  class space    used 4361K, capacity 4534K, committed 4608K, reserved 1048576K
}
Event: 2.166 GC heap before
{Heap before GC invocations=6 (full 2):
 PSYoungGen      total 106496K, used 8171K [0x0000000780a00000, 0x0000000787a00000, 0x00000007c0000000)
  eden space 98304K, 0% used [0x0000000780a00000,0x0000000780a00000,0x0000000786a00000)
  from space 8192K, 99% used [0x0000000787200000,0x00000007879fadd8,0x0000000787a00000)
  to   space 8192K, 0% used [0x0000000786a00000,0x0000000786a00000,0x0000000787200000)
 ParOldGen       total 112128K, used 33895K [0x0000000701e00000, 0x0000000708b80000, 0x0000000780a00000)
  object space 112128K, 30% used [0x0000000701e00000,0x0000000703f19f48,0x0000000708b80000)
 Metaspace       used 34674K, capacity 35177K, committed 35416K, reserved 1081344K
  class space    used 4361K, capacity 4534K, committed 4608K, reserved 1048576K
Event: 2.211 GC heap after
Heap after GC invocations=6 (full 2):
 PSYoungGen      total 106496K, used 0K [0x0000000780a00000, 0x0000000787a00000, 0x00000007c0000000)
  eden space 98304K, 0% used [0x0000000780a00000,0x0000000780a00000,0x0000000786a00000)
  from space 8192K, 0% used [0x0000000787200000,0x0000000787200000,0x0000000787a00000)
  to   space 8192K, 0% used [0x0000000786a00000,0x0000000786a00000,0x0000000787200000)
 ParOldGen       total 112128K, used 22578K [0x0000000701e00000, 0x0000000708b80000, 0x0000000780a00000)
  object space 112128K, 20% used [0x0000000701e00000,0x000000070340cad8,0x0000000708b80000)
 Metaspace       used 34674K, capacity 35177K, committed 35416K, reserved 1081344K
  class space    used 4361K, capacity 4534K, committed 4608K, reserved 1048576K
}

