# JRE version: OpenJDK Runtime Environment (8.0_242-b01) (build 1.8.0_242-release-1644-b01)
# Java VM: OpenJDK 64-Bit Server VM (25.242-b01 mixed mode windows-amd64 compressed oops)
Heap:
 PSYoungGen      total 137216K, used 129060K [0x0000000780a00000, 0x0000000789c80000, 0x00000007c0000000)
  eden space 129024K, 93% used [0x0000000780a00000,0x000000078800d990,0x0000000788800000)
  from space 8192K, 99% used [0x0000000789480000,0x0000000789c7b7a0,0x0000000789c80000)
  to   space 8192K, 0% used [0x0000000788c80000,0x0000000788c80000,0x0000000789480000)
 ParOldGen       total 186880K, used 46086K [0x0000000701e00000, 0x000000070d480000, 0x0000000780a00000)
  object space 186880K, 24% used [0x0000000701e00000,0x0000000704b019d0,0x000000070d480000)
 Metaspace       used 48757K, capacity 49625K, committed 50008K, reserved 1093632K
  class space    used 5914K, capacity 6150K, committed 6272K, reserved 1048576K
GC Heap History (10 events):
Event: 1.034 GC heap before
{Heap before GC invocations=2 (full 0):
 PSYoungGen      total 57344K, used 47731K [0x0000000780a00000, 0x0000000787a00000, 0x00000007c0000000)
  eden space 49152K, 80% used [0x0000000780a00000,0x00000007830a0318,0x0000000783a00000)
  from space 8192K, 99% used [0x0000000783a00000,0x00000007841fcb50,0x0000000784200000)
  to   space 8192K, 0% used [0x0000000787200000,0x0000000787200000,0x0000000787a00000)
 ParOldGen       total 131072K, used 3105K [0x0000000701e00000, 0x0000000709e00000, 0x0000000780a00000)
  object space 131072K, 2% used [0x0000000701e00000,0x00000007021084c0,0x0000000709e00000)
 Metaspace       used 20594K, capacity 21046K, committed 21248K, reserved 1069056K
  class space    used 2354K, capacity 2509K, committed 2560K, reserved 1048576K
Event: 1.044 GC heap after
Heap after GC invocations=2 (full 0):
 PSYoungGen      total 106496K, used 8184K [0x0000000780a00000, 0x0000000787a00000, 0x00000007c0000000)
  eden space 98304K, 0% used [0x0000000780a00000,0x0000000780a00000,0x0000000786a00000)
  from space 8192K, 99% used [0x0000000787200000,0x00000007879fe2b8,0x0000000787a00000)
  to   space 8192K, 0% used [0x0000000786a00000,0x0000000786a00000,0x0000000787200000)
 ParOldGen       total 131072K, used 13345K [0x0000000701e00000, 0x0000000709e00000, 0x0000000780a00000)
  object space 131072K, 10% used [0x0000000701e00000,0x0000000702b08588,0x0000000709e00000)
 Metaspace       used 20594K, capacity 21046K, committed 21248K, reserved 1069056K
  class space    used 2354K, capacity 2509K, committed 2560K, reserved 1048576K
}
Event: 1.044 GC heap before
{Heap before GC invocations=3 (full 1):
 PSYoungGen      total 106496K, used 8184K [0x0000000780a00000, 0x0000000787a00000, 0x00000007c0000000)
  eden space 98304K, 0% used [0x0000000780a00000,0x0000000780a00000,0x0000000786a00000)
  from space 8192K, 99% used [0x0000000787200000,0x00000007879fe2b8,0x0000000787a00000)
  to   space 8192K, 0% used [0x0000000786a00000,0x0000000786a00000,0x0000000787200000)
 ParOldGen       total 131072K, used 13345K [0x0000000701e00000, 0x0000000709e00000, 0x0000000780a00000)
  object space 131072K, 10% used [0x0000000701e00000,0x0000000702b08588,0x0000000709e00000)
 Metaspace       used 20594K, capacity 21046K, committed 21248K, reserved 1069056K
  class space    used 2354K, capacity 2509K, committed 2560K, reserved 1048576K
Event: 1.078 GC heap after
Heap after GC invocations=3 (full 1):
 PSYoungGen      total 106496K, used 0K [0x0000000780a00000, 0x0000000787a00000, 0x00000007c0000000)
  eden space 98304K, 0% used [0x0000000780a00000,0x0000000780a00000,0x0000000786a00000)
  from space 8192K, 0% used [0x0000000787200000,0x0000000787200000,0x0000000787a00000)
  to   space 8192K, 0% used [0x0000000786a00000,0x0000000786a00000,0x0000000787200000)
 ParOldGen       total 109568K, used 18130K [0x0000000701e00000, 0x0000000708900000, 0x0000000780a00000)
  object space 109568K, 16% used [0x0000000701e00000,0x0000000702fb4b50,0x0000000708900000)
 Metaspace       used 20594K, capacity 21046K, committed 21248K, reserved 1069056K
  class space    used 2354K, capacity 2509K, committed 2560K, reserved 1048576K
}
Event: 2.158 GC heap before
{Heap before GC invocations=4 (full 1):
 PSYoungGen      total 106496K, used 97095K [0x0000000780a00000, 0x0000000787a00000, 0x00000007c0000000)
  eden space 98304K, 98% used [0x0000000780a00000,0x00000007868d1dd0,0x0000000786a00000)
  from space 8192K, 0% used [0x0000000787200000,0x0000000787200000,0x0000000787a00000)
  to   space 8192K, 0% used [0x0000000786a00000,0x0000000786a00000,0x0000000787200000)
 ParOldGen       total 109568K, used 18130K [0x0000000701e00000, 0x0000000708900000, 0x0000000780a00000)
  object space 109568K, 16% used [0x0000000701e00000,0x0000000702fb4b50,0x0000000708900000)
 Metaspace       used 34512K, capacity 35071K, committed 35416K, reserved 1081344K
  class space    used 4343K, capacity 4480K, committed 4480K, reserved 1048576K
Event: 2.172 GC heap after
Heap after GC invocations=4 (full 1):
 PSYoungGen      total 106496K, used 8162K [0x0000000780a00000, 0x0000000789c80000, 0x00000007c0000000)
  eden space 98304K, 0% used [0x0000000780a00000,0x0000000780a00000,0x0000000786a00000)
  from space 8192K, 99% used [0x0000000786a00000,0x00000007871f8918,0x0000000787200000)
  to   space 8192K, 0% used [0x0000000789480000,0x0000000789480000,0x0000000789c80000)
 ParOldGen       total 109568K, used 33142K [0x0000000701e00000, 0x0000000708900000, 0x0000000780a00000)
  object space 109568K, 30% used [0x0000000701e00000,0x0000000703e5db00,0x0000000708900000)
 Metaspace       used 34512K, capacity 35071K, committed 35416K, reserved 1081344K
  class space    used 4343K, capacity 4480K, committed 4480K, reserved 1048576K
}
Event: 2.172 GC heap before
{Heap before GC invocations=5 (full 2):
 PSYoungGen      total 106496K, used 8162K [0x0000000780a00000, 0x0000000789c80000, 0x00000007c0000000)
  eden space 98304K, 0% used [0x0000000780a00000,0x0000000780a00000,0x0000000786a00000)
  from space 8192K, 99% used [0x0000000786a00000,0x00000007871f8918,0x0000000787200000)
  to   space 8192K, 0% used [0x0000000789480000,0x0000000789480000,0x0000000789c80000)
 ParOldGen       total 109568K, used 33142K [0x0000000701e00000, 0x0000000708900000, 0x0000000780a00000)
  object space 109568K, 30% used [0x0000000701e00000,0x0000000703e5db00,0x0000000708900000)
 Metaspace       used 34512K, capacity 35071K, committed 35416K, reserved 1081344K
  class space    used 4343K, capacity 4480K, committed 4480K, reserved 1048576K
Event: 2.218 GC heap after
Heap after GC invocations=5 (full 2):
 PSYoungGen      total 106496K, used 0K [0x0000000780a00000, 0x0000000789c80000, 0x00000007c0000000)
  eden space 98304K, 0% used [0x0000000780a00000,0x0000000780a00000,0x0000000786a00000)
  from space 8192K, 0% used [0x0000000786a00000,0x0000000786a00000,0x0000000787200000)
  to   space 8192K, 0% used [0x0000000789480000,0x0000000789480000,0x0000000789c80000)
 ParOldGen       total 186880K, used 35005K [0x0000000701e00000, 0x000000070d480000, 0x0000000780a00000)
  object space 186880K, 18% used [0x0000000701e00000,0x000000070402f4c8,0x000000070d480000)
 Metaspace       used 34512K, capacity 35071K, committed 35416K, reserved 1081344K
  class space    used 4343K, capacity 4480K, committed 4480K, reserved 1048576K
}
Event: 3.257 GC heap before
{Heap before GC invocations=6 (full 2):
 PSYoungGen      total 106496K, used 98304K [0x0000000780a00000, 0x0000000789c80000, 0x00000007c0000000)
  eden space 98304K, 100% used [0x0000000780a00000,0x0000000786a00000,0x0000000786a00000)
  from space 8192K, 0% used [0x0000000786a00000,0x0000000786a00000,0x0000000787200000)
  to   space 8192K, 0% used [0x0000000789480000,0x0000000789480000,0x0000000789c80000)
 ParOldGen       total 186880K, used 35005K [0x0000000701e00000, 0x000000070d480000, 0x0000000780a00000)
  object space 186880K, 18% used [0x0000000701e00000,0x000000070402f4c8,0x000000070d480000)
 Metaspace       used 42902K, capacity 43667K, committed 44120K, reserved 1087488K
  class space    used 5258K, capacity 5471K, committed 5504K, reserved 1048576K
Event: 3.270 GC heap after
Heap after GC invocations=6 (full 2):
 PSYoungGen      total 137216K, used 8173K [0x0000000780a00000, 0x0000000789c80000, 0x00000007c0000000)
  eden space 129024K, 0% used [0x0000000780a00000,0x0000000780a00000,0x0000000788800000)
  from space 8192K, 99% used [0x0000000789480000,0x0000000789c7b7a0,0x0000000789c80000)
  to   space 8192K, 0% used [0x0000000788c80000,0x0000000788c80000,0x0000000789480000)
 ParOldGen       total 186880K, used 46086K [0x0000000701e00000, 0x000000070d480000, 0x0000000780a00000)
  object space 186880K, 24% used [0x0000000701e00000,0x0000000704b019d0,0x000000070d480000)
 Metaspace       used 42902K, capacity 43667K, committed 44120K, reserved 1087488K
  class space    used 5258K, capacity 5471K, committed 5504K, reserved 1048576K
}

