# JRE version: OpenJDK Runtime Environment (8.0_242-b01) (build 1.8.0_242-release-1644-b01)
# Java VM: OpenJDK 64-Bit Server VM (25.242-b01 mixed mode windows-amd64 compressed oops)
Heap:
 PSYoungGen      total 474112K, used 261519K [0x00000000d5580000, 0x00000000f7d00000, 0x0000000100000000)
  eden space 397824K, 53% used [0x00000000d5580000,0x00000000e270d5e8,0x00000000eda00000)
  from space 76288K, 61% used [0x00000000eda00000,0x00000000f07d72c0,0x00000000f2480000)
  to   space 77824K, 0% used [0x00000000f3100000,0x00000000f3100000,0x00000000f7d00000)
 ParOldGen       total 191488K, used 93960K [0x0000000080000000, 0x000000008bb00000, 0x00000000d5580000)
  object space 191488K, 49% used [0x0000000080000000,0x0000000085bc2210,0x000000008bb00000)
 Metaspace       used 105059K, capacity 110180K, committed 110872K, reserved 1144832K
  class space    used 13498K, capacity 14514K, committed 14896K, reserved 1048576K
GC Heap History (10 events):
Event: 16.442 GC heap before
{Heap before GC invocations=20 (full 7):
 PSYoungGen      total 397824K, used 340992K [0x00000000d5580000, 0x00000000fa780000, 0x0000000100000000)
  eden space 340992K, 100% used [0x00000000d5580000,0x00000000ea280000,0x00000000ea280000)
  from space 56832K, 0% used [0x00000000ea280000,0x00000000ea280000,0x00000000eda00000)
  to   space 90624K, 0% used [0x00000000f4f00000,0x00000000f4f00000,0x00000000fa780000)
 ParOldGen       total 191488K, used 191444K [0x0000000080000000, 0x000000008bb00000, 0x00000000d5580000)
  object space 191488K, 99% used [0x0000000080000000,0x000000008baf5208,0x000000008bb00000)
 Metaspace       used 84426K, capacity 88658K, committed 90904K, reserved 1128448K
  class space    used 11385K, capacity 12204K, committed 12848K, reserved 1048576K
Event: 16.625 GC heap after
Heap after GC invocations=20 (full 7):
 PSYoungGen      total 397824K, used 0K [0x00000000d5580000, 0x00000000fa780000, 0x0000000100000000)
  eden space 340992K, 0% used [0x00000000d5580000,0x00000000d5580000,0x00000000ea280000)
  from space 56832K, 0% used [0x00000000ea280000,0x00000000ea280000,0x00000000eda00000)
  to   space 90624K, 0% used [0x00000000f4f00000,0x00000000f4f00000,0x00000000fa780000)
 ParOldGen       total 191488K, used 93928K [0x0000000080000000, 0x000000008bb00000, 0x00000000d5580000)
  object space 191488K, 49% used [0x0000000080000000,0x0000000085bba210,0x000000008bb00000)
 Metaspace       used 84426K, capacity 88658K, committed 90904K, reserved 1128448K
  class space    used 11385K, capacity 12204K, committed 12848K, reserved 1048576K
}
Event: 32.966 GC heap before
{Heap before GC invocations=21 (full 7):
 PSYoungGen      total 397824K, used 340992K [0x00000000d5580000, 0x00000000fa780000, 0x0000000100000000)
  eden space 340992K, 100% used [0x00000000d5580000,0x00000000ea280000,0x00000000ea280000)
  from space 56832K, 0% used [0x00000000ea280000,0x00000000ea280000,0x00000000eda00000)
  to   space 90624K, 0% used [0x00000000f4f00000,0x00000000f4f00000,0x00000000fa780000)
 ParOldGen       total 191488K, used 93928K [0x0000000080000000, 0x000000008bb00000, 0x00000000d5580000)
  object space 191488K, 49% used [0x0000000080000000,0x0000000085bba210,0x000000008bb00000)
 Metaspace       used 89749K, capacity 94262K, committed 95896K, reserved 1132544K
  class space    used 11834K, capacity 12690K, committed 13232K, reserved 1048576K
Event: 32.989 GC heap after
Heap after GC invocations=21 (full 7):
 PSYoungGen      total 402432K, used 32019K [0x00000000d5580000, 0x00000000f6e80000, 0x0000000100000000)
  eden space 370176K, 0% used [0x00000000d5580000,0x00000000d5580000,0x00000000ebf00000)
  from space 32256K, 99% used [0x00000000f4f00000,0x00000000f6e44d18,0x00000000f6e80000)
  to   space 84992K, 0% used [0x00000000ec880000,0x00000000ec880000,0x00000000f1b80000)
 ParOldGen       total 191488K, used 93936K [0x0000000080000000, 0x000000008bb00000, 0x00000000d5580000)
  object space 191488K, 49% used [0x0000000080000000,0x0000000085bbc210,0x000000008bb00000)
 Metaspace       used 89749K, capacity 94262K, committed 95896K, reserved 1132544K
  class space    used 11834K, capacity 12690K, committed 13232K, reserved 1048576K
}
Event: 340.912 GC heap before
{Heap before GC invocations=22 (full 7):
 PSYoungGen      total 402432K, used 402195K [0x00000000d5580000, 0x00000000f6e80000, 0x0000000100000000)
  eden space 370176K, 100% used [0x00000000d5580000,0x00000000ebf00000,0x00000000ebf00000)
  from space 32256K, 99% used [0x00000000f4f00000,0x00000000f6e44d18,0x00000000f6e80000)
  to   space 84992K, 0% used [0x00000000ec880000,0x00000000ec880000,0x00000000f1b80000)
 ParOldGen       total 191488K, used 93936K [0x0000000080000000, 0x000000008bb00000, 0x00000000d5580000)
  object space 191488K, 49% used [0x0000000080000000,0x0000000085bbc210,0x000000008bb00000)
 Metaspace       used 91302K, capacity 95886K, committed 97304K, reserved 1132544K
  class space    used 11969K, capacity 12848K, committed 13360K, reserved 1048576K
Event: 340.928 GC heap after
Heap after GC invocations=22 (full 7):
 PSYoungGen      total 464896K, used 31539K [0x00000000d5580000, 0x00000000f7200000, 0x0000000100000000)
  eden space 379904K, 0% used [0x00000000d5580000,0x00000000d5580000,0x00000000ec880000)
  from space 84992K, 37% used [0x00000000ec880000,0x00000000ee74ccd0,0x00000000f1b80000)
  to   space 79360K, 0% used [0x00000000f2480000,0x00000000f2480000,0x00000000f7200000)
 ParOldGen       total 191488K, used 93944K [0x0000000080000000, 0x000000008bb00000, 0x00000000d5580000)
  object space 191488K, 49% used [0x0000000080000000,0x0000000085bbe210,0x000000008bb00000)
 Metaspace       used 91302K, capacity 95886K, committed 97304K, reserved 1132544K
  class space    used 11969K, capacity 12848K, committed 13360K, reserved 1048576K
}
Event: 344.151 GC heap before
{Heap before GC invocations=23 (full 7):
 PSYoungGen      total 464896K, used 411443K [0x00000000d5580000, 0x00000000f7200000, 0x0000000100000000)
  eden space 379904K, 100% used [0x00000000d5580000,0x00000000ec880000,0x00000000ec880000)
  from space 84992K, 37% used [0x00000000ec880000,0x00000000ee74ccd0,0x00000000f1b80000)
  to   space 79360K, 0% used [0x00000000f2480000,0x00000000f2480000,0x00000000f7200000)
 ParOldGen       total 191488K, used 93944K [0x0000000080000000, 0x000000008bb00000, 0x00000000d5580000)
  object space 191488K, 49% used [0x0000000080000000,0x0000000085bbe210,0x000000008bb00000)
 Metaspace       used 95611K, capacity 100436K, committed 101528K, reserved 1136640K
  class space    used 12455K, capacity 13353K, committed 13744K, reserved 1048576K
Event: 344.167 GC heap after
Heap after GC invocations=23 (full 7):
 PSYoungGen      total 477184K, used 21603K [0x00000000d5580000, 0x00000000f7200000, 0x0000000100000000)
  eden space 397824K, 0% used [0x00000000d5580000,0x00000000d5580000,0x00000000eda00000)
  from space 79360K, 27% used [0x00000000f2480000,0x00000000f3998db0,0x00000000f7200000)
  to   space 76288K, 0% used [0x00000000eda00000,0x00000000eda00000,0x00000000f2480000)
 ParOldGen       total 191488K, used 93952K [0x0000000080000000, 0x000000008bb00000, 0x00000000d5580000)
  object space 191488K, 49% used [0x0000000080000000,0x0000000085bc0210,0x000000008bb00000)
 Metaspace       used 95611K, capacity 100436K, committed 101528K, reserved 1136640K
  class space    used 12455K, capacity 13353K, committed 13744K, reserved 1048576K
}
Event: 359.989 GC heap before
{Heap before GC invocations=24 (full 7):
 PSYoungGen      total 477184K, used 419427K [0x00000000d5580000, 0x00000000f7200000, 0x0000000100000000)
  eden space 397824K, 100% used [0x00000000d5580000,0x00000000eda00000,0x00000000eda00000)
  from space 79360K, 27% used [0x00000000f2480000,0x00000000f3998db0,0x00000000f7200000)
  to   space 76288K, 0% used [0x00000000eda00000,0x00000000eda00000,0x00000000f2480000)
 ParOldGen       total 191488K, used 93952K [0x0000000080000000, 0x000000008bb00000, 0x00000000d5580000)
  object space 191488K, 49% used [0x0000000080000000,0x0000000085bc0210,0x000000008bb00000)
 Metaspace       used 103702K, capacity 108782K, committed 109464K, reserved 1144832K
  class space    used 13395K, capacity 14413K, committed 14768K, reserved 1048576K
Event: 360.012 GC heap after
Heap after GC invocations=24 (full 7):
 PSYoungGen      total 474112K, used 46940K [0x00000000d5580000, 0x00000000f7d00000, 0x0000000100000000)
  eden space 397824K, 0% used [0x00000000d5580000,0x00000000d5580000,0x00000000eda00000)
  from space 76288K, 61% used [0x00000000eda00000,0x00000000f07d72c0,0x00000000f2480000)
  to   space 77824K, 0% used [0x00000000f3100000,0x00000000f3100000,0x00000000f7d00000)
 ParOldGen       total 191488K, used 93960K [0x0000000080000000, 0x000000008bb00000, 0x00000000d5580000)
  object space 191488K, 49% used [0x0000000080000000,0x0000000085bc2210,0x000000008bb00000)
 Metaspace       used 103702K, capacity 108782K, committed 109464K, reserved 1144832K
  class space    used 13395K, capacity 14413K, committed 14768K, reserved 1048576K
}

