# JRE version: OpenJDK Runtime Environment (8.0_242-b01) (build 1.8.0_242-release-1644-b01)
# Java VM: OpenJDK 64-Bit Server VM (25.242-b01 mixed mode windows-amd64 compressed oops)
Heap:
 PSYoungGen      total 314880K, used 309624K [0x00000000d5580000, 0x00000000ee600000, 0x0000000100000000)
  eden space 261120K, 100% used [0x00000000d5580000,0x00000000e5480000,0x00000000e5480000)
  from space 53760K, 90% used [0x00000000e8f80000,0x00000000ebede3f0,0x00000000ec400000)
  to   space 60416K, 86% used [0x00000000e5480000,0x00000000e87bfb70,0x00000000e8f80000)
 ParOldGen       total 272384K, used 90512K [0x0000000080000000, 0x0000000090a00000, 0x00000000d5580000)
  object space 272384K, 33% used [0x0000000080000000,0x00000000858642a8,0x0000000090a00000)
 Metaspace       used 104871K, capacity 109866K, committed 109952K, reserved 1144832K
  class space    used 13682K, capacity 14705K, committed 14720K, reserved 1048576K
GC Heap History (10 events):
Event: 30.729 GC heap after
Heap after GC invocations=18 (full 3):
 PSYoungGen      total 292864K, used 23588K [0x00000000d5580000, 0x00000000eb780000, 0x0000000100000000)
  eden space 254464K, 0% used [0x00000000d5580000,0x00000000d5580000,0x00000000e4e00000)
  from space 38400K, 61% used [0x00000000e4e00000,0x00000000e65093f8,0x00000000e7380000)
  to   space 38912K, 0% used [0x00000000e9180000,0x00000000e9180000,0x00000000eb780000)
 ParOldGen       total 170496K, used 77179K [0x0000000080000000, 0x000000008a680000, 0x00000000d5580000)
  object space 170496K, 45% used [0x0000000080000000,0x0000000084b5ee60,0x000000008a680000)
 Metaspace       used 93477K, capacity 98386K, committed 98496K, reserved 1134592K
  class space    used 12512K, capacity 13497K, committed 13568K, reserved 1048576K
}
Event: 30.729 GC heap before
{Heap before GC invocations=19 (full 4):
 PSYoungGen      total 292864K, used 23588K [0x00000000d5580000, 0x00000000eb780000, 0x0000000100000000)
  eden space 254464K, 0% used [0x00000000d5580000,0x00000000d5580000,0x00000000e4e00000)
  from space 38400K, 61% used [0x00000000e4e00000,0x00000000e65093f8,0x00000000e7380000)
  to   space 38912K, 0% used [0x00000000e9180000,0x00000000e9180000,0x00000000eb780000)
 ParOldGen       total 170496K, used 77179K [0x0000000080000000, 0x000000008a680000, 0x00000000d5580000)
  object space 170496K, 45% used [0x0000000080000000,0x0000000084b5ee60,0x000000008a680000)
 Metaspace       used 93477K, capacity 98386K, committed 98496K, reserved 1134592K
  class space    used 12512K, capacity 13497K, committed 13568K, reserved 1048576K
Event: 31.043 GC heap after
Heap after GC invocations=19 (full 4):
 PSYoungGen      total 292864K, used 0K [0x00000000d5580000, 0x00000000eb780000, 0x0000000100000000)
  eden space 254464K, 0% used [0x00000000d5580000,0x00000000d5580000,0x00000000e4e00000)
  from space 38400K, 0% used [0x00000000e4e00000,0x00000000e4e00000,0x00000000e7380000)
  to   space 38912K, 0% used [0x00000000e9180000,0x00000000e9180000,0x00000000eb780000)
 ParOldGen       total 272384K, used 75706K [0x0000000080000000, 0x0000000090a00000, 0x00000000d5580000)
  object space 272384K, 27% used [0x0000000080000000,0x00000000849ee900,0x0000000090a00000)
 Metaspace       used 93155K, capacity 97426K, committed 98496K, reserved 1134592K
  class space    used 12408K, capacity 13313K, committed 13568K, reserved 1048576K
}
Event: 1374.846 GC heap before
{Heap before GC invocations=20 (full 4):
 PSYoungGen      total 292864K, used 254464K [0x00000000d5580000, 0x00000000eb780000, 0x0000000100000000)
  eden space 254464K, 100% used [0x00000000d5580000,0x00000000e4e00000,0x00000000e4e00000)
  from space 38400K, 0% used [0x00000000e4e00000,0x00000000e4e00000,0x00000000e7380000)
  to   space 38912K, 0% used [0x00000000e9180000,0x00000000e9180000,0x00000000eb780000)
 ParOldGen       total 272384K, used 75706K [0x0000000080000000, 0x0000000090a00000, 0x00000000d5580000)
  object space 272384K, 27% used [0x0000000080000000,0x00000000849ee900,0x0000000090a00000)
 Metaspace       used 97595K, capacity 102170K, committed 102784K, reserved 1138688K
  class space    used 12820K, capacity 13785K, committed 13952K, reserved 1048576K
Event: 1374.879 GC heap after
Heap after GC invocations=20 (full 4):
 PSYoungGen      total 278528K, used 31179K [0x00000000d5580000, 0x00000000eb000000, 0x0000000100000000)
  eden space 247296K, 0% used [0x00000000d5580000,0x00000000d5580000,0x00000000e4700000)
  from space 31232K, 99% used [0x00000000e9180000,0x00000000eaff2ed0,0x00000000eb000000)
  to   space 41984K, 0% used [0x00000000e5e00000,0x00000000e5e00000,0x00000000e8700000)
 ParOldGen       total 272384K, used 75714K [0x0000000080000000, 0x0000000090a00000, 0x00000000d5580000)
  object space 272384K, 27% used [0x0000000080000000,0x00000000849f0900,0x0000000090a00000)
 Metaspace       used 97595K, capacity 102170K, committed 102784K, reserved 1138688K
  class space    used 12820K, capacity 13785K, committed 13952K, reserved 1048576K
}
Event: 1377.681 GC heap before
{Heap before GC invocations=21 (full 4):
 PSYoungGen      total 278528K, used 278475K [0x00000000d5580000, 0x00000000eb000000, 0x0000000100000000)
  eden space 247296K, 100% used [0x00000000d5580000,0x00000000e4700000,0x00000000e4700000)
  from space 31232K, 99% used [0x00000000e9180000,0x00000000eaff2ed0,0x00000000eb000000)
  to   space 41984K, 0% used [0x00000000e5e00000,0x00000000e5e00000,0x00000000e8700000)
 ParOldGen       total 272384K, used 75714K [0x0000000080000000, 0x0000000090a00000, 0x00000000d5580000)
  object space 272384K, 27% used [0x0000000080000000,0x00000000849f0900,0x0000000090a00000)
 Metaspace       used 100626K, capacity 105290K, committed 105856K, reserved 1140736K
  class space    used 13149K, capacity 14111K, committed 14208K, reserved 1048576K
Event: 1377.720 GC heap after
Heap after GC invocations=21 (full 4):
 PSYoungGen      total 309760K, used 41973K [0x00000000d5580000, 0x00000000ec400000, 0x0000000100000000)
  eden space 267776K, 0% used [0x00000000d5580000,0x00000000d5580000,0x00000000e5b00000)
  from space 41984K, 99% used [0x00000000e5e00000,0x00000000e86fd430,0x00000000e8700000)
  to   space 53760K, 0% used [0x00000000e8f80000,0x00000000e8f80000,0x00000000ec400000)
 ParOldGen       total 272384K, used 90496K [0x0000000080000000, 0x0000000090a00000, 0x00000000d5580000)
  object space 272384K, 33% used [0x0000000080000000,0x00000000858602a8,0x0000000090a00000)
 Metaspace       used 100626K, capacity 105290K, committed 105856K, reserved 1140736K
  class space    used 13149K, capacity 14111K, committed 14208K, reserved 1048576K
}
Event: 1384.031 GC heap before
{Heap before GC invocations=22 (full 4):
 PSYoungGen      total 309760K, used 309749K [0x00000000d5580000, 0x00000000ec400000, 0x0000000100000000)
  eden space 267776K, 100% used [0x00000000d5580000,0x00000000e5b00000,0x00000000e5b00000)
  from space 41984K, 99% used [0x00000000e5e00000,0x00000000e86fd430,0x00000000e8700000)
  to   space 53760K, 0% used [0x00000000e8f80000,0x00000000e8f80000,0x00000000ec400000)
 ParOldGen       total 272384K, used 90496K [0x0000000080000000, 0x0000000090a00000, 0x00000000d5580000)
  object space 272384K, 33% used [0x0000000080000000,0x00000000858602a8,0x0000000090a00000)
 Metaspace       used 102049K, capacity 106780K, committed 107008K, reserved 1142784K
  class space    used 13296K, capacity 14316K, committed 14336K, reserved 1048576K
Event: 1384.077 GC heap after
Heap after GC invocations=22 (full 4):
 PSYoungGen      total 314880K, used 48504K [0x00000000d5580000, 0x00000000ee600000, 0x0000000100000000)
  eden space 261120K, 0% used [0x00000000d5580000,0x00000000d5580000,0x00000000e5480000)
  from space 53760K, 90% used [0x00000000e8f80000,0x00000000ebede3f0,0x00000000ec400000)
  to   space 60416K, 0% used [0x00000000e5480000,0x00000000e5480000,0x00000000e8f80000)
 ParOldGen       total 272384K, used 90504K [0x0000000080000000, 0x0000000090a00000, 0x00000000d5580000)
  object space 272384K, 33% used [0x0000000080000000,0x00000000858622a8,0x0000000090a00000)
 Metaspace       used 102049K, capacity 106780K, committed 107008K, reserved 1142784K
  class space    used 13296K, capacity 14316K, committed 14336K, reserved 1048576K
}
Event: 1420.247 GC heap before
{Heap before GC invocations=23 (full 4):
 PSYoungGen      total 314880K, used 309624K [0x00000000d5580000, 0x00000000ee600000, 0x0000000100000000)
  eden space 261120K, 100% used [0x00000000d5580000,0x00000000e5480000,0x00000000e5480000)
  from space 53760K, 90% used [0x00000000e8f80000,0x00000000ebede3f0,0x00000000ec400000)
  to   space 60416K, 0% used [0x00000000e5480000,0x00000000e5480000,0x00000000e8f80000)
 ParOldGen       total 272384K, used 90504K [0x0000000080000000, 0x0000000090a00000, 0x00000000d5580000)
  object space 272384K, 33% used [0x0000000080000000,0x00000000858622a8,0x0000000090a00000)
 Metaspace       used 104871K, capacity 109866K, committed 109952K, reserved 1144832K
  class space    used 13682K, capacity 14705K, committed 14720K, reserved 1048576K

