# JRE version: OpenJDK Runtime Environment (8.0_242-b01) (build 1.8.0_242-release-1644-b01)
# Java VM: OpenJDK 64-Bit Server VM (25.242-b01 mixed mode windows-amd64 compressed oops)
Heap:
 PSYoungGen      total 276992K, used 116267K [0x00000000d5580000, 0x00000000ece00000, 0x0000000100000000)
  eden space 245248K, 34% used [0x00000000d5580000,0x00000000da80bd48,0x00000000e4500000)
  from space 31744K, 99% used [0x00000000e4500000,0x00000000e63ff030,0x00000000e6400000)
  to   space 45056K, 0% used [0x00000000ea200000,0x00000000ea200000,0x00000000ece00000)
 ParOldGen       total 174592K, used 72814K [0x0000000080000000, 0x000000008aa80000, 0x00000000d5580000)
  object space 174592K, 41% used [0x0000000080000000,0x000000008471b800,0x000000008aa80000)
 Metaspace       used 81193K, capacity 86538K, committed 86680K, reserved 1124352K
  class space    used 11368K, capacity 12416K, committed 12464K, reserved 1048576K
GC Heap History (10 events):
Event: 6.807 GC heap before
{Heap before GC invocations=14 (full 3):
 PSYoungGen      total 198656K, used 18417K [0x00000000d5580000, 0x00000000e5500000, 0x0000000100000000)
  eden space 180224K, 0% used [0x00000000d5580000,0x00000000d5580000,0x00000000e0580000)
  from space 18432K, 99% used [0x00000000e0580000,0x00000000e177c4b0,0x00000000e1780000)
  to   space 21504K, 0% used [0x00000000e4000000,0x00000000e4000000,0x00000000e5500000)
 ParOldGen       total 111104K, used 28954K [0x0000000080000000, 0x0000000086c80000, 0x00000000d5580000)
  object space 111104K, 26% used [0x0000000080000000,0x0000000081c468a8,0x0000000086c80000)
 Metaspace       used 56870K, capacity 59084K, committed 59160K, reserved 1099776K
  class space    used 7698K, capacity 8193K, committed 8240K, reserved 1048576K
Event: 6.990 GC heap after
Heap after GC invocations=14 (full 3):
 PSYoungGen      total 198656K, used 0K [0x00000000d5580000, 0x00000000e5500000, 0x0000000100000000)
  eden space 180224K, 0% used [0x00000000d5580000,0x00000000d5580000,0x00000000e0580000)
  from space 18432K, 0% used [0x00000000e0580000,0x00000000e0580000,0x00000000e1780000)
  to   space 21504K, 0% used [0x00000000e4000000,0x00000000e4000000,0x00000000e5500000)
 ParOldGen       total 174592K, used 35267K [0x0000000080000000, 0x000000008aa80000, 0x00000000d5580000)
  object space 174592K, 20% used [0x0000000080000000,0x0000000082270fe0,0x000000008aa80000)
 Metaspace       used 56829K, capacity 58946K, committed 59160K, reserved 1099776K
  class space    used 7685K, capacity 8170K, committed 8240K, reserved 1048576K
}
Event: 8.551 GC heap before
{Heap before GC invocations=15 (full 3):
 PSYoungGen      total 198656K, used 180224K [0x00000000d5580000, 0x00000000e5500000, 0x0000000100000000)
  eden space 180224K, 100% used [0x00000000d5580000,0x00000000e0580000,0x00000000e0580000)
  from space 18432K, 0% used [0x00000000e0580000,0x00000000e0580000,0x00000000e1780000)
  to   space 21504K, 0% used [0x00000000e4000000,0x00000000e4000000,0x00000000e5500000)
 ParOldGen       total 174592K, used 35267K [0x0000000080000000, 0x000000008aa80000, 0x00000000d5580000)
  object space 174592K, 20% used [0x0000000080000000,0x0000000082270fe0,0x000000008aa80000)
 Metaspace       used 66097K, capacity 69154K, committed 69400K, reserved 1110016K
  class space    used 9102K, capacity 9724K, committed 9776K, reserved 1048576K
Event: 8.567 GC heap after
Heap after GC invocations=15 (full 3):
 PSYoungGen      total 230400K, used 18570K [0x00000000d5580000, 0x00000000e5280000, 0x0000000100000000)
  eden space 211456K, 0% used [0x00000000d5580000,0x00000000d5580000,0x00000000e2400000)
  from space 18944K, 98% used [0x00000000e4000000,0x00000000e5222ae0,0x00000000e5280000)
  to   space 23552K, 0% used [0x00000000e2480000,0x00000000e2480000,0x00000000e3b80000)
 ParOldGen       total 174592K, used 35275K [0x0000000080000000, 0x000000008aa80000, 0x00000000d5580000)
  object space 174592K, 20% used [0x0000000080000000,0x0000000082272fe0,0x000000008aa80000)
 Metaspace       used 66097K, capacity 69154K, committed 69400K, reserved 1110016K
  class space    used 9102K, capacity 9724K, committed 9776K, reserved 1048576K
}
Event: 9.607 GC heap before
{Heap before GC invocations=16 (full 3):
 PSYoungGen      total 230400K, used 230026K [0x00000000d5580000, 0x00000000e5280000, 0x0000000100000000)
  eden space 211456K, 100% used [0x00000000d5580000,0x00000000e2400000,0x00000000e2400000)
  from space 18944K, 98% used [0x00000000e4000000,0x00000000e5222ae0,0x00000000e5280000)
  to   space 23552K, 0% used [0x00000000e2480000,0x00000000e2480000,0x00000000e3b80000)
 ParOldGen       total 174592K, used 35275K [0x0000000080000000, 0x000000008aa80000, 0x00000000d5580000)
  object space 174592K, 20% used [0x0000000080000000,0x0000000082272fe0,0x000000008aa80000)
 Metaspace       used 67456K, capacity 71072K, committed 71192K, reserved 1110016K
  class space    used 9232K, capacity 9923K, committed 10032K, reserved 1048576K
Event: 9.634 GC heap after
Heap after GC invocations=16 (full 3):
 PSYoungGen      total 235520K, used 23527K [0x00000000d5580000, 0x00000000e7f00000, 0x0000000100000000)
  eden space 211968K, 0% used [0x00000000d5580000,0x00000000d5580000,0x00000000e2480000)
  from space 23552K, 99% used [0x00000000e2480000,0x00000000e3b79c18,0x00000000e3b80000)
  to   space 27648K, 0% used [0x00000000e6400000,0x00000000e6400000,0x00000000e7f00000)
 ParOldGen       total 174592K, used 38086K [0x0000000080000000, 0x000000008aa80000, 0x00000000d5580000)
  object space 174592K, 21% used [0x0000000080000000,0x0000000082531848,0x000000008aa80000)
 Metaspace       used 67456K, capacity 71072K, committed 71192K, reserved 1110016K
  class space    used 9232K, capacity 9923K, committed 10032K, reserved 1048576K
}
Event: 10.582 GC heap before
{Heap before GC invocations=17 (full 3):
 PSYoungGen      total 235520K, used 235495K [0x00000000d5580000, 0x00000000e7f00000, 0x0000000100000000)
  eden space 211968K, 100% used [0x00000000d5580000,0x00000000e2480000,0x00000000e2480000)
  from space 23552K, 99% used [0x00000000e2480000,0x00000000e3b79c18,0x00000000e3b80000)
  to   space 27648K, 0% used [0x00000000e6400000,0x00000000e6400000,0x00000000e7f00000)
 ParOldGen       total 174592K, used 38086K [0x0000000080000000, 0x000000008aa80000, 0x00000000d5580000)
  object space 174592K, 21% used [0x0000000080000000,0x0000000082531848,0x000000008aa80000)
 Metaspace       used 72090K, capacity 75726K, committed 75800K, reserved 1114112K
  class space    used 9845K, capacity 10528K, committed 10544K, reserved 1048576K
Event: 10.617 GC heap after
Heap after GC invocations=17 (full 3):
 PSYoungGen      total 272896K, used 27578K [0x00000000d5580000, 0x00000000e8b80000, 0x0000000100000000)
  eden space 245248K, 0% used [0x00000000d5580000,0x00000000d5580000,0x00000000e4500000)
  from space 27648K, 99% used [0x00000000e6400000,0x00000000e7eee960,0x00000000e7f00000)
  to   space 31744K, 0% used [0x00000000e4500000,0x00000000e4500000,0x00000000e6400000)
 ParOldGen       total 174592K, used 49754K [0x0000000080000000, 0x000000008aa80000, 0x00000000d5580000)
  object space 174592K, 28% used [0x0000000080000000,0x0000000083096928,0x000000008aa80000)
 Metaspace       used 72090K, capacity 75726K, committed 75800K, reserved 1114112K
  class space    used 9845K, capacity 10528K, committed 10544K, reserved 1048576K
}
Event: 11.856 GC heap before
{Heap before GC invocations=18 (full 3):
 PSYoungGen      total 272896K, used 272826K [0x00000000d5580000, 0x00000000e8b80000, 0x0000000100000000)
  eden space 245248K, 100% used [0x00000000d5580000,0x00000000e4500000,0x00000000e4500000)
  from space 27648K, 99% used [0x00000000e6400000,0x00000000e7eee960,0x00000000e7f00000)
  to   space 31744K, 0% used [0x00000000e4500000,0x00000000e4500000,0x00000000e6400000)
 ParOldGen       total 174592K, used 49754K [0x0000000080000000, 0x000000008aa80000, 0x00000000d5580000)
  object space 174592K, 28% used [0x0000000080000000,0x0000000083096928,0x000000008aa80000)
 Metaspace       used 76552K, capacity 80948K, committed 81304K, reserved 1120256K
  class space    used 10513K, capacity 11323K, committed 11440K, reserved 1048576K
Event: 11.894 GC heap after
Heap after GC invocations=18 (full 3):
 PSYoungGen      total 276992K, used 31740K [0x00000000d5580000, 0x00000000ece00000, 0x0000000100000000)
  eden space 245248K, 0% used [0x00000000d5580000,0x00000000d5580000,0x00000000e4500000)
  from space 31744K, 99% used [0x00000000e4500000,0x00000000e63ff030,0x00000000e6400000)
  to   space 45056K, 0% used [0x00000000ea200000,0x00000000ea200000,0x00000000ece00000)
 ParOldGen       total 174592K, used 72814K [0x0000000080000000, 0x000000008aa80000, 0x00000000d5580000)
  object space 174592K, 41% used [0x0000000080000000,0x000000008471b800,0x000000008aa80000)
 Metaspace       used 76552K, capacity 80948K, committed 81304K, reserved 1120256K
  class space    used 10513K, capacity 11323K, committed 11440K, reserved 1048576K
}

