# JRE version: OpenJDK Runtime Environment (8.0_242-b01) (build 1.8.0_242-release-1644-b01)
# Java VM: OpenJDK 64-Bit Server VM (25.242-b01 mixed mode windows-amd64 compressed oops)
Heap:
 PSYoungGen      total 250880K, used 171601K [0x0000000780a00000, 0x0000000794080000, 0x00000007c0000000)
  eden space 190976K, 89% used [0x0000000780a00000,0x000000078b1947f8,0x000000078c480000)
  from space 59904K, 0% used [0x000000078c480000,0x000000078c480000,0x000000078ff00000)
  to   space 53248K, 0% used [0x000000078ff00000,0x000000078ff00000,0x0000000793300000)
 ParOldGen       total 166400K, used 165955K [0x0000000701e00000, 0x000000070c080000, 0x0000000780a00000)
  object space 166400K, 99% used [0x0000000701e00000,0x000000070c010dc8,0x000000070c080000)
 Metaspace       used 72915K, capacity 74757K, committed 75136K, reserved 1116160K
  class space    used 8045K, capacity 8470K, committed 8576K, reserved 1048576K
GC Heap History (10 events):
Event: 28.529 GC heap before
{Heap before GC invocations=14 (full 3):
 PSYoungGen      total 244224K, used 242061K [0x0000000780a00000, 0x0000000794080000, 0x00000007c0000000)
  eden space 190976K, 100% used [0x0000000780a00000,0x000000078c480000,0x000000078c480000)
  from space 53248K, 95% used [0x000000078ff00000,0x00000007930e36c8,0x0000000793300000)
  to   space 59904K, 0% used [0x000000078c480000,0x000000078c480000,0x000000078ff00000)
 ParOldGen       total 166400K, used 94331K [0x0000000701e00000, 0x000000070c080000, 0x0000000780a00000)
  object space 166400K, 56% used [0x0000000701e00000,0x0000000707a1ec38,0x000000070c080000)
 Metaspace       used 62887K, capacity 64465K, committed 64768K, reserved 1105920K
  class space    used 7275K, capacity 7636K, committed 7680K, reserved 1048576K
Event: 28.591 GC heap after
Heap after GC invocations=14 (full 3):
 PSYoungGen      total 250880K, used 59885K [0x0000000780a00000, 0x0000000794080000, 0x00000007c0000000)
  eden space 190976K, 0% used [0x0000000780a00000,0x0000000780a00000,0x000000078c480000)
  from space 59904K, 99% used [0x000000078c480000,0x000000078fefb758,0x000000078ff00000)
  to   space 53248K, 0% used [0x000000078ff00000,0x000000078ff00000,0x0000000793300000)
 ParOldGen       total 166400K, used 109125K [0x0000000701e00000, 0x000000070c080000, 0x0000000780a00000)
  object space 166400K, 65% used [0x0000000701e00000,0x0000000708891788,0x000000070c080000)
 Metaspace       used 62887K, capacity 64465K, committed 64768K, reserved 1105920K
  class space    used 7275K, capacity 7636K, committed 7680K, reserved 1048576K
}
Event: 31.284 GC heap before
{Heap before GC invocations=15 (full 3):
 PSYoungGen      total 250880K, used 250861K [0x0000000780a00000, 0x0000000794080000, 0x00000007c0000000)
  eden space 190976K, 100% used [0x0000000780a00000,0x000000078c480000,0x000000078c480000)
  from space 59904K, 99% used [0x000000078c480000,0x000000078fefb758,0x000000078ff00000)
  to   space 53248K, 0% used [0x000000078ff00000,0x000000078ff00000,0x0000000793300000)
 ParOldGen       total 166400K, used 109125K [0x0000000701e00000, 0x000000070c080000, 0x0000000780a00000)
  object space 166400K, 65% used [0x0000000701e00000,0x0000000708891788,0x000000070c080000)
 Metaspace       used 63542K, capacity 65153K, committed 65280K, reserved 1107968K
  class space    used 7312K, capacity 7670K, committed 7680K, reserved 1048576K
Event: 31.362 GC heap after
Heap after GC invocations=15 (full 3):
 PSYoungGen      total 244224K, used 53241K [0x0000000780a00000, 0x0000000794080000, 0x00000007c0000000)
  eden space 190976K, 0% used [0x0000000780a00000,0x0000000780a00000,0x000000078c480000)
  from space 53248K, 99% used [0x000000078ff00000,0x00000007932fe5a0,0x0000000793300000)
  to   space 59904K, 0% used [0x000000078c480000,0x000000078c480000,0x000000078ff00000)
 ParOldGen       total 166400K, used 128209K [0x0000000701e00000, 0x000000070c080000, 0x0000000780a00000)
  object space 166400K, 77% used [0x0000000701e00000,0x0000000709b34710,0x000000070c080000)
 Metaspace       used 63542K, capacity 65153K, committed 65280K, reserved 1107968K
  class space    used 7312K, capacity 7670K, committed 7680K, reserved 1048576K
}
Event: 34.173 GC heap before
{Heap before GC invocations=16 (full 3):
 PSYoungGen      total 244224K, used 244217K [0x0000000780a00000, 0x0000000794080000, 0x00000007c0000000)
  eden space 190976K, 100% used [0x0000000780a00000,0x000000078c480000,0x000000078c480000)
  from space 53248K, 99% used [0x000000078ff00000,0x00000007932fe5a0,0x0000000793300000)
  to   space 59904K, 0% used [0x000000078c480000,0x000000078c480000,0x000000078ff00000)
 ParOldGen       total 166400K, used 128209K [0x0000000701e00000, 0x000000070c080000, 0x0000000780a00000)
  object space 166400K, 77% used [0x0000000701e00000,0x0000000709b34710,0x000000070c080000)
 Metaspace       used 70841K, capacity 72661K, committed 72960K, reserved 1114112K
  class space    used 7951K, capacity 8382K, committed 8448K, reserved 1048576K
Event: 34.249 GC heap after
Heap after GC invocations=16 (full 3):
 PSYoungGen      total 250880K, used 53269K [0x0000000780a00000, 0x0000000794080000, 0x00000007c0000000)
  eden space 190976K, 0% used [0x0000000780a00000,0x0000000780a00000,0x000000078c480000)
  from space 59904K, 88% used [0x000000078c480000,0x000000078f885730,0x000000078ff00000)
  to   space 53248K, 0% used [0x000000078ff00000,0x000000078ff00000,0x0000000793300000)
 ParOldGen       total 166400K, used 140691K [0x0000000701e00000, 0x000000070c080000, 0x0000000780a00000)
  object space 166400K, 84% used [0x0000000701e00000,0x000000070a764fa8,0x000000070c080000)
 Metaspace       used 70841K, capacity 72661K, committed 72960K, reserved 1114112K
  class space    used 7951K, capacity 8382K, committed 8448K, reserved 1048576K
}
Event: 34.249 GC heap before
{Heap before GC invocations=17 (full 4):
 PSYoungGen      total 250880K, used 53269K [0x0000000780a00000, 0x0000000794080000, 0x00000007c0000000)
  eden space 190976K, 0% used [0x0000000780a00000,0x0000000780a00000,0x000000078c480000)
  from space 59904K, 88% used [0x000000078c480000,0x000000078f885730,0x000000078ff00000)
  to   space 53248K, 0% used [0x000000078ff00000,0x000000078ff00000,0x0000000793300000)
 ParOldGen       total 166400K, used 140691K [0x0000000701e00000, 0x000000070c080000, 0x0000000780a00000)
  object space 166400K, 84% used [0x0000000701e00000,0x000000070a764fa8,0x000000070c080000)
 Metaspace       used 70841K, capacity 72661K, committed 72960K, reserved 1114112K
  class space    used 7951K, capacity 8382K, committed 8448K, reserved 1048576K
Event: 35.200 GC heap after
Heap after GC invocations=17 (full 4):
 PSYoungGen      total 250880K, used 4306K [0x0000000780a00000, 0x0000000794080000, 0x00000007c0000000)
  eden space 190976K, 0% used [0x0000000780a00000,0x0000000780a00000,0x000000078c480000)
  from space 59904K, 7% used [0x000000078c480000,0x000000078c8b4b10,0x000000078ff00000)
  to   space 53248K, 0% used [0x000000078ff00000,0x000000078ff00000,0x0000000793300000)
 ParOldGen       total 166400K, used 166174K [0x0000000701e00000, 0x000000070c080000, 0x0000000780a00000)
  object space 166400K, 99% used [0x0000000701e00000,0x000000070c047a50,0x000000070c080000)
 Metaspace       used 70841K, capacity 72661K, committed 72960K, reserved 1114112K
  class space    used 7951K, capacity 8382K, committed 8448K, reserved 1048576K
}
Event: 37.843 GC heap before
{Heap before GC invocations=18 (full 5):
 PSYoungGen      total 250880K, used 195282K [0x0000000780a00000, 0x0000000794080000, 0x00000007c0000000)
  eden space 190976K, 100% used [0x0000000780a00000,0x000000078c480000,0x000000078c480000)
  from space 59904K, 7% used [0x000000078c480000,0x000000078c8b4b10,0x000000078ff00000)
  to   space 53248K, 0% used [0x000000078ff00000,0x000000078ff00000,0x0000000793300000)
 ParOldGen       total 166400K, used 166174K [0x0000000701e00000, 0x000000070c080000, 0x0000000780a00000)
  object space 166400K, 99% used [0x0000000701e00000,0x000000070c047a50,0x000000070c080000)
 Metaspace       used 72477K, capacity 74327K, committed 74624K, reserved 1116160K
  class space    used 8030K, capacity 8461K, committed 8576K, reserved 1048576K
Event: 38.172 GC heap after
Heap after GC invocations=18 (full 5):
 PSYoungGen      total 250880K, used 0K [0x0000000780a00000, 0x0000000794080000, 0x00000007c0000000)
  eden space 190976K, 0% used [0x0000000780a00000,0x0000000780a00000,0x000000078c480000)
  from space 59904K, 0% used [0x000000078c480000,0x000000078c480000,0x000000078ff00000)
  to   space 53248K, 0% used [0x000000078ff00000,0x000000078ff00000,0x0000000793300000)
 ParOldGen       total 166400K, used 165955K [0x0000000701e00000, 0x000000070c080000, 0x0000000780a00000)
  object space 166400K, 99% used [0x0000000701e00000,0x000000070c010dc8,0x000000070c080000)
 Metaspace       used 72477K, capacity 74327K, committed 74624K, reserved 1116160K
  class space    used 8030K, capacity 8461K, committed 8576K, reserved 1048576K
}

