# JRE version: OpenJDK Runtime Environment (8.0_242-b01) (build 1.8.0_242-release-1644-b01)
# Java VM: OpenJDK 64-Bit Server VM (25.242-b01 mixed mode windows-amd64 compressed oops)
Heap:
 PSYoungGen      total 246272K, used 180777K [0x0000000780a00000, 0x0000000793a80000, 0x00000007c0000000)
  eden space 210432K, 76% used [0x0000000780a00000,0x000000078a7d8498,0x000000078d780000)
  from space 35840K, 53% used [0x0000000791780000,0x0000000792a320c0,0x0000000793a80000)
  to   space 50688K, 0% used [0x000000078d780000,0x000000078d780000,0x0000000790900000)
 ParOldGen       total 177152K, used 84338K [0x0000000701e00000, 0x000000070cb00000, 0x0000000780a00000)
  object space 177152K, 47% used [0x0000000701e00000,0x000000070705ca80,0x000000070cb00000)
 Metaspace       used 61228K, capacity 62873K, committed 63104K, reserved 1105920K
  class space    used 7140K, capacity 7500K, committed 7552K, reserved 1048576K
GC Heap History (10 events):
Event: 3.932 GC heap before
{Heap before GC invocations=7 (full 2):
 PSYoungGen      total 132608K, used 124416K [0x0000000780a00000, 0x0000000789f80000, 0x00000007c0000000)
  eden space 124416K, 100% used [0x0000000780a00000,0x0000000788380000,0x0000000788380000)
  from space 8192K, 0% used [0x0000000788b80000,0x0000000788b80000,0x0000000789380000)
  to   space 8192K, 0% used [0x0000000788380000,0x0000000788380000,0x0000000788b80000)
 ParOldGen       total 177152K, used 23924K [0x0000000701e00000, 0x000000070cb00000, 0x0000000780a00000)
  object space 177152K, 13% used [0x0000000701e00000,0x000000070355d108,0x000000070cb00000)
 Metaspace       used 42525K, capacity 43261K, committed 43520K, reserved 1087488K
  class space    used 5091K, capacity 5274K, committed 5376K, reserved 1048576K
Event: 3.951 GC heap after
Heap after GC invocations=7 (full 2):
 PSYoungGen      total 132608K, used 8183K [0x0000000780a00000, 0x000000078f180000, 0x00000007c0000000)
  eden space 124416K, 0% used [0x0000000780a00000,0x0000000780a00000,0x0000000788380000)
  from space 8192K, 99% used [0x0000000788380000,0x0000000788b7dd28,0x0000000788b80000)
  to   space 32768K, 0% used [0x000000078d180000,0x000000078d180000,0x000000078f180000)
 ParOldGen       total 177152K, used 43088K [0x0000000701e00000, 0x000000070cb00000, 0x0000000780a00000)
  object space 177152K, 24% used [0x0000000701e00000,0x0000000704814280,0x000000070cb00000)
 Metaspace       used 42525K, capacity 43261K, committed 43520K, reserved 1087488K
  class space    used 5091K, capacity 5274K, committed 5376K, reserved 1048576K
}
Event: 5.192 GC heap before
{Heap before GC invocations=8 (full 2):
 PSYoungGen      total 132608K, used 132599K [0x0000000780a00000, 0x000000078f180000, 0x00000007c0000000)
  eden space 124416K, 100% used [0x0000000780a00000,0x0000000788380000,0x0000000788380000)
  from space 8192K, 99% used [0x0000000788380000,0x0000000788b7dd28,0x0000000788b80000)
  to   space 32768K, 0% used [0x000000078d180000,0x000000078d180000,0x000000078f180000)
 ParOldGen       total 177152K, used 43088K [0x0000000701e00000, 0x000000070cb00000, 0x0000000780a00000)
  object space 177152K, 24% used [0x0000000701e00000,0x0000000704814280,0x000000070cb00000)
 Metaspace       used 47253K, capacity 48109K, committed 48384K, reserved 1091584K
  class space    used 5638K, capacity 5876K, committed 5888K, reserved 1048576K
Event: 5.219 GC heap after
Heap after GC invocations=8 (full 2):
 PSYoungGen      total 197120K, used 32744K [0x0000000780a00000, 0x000000078fe80000, 0x00000007c0000000)
  eden space 164352K, 0% used [0x0000000780a00000,0x0000000780a00000,0x000000078aa80000)
  from space 32768K, 99% used [0x000000078d180000,0x000000078f17a290,0x000000078f180000)
  to   space 39936K, 0% used [0x000000078aa80000,0x000000078aa80000,0x000000078d180000)
 ParOldGen       total 177152K, used 44842K [0x0000000701e00000, 0x000000070cb00000, 0x0000000780a00000)
  object space 177152K, 25% used [0x0000000701e00000,0x00000007049caa88,0x000000070cb00000)
 Metaspace       used 47253K, capacity 48109K, committed 48384K, reserved 1091584K
  class space    used 5638K, capacity 5876K, committed 5888K, reserved 1048576K
}
Event: 8.128 GC heap before
{Heap before GC invocations=9 (full 2):
 PSYoungGen      total 197120K, used 187973K [0x0000000780a00000, 0x000000078fe80000, 0x00000007c0000000)
  eden space 164352K, 94% used [0x0000000780a00000,0x000000078a197208,0x000000078aa80000)
  from space 32768K, 99% used [0x000000078d180000,0x000000078f17a290,0x000000078f180000)
  to   space 39936K, 0% used [0x000000078aa80000,0x000000078aa80000,0x000000078d180000)
 ParOldGen       total 177152K, used 44842K [0x0000000701e00000, 0x000000070cb00000, 0x0000000780a00000)
  object space 177152K, 25% used [0x0000000701e00000,0x00000007049caa88,0x000000070cb00000)
 Metaspace       used 57704K, capacity 58839K, committed 59008K, reserved 1101824K
  class space    used 6940K, capacity 7213K, committed 7296K, reserved 1048576K
Event: 8.187 GC heap after
Heap after GC invocations=9 (full 2):
 PSYoungGen      total 204288K, used 39929K [0x0000000780a00000, 0x0000000794b00000, 0x00000007c0000000)
  eden space 164352K, 0% used [0x0000000780a00000,0x0000000780a00000,0x000000078aa80000)
  from space 39936K, 99% used [0x000000078aa80000,0x000000078d17e4b8,0x000000078d180000)
  to   space 52736K, 0% used [0x0000000791780000,0x0000000791780000,0x0000000794b00000)
 ParOldGen       total 177152K, used 56795K [0x0000000701e00000, 0x000000070cb00000, 0x0000000780a00000)
  object space 177152K, 32% used [0x0000000701e00000,0x0000000705576d78,0x000000070cb00000)
 Metaspace       used 57704K, capacity 58839K, committed 59008K, reserved 1101824K
  class space    used 6940K, capacity 7213K, committed 7296K, reserved 1048576K
}
Event: 8.187 GC heap before
{Heap before GC invocations=10 (full 3):
 PSYoungGen      total 204288K, used 39929K [0x0000000780a00000, 0x0000000794b00000, 0x00000007c0000000)
  eden space 164352K, 0% used [0x0000000780a00000,0x0000000780a00000,0x000000078aa80000)
  from space 39936K, 99% used [0x000000078aa80000,0x000000078d17e4b8,0x000000078d180000)
  to   space 52736K, 0% used [0x0000000791780000,0x0000000791780000,0x0000000794b00000)
 ParOldGen       total 177152K, used 56795K [0x0000000701e00000, 0x000000070cb00000, 0x0000000780a00000)
  object space 177152K, 32% used [0x0000000701e00000,0x0000000705576d78,0x000000070cb00000)
 Metaspace       used 57704K, capacity 58839K, committed 59008K, reserved 1101824K
  class space    used 6940K, capacity 7213K, committed 7296K, reserved 1048576K
Event: 8.552 GC heap after
Heap after GC invocations=10 (full 3):
 PSYoungGen      total 204288K, used 0K [0x0000000780a00000, 0x0000000794b00000, 0x00000007c0000000)
  eden space 164352K, 0% used [0x0000000780a00000,0x0000000780a00000,0x000000078aa80000)
  from space 39936K, 0% used [0x000000078aa80000,0x000000078aa80000,0x000000078d180000)
  to   space 52736K, 0% used [0x0000000791780000,0x0000000791780000,0x0000000794b00000)
 ParOldGen       total 177152K, used 84330K [0x0000000701e00000, 0x000000070cb00000, 0x0000000780a00000)
  object space 177152K, 47% used [0x0000000701e00000,0x000000070705aa80,0x000000070cb00000)
 Metaspace       used 57704K, capacity 58839K, committed 59008K, reserved 1101824K
  class space    used 6940K, capacity 7213K, committed 7296K, reserved 1048576K
}
Event: 12.874 GC heap before
{Heap before GC invocations=11 (full 3):
 PSYoungGen      total 204288K, used 164352K [0x0000000780a00000, 0x0000000794b00000, 0x00000007c0000000)
  eden space 164352K, 100% used [0x0000000780a00000,0x000000078aa80000,0x000000078aa80000)
  from space 39936K, 0% used [0x000000078aa80000,0x000000078aa80000,0x000000078d180000)
  to   space 52736K, 0% used [0x0000000791780000,0x0000000791780000,0x0000000794b00000)
 ParOldGen       total 177152K, used 84330K [0x0000000701e00000, 0x000000070cb00000, 0x0000000780a00000)
  object space 177152K, 47% used [0x0000000701e00000,0x000000070705aa80,0x000000070cb00000)
 Metaspace       used 60353K, capacity 61913K, committed 62080K, reserved 1103872K
  class space    used 7119K, capacity 7492K, committed 7552K, reserved 1048576K
Event: 12.894 GC heap after
Heap after GC invocations=11 (full 3):
 PSYoungGen      total 246272K, used 19144K [0x0000000780a00000, 0x0000000793a80000, 0x00000007c0000000)
  eden space 210432K, 0% used [0x0000000780a00000,0x0000000780a00000,0x000000078d780000)
  from space 35840K, 53% used [0x0000000791780000,0x0000000792a320c0,0x0000000793a80000)
  to   space 50688K, 0% used [0x000000078d780000,0x000000078d780000,0x0000000790900000)
 ParOldGen       total 177152K, used 84338K [0x0000000701e00000, 0x000000070cb00000, 0x0000000780a00000)
  object space 177152K, 47% used [0x0000000701e00000,0x000000070705ca80,0x000000070cb00000)
 Metaspace       used 60353K, capacity 61913K, committed 62080K, reserved 1103872K
  class space    used 7119K, capacity 7492K, committed 7552K, reserved 1048576K
}

