# JRE version: OpenJDK Runtime Environment (8.0_242-b01) (build 1.8.0_242-release-1644-b01)
# Java VM: OpenJDK 64-Bit Server VM (25.242-b01 mixed mode windows-amd64 compressed oops)
Heap:
 PSYoungGen      total 272896K, used 259965K [0x00000000d5580000, 0x00000000e9180000, 0x0000000100000000)
  eden space 245760K, 94% used [0x00000000d5580000,0x00000000e38e1c30,0x00000000e4580000)
  from space 27136K, 99% used [0x00000000e6900000,0x00000000e837d9c0,0x00000000e8380000)
  to   space 36352K, 0% used [0x00000000e4580000,0x00000000e4580000,0x00000000e6900000)
 ParOldGen       total 170496K, used 50018K [0x0000000080000000, 0x000000008a680000, 0x00000000d5580000)
  object space 170496K, 29% used [0x0000000080000000,0x00000000830d8948,0x000000008a680000)
 Metaspace       used 79626K, capacity 83752K, committed 83864K, reserved 1122304K
  class space    used 10615K, capacity 11381K, committed 11440K, reserved 1048576K
GC Heap History (10 events):
Event: 7.540 GC heap before
{Heap before GC invocations=13 (full 2):
 PSYoungGen      total 198144K, used 82346K [0x00000000d5580000, 0x00000000e2f80000, 0x0000000100000000)
  eden space 185344K, 37% used [0x00000000d5580000,0x00000000d996f8b0,0x00000000e0a80000)
  from space 12800K, 99% used [0x00000000e1c00000,0x00000000e287b330,0x00000000e2880000)
  to   space 17920K, 0% used [0x00000000e0a80000,0x00000000e0a80000,0x00000000e1c00000)
 ParOldGen       total 108544K, used 25898K [0x0000000080000000, 0x0000000086a00000, 0x00000000d5580000)
  object space 108544K, 23% used [0x0000000080000000,0x000000008194a9a8,0x0000000086a00000)
 Metaspace       used 56893K, capacity 59104K, committed 59160K, reserved 1099776K
  class space    used 7714K, capacity 8195K, committed 8240K, reserved 1048576K
Event: 7.557 GC heap after
Heap after GC invocations=13 (full 2):
 PSYoungGen      total 203264K, used 17893K [0x00000000d5580000, 0x00000000e5d80000, 0x0000000100000000)
  eden space 185344K, 0% used [0x00000000d5580000,0x00000000d5580000,0x00000000e0a80000)
  from space 17920K, 99% used [0x00000000e0a80000,0x00000000e1bf97d0,0x00000000e1c00000)
  to   space 21504K, 0% used [0x00000000e4880000,0x00000000e4880000,0x00000000e5d80000)
 ParOldGen       total 108544K, used 28867K [0x0000000080000000, 0x0000000086a00000, 0x00000000d5580000)
  object space 108544K, 26% used [0x0000000080000000,0x0000000081c30d38,0x0000000086a00000)
 Metaspace       used 56893K, capacity 59104K, committed 59160K, reserved 1099776K
  class space    used 7714K, capacity 8195K, committed 8240K, reserved 1048576K
}
Event: 7.557 GC heap before
{Heap before GC invocations=14 (full 3):
 PSYoungGen      total 203264K, used 17893K [0x00000000d5580000, 0x00000000e5d80000, 0x0000000100000000)
  eden space 185344K, 0% used [0x00000000d5580000,0x00000000d5580000,0x00000000e0a80000)
  from space 17920K, 99% used [0x00000000e0a80000,0x00000000e1bf97d0,0x00000000e1c00000)
  to   space 21504K, 0% used [0x00000000e4880000,0x00000000e4880000,0x00000000e5d80000)
 ParOldGen       total 108544K, used 28867K [0x0000000080000000, 0x0000000086a00000, 0x00000000d5580000)
  object space 108544K, 26% used [0x0000000080000000,0x0000000081c30d38,0x0000000086a00000)
 Metaspace       used 56893K, capacity 59104K, committed 59160K, reserved 1099776K
  class space    used 7714K, capacity 8195K, committed 8240K, reserved 1048576K
Event: 7.759 GC heap after
Heap after GC invocations=14 (full 3):
 PSYoungGen      total 203264K, used 0K [0x00000000d5580000, 0x00000000e5d80000, 0x0000000100000000)
  eden space 185344K, 0% used [0x00000000d5580000,0x00000000d5580000,0x00000000e0a80000)
  from space 17920K, 0% used [0x00000000e0a80000,0x00000000e0a80000,0x00000000e1c00000)
  to   space 21504K, 0% used [0x00000000e4880000,0x00000000e4880000,0x00000000e5d80000)
 ParOldGen       total 170496K, used 34893K [0x0000000080000000, 0x000000008a680000, 0x00000000d5580000)
  object space 170496K, 20% used [0x0000000080000000,0x00000000822134c0,0x000000008a680000)
 Metaspace       used 56848K, capacity 58954K, committed 59160K, reserved 1099776K
  class space    used 7701K, capacity 8170K, committed 8240K, reserved 1048576K
}
Event: 9.598 GC heap before
{Heap before GC invocations=15 (full 3):
 PSYoungGen      total 203264K, used 185344K [0x00000000d5580000, 0x00000000e5d80000, 0x0000000100000000)
  eden space 185344K, 100% used [0x00000000d5580000,0x00000000e0a80000,0x00000000e0a80000)
  from space 17920K, 0% used [0x00000000e0a80000,0x00000000e0a80000,0x00000000e1c00000)
  to   space 21504K, 0% used [0x00000000e4880000,0x00000000e4880000,0x00000000e5d80000)
 ParOldGen       total 170496K, used 34893K [0x0000000080000000, 0x000000008a680000, 0x00000000d5580000)
  object space 170496K, 20% used [0x0000000080000000,0x00000000822134c0,0x000000008a680000)
 Metaspace       used 66474K, capacity 69984K, committed 70168K, reserved 1110016K
  class space    used 9204K, capacity 9910K, committed 10032K, reserved 1048576K
Event: 9.619 GC heap after
Heap after GC invocations=15 (full 3):
 PSYoungGen      total 237056K, used 18847K [0x00000000d5580000, 0x00000000e5b00000, 0x0000000100000000)
  eden space 218112K, 0% used [0x00000000d5580000,0x00000000d5580000,0x00000000e2a80000)
  from space 18944K, 99% used [0x00000000e4880000,0x00000000e5ae7f40,0x00000000e5b00000)
  to   space 23552K, 0% used [0x00000000e2d00000,0x00000000e2d00000,0x00000000e4400000)
 ParOldGen       total 170496K, used 34901K [0x0000000080000000, 0x000000008a680000, 0x00000000d5580000)
  object space 170496K, 20% used [0x0000000080000000,0x00000000822154c0,0x000000008a680000)
 Metaspace       used 66474K, capacity 69984K, committed 70168K, reserved 1110016K
  class space    used 9204K, capacity 9910K, committed 10032K, reserved 1048576K
}
Event: 10.810 GC heap before
{Heap before GC invocations=16 (full 3):
 PSYoungGen      total 237056K, used 236959K [0x00000000d5580000, 0x00000000e5b00000, 0x0000000100000000)
  eden space 218112K, 100% used [0x00000000d5580000,0x00000000e2a80000,0x00000000e2a80000)
  from space 18944K, 99% used [0x00000000e4880000,0x00000000e5ae7f40,0x00000000e5b00000)
  to   space 23552K, 0% used [0x00000000e2d00000,0x00000000e2d00000,0x00000000e4400000)
 ParOldGen       total 170496K, used 34901K [0x0000000080000000, 0x000000008a680000, 0x00000000d5580000)
  object space 170496K, 20% used [0x0000000080000000,0x00000000822154c0,0x000000008a680000)
 Metaspace       used 67630K, capacity 71216K, committed 71448K, reserved 1110016K
  class space    used 9278K, capacity 9996K, committed 10032K, reserved 1048576K
Event: 10.828 GC heap after
Heap after GC invocations=16 (full 3):
 PSYoungGen      total 244224K, used 23535K [0x00000000d5580000, 0x00000000e8380000, 0x0000000100000000)
  eden space 220672K, 0% used [0x00000000d5580000,0x00000000d5580000,0x00000000e2d00000)
  from space 23552K, 99% used [0x00000000e2d00000,0x00000000e43fbfd0,0x00000000e4400000)
  to   space 27136K, 0% used [0x00000000e6900000,0x00000000e6900000,0x00000000e8380000)
 ParOldGen       total 170496K, used 36664K [0x0000000080000000, 0x000000008a680000, 0x00000000d5580000)
  object space 170496K, 21% used [0x0000000080000000,0x00000000823ce030,0x000000008a680000)
 Metaspace       used 67630K, capacity 71216K, committed 71448K, reserved 1110016K
  class space    used 9278K, capacity 9996K, committed 10032K, reserved 1048576K
}
Event: 287.262 GC heap before
{Heap before GC invocations=17 (full 3):
 PSYoungGen      total 244224K, used 244207K [0x00000000d5580000, 0x00000000e8380000, 0x0000000100000000)
  eden space 220672K, 100% used [0x00000000d5580000,0x00000000e2d00000,0x00000000e2d00000)
  from space 23552K, 99% used [0x00000000e2d00000,0x00000000e43fbfd0,0x00000000e4400000)
  to   space 27136K, 0% used [0x00000000e6900000,0x00000000e6900000,0x00000000e8380000)
 ParOldGen       total 170496K, used 36664K [0x0000000080000000, 0x000000008a680000, 0x00000000d5580000)
  object space 170496K, 21% used [0x0000000080000000,0x00000000823ce030,0x000000008a680000)
 Metaspace       used 77992K, capacity 81920K, committed 82200K, reserved 1120256K
  class space    used 10436K, capacity 11209K, committed 11312K, reserved 1048576K
Event: 287.303 GC heap after
Heap after GC invocations=17 (full 3):
 PSYoungGen      total 272896K, used 27126K [0x00000000d5580000, 0x00000000e9180000, 0x0000000100000000)
  eden space 245760K, 0% used [0x00000000d5580000,0x00000000d5580000,0x00000000e4580000)
  from space 27136K, 99% used [0x00000000e6900000,0x00000000e837d9c0,0x00000000e8380000)
  to   space 36352K, 0% used [0x00000000e4580000,0x00000000e4580000,0x00000000e6900000)
 ParOldGen       total 170496K, used 50018K [0x0000000080000000, 0x000000008a680000, 0x00000000d5580000)
  object space 170496K, 29% used [0x0000000080000000,0x00000000830d8948,0x000000008a680000)
 Metaspace       used 77992K, capacity 81920K, committed 82200K, reserved 1120256K
  class space    used 10436K, capacity 11209K, committed 11312K, reserved 1048576K
}

