# JRE version: OpenJDK Runtime Environment (8.0_242-b01) (build 1.8.0_242-release-1644-b01)
# Java VM: OpenJDK 64-Bit Server VM (25.242-b01 mixed mode windows-amd64 compressed oops)
Heap:
 PSYoungGen      total 140288K, used 61412K [0x0000000780a00000, 0x000000078f580000, 0x00000007c0000000)
  eden space 132096K, 40% used [0x0000000780a00000,0x0000000783dfea78,0x0000000788b00000)
  from space 8192K, 99% used [0x0000000788b00000,0x00000007892fa980,0x0000000789300000)
  to   space 34816K, 0% used [0x000000078d380000,0x000000078d380000,0x000000078f580000)
 ParOldGen       total 186368K, used 70829K [0x0000000701e00000, 0x000000070d400000, 0x0000000780a00000)
  object space 186368K, 38% used [0x0000000701e00000,0x000000070632b658,0x000000070d400000)
 Metaspace       used 56423K, capacity 57551K, committed 57728K, reserved 1099776K
  class space    used 6888K, capacity 7179K, committed 7296K, reserved 1048576K
GC Heap History (10 events):
Event: 1.291 GC heap before
{Heap before GC invocations=3 (full 1):
 PSYoungGen      total 106496K, used 8185K [0x0000000780a00000, 0x0000000787a00000, 0x00000007c0000000)
  eden space 98304K, 0% used [0x0000000780a00000,0x0000000780a00000,0x0000000786a00000)
  from space 8192K, 99% used [0x0000000787200000,0x00000007879fe6e0,0x0000000787a00000)
  to   space 8192K, 0% used [0x0000000786a00000,0x0000000786a00000,0x0000000787200000)
 ParOldGen       total 131072K, used 13727K [0x0000000701e00000, 0x0000000709e00000, 0x0000000780a00000)
  object space 131072K, 10% used [0x0000000701e00000,0x0000000702b67e10,0x0000000709e00000)
 Metaspace       used 20749K, capacity 21118K, committed 21248K, reserved 1069056K
  class space    used 2380K, capacity 2515K, committed 2560K, reserved 1048576K
Event: 1.340 GC heap after
Heap after GC invocations=3 (full 1):
 PSYoungGen      total 106496K, used 0K [0x0000000780a00000, 0x0000000787a00000, 0x00000007c0000000)
  eden space 98304K, 0% used [0x0000000780a00000,0x0000000780a00000,0x0000000786a00000)
  from space 8192K, 0% used [0x0000000787200000,0x0000000787200000,0x0000000787a00000)
  to   space 8192K, 0% used [0x0000000786a00000,0x0000000786a00000,0x0000000787200000)
 ParOldGen       total 111104K, used 18458K [0x0000000701e00000, 0x0000000708a80000, 0x0000000780a00000)
  object space 111104K, 16% used [0x0000000701e00000,0x0000000703006b68,0x0000000708a80000)
 Metaspace       used 20749K, capacity 21118K, committed 21248K, reserved 1069056K
  class space    used 2380K, capacity 2515K, committed 2560K, reserved 1048576K
}
Event: 2.650 GC heap before
{Heap before GC invocations=4 (full 1):
 PSYoungGen      total 106496K, used 98085K [0x0000000780a00000, 0x0000000787a00000, 0x00000007c0000000)
  eden space 98304K, 99% used [0x0000000780a00000,0x00000007869c9778,0x0000000786a00000)
  from space 8192K, 0% used [0x0000000787200000,0x0000000787200000,0x0000000787a00000)
  to   space 8192K, 0% used [0x0000000786a00000,0x0000000786a00000,0x0000000787200000)
 ParOldGen       total 111104K, used 18458K [0x0000000701e00000, 0x0000000708a80000, 0x0000000780a00000)
  object space 111104K, 16% used [0x0000000701e00000,0x0000000703006b68,0x0000000708a80000)
 Metaspace       used 34644K, capacity 35181K, committed 35416K, reserved 1081344K
  class space    used 4358K, capacity 4534K, committed 4608K, reserved 1048576K
Event: 2.666 GC heap after
Heap after GC invocations=4 (full 1):
 PSYoungGen      total 106496K, used 8182K [0x0000000780a00000, 0x0000000789b00000, 0x00000007c0000000)
  eden space 98304K, 0% used [0x0000000780a00000,0x0000000780a00000,0x0000000786a00000)
  from space 8192K, 99% used [0x0000000786a00000,0x00000007871fd928,0x0000000787200000)
  to   space 8192K, 0% used [0x0000000789300000,0x0000000789300000,0x0000000789b00000)
 ParOldGen       total 111104K, used 33655K [0x0000000701e00000, 0x0000000708a80000, 0x0000000780a00000)
  object space 111104K, 30% used [0x0000000701e00000,0x0000000703edde28,0x0000000708a80000)
 Metaspace       used 34644K, capacity 35181K, committed 35416K, reserved 1081344K
  class space    used 4358K, capacity 4534K, committed 4608K, reserved 1048576K
}
Event: 2.666 GC heap before
{Heap before GC invocations=5 (full 2):
 PSYoungGen      total 106496K, used 8182K [0x0000000780a00000, 0x0000000789b00000, 0x00000007c0000000)
  eden space 98304K, 0% used [0x0000000780a00000,0x0000000780a00000,0x0000000786a00000)
  from space 8192K, 99% used [0x0000000786a00000,0x00000007871fd928,0x0000000787200000)
  to   space 8192K, 0% used [0x0000000789300000,0x0000000789300000,0x0000000789b00000)
 ParOldGen       total 111104K, used 33655K [0x0000000701e00000, 0x0000000708a80000, 0x0000000780a00000)
  object space 111104K, 30% used [0x0000000701e00000,0x0000000703edde28,0x0000000708a80000)
 Metaspace       used 34644K, capacity 35181K, committed 35416K, reserved 1081344K
  class space    used 4358K, capacity 4534K, committed 4608K, reserved 1048576K
Event: 2.713 GC heap after
Heap after GC invocations=5 (full 2):
 PSYoungGen      total 106496K, used 0K [0x0000000780a00000, 0x0000000789b00000, 0x00000007c0000000)
  eden space 98304K, 0% used [0x0000000780a00000,0x0000000780a00000,0x0000000786a00000)
  from space 8192K, 0% used [0x0000000786a00000,0x0000000786a00000,0x0000000787200000)
  to   space 8192K, 0% used [0x0000000789300000,0x0000000789300000,0x0000000789b00000)
 ParOldGen       total 186368K, used 35196K [0x0000000701e00000, 0x000000070d400000, 0x0000000780a00000)
  object space 186368K, 18% used [0x0000000701e00000,0x000000070405f0e8,0x000000070d400000)
 Metaspace       used 34644K, capacity 35181K, committed 35416K, reserved 1081344K
  class space    used 4358K, capacity 4534K, committed 4608K, reserved 1048576K
}
Event: 3.973 GC heap before
{Heap before GC invocations=6 (full 2):
 PSYoungGen      total 106496K, used 98304K [0x0000000780a00000, 0x0000000789b00000, 0x00000007c0000000)
  eden space 98304K, 100% used [0x0000000780a00000,0x0000000786a00000,0x0000000786a00000)
  from space 8192K, 0% used [0x0000000786a00000,0x0000000786a00000,0x0000000787200000)
  to   space 8192K, 0% used [0x0000000789300000,0x0000000789300000,0x0000000789b00000)
 ParOldGen       total 186368K, used 35196K [0x0000000701e00000, 0x000000070d400000, 0x0000000780a00000)
  object space 186368K, 18% used [0x0000000701e00000,0x000000070405f0e8,0x000000070d400000)
 Metaspace       used 41757K, capacity 42507K, committed 42752K, reserved 1087488K
  class space    used 5079K, capacity 5267K, committed 5376K, reserved 1048576K
Event: 3.990 GC heap after
Heap after GC invocations=6 (full 2):
 PSYoungGen      total 139264K, used 8189K [0x0000000780a00000, 0x0000000789b00000, 0x00000007c0000000)
  eden space 131072K, 0% used [0x0000000780a00000,0x0000000780a00000,0x0000000788a00000)
  from space 8192K, 99% used [0x0000000789300000,0x0000000789aff418,0x0000000789b00000)
  to   space 8192K, 0% used [0x0000000788b00000,0x0000000788b00000,0x0000000789300000)
 ParOldGen       total 186368K, used 45899K [0x0000000701e00000, 0x000000070d400000, 0x0000000780a00000)
  object space 186368K, 24% used [0x0000000701e00000,0x0000000704ad2e60,0x000000070d400000)
 Metaspace       used 41757K, capacity 42507K, committed 42752K, reserved 1087488K
  class space    used 5079K, capacity 5267K, committed 5376K, reserved 1048576K
}
Event: 5.912 GC heap before
{Heap before GC invocations=7 (full 2):
 PSYoungGen      total 139264K, used 139261K [0x0000000780a00000, 0x0000000789b00000, 0x00000007c0000000)
  eden space 131072K, 100% used [0x0000000780a00000,0x0000000788a00000,0x0000000788a00000)
  from space 8192K, 99% used [0x0000000789300000,0x0000000789aff418,0x0000000789b00000)
  to   space 8192K, 0% used [0x0000000788b00000,0x0000000788b00000,0x0000000789300000)
 ParOldGen       total 186368K, used 45899K [0x0000000701e00000, 0x000000070d400000, 0x0000000780a00000)
  object space 186368K, 24% used [0x0000000701e00000,0x0000000704ad2e60,0x000000070d400000)
 Metaspace       used 51361K, capacity 52205K, committed 52352K, reserved 1095680K
  class space    used 6277K, capacity 6510K, committed 6528K, reserved 1048576K
Event: 5.933 GC heap after
Heap after GC invocations=7 (full 2):
 PSYoungGen      total 140288K, used 8170K [0x0000000780a00000, 0x000000078f580000, 0x00000007c0000000)
  eden space 132096K, 0% used [0x0000000780a00000,0x0000000780a00000,0x0000000788b00000)
  from space 8192K, 99% used [0x0000000788b00000,0x00000007892fa980,0x0000000789300000)
  to   space 34816K, 0% used [0x000000078d380000,0x000000078d380000,0x000000078f580000)
 ParOldGen       total 186368K, used 70829K [0x0000000701e00000, 0x000000070d400000, 0x0000000780a00000)
  object space 186368K, 38% used [0x0000000701e00000,0x000000070632b658,0x000000070d400000)
 Metaspace       used 51361K, capacity 52205K, committed 52352K, reserved 1095680K
  class space    used 6277K, capacity 6510K, committed 6528K, reserved 1048576K
}

