# JRE version: OpenJDK Runtime Environment (8.0_242-b01) (build 1.8.0_242-release-1644-b01)
# Java VM: OpenJDK 64-Bit Server VM (25.242-b01 mixed mode windows-amd64 compressed oops)
Heap:
 PSYoungGen      total 236032K, used 168014K [0x00000000d5580000, 0x00000000e5400000, 0x0000000100000000)
  eden space 212480K, 67% used [0x00000000d5580000,0x00000000de298a78,0x00000000e2500000)
  from space 23552K, 99% used [0x00000000e2600000,0x00000000e3cfafb0,0x00000000e3d00000)
  to   space 18944K, 0% used [0x00000000e4180000,0x00000000e4180000,0x00000000e5400000)
 ParOldGen       total 174080K, used 36138K [0x0000000080000000, 0x000000008aa00000, 0x00000000d5580000)
  object space 174080K, 20% used [0x0000000080000000,0x000000008234a8a8,0x000000008aa00000)
 Metaspace       used 73882K, capacity 77408K, committed 77720K, reserved 1116160K
  class space    used 10107K, capacity 10811K, committed 10928K, reserved 1048576K
GC Heap History (10 events):
Event: 6.292 GC heap before
{Heap before GC invocations=12 (full 2):
 PSYoungGen      total 164352K, used 160657K [0x00000000d5580000, 0x00000000e2400000, 0x0000000100000000)
  eden space 151552K, 100% used [0x00000000d5580000,0x00000000de980000,0x00000000de980000)
  from space 12800K, 71% used [0x00000000de980000,0x00000000df264658,0x00000000df600000)
  to   space 12800K, 0% used [0x00000000e1780000,0x00000000e1780000,0x00000000e2400000)
 ParOldGen       total 111616K, used 14788K [0x0000000080000000, 0x0000000086d00000, 0x00000000d5580000)
  object space 111616K, 13% used [0x0000000080000000,0x0000000080e710d8,0x0000000086d00000)
 Metaspace       used 52388K, capacity 54404K, committed 54568K, reserved 1095680K
  class space    used 6967K, capacity 7416K, committed 7472K, reserved 1048576K
Event: 6.311 GC heap after
Heap after GC invocations=12 (full 2):
 PSYoungGen      total 193536K, used 12788K [0x00000000d5580000, 0x00000000e2b80000, 0x0000000100000000)
  eden space 180736K, 0% used [0x00000000d5580000,0x00000000d5580000,0x00000000e0600000)
  from space 12800K, 99% used [0x00000000e1780000,0x00000000e23fd300,0x00000000e2400000)
  to   space 17920K, 0% used [0x00000000e0600000,0x00000000e0600000,0x00000000e1780000)
 ParOldGen       total 111616K, used 25336K [0x0000000080000000, 0x0000000086d00000, 0x00000000d5580000)
  object space 111616K, 22% used [0x0000000080000000,0x00000000818be238,0x0000000086d00000)
 Metaspace       used 52388K, capacity 54404K, committed 54568K, reserved 1095680K
  class space    used 6967K, capacity 7416K, committed 7472K, reserved 1048576K
}
Event: 6.953 GC heap before
{Heap before GC invocations=13 (full 2):
 PSYoungGen      total 193536K, used 87112K [0x00000000d5580000, 0x00000000e2b80000, 0x0000000100000000)
  eden space 180736K, 41% used [0x00000000d5580000,0x00000000d9e14e20,0x00000000e0600000)
  from space 12800K, 99% used [0x00000000e1780000,0x00000000e23fd300,0x00000000e2400000)
  to   space 17920K, 0% used [0x00000000e0600000,0x00000000e0600000,0x00000000e1780000)
 ParOldGen       total 111616K, used 25336K [0x0000000080000000, 0x0000000086d00000, 0x00000000d5580000)
  object space 111616K, 22% used [0x0000000080000000,0x00000000818be238,0x0000000086d00000)
 Metaspace       used 56872K, capacity 59048K, committed 59160K, reserved 1099776K
  class space    used 7704K, capacity 8187K, committed 8240K, reserved 1048576K
Event: 6.975 GC heap after
Heap after GC invocations=13 (full 2):
 PSYoungGen      total 198656K, used 17903K [0x00000000d5580000, 0x00000000e5680000, 0x0000000100000000)
  eden space 180736K, 0% used [0x00000000d5580000,0x00000000d5580000,0x00000000e0600000)
  from space 17920K, 99% used [0x00000000e0600000,0x00000000e177bc70,0x00000000e1780000)
  to   space 21504K, 0% used [0x00000000e4180000,0x00000000e4180000,0x00000000e5680000)
 ParOldGen       total 111616K, used 28713K [0x0000000080000000, 0x0000000086d00000, 0x00000000d5580000)
  object space 111616K, 25% used [0x0000000080000000,0x0000000081c0a700,0x0000000086d00000)
 Metaspace       used 56872K, capacity 59048K, committed 59160K, reserved 1099776K
  class space    used 7704K, capacity 8187K, committed 8240K, reserved 1048576K
}
Event: 6.975 GC heap before
{Heap before GC invocations=14 (full 3):
 PSYoungGen      total 198656K, used 17903K [0x00000000d5580000, 0x00000000e5680000, 0x0000000100000000)
  eden space 180736K, 0% used [0x00000000d5580000,0x00000000d5580000,0x00000000e0600000)
  from space 17920K, 99% used [0x00000000e0600000,0x00000000e177bc70,0x00000000e1780000)
  to   space 21504K, 0% used [0x00000000e4180000,0x00000000e4180000,0x00000000e5680000)
 ParOldGen       total 111616K, used 28713K [0x0000000080000000, 0x0000000086d00000, 0x00000000d5580000)
  object space 111616K, 25% used [0x0000000080000000,0x0000000081c0a700,0x0000000086d00000)
 Metaspace       used 56872K, capacity 59048K, committed 59160K, reserved 1099776K
  class space    used 7704K, capacity 8187K, committed 8240K, reserved 1048576K
Event: 7.186 GC heap after
Heap after GC invocations=14 (full 3):
 PSYoungGen      total 198656K, used 0K [0x00000000d5580000, 0x00000000e5680000, 0x0000000100000000)
  eden space 180736K, 0% used [0x00000000d5580000,0x00000000d5580000,0x00000000e0600000)
  from space 17920K, 0% used [0x00000000e0600000,0x00000000e0600000,0x00000000e1780000)
  to   space 21504K, 0% used [0x00000000e4180000,0x00000000e4180000,0x00000000e5680000)
 ParOldGen       total 174080K, used 34894K [0x0000000080000000, 0x000000008aa00000, 0x00000000d5580000)
  object space 174080K, 20% used [0x0000000080000000,0x0000000082213868,0x000000008aa00000)
 Metaspace       used 56842K, capacity 58946K, committed 59160K, reserved 1099776K
  class space    used 7694K, capacity 8170K, committed 8240K, reserved 1048576K
}
Event: 8.782 GC heap before
{Heap before GC invocations=15 (full 3):
 PSYoungGen      total 198656K, used 180736K [0x00000000d5580000, 0x00000000e5680000, 0x0000000100000000)
  eden space 180736K, 100% used [0x00000000d5580000,0x00000000e0600000,0x00000000e0600000)
  from space 17920K, 0% used [0x00000000e0600000,0x00000000e0600000,0x00000000e1780000)
  to   space 21504K, 0% used [0x00000000e4180000,0x00000000e4180000,0x00000000e5680000)
 ParOldGen       total 174080K, used 34894K [0x0000000080000000, 0x000000008aa00000, 0x00000000d5580000)
  object space 174080K, 20% used [0x0000000080000000,0x0000000082213868,0x000000008aa00000)
 Metaspace       used 66343K, capacity 69626K, committed 69784K, reserved 1110016K
  class space    used 9164K, capacity 9815K, committed 9904K, reserved 1048576K
Event: 8.800 GC heap after
Heap after GC invocations=15 (full 3):
 PSYoungGen      total 231424K, used 18720K [0x00000000d5580000, 0x00000000e5400000, 0x0000000100000000)
  eden space 212480K, 0% used [0x00000000d5580000,0x00000000d5580000,0x00000000e2500000)
  from space 18944K, 98% used [0x00000000e4180000,0x00000000e53c82e8,0x00000000e5400000)
  to   space 23552K, 0% used [0x00000000e2600000,0x00000000e2600000,0x00000000e3d00000)
 ParOldGen       total 174080K, used 34902K [0x0000000080000000, 0x000000008aa00000, 0x00000000d5580000)
  object space 174080K, 20% used [0x0000000080000000,0x0000000082215868,0x000000008aa00000)
 Metaspace       used 66343K, capacity 69626K, committed 69784K, reserved 1110016K
  class space    used 9164K, capacity 9815K, committed 9904K, reserved 1048576K
}
Event: 9.896 GC heap before
{Heap before GC invocations=16 (full 3):
 PSYoungGen      total 231424K, used 231200K [0x00000000d5580000, 0x00000000e5400000, 0x0000000100000000)
  eden space 212480K, 100% used [0x00000000d5580000,0x00000000e2500000,0x00000000e2500000)
  from space 18944K, 98% used [0x00000000e4180000,0x00000000e53c82e8,0x00000000e5400000)
  to   space 23552K, 0% used [0x00000000e2600000,0x00000000e2600000,0x00000000e3d00000)
 ParOldGen       total 174080K, used 34902K [0x0000000080000000, 0x000000008aa00000, 0x00000000d5580000)
  object space 174080K, 20% used [0x0000000080000000,0x0000000082215868,0x000000008aa00000)
 Metaspace       used 67350K, capacity 70706K, committed 70808K, reserved 1110016K
  class space    used 9214K, capacity 9899K, committed 9904K, reserved 1048576K
Event: 9.916 GC heap after
Heap after GC invocations=16 (full 3):
 PSYoungGen      total 236032K, used 23531K [0x00000000d5580000, 0x00000000e5400000, 0x0000000100000000)
  eden space 212480K, 0% used [0x00000000d5580000,0x00000000d5580000,0x00000000e2500000)
  from space 23552K, 99% used [0x00000000e2600000,0x00000000e3cfafb0,0x00000000e3d00000)
  to   space 18944K, 0% used [0x00000000e4180000,0x00000000e4180000,0x00000000e5400000)
 ParOldGen       total 174080K, used 36138K [0x0000000080000000, 0x000000008aa00000, 0x00000000d5580000)
  object space 174080K, 20% used [0x0000000080000000,0x000000008234a8a8,0x000000008aa00000)
 Metaspace       used 67350K, capacity 70706K, committed 70808K, reserved 1110016K
  class space    used 9214K, capacity 9899K, committed 9904K, reserved 1048576K
}

