# JRE version: OpenJDK Runtime Environment (8.0_242-b01) (build 1.8.0_242-release-1644-b01)
# Java VM: OpenJDK 64-Bit Server VM (25.242-b01 mixed mode windows-amd64 compressed oops)
Heap:
 PSYoungGen      total 504832K, used 24699K [0x00000000d5580000, 0x00000000fab80000, 0x0000000100000000)
  eden space 450560K, 5% used [0x00000000d5580000,0x00000000d6d9ed10,0x00000000f0d80000)
  from space 54272K, 0% used [0x00000000f7680000,0x00000000f7680000,0x00000000fab80000)
  to   space 40960K, 0% used [0x00000000f0d80000,0x00000000f0d80000,0x00000000f3580000)
 ParOldGen       total 148480K, used 77933K [0x0000000080000000, 0x0000000089100000, 0x00000000d5580000)
  object space 148480K, 52% used [0x0000000080000000,0x0000000084c1b718,0x0000000089100000)
 Metaspace       used 94759K, capacity 99202K, committed 100056K, reserved 1136640K
  class space    used 12467K, capacity 13366K, committed 13568K, reserved 1048576K
GC Heap History (10 events):
Event: 26.617 GC heap before
{Heap before GC invocations=20 (full 3):
 PSYoungGen      total 427520K, used 418430K [0x00000000d5580000, 0x00000000f1980000, 0x0000000100000000)
  eden space 395264K, 100% used [0x00000000d5580000,0x00000000ed780000,0x00000000ed780000)
  from space 32256K, 71% used [0x00000000efa00000,0x00000000f109fad8,0x00000000f1980000)
  to   space 33792K, 0% used [0x00000000ed780000,0x00000000ed780000,0x00000000ef880000)
 ParOldGen       total 148480K, used 46063K [0x0000000080000000, 0x0000000089100000, 0x00000000d5580000)
  object space 148480K, 31% used [0x0000000080000000,0x0000000082cfbd78,0x0000000089100000)
 Metaspace       used 83455K, capacity 87604K, committed 87640K, reserved 1124352K
  class space    used 11079K, capacity 11878K, committed 11904K, reserved 1048576K
Event: 26.634 GC heap after
Heap after GC invocations=20 (full 3):
 PSYoungGen      total 429056K, used 22140K [0x00000000d5580000, 0x00000000f5900000, 0x0000000100000000)
  eden space 395264K, 0% used [0x00000000d5580000,0x00000000d5580000,0x00000000ed780000)
  from space 33792K, 65% used [0x00000000ed780000,0x00000000eed1f348,0x00000000ef880000)
  to   space 34304K, 0% used [0x00000000f3780000,0x00000000f3780000,0x00000000f5900000)
 ParOldGen       total 148480K, used 46071K [0x0000000080000000, 0x0000000089100000, 0x00000000d5580000)
  object space 148480K, 31% used [0x0000000080000000,0x0000000082cfdd78,0x0000000089100000)
 Metaspace       used 83455K, capacity 87604K, committed 87640K, reserved 1124352K
  class space    used 11079K, capacity 11878K, committed 11904K, reserved 1048576K
}
Event: 32.802 GC heap before
{Heap before GC invocations=21 (full 3):
 PSYoungGen      total 429056K, used 417404K [0x00000000d5580000, 0x00000000f5900000, 0x0000000100000000)
  eden space 395264K, 100% used [0x00000000d5580000,0x00000000ed780000,0x00000000ed780000)
  from space 33792K, 65% used [0x00000000ed780000,0x00000000eed1f348,0x00000000ef880000)
  to   space 34304K, 0% used [0x00000000f3780000,0x00000000f3780000,0x00000000f5900000)
 ParOldGen       total 148480K, used 46071K [0x0000000080000000, 0x0000000089100000, 0x00000000d5580000)
  object space 148480K, 31% used [0x0000000080000000,0x0000000082cfdd78,0x0000000089100000)
 Metaspace       used 89605K, capacity 94258K, committed 94424K, reserved 1130496K
  class space    used 11823K, capacity 12713K, committed 12800K, reserved 1048576K
Event: 32.831 GC heap after
Heap after GC invocations=21 (full 3):
 PSYoungGen      total 484864K, used 34295K [0x00000000d5580000, 0x00000000f5d80000, 0x0000000100000000)
  eden space 450560K, 0% used [0x00000000d5580000,0x00000000d5580000,0x00000000f0d80000)
  from space 34304K, 99% used [0x00000000f3780000,0x00000000f58fdeb0,0x00000000f5900000)
  to   space 40960K, 0% used [0x00000000f0d80000,0x00000000f0d80000,0x00000000f3580000)
 ParOldGen       total 148480K, used 49598K [0x0000000080000000, 0x0000000089100000, 0x00000000d5580000)
  object space 148480K, 33% used [0x0000000080000000,0x000000008306f9a8,0x0000000089100000)
 Metaspace       used 89605K, capacity 94258K, committed 94424K, reserved 1130496K
  class space    used 11823K, capacity 12713K, committed 12800K, reserved 1048576K
}
Event: 62.016 GC heap before
{Heap before GC invocations=22 (full 3):
 PSYoungGen      total 484864K, used 484855K [0x00000000d5580000, 0x00000000f5d80000, 0x0000000100000000)
  eden space 450560K, 100% used [0x00000000d5580000,0x00000000f0d80000,0x00000000f0d80000)
  from space 34304K, 99% used [0x00000000f3780000,0x00000000f58fdeb0,0x00000000f5900000)
  to   space 40960K, 0% used [0x00000000f0d80000,0x00000000f0d80000,0x00000000f3580000)
 ParOldGen       total 148480K, used 49598K [0x0000000080000000, 0x0000000089100000, 0x00000000d5580000)
  object space 148480K, 33% used [0x0000000080000000,0x000000008306f9a8,0x0000000089100000)
 Metaspace       used 93357K, capacity 98124K, committed 98264K, reserved 1134592K
  class space    used 12334K, capacity 13286K, committed 13312K, reserved 1048576K
Event: 62.100 GC heap after
Heap after GC invocations=22 (full 3):
 PSYoungGen      total 491520K, used 40946K [0x00000000d5580000, 0x00000000fab80000, 0x0000000100000000)
  eden space 450560K, 0% used [0x00000000d5580000,0x00000000d5580000,0x00000000f0d80000)
  from space 40960K, 99% used [0x00000000f0d80000,0x00000000f357c900,0x00000000f3580000)
  to   space 54272K, 0% used [0x00000000f7680000,0x00000000f7680000,0x00000000fab80000)
 ParOldGen       total 148480K, used 68372K [0x0000000080000000, 0x0000000089100000, 0x00000000d5580000)
  object space 148480K, 46% used [0x0000000080000000,0x00000000842c5088,0x0000000089100000)
 Metaspace       used 93357K, capacity 98124K, committed 98264K, reserved 1134592K
  class space    used 12334K, capacity 13286K, committed 13312K, reserved 1048576K
}
Event: 62.139 GC heap before
{Heap before GC invocations=23 (full 3):
 PSYoungGen      total 491520K, used 49632K [0x00000000d5580000, 0x00000000fab80000, 0x0000000100000000)
  eden space 450560K, 1% used [0x00000000d5580000,0x00000000d5dfb9d0,0x00000000f0d80000)
  from space 40960K, 99% used [0x00000000f0d80000,0x00000000f357c900,0x00000000f3580000)
  to   space 54272K, 0% used [0x00000000f7680000,0x00000000f7680000,0x00000000fab80000)
 ParOldGen       total 148480K, used 68372K [0x0000000080000000, 0x0000000089100000, 0x00000000d5580000)
  object space 148480K, 46% used [0x0000000080000000,0x00000000842c5088,0x0000000089100000)
 Metaspace       used 93514K, capacity 98252K, committed 98380K, reserved 1134592K
  class space    used 12352K, capacity 13286K, committed 13312K, reserved 1048576K
Event: 62.154 GC heap after
Heap after GC invocations=23 (full 3):
 PSYoungGen      total 504832K, used 18271K [0x00000000d5580000, 0x00000000fab80000, 0x0000000100000000)
  eden space 450560K, 0% used [0x00000000d5580000,0x00000000d5580000,0x00000000f0d80000)
  from space 54272K, 33% used [0x00000000f7680000,0x00000000f8857d40,0x00000000fab80000)
  to   space 40960K, 0% used [0x00000000f0d80000,0x00000000f0d80000,0x00000000f3580000)
 ParOldGen       total 148480K, used 69544K [0x0000000080000000, 0x0000000089100000, 0x00000000d5580000)
  object space 148480K, 46% used [0x0000000080000000,0x00000000843ea0d8,0x0000000089100000)
 Metaspace       used 93514K, capacity 98252K, committed 98380K, reserved 1134592K
  class space    used 12352K, capacity 13286K, committed 13312K, reserved 1048576K
}
Event: 62.154 GC heap before
{Heap before GC invocations=24 (full 4):
 PSYoungGen      total 504832K, used 18271K [0x00000000d5580000, 0x00000000fab80000, 0x0000000100000000)
  eden space 450560K, 0% used [0x00000000d5580000,0x00000000d5580000,0x00000000f0d80000)
  from space 54272K, 33% used [0x00000000f7680000,0x00000000f8857d40,0x00000000fab80000)
  to   space 40960K, 0% used [0x00000000f0d80000,0x00000000f0d80000,0x00000000f3580000)
 ParOldGen       total 148480K, used 69544K [0x0000000080000000, 0x0000000089100000, 0x00000000d5580000)
  object space 148480K, 46% used [0x0000000080000000,0x00000000843ea0d8,0x0000000089100000)
 Metaspace       used 93514K, capacity 98252K, committed 98380K, reserved 1134592K
  class space    used 12352K, capacity 13286K, committed 13312K, reserved 1048576K
Event: 62.325 GC heap after
Heap after GC invocations=24 (full 4):
 PSYoungGen      total 504832K, used 0K [0x00000000d5580000, 0x00000000fab80000, 0x0000000100000000)
  eden space 450560K, 0% used [0x00000000d5580000,0x00000000d5580000,0x00000000f0d80000)
  from space 54272K, 0% used [0x00000000f7680000,0x00000000f7680000,0x00000000fab80000)
  to   space 40960K, 0% used [0x00000000f0d80000,0x00000000f0d80000,0x00000000f3580000)
 ParOldGen       total 148480K, used 77933K [0x0000000080000000, 0x0000000089100000, 0x00000000d5580000)
  object space 148480K, 52% used [0x0000000080000000,0x0000000084c1b718,0x0000000089100000)
 Metaspace       used 93182K, capacity 97294K, committed 98380K, reserved 1134592K
  class space    used 12243K, capacity 13093K, committed 13312K, reserved 1048576K
}

