# JRE version: OpenJDK Runtime Environment (8.0_242-b01) (build 1.8.0_242-release-1644-b01)
# Java VM: OpenJDK 64-Bit Server VM (25.242-b01 mixed mode windows-amd64 compressed oops)
Heap:
 PSYoungGen      total 381440K, used 235302K [0x00000000d5580000, 0x00000000f0e80000, 0x0000000100000000)
  eden space 348672K, 58% used [0x00000000d5580000,0x00000000e1b4de50,0x00000000eaa00000)
  from space 32768K, 99% used [0x00000000ed400000,0x00000000ef3fbab8,0x00000000ef400000)
  to   space 43008K, 0% used [0x00000000eaa00000,0x00000000eaa00000,0x00000000ed400000)
 ParOldGen       total 248832K, used 73103K [0x0000000080000000, 0x000000008f300000, 0x00000000d5580000)
  object space 248832K, 29% used [0x0000000080000000,0x0000000084763c80,0x000000008f300000)
 Metaspace       used 103274K, capacity 112106K, committed 112280K, reserved 1146880K
  class space    used 13468K, capacity 14928K, committed 15024K, reserved 1048576K
GC Heap History (10 events):
Event: 8547.173 GC heap before
{Heap before GC invocations=43 (full 5):
 PSYoungGen      total 385536K, used 365360K [0x00000000d5580000, 0x00000000ef700000, 0x0000000100000000)
  eden space 347136K, 100% used [0x00000000d5580000,0x00000000ea880000,0x00000000ea880000)
  from space 38400K, 47% used [0x00000000ea880000,0x00000000eba4c050,0x00000000ece00000)
  to   space 36864K, 0% used [0x00000000ed300000,0x00000000ed300000,0x00000000ef700000)
 ParOldGen       total 248832K, used 54970K [0x0000000080000000, 0x000000008f300000, 0x00000000d5580000)
  object space 248832K, 22% used [0x0000000080000000,0x00000000835aeac0,0x000000008f300000)
 Metaspace       used 97302K, capacity 105348K, committed 105496K, reserved 1140736K
  class space    used 12786K, capacity 14095K, committed 14128K, reserved 1048576K
Event: 8547.191 GC heap after
Heap after GC invocations=43 (full 5):
 PSYoungGen      total 384512K, used 19584K [0x00000000d5580000, 0x00000000ef280000, 0x0000000100000000)
  eden space 352256K, 0% used [0x00000000d5580000,0x00000000d5580000,0x00000000ead80000)
  from space 32256K, 60% used [0x00000000ed300000,0x00000000ee620060,0x00000000ef280000)
  to   space 35328K, 0% used [0x00000000ead80000,0x00000000ead80000,0x00000000ed000000)
 ParOldGen       total 248832K, used 54978K [0x0000000080000000, 0x000000008f300000, 0x00000000d5580000)
  object space 248832K, 22% used [0x0000000080000000,0x00000000835b0ac0,0x000000008f300000)
 Metaspace       used 97302K, capacity 105348K, committed 105496K, reserved 1140736K
  class space    used 12786K, capacity 14095K, committed 14128K, reserved 1048576K
}
Event: 8569.389 GC heap before
{Heap before GC invocations=44 (full 5):
 PSYoungGen      total 384512K, used 371840K [0x00000000d5580000, 0x00000000ef280000, 0x0000000100000000)
  eden space 352256K, 100% used [0x00000000d5580000,0x00000000ead80000,0x00000000ead80000)
  from space 32256K, 60% used [0x00000000ed300000,0x00000000ee620060,0x00000000ef280000)
  to   space 35328K, 0% used [0x00000000ead80000,0x00000000ead80000,0x00000000ed000000)
 ParOldGen       total 248832K, used 54978K [0x0000000080000000, 0x000000008f300000, 0x00000000d5580000)
  object space 248832K, 22% used [0x0000000080000000,0x00000000835b0ac0,0x000000008f300000)
 Metaspace       used 97362K, capacity 105558K, committed 105752K, reserved 1140736K
  class space    used 12787K, capacity 14096K, committed 14128K, reserved 1048576K
Event: 8569.405 GC heap after
Heap after GC invocations=44 (full 5):
 PSYoungGen      total 387584K, used 20992K [0x00000000d5580000, 0x00000000ef500000, 0x0000000100000000)
  eden space 352256K, 0% used [0x00000000d5580000,0x00000000d5580000,0x00000000ead80000)
  from space 35328K, 59% used [0x00000000ead80000,0x00000000ec200040,0x00000000ed000000)
  to   space 34304K, 0% used [0x00000000ed380000,0x00000000ed380000,0x00000000ef500000)
 ParOldGen       total 248832K, used 54986K [0x0000000080000000, 0x000000008f300000, 0x00000000d5580000)
  object space 248832K, 22% used [0x0000000080000000,0x00000000835b2ac0,0x000000008f300000)
 Metaspace       used 97362K, capacity 105558K, committed 105752K, reserved 1140736K
  class space    used 12787K, capacity 14096K, committed 14128K, reserved 1048576K
}
Event: 8610.168 GC heap before
{Heap before GC invocations=45 (full 5):
 PSYoungGen      total 387584K, used 373248K [0x00000000d5580000, 0x00000000ef500000, 0x0000000100000000)
  eden space 352256K, 100% used [0x00000000d5580000,0x00000000ead80000,0x00000000ead80000)
  from space 35328K, 59% used [0x00000000ead80000,0x00000000ec200040,0x00000000ed000000)
  to   space 34304K, 0% used [0x00000000ed380000,0x00000000ed380000,0x00000000ef500000)
 ParOldGen       total 248832K, used 54986K [0x0000000080000000, 0x000000008f300000, 0x00000000d5580000)
  object space 248832K, 22% used [0x0000000080000000,0x00000000835b2ac0,0x000000008f300000)
 Metaspace       used 97414K, capacity 105562K, committed 105752K, reserved 1140736K
  class space    used 12788K, capacity 14096K, committed 14128K, reserved 1048576K
Event: 8610.179 GC heap after
Heap after GC invocations=45 (full 5):
 PSYoungGen      total 389120K, used 12400K [0x00000000d5580000, 0x00000000ef400000, 0x0000000100000000)
  eden space 355840K, 0% used [0x00000000d5580000,0x00000000d5580000,0x00000000eb100000)
  from space 33280K, 37% used [0x00000000ed380000,0x00000000edf9c050,0x00000000ef400000)
  to   space 34304K, 0% used [0x00000000eb100000,0x00000000eb100000,0x00000000ed280000)
 ParOldGen       total 248832K, used 54994K [0x0000000080000000, 0x000000008f300000, 0x00000000d5580000)
  object space 248832K, 22% used [0x0000000080000000,0x00000000835b4ac0,0x000000008f300000)
 Metaspace       used 97414K, capacity 105562K, committed 105752K, reserved 1140736K
  class space    used 12788K, capacity 14096K, committed 14128K, reserved 1048576K
}
Event: 8649.360 GC heap before
{Heap before GC invocations=46 (full 5):
 PSYoungGen      total 389120K, used 368240K [0x00000000d5580000, 0x00000000ef400000, 0x0000000100000000)
  eden space 355840K, 100% used [0x00000000d5580000,0x00000000eb100000,0x00000000eb100000)
  from space 33280K, 37% used [0x00000000ed380000,0x00000000edf9c050,0x00000000ef400000)
  to   space 34304K, 0% used [0x00000000eb100000,0x00000000eb100000,0x00000000ed280000)
 ParOldGen       total 248832K, used 54994K [0x0000000080000000, 0x000000008f300000, 0x00000000d5580000)
  object space 248832K, 22% used [0x0000000080000000,0x00000000835b4ac0,0x000000008f300000)
 Metaspace       used 97970K, capacity 106660K, committed 106776K, reserved 1142784K
  class space    used 12881K, capacity 14297K, committed 14384K, reserved 1048576K
Event: 8649.373 GC heap after
Heap after GC invocations=46 (full 5):
 PSYoungGen      total 390144K, used 17776K [0x00000000d5580000, 0x00000000ef400000, 0x0000000100000000)
  eden space 355840K, 0% used [0x00000000d5580000,0x00000000d5580000,0x00000000eb100000)
  from space 34304K, 51% used [0x00000000eb100000,0x00000000ec25c050,0x00000000ed280000)
  to   space 32768K, 0% used [0x00000000ed400000,0x00000000ed400000,0x00000000ef400000)
 ParOldGen       total 248832K, used 55002K [0x0000000080000000, 0x000000008f300000, 0x00000000d5580000)
  object space 248832K, 22% used [0x0000000080000000,0x00000000835b6ac0,0x000000008f300000)
 Metaspace       used 97970K, capacity 106660K, committed 106776K, reserved 1142784K
  class space    used 12881K, capacity 14297K, committed 14384K, reserved 1048576K
}
Event: 8651.721 GC heap before
{Heap before GC invocations=47 (full 5):
 PSYoungGen      total 390144K, used 373616K [0x00000000d5580000, 0x00000000ef400000, 0x0000000100000000)
  eden space 355840K, 100% used [0x00000000d5580000,0x00000000eb100000,0x00000000eb100000)
  from space 34304K, 51% used [0x00000000eb100000,0x00000000ec25c050,0x00000000ed280000)
  to   space 32768K, 0% used [0x00000000ed400000,0x00000000ed400000,0x00000000ef400000)
 ParOldGen       total 248832K, used 55002K [0x0000000080000000, 0x000000008f300000, 0x00000000d5580000)
  object space 248832K, 22% used [0x0000000080000000,0x00000000835b6ac0,0x000000008f300000)
 Metaspace       used 101750K, capacity 110548K, committed 110744K, reserved 1144832K
  class space    used 13305K, capacity 14733K, committed 14768K, reserved 1048576K
Event: 8651.757 GC heap after
Heap after GC invocations=47 (full 5):
 PSYoungGen      total 381440K, used 32750K [0x00000000d5580000, 0x00000000f0e80000, 0x0000000100000000)
  eden space 348672K, 0% used [0x00000000d5580000,0x00000000d5580000,0x00000000eaa00000)
  from space 32768K, 99% used [0x00000000ed400000,0x00000000ef3fbab8,0x00000000ef400000)
  to   space 43008K, 0% used [0x00000000eaa00000,0x00000000eaa00000,0x00000000ed400000)
 ParOldGen       total 248832K, used 73103K [0x0000000080000000, 0x000000008f300000, 0x00000000d5580000)
  object space 248832K, 29% used [0x0000000080000000,0x0000000084763c80,0x000000008f300000)
 Metaspace       used 101750K, capacity 110548K, committed 110744K, reserved 1144832K
  class space    used 13305K, capacity 14733K, committed 14768K, reserved 1048576K
}

