# JRE version: OpenJDK Runtime Environment (8.0_242-b01) (build 1.8.0_242-release-1644-b01)
# Java VM: OpenJDK 64-Bit Server VM (25.242-b01 mixed mode windows-amd64 compressed oops)
Heap:
 PSYoungGen      total 460800K, used 280891K [0x00000000d5580000, 0x00000000f6200000, 0x0000000100000000)
  eden space 401408K, 69% used [0x00000000d5580000,0x00000000e67cece0,0x00000000edd80000)
  from space 59392K, 0% used [0x00000000f1d00000,0x00000000f1d00000,0x00000000f5700000)
  to   space 65024K, 0% used [0x00000000edd80000,0x00000000edd80000,0x00000000f1d00000)
 ParOldGen       total 250368K, used 89345K [0x0000000080000000, 0x000000008f480000, 0x00000000d5580000)
  object space 250368K, 35% used [0x0000000080000000,0x00000000857406c0,0x000000008f480000)
 Metaspace       used 109053K, capacity 115272K, committed 116376K, reserved 1150976K
  class space    used 13872K, capacity 14970K, committed 15280K, reserved 1048576K
GC Heap History (10 events):
Event: 7369.256 GC heap before
{Heap before GC invocations=31 (full 4):
 PSYoungGen      total 388608K, used 382016K [0x00000000d5580000, 0x00000000efc00000, 0x0000000100000000)
  eden space 359936K, 100% used [0x00000000d5580000,0x00000000eb500000,0x00000000eb500000)
  from space 28672K, 77% used [0x00000000ee000000,0x00000000ef590098,0x00000000efc00000)
  to   space 36352K, 0% used [0x00000000eb500000,0x00000000eb500000,0x00000000ed880000)
 ParOldGen       total 250368K, used 78521K [0x0000000080000000, 0x000000008f480000, 0x00000000d5580000)
  object space 250368K, 31% used [0x0000000080000000,0x0000000084cae550,0x000000008f480000)
 Metaspace       used 99112K, capacity 104788K, committed 105624K, reserved 1140736K
  class space    used 12839K, capacity 13857K, committed 14256K, reserved 1048576K
Event: 7369.281 GC heap after
Heap after GC invocations=31 (full 4):
 PSYoungGen      total 396288K, used 36332K [0x00000000d5580000, 0x00000000f2080000, 0x0000000100000000)
  eden space 359936K, 0% used [0x00000000d5580000,0x00000000d5580000,0x00000000eb500000)
  from space 36352K, 99% used [0x00000000eb500000,0x00000000ed87b0f8,0x00000000ed880000)
  to   space 41472K, 0% used [0x00000000ef800000,0x00000000ef800000,0x00000000f2080000)
 ParOldGen       total 250368K, used 80539K [0x0000000080000000, 0x000000008f480000, 0x00000000d5580000)
  object space 250368K, 32% used [0x0000000080000000,0x0000000084ea6d50,0x000000008f480000)
 Metaspace       used 99112K, capacity 104788K, committed 105624K, reserved 1140736K
  class space    used 12839K, capacity 13857K, committed 14256K, reserved 1048576K
}
Event: 7371.941 GC heap before
{Heap before GC invocations=32 (full 4):
 PSYoungGen      total 396288K, used 396268K [0x00000000d5580000, 0x00000000f2080000, 0x0000000100000000)
  eden space 359936K, 100% used [0x00000000d5580000,0x00000000eb500000,0x00000000eb500000)
  from space 36352K, 99% used [0x00000000eb500000,0x00000000ed87b0f8,0x00000000ed880000)
  to   space 41472K, 0% used [0x00000000ef800000,0x00000000ef800000,0x00000000f2080000)
 ParOldGen       total 250368K, used 80539K [0x0000000080000000, 0x000000008f480000, 0x00000000d5580000)
  object space 250368K, 32% used [0x0000000080000000,0x0000000084ea6d50,0x000000008f480000)
 Metaspace       used 101067K, capacity 107110K, committed 107800K, reserved 1142784K
  class space    used 13037K, capacity 14110K, committed 14384K, reserved 1048576K
Event: 7371.987 GC heap after
Heap after GC invocations=32 (full 4):
 PSYoungGen      total 417280K, used 41469K [0x00000000d5580000, 0x00000000f3800000, 0x0000000100000000)
  eden space 375808K, 0% used [0x00000000d5580000,0x00000000d5580000,0x00000000ec480000)
  from space 41472K, 99% used [0x00000000ef800000,0x00000000f207f5d8,0x00000000f2080000)
  to   space 52736K, 0% used [0x00000000ec480000,0x00000000ec480000,0x00000000ef800000)
 ParOldGen       total 250368K, used 96621K [0x0000000080000000, 0x000000008f480000, 0x00000000d5580000)
  object space 250368K, 38% used [0x0000000080000000,0x0000000085e5b4d8,0x000000008f480000)
 Metaspace       used 101067K, capacity 107110K, committed 107800K, reserved 1142784K
  class space    used 13037K, capacity 14110K, committed 14384K, reserved 1048576K
}
Event: 7376.234 GC heap before
{Heap before GC invocations=33 (full 4):
 PSYoungGen      total 417280K, used 417277K [0x00000000d5580000, 0x00000000f3800000, 0x0000000100000000)
  eden space 375808K, 100% used [0x00000000d5580000,0x00000000ec480000,0x00000000ec480000)
  from space 41472K, 99% used [0x00000000ef800000,0x00000000f207f5d8,0x00000000f2080000)
  to   space 52736K, 0% used [0x00000000ec480000,0x00000000ec480000,0x00000000ef800000)
 ParOldGen       total 250368K, used 96621K [0x0000000080000000, 0x000000008f480000, 0x00000000d5580000)
  object space 250368K, 38% used [0x0000000080000000,0x0000000085e5b4d8,0x000000008f480000)
 Metaspace       used 103020K, capacity 109414K, committed 109720K, reserved 1144832K
  class space    used 13273K, capacity 14402K, committed 14512K, reserved 1048576K
Event: 7376.311 GC heap after
Heap after GC invocations=33 (full 4):
 PSYoungGen      total 428544K, used 52045K [0x00000000d5580000, 0x00000000f5700000, 0x0000000100000000)
  eden space 375808K, 0% used [0x00000000d5580000,0x00000000d5580000,0x00000000ec480000)
  from space 52736K, 98% used [0x00000000ec480000,0x00000000ef753468,0x00000000ef800000)
  to   space 59392K, 0% used [0x00000000f1d00000,0x00000000f1d00000,0x00000000f5700000)
 ParOldGen       total 250368K, used 96789K [0x0000000080000000, 0x000000008f480000, 0x00000000d5580000)
  object space 250368K, 38% used [0x0000000080000000,0x0000000085e854d8,0x000000008f480000)
 Metaspace       used 103020K, capacity 109414K, committed 109720K, reserved 1144832K
  class space    used 13273K, capacity 14402K, committed 14512K, reserved 1048576K
}
Event: 7376.567 GC heap before
{Heap before GC invocations=34 (full 4):
 PSYoungGen      total 428544K, used 84492K [0x00000000d5580000, 0x00000000f5700000, 0x0000000100000000)
  eden space 375808K, 8% used [0x00000000d5580000,0x00000000d752fea0,0x00000000ec480000)
  from space 52736K, 98% used [0x00000000ec480000,0x00000000ef753468,0x00000000ef800000)
  to   space 59392K, 0% used [0x00000000f1d00000,0x00000000f1d00000,0x00000000f5700000)
 ParOldGen       total 250368K, used 96789K [0x0000000080000000, 0x000000008f480000, 0x00000000d5580000)
  object space 250368K, 38% used [0x0000000080000000,0x0000000085e854d8,0x000000008f480000)
 Metaspace       used 103251K, capacity 109738K, committed 109976K, reserved 1144832K
  class space    used 13286K, capacity 14424K, committed 14512K, reserved 1048576K
Event: 7376.602 GC heap after
Heap after GC invocations=34 (full 4):
 PSYoungGen      total 460800K, used 51966K [0x00000000d5580000, 0x00000000f6200000, 0x0000000100000000)
  eden space 401408K, 0% used [0x00000000d5580000,0x00000000d5580000,0x00000000edd80000)
  from space 59392K, 87% used [0x00000000f1d00000,0x00000000f4fbfa08,0x00000000f5700000)
  to   space 65024K, 0% used [0x00000000edd80000,0x00000000edd80000,0x00000000f1d00000)
 ParOldGen       total 250368K, used 96797K [0x0000000080000000, 0x000000008f480000, 0x00000000d5580000)
  object space 250368K, 38% used [0x0000000080000000,0x0000000085e874d8,0x000000008f480000)
 Metaspace       used 103251K, capacity 109738K, committed 109976K, reserved 1144832K
  class space    used 13286K, capacity 14424K, committed 14512K, reserved 1048576K
}
Event: 7376.602 GC heap before
{Heap before GC invocations=35 (full 5):
 PSYoungGen      total 460800K, used 51966K [0x00000000d5580000, 0x00000000f6200000, 0x0000000100000000)
  eden space 401408K, 0% used [0x00000000d5580000,0x00000000d5580000,0x00000000edd80000)
  from space 59392K, 87% used [0x00000000f1d00000,0x00000000f4fbfa08,0x00000000f5700000)
  to   space 65024K, 0% used [0x00000000edd80000,0x00000000edd80000,0x00000000f1d00000)
 ParOldGen       total 250368K, used 96797K [0x0000000080000000, 0x000000008f480000, 0x00000000d5580000)
  object space 250368K, 38% used [0x0000000080000000,0x0000000085e874d8,0x000000008f480000)
 Metaspace       used 103251K, capacity 109738K, committed 109976K, reserved 1144832K
  class space    used 13286K, capacity 14424K, committed 14512K, reserved 1048576K
Event: 7377.347 GC heap after
Heap after GC invocations=35 (full 5):
 PSYoungGen      total 460800K, used 0K [0x00000000d5580000, 0x00000000f6200000, 0x0000000100000000)
  eden space 401408K, 0% used [0x00000000d5580000,0x00000000d5580000,0x00000000edd80000)
  from space 59392K, 0% used [0x00000000f1d00000,0x00000000f1d00000,0x00000000f5700000)
  to   space 65024K, 0% used [0x00000000edd80000,0x00000000edd80000,0x00000000f1d00000)
 ParOldGen       total 250368K, used 89345K [0x0000000080000000, 0x000000008f480000, 0x00000000d5580000)
  object space 250368K, 35% used [0x0000000080000000,0x00000000857406c0,0x000000008f480000)
 Metaspace       used 102731K, capacity 108764K, committed 109976K, reserved 1144832K
  class space    used 13179K, capacity 14232K, committed 14512K, reserved 1048576K
}

