# JRE version: OpenJDK Runtime Environment (8.0_242-b01) (build 1.8.0_242-release-1644-b01)
# Java VM: OpenJDK 64-Bit Server VM (25.242-b01 mixed mode windows-amd64 compressed oops)
Heap:
 PSYoungGen      total 318976K, used 189217K [0x00000000d5580000, 0x00000000f1080000, 0x0000000100000000)
  eden space 278528K, 63% used [0x00000000d5580000,0x00000000e0252a58,0x00000000e6580000)
  from space 40448K, 30% used [0x00000000ee900000,0x00000000ef4f5d90,0x00000000f1080000)
  to   space 87552K, 0% used [0x00000000e6580000,0x00000000e6580000,0x00000000ebb00000)
 ParOldGen       total 176640K, used 94847K [0x0000000080000000, 0x000000008ac80000, 0x00000000d5580000)
  object space 176640K, 53% used [0x0000000080000000,0x0000000085c9ffd8,0x000000008ac80000)
 Metaspace       used 92912K, capacity 97494K, committed 99096K, reserved 1134592K
  class space    used 12260K, capacity 13132K, committed 13616K, reserved 1048576K
GC Heap History (10 events):
Event: 31.167 GC heap before
{Heap before GC invocations=21 (full 4):
 PSYoungGen      total 325632K, used 65013K [0x00000000d5580000, 0x00000000f4100000, 0x0000000100000000)
  eden space 260608K, 0% used [0x00000000d5580000,0x00000000d5580000,0x00000000e5400000)
  from space 65024K, 99% used [0x00000000e5400000,0x00000000e937d6c8,0x00000000e9380000)
  to   space 90112K, 0% used [0x00000000ee900000,0x00000000ee900000,0x00000000f4100000)
 ParOldGen       total 176640K, used 159518K [0x0000000080000000, 0x000000008ac80000, 0x00000000d5580000)
  object space 176640K, 90% used [0x0000000080000000,0x0000000089bc78e0,0x000000008ac80000)
 Metaspace       used 86604K, capacity 92118K, committed 92184K, reserved 1128448K
  class space    used 12021K, capacity 13096K, committed 13104K, reserved 1048576K
Event: 32.524 GC heap after
Heap after GC invocations=21 (full 4):
 PSYoungGen      total 325632K, used 2837K [0x00000000d5580000, 0x00000000f4100000, 0x0000000100000000)
  eden space 260608K, 0% used [0x00000000d5580000,0x00000000d5580000,0x00000000e5400000)
  from space 65024K, 4% used [0x00000000e5400000,0x00000000e56c55c8,0x00000000e9380000)
  to   space 90112K, 0% used [0x00000000ee900000,0x00000000ee900000,0x00000000f4100000)
 ParOldGen       total 176640K, used 176178K [0x0000000080000000, 0x000000008ac80000, 0x00000000d5580000)
  object space 176640K, 99% used [0x0000000080000000,0x000000008ac0c838,0x000000008ac80000)
 Metaspace       used 85769K, capacity 90010K, committed 92184K, reserved 1128448K
  class space    used 11728K, capacity 12572K, committed 13104K, reserved 1048576K
}
Event: 33.560 GC heap before
{Heap before GC invocations=22 (full 5):
 PSYoungGen      total 325632K, used 263445K [0x00000000d5580000, 0x00000000f4100000, 0x0000000100000000)
  eden space 260608K, 100% used [0x00000000d5580000,0x00000000e5400000,0x00000000e5400000)
  from space 65024K, 4% used [0x00000000e5400000,0x00000000e56c55c8,0x00000000e9380000)
  to   space 90112K, 0% used [0x00000000ee900000,0x00000000ee900000,0x00000000f4100000)
 ParOldGen       total 176640K, used 176178K [0x0000000080000000, 0x000000008ac80000, 0x00000000d5580000)
  object space 176640K, 99% used [0x0000000080000000,0x000000008ac0c838,0x000000008ac80000)
 Metaspace       used 86480K, capacity 90820K, committed 92952K, reserved 1128448K
  class space    used 11749K, capacity 12583K, committed 13104K, reserved 1048576K
Event: 34.263 GC heap after
Heap after GC invocations=22 (full 5):
 PSYoungGen      total 325632K, used 17857K [0x00000000d5580000, 0x00000000f4100000, 0x0000000100000000)
  eden space 260608K, 6% used [0x00000000d5580000,0x00000000d66f06a0,0x00000000e5400000)
  from space 65024K, 0% used [0x00000000e5400000,0x00000000e5400000,0x00000000e9380000)
  to   space 90112K, 0% used [0x00000000ee900000,0x00000000ee900000,0x00000000f4100000)
 ParOldGen       total 176640K, used 176616K [0x0000000080000000, 0x000000008ac80000, 0x00000000d5580000)
  object space 176640K, 99% used [0x0000000080000000,0x000000008ac7a168,0x000000008ac80000)
 Metaspace       used 86480K, capacity 90820K, committed 92952K, reserved 1128448K
  class space    used 11749K, capacity 12583K, committed 13104K, reserved 1048576K
}
Event: 35.066 GC heap before
{Heap before GC invocations=23 (full 6):
 PSYoungGen      total 325632K, used 260608K [0x00000000d5580000, 0x00000000f4100000, 0x0000000100000000)
  eden space 260608K, 100% used [0x00000000d5580000,0x00000000e5400000,0x00000000e5400000)
  from space 65024K, 0% used [0x00000000e5400000,0x00000000e5400000,0x00000000e9380000)
  to   space 90112K, 0% used [0x00000000ee900000,0x00000000ee900000,0x00000000f4100000)
 ParOldGen       total 176640K, used 176616K [0x0000000080000000, 0x000000008ac80000, 0x00000000d5580000)
  object space 176640K, 99% used [0x0000000080000000,0x000000008ac7a168,0x000000008ac80000)
 Metaspace       used 86986K, capacity 91314K, committed 93592K, reserved 1130496K
  class space    used 11784K, capacity 12628K, committed 13232K, reserved 1048576K
Event: 35.928 GC heap after
Heap after GC invocations=23 (full 6):
 PSYoungGen      total 325632K, used 32077K [0x00000000d5580000, 0x00000000f4100000, 0x0000000100000000)
  eden space 260608K, 12% used [0x00000000d5580000,0x00000000d74d3420,0x00000000e5400000)
  from space 65024K, 0% used [0x00000000e5400000,0x00000000e5400000,0x00000000e9380000)
  to   space 90112K, 0% used [0x00000000ee900000,0x00000000ee900000,0x00000000f4100000)
 ParOldGen       total 176640K, used 176114K [0x0000000080000000, 0x000000008ac80000, 0x00000000d5580000)
  object space 176640K, 99% used [0x0000000080000000,0x000000008abfc9b0,0x000000008ac80000)
 Metaspace       used 86986K, capacity 91314K, committed 93592K, reserved 1130496K
  class space    used 11784K, capacity 12628K, committed 13232K, reserved 1048576K
}
Event: 37.691 GC heap before
{Heap before GC invocations=24 (full 7):
 PSYoungGen      total 325632K, used 260608K [0x00000000d5580000, 0x00000000f4100000, 0x0000000100000000)
  eden space 260608K, 100% used [0x00000000d5580000,0x00000000e5400000,0x00000000e5400000)
  from space 65024K, 0% used [0x00000000e5400000,0x00000000e5400000,0x00000000e9380000)
  to   space 90112K, 0% used [0x00000000ee900000,0x00000000ee900000,0x00000000f4100000)
 ParOldGen       total 176640K, used 176114K [0x0000000080000000, 0x000000008ac80000, 0x00000000d5580000)
  object space 176640K, 99% used [0x0000000080000000,0x000000008abfc9b0,0x000000008ac80000)
 Metaspace       used 89809K, capacity 94326K, committed 96152K, reserved 1132544K
  class space    used 12099K, capacity 12962K, committed 13488K, reserved 1048576K
Event: 37.813 GC heap after
Heap after GC invocations=24 (full 7):
 PSYoungGen      total 325632K, used 0K [0x00000000d5580000, 0x00000000f4100000, 0x0000000100000000)
  eden space 260608K, 0% used [0x00000000d5580000,0x00000000d5580000,0x00000000e5400000)
  from space 65024K, 0% used [0x00000000e5400000,0x00000000e5400000,0x00000000e9380000)
  to   space 90112K, 0% used [0x00000000ee900000,0x00000000ee900000,0x00000000f4100000)
 ParOldGen       total 176640K, used 94839K [0x0000000080000000, 0x000000008ac80000, 0x00000000d5580000)
  object space 176640K, 53% used [0x0000000080000000,0x0000000085c9dfd8,0x000000008ac80000)
 Metaspace       used 89809K, capacity 94326K, committed 96152K, reserved 1132544K
  class space    used 12099K, capacity 12962K, committed 13488K, reserved 1048576K
}
Event: 184.639 GC heap before
{Heap before GC invocations=25 (full 7):
 PSYoungGen      total 325632K, used 260608K [0x00000000d5580000, 0x00000000f4100000, 0x0000000100000000)
  eden space 260608K, 100% used [0x00000000d5580000,0x00000000e5400000,0x00000000e5400000)
  from space 65024K, 0% used [0x00000000e5400000,0x00000000e5400000,0x00000000e9380000)
  to   space 90112K, 0% used [0x00000000ee900000,0x00000000ee900000,0x00000000f4100000)
 ParOldGen       total 176640K, used 94839K [0x0000000080000000, 0x000000008ac80000, 0x00000000d5580000)
  object space 176640K, 53% used [0x0000000080000000,0x0000000085c9dfd8,0x000000008ac80000)
 Metaspace       used 92516K, capacity 97078K, committed 98584K, reserved 1134592K
  class space    used 12250K, capacity 13118K, committed 13616K, reserved 1048576K
Event: 184.653 GC heap after
Heap after GC invocations=25 (full 7):
 PSYoungGen      total 318976K, used 12247K [0x00000000d5580000, 0x00000000f1080000, 0x0000000100000000)
  eden space 278528K, 0% used [0x00000000d5580000,0x00000000d5580000,0x00000000e6580000)
  from space 40448K, 30% used [0x00000000ee900000,0x00000000ef4f5d90,0x00000000f1080000)
  to   space 87552K, 0% used [0x00000000e6580000,0x00000000e6580000,0x00000000ebb00000)
 ParOldGen       total 176640K, used 94847K [0x0000000080000000, 0x000000008ac80000, 0x00000000d5580000)
  object space 176640K, 53% used [0x0000000080000000,0x0000000085c9ffd8,0x000000008ac80000)
 Metaspace       used 92516K, capacity 97078K, committed 98584K, reserved 1134592K
  class space    used 12250K, capacity 13118K, committed 13616K, reserved 1048576K
}

