# JRE version: OpenJDK Runtime Environment (8.0_242-b01) (build 1.8.0_242-release-1644-b01)
# Java VM: OpenJDK 64-Bit Server VM (25.242-b01 mixed mode windows-amd64 compressed oops)
Heap:
 PSYoungGen      total 366592K, used 61435K [0x00000000d5580000, 0x00000000f4b80000, 0x0000000100000000)
  eden space 305152K, 0% used [0x00000000d5580000,0x00000000d5580000,0x00000000e7f80000)
  from space 61440K, 99% used [0x00000000ed380000,0x00000000f0f7ed78,0x00000000f0f80000)
  to   space 86016K, 0% used [0x00000000e7f80000,0x00000000e7f80000,0x00000000ed380000)
 ParOldGen       total 189440K, used 159987K [0x0000000080000000, 0x000000008b900000, 0x00000000d5580000)
  object space 189440K, 84% used [0x0000000080000000,0x0000000089c3ccb8,0x000000008b900000)
 Metaspace       used 92493K, capacity 98080K, committed 98200K, reserved 1134592K
  class space    used 12374K, capacity 13381K, committed 13488K, reserved 1048576K
GC Heap History (10 events):
Event: 178.536 GC heap after
Heap after GC invocations=21 (full 3):
 PSYoungGen      total 310272K, used 41471K [0x00000000d5580000, 0x00000000ecd00000, 0x0000000100000000)
  eden space 268800K, 0% used [0x00000000d5580000,0x00000000d5580000,0x00000000e5c00000)
  from space 41472K, 99% used [0x00000000e8b80000,0x00000000eb3ffd60,0x00000000eb400000)
  to   space 48640K, 0% used [0x00000000e5c00000,0x00000000e5c00000,0x00000000e8b80000)
 ParOldGen       total 189440K, used 75632K [0x0000000080000000, 0x000000008b900000, 0x00000000d5580000)
  object space 189440K, 39% used [0x0000000080000000,0x00000000849dc318,0x000000008b900000)
 Metaspace       used 79668K, capacity 83834K, committed 84120K, reserved 1122304K
  class space    used 10613K, capacity 11366K, committed 11440K, reserved 1048576K
}
Event: 179.990 GC heap before
{Heap before GC invocations=22 (full 3):
 PSYoungGen      total 310272K, used 310246K [0x00000000d5580000, 0x00000000ecd00000, 0x0000000100000000)
  eden space 268800K, 99% used [0x00000000d5580000,0x00000000e5bf9de8,0x00000000e5c00000)
  from space 41472K, 99% used [0x00000000e8b80000,0x00000000eb3ffd60,0x00000000eb400000)
  to   space 48640K, 0% used [0x00000000e5c00000,0x00000000e5c00000,0x00000000e8b80000)
 ParOldGen       total 189440K, used 75632K [0x0000000080000000, 0x000000008b900000, 0x00000000d5580000)
  object space 189440K, 39% used [0x0000000080000000,0x00000000849dc318,0x000000008b900000)
 Metaspace       used 88652K, capacity 93870K, committed 94104K, reserved 1130496K
  class space    used 11965K, capacity 12892K, committed 12976K, reserved 1048576K
Event: 180.039 GC heap after
Heap after GC invocations=22 (full 3):
 PSYoungGen      total 317440K, used 48617K [0x00000000d5580000, 0x00000000f0100000, 0x0000000100000000)
  eden space 268800K, 0% used [0x00000000d5580000,0x00000000d5580000,0x00000000e5c00000)
  from space 48640K, 99% used [0x00000000e5c00000,0x00000000e8b7a428,0x00000000e8b80000)
  to   space 65536K, 0% used [0x00000000ec100000,0x00000000ec100000,0x00000000f0100000)
 ParOldGen       total 189440K, used 101592K [0x0000000080000000, 0x000000008b900000, 0x00000000d5580000)
  object space 189440K, 53% used [0x0000000080000000,0x0000000086336158,0x000000008b900000)
 Metaspace       used 88652K, capacity 93870K, committed 94104K, reserved 1130496K
  class space    used 11965K, capacity 12892K, committed 12976K, reserved 1048576K
}
Event: 496.726 GC heap before
{Heap before GC invocations=23 (full 3):
 PSYoungGen      total 317440K, used 317417K [0x00000000d5580000, 0x00000000f0100000, 0x0000000100000000)
  eden space 268800K, 100% used [0x00000000d5580000,0x00000000e5c00000,0x00000000e5c00000)
  from space 48640K, 99% used [0x00000000e5c00000,0x00000000e8b7a428,0x00000000e8b80000)
  to   space 65536K, 0% used [0x00000000ec100000,0x00000000ec100000,0x00000000f0100000)
 ParOldGen       total 189440K, used 101592K [0x0000000080000000, 0x000000008b900000, 0x00000000d5580000)
  object space 189440K, 53% used [0x0000000080000000,0x0000000086336158,0x000000008b900000)
 Metaspace       used 91524K, capacity 96990K, committed 97048K, reserved 1132544K
  class space    used 12327K, capacity 13346K, committed 13360K, reserved 1048576K
Event: 496.758 GC heap after
Heap after GC invocations=23 (full 3):
 PSYoungGen      total 352768K, used 21212K [0x00000000d5580000, 0x00000000ef480000, 0x0000000100000000)
  eden space 300032K, 0% used [0x00000000d5580000,0x00000000d5580000,0x00000000e7a80000)
  from space 52736K, 40% used [0x00000000ec100000,0x00000000ed5b7058,0x00000000ef480000)
  to   space 62464K, 0% used [0x00000000e7a80000,0x00000000e7a80000,0x00000000eb780000)
 ParOldGen       total 189440K, used 119097K [0x0000000080000000, 0x000000008b900000, 0x00000000d5580000)
  object space 189440K, 62% used [0x0000000080000000,0x000000008744e448,0x000000008b900000)
 Metaspace       used 91524K, capacity 96990K, committed 97048K, reserved 1132544K
  class space    used 12327K, capacity 13346K, committed 13360K, reserved 1048576K
}
Event: 500.345 GC heap before
{Heap before GC invocations=24 (full 3):
 PSYoungGen      total 352768K, used 320917K [0x00000000d5580000, 0x00000000ef480000, 0x0000000100000000)
  eden space 300032K, 99% used [0x00000000d5580000,0x00000000e7a2e668,0x00000000e7a80000)
  from space 52736K, 40% used [0x00000000ec100000,0x00000000ed5b7058,0x00000000ef480000)
  to   space 62464K, 0% used [0x00000000e7a80000,0x00000000e7a80000,0x00000000eb780000)
 ParOldGen       total 189440K, used 119097K [0x0000000080000000, 0x000000008b900000, 0x00000000d5580000)
  object space 189440K, 62% used [0x0000000080000000,0x000000008744e448,0x000000008b900000)
 Metaspace       used 91698K, capacity 97272K, committed 97432K, reserved 1132544K
  class space    used 12343K, capacity 13369K, committed 13488K, reserved 1048576K
Event: 500.362 GC heap after
Heap after GC invocations=24 (full 3):
 PSYoungGen      total 362496K, used 32800K [0x00000000d5580000, 0x00000000f0f80000, 0x0000000100000000)
  eden space 300032K, 0% used [0x00000000d5580000,0x00000000d5580000,0x00000000e7a80000)
  from space 62464K, 52% used [0x00000000e7a80000,0x00000000e9a88148,0x00000000eb780000)
  to   space 61440K, 0% used [0x00000000ed380000,0x00000000ed380000,0x00000000f0f80000)
 ParOldGen       total 189440K, used 119105K [0x0000000080000000, 0x000000008b900000, 0x00000000d5580000)
  object space 189440K, 62% used [0x0000000080000000,0x0000000087450448,0x000000008b900000)
 Metaspace       used 91698K, capacity 97272K, committed 97432K, reserved 1132544K
  class space    used 12343K, capacity 13369K, committed 13488K, reserved 1048576K
}
Event: 501.637 GC heap before
{Heap before GC invocations=25 (full 3):
 PSYoungGen      total 362496K, used 332832K [0x00000000d5580000, 0x00000000f0f80000, 0x0000000100000000)
  eden space 300032K, 100% used [0x00000000d5580000,0x00000000e7a80000,0x00000000e7a80000)
  from space 62464K, 52% used [0x00000000e7a80000,0x00000000e9a88148,0x00000000eb780000)
  to   space 61440K, 0% used [0x00000000ed380000,0x00000000ed380000,0x00000000f0f80000)
 ParOldGen       total 189440K, used 119105K [0x0000000080000000, 0x000000008b900000, 0x00000000d5580000)
  object space 189440K, 62% used [0x0000000080000000,0x0000000087450448,0x000000008b900000)
 Metaspace       used 92493K, capacity 98080K, committed 98200K, reserved 1134592K
  class space    used 12374K, capacity 13381K, committed 13488K, reserved 1048576K
Event: 501.718 GC heap after
Heap after GC invocations=25 (full 3):
 PSYoungGen      total 366592K, used 61435K [0x00000000d5580000, 0x00000000f4b80000, 0x0000000100000000)
  eden space 305152K, 0% used [0x00000000d5580000,0x00000000d5580000,0x00000000e7f80000)
  from space 61440K, 99% used [0x00000000ed380000,0x00000000f0f7ed78,0x00000000f0f80000)
  to   space 86016K, 0% used [0x00000000e7f80000,0x00000000e7f80000,0x00000000ed380000)
 ParOldGen       total 189440K, used 159987K [0x0000000080000000, 0x000000008b900000, 0x00000000d5580000)
  object space 189440K, 84% used [0x0000000080000000,0x0000000089c3ccb8,0x000000008b900000)
 Metaspace       used 92493K, capacity 98080K, committed 98200K, reserved 1134592K
  class space    used 12374K, capacity 13381K, committed 13488K, reserved 1048576K
}
Event: 501.718 GC heap before
{Heap before GC invocations=26 (full 4):
 PSYoungGen      total 366592K, used 61435K [0x00000000d5580000, 0x00000000f4b80000, 0x0000000100000000)
  eden space 305152K, 0% used [0x00000000d5580000,0x00000000d5580000,0x00000000e7f80000)
  from space 61440K, 99% used [0x00000000ed380000,0x00000000f0f7ed78,0x00000000f0f80000)
  to   space 86016K, 0% used [0x00000000e7f80000,0x00000000e7f80000,0x00000000ed380000)
 ParOldGen       total 189440K, used 159987K [0x0000000080000000, 0x000000008b900000, 0x00000000d5580000)
  object space 189440K, 84% used [0x0000000080000000,0x0000000089c3ccb8,0x000000008b900000)
 Metaspace       used 92493K, capacity 98080K, committed 98200K, reserved 1134592K
  class space    used 12374K, capacity 13381K, committed 13488K, reserved 1048576K

