# JRE version: OpenJDK Runtime Environment (8.0_242-b01) (build 1.8.0_242-release-1644-b01)
# Java VM: OpenJDK 64-Bit Server VM (25.242-b01 mixed mode windows-amd64 compressed oops)
Heap:
 PSYoungGen      total 457216K, used 309263K [0x00000000d5580000, 0x00000000f9d80000, 0x0000000100000000)
  eden space 365056K, 72% used [0x00000000d5580000,0x00000000e574ac30,0x00000000eba00000)
  from space 92160K, 49% used [0x00000000eba00000,0x00000000ee639280,0x00000000f1400000)
  to   space 90624K, 0% used [0x00000000f4500000,0x00000000f4500000,0x00000000f9d80000)
 ParOldGen       total 395776K, used 188214K [0x0000000080000000, 0x0000000098280000, 0x00000000d5580000)
  object space 395776K, 47% used [0x0000000080000000,0x000000008b7cdbb0,0x0000000098280000)
 Metaspace       used 94749K, capacity 99226K, committed 99352K, reserved 1134592K
  class space    used 12409K, capacity 13264K, committed 13360K, reserved 1048576K
GC Heap History (10 events):
Event: 28.685 GC heap before
{Heap before GC invocations=19 (full 3):
 PSYoungGen      total 309760K, used 289698K [0x00000000d5580000, 0x00000000edd80000, 0x0000000100000000)
  eden space 269312K, 99% used [0x00000000d5580000,0x00000000e5c73cc0,0x00000000e5c80000)
  from space 40448K, 50% used [0x00000000e5c80000,0x00000000e7074e88,0x00000000e8400000)
  to   space 39424K, 0% used [0x00000000eb700000,0x00000000eb700000,0x00000000edd80000)
 ParOldGen       total 162816K, used 87963K [0x0000000080000000, 0x0000000089f00000, 0x00000000d5580000)
  object space 162816K, 54% used [0x0000000080000000,0x00000000855e6fd0,0x0000000089f00000)
 Metaspace       used 78482K, capacity 82132K, committed 82456K, reserved 1120256K
  class space    used 10482K, capacity 11200K, committed 11312K, reserved 1048576K
Event: 28.765 GC heap after
Heap after GC invocations=19 (full 3):
 PSYoungGen      total 353280K, used 39413K [0x00000000d5580000, 0x00000000ef180000, 0x0000000100000000)
  eden space 313856K, 0% used [0x00000000d5580000,0x00000000d5580000,0x00000000e8800000)
  from space 39424K, 99% used [0x00000000eb700000,0x00000000edd7d738,0x00000000edd80000)
  to   space 48128K, 0% used [0x00000000e8800000,0x00000000e8800000,0x00000000eb700000)
 ParOldGen       total 162816K, used 94833K [0x0000000080000000, 0x0000000089f00000, 0x00000000d5580000)
  object space 162816K, 58% used [0x0000000080000000,0x0000000085c9c548,0x0000000089f00000)
 Metaspace       used 78482K, capacity 82132K, committed 82456K, reserved 1120256K
  class space    used 10482K, capacity 11200K, committed 11312K, reserved 1048576K
}
Event: 31.450 GC heap before
{Heap before GC invocations=20 (full 3):
 PSYoungGen      total 353280K, used 353269K [0x00000000d5580000, 0x00000000ef180000, 0x0000000100000000)
  eden space 313856K, 100% used [0x00000000d5580000,0x00000000e8800000,0x00000000e8800000)
  from space 39424K, 99% used [0x00000000eb700000,0x00000000edd7d738,0x00000000edd80000)
  to   space 48128K, 0% used [0x00000000e8800000,0x00000000e8800000,0x00000000eb700000)
 ParOldGen       total 162816K, used 94833K [0x0000000080000000, 0x0000000089f00000, 0x00000000d5580000)
  object space 162816K, 58% used [0x0000000080000000,0x0000000085c9c548,0x0000000089f00000)
 Metaspace       used 82897K, capacity 86816K, committed 86936K, reserved 1124352K
  class space    used 11133K, capacity 11886K, committed 11952K, reserved 1048576K
Event: 31.613 GC heap after
Heap after GC invocations=20 (full 3):
 PSYoungGen      total 361984K, used 48113K [0x00000000d5580000, 0x00000000f6a00000, 0x0000000100000000)
  eden space 313856K, 0% used [0x00000000d5580000,0x00000000d5580000,0x00000000e8800000)
  from space 48128K, 99% used [0x00000000e8800000,0x00000000eb6fc510,0x00000000eb700000)
  to   space 88064K, 0% used [0x00000000f1400000,0x00000000f1400000,0x00000000f6a00000)
 ParOldGen       total 182784K, used 182707K [0x0000000080000000, 0x000000008b280000, 0x00000000d5580000)
  object space 182784K, 99% used [0x0000000080000000,0x000000008b26cd98,0x000000008b280000)
 Metaspace       used 82897K, capacity 86816K, committed 86936K, reserved 1124352K
  class space    used 11133K, capacity 11886K, committed 11952K, reserved 1048576K
}
Event: 31.613 GC heap before
{Heap before GC invocations=21 (full 4):
 PSYoungGen      total 361984K, used 48113K [0x00000000d5580000, 0x00000000f6a00000, 0x0000000100000000)
  eden space 313856K, 0% used [0x00000000d5580000,0x00000000d5580000,0x00000000e8800000)
  from space 48128K, 99% used [0x00000000e8800000,0x00000000eb6fc510,0x00000000eb700000)
  to   space 88064K, 0% used [0x00000000f1400000,0x00000000f1400000,0x00000000f6a00000)
 ParOldGen       total 182784K, used 182707K [0x0000000080000000, 0x000000008b280000, 0x00000000d5580000)
  object space 182784K, 99% used [0x0000000080000000,0x000000008b26cd98,0x000000008b280000)
 Metaspace       used 82897K, capacity 86816K, committed 86936K, reserved 1124352K
  class space    used 11133K, capacity 11886K, committed 11952K, reserved 1048576K
Event: 32.431 GC heap after
Heap after GC invocations=21 (full 4):
 PSYoungGen      total 361984K, used 6113K [0x00000000d5580000, 0x00000000f6a00000, 0x0000000100000000)
  eden space 313856K, 0% used [0x00000000d5580000,0x00000000d5580000,0x00000000e8800000)
  from space 48128K, 12% used [0x00000000e8800000,0x00000000e8df87d0,0x00000000eb700000)
  to   space 88064K, 0% used [0x00000000f1400000,0x00000000f1400000,0x00000000f6a00000)
 ParOldGen       total 395776K, used 182783K [0x0000000080000000, 0x0000000098280000, 0x00000000d5580000)
  object space 395776K, 46% used [0x0000000080000000,0x000000008b27fff0,0x0000000098280000)
 Metaspace       used 82753K, capacity 86400K, committed 86936K, reserved 1124352K
  class space    used 11088K, capacity 11808K, committed 11952K, reserved 1048576K
}
Event: 36.653 GC heap before
{Heap before GC invocations=22 (full 4):
 PSYoungGen      total 361984K, used 319969K [0x00000000d5580000, 0x00000000f6a00000, 0x0000000100000000)
  eden space 313856K, 100% used [0x00000000d5580000,0x00000000e8800000,0x00000000e8800000)
  from space 48128K, 12% used [0x00000000e8800000,0x00000000e8df87d0,0x00000000eb700000)
  to   space 88064K, 0% used [0x00000000f1400000,0x00000000f1400000,0x00000000f6a00000)
 ParOldGen       total 395776K, used 182783K [0x0000000080000000, 0x0000000098280000, 0x00000000d5580000)
  object space 395776K, 46% used [0x0000000080000000,0x000000008b27fff0,0x0000000098280000)
 Metaspace       used 85819K, capacity 90010K, committed 90136K, reserved 1126400K
  class space    used 11496K, capacity 12301K, committed 12336K, reserved 1048576K
Event: 36.758 GC heap after
Heap after GC invocations=22 (full 4):
 PSYoungGen      total 453120K, used 58363K [0x00000000d5580000, 0x00000000f6f80000, 0x0000000100000000)
  eden space 365056K, 0% used [0x00000000d5580000,0x00000000d5580000,0x00000000eba00000)
  from space 88064K, 66% used [0x00000000f1400000,0x00000000f4cfefc0,0x00000000f6a00000)
  to   space 92160K, 0% used [0x00000000eba00000,0x00000000eba00000,0x00000000f1400000)
 ParOldGen       total 395776K, used 188206K [0x0000000080000000, 0x0000000098280000, 0x00000000d5580000)
  object space 395776K, 47% used [0x0000000080000000,0x000000008b7cbbb0,0x0000000098280000)
 Metaspace       used 85819K, capacity 90010K, committed 90136K, reserved 1126400K
  class space    used 11496K, capacity 12301K, committed 12336K, reserved 1048576K
}
Event: 84.695 GC heap before
{Heap before GC invocations=23 (full 4):
 PSYoungGen      total 453120K, used 423419K [0x00000000d5580000, 0x00000000f6f80000, 0x0000000100000000)
  eden space 365056K, 100% used [0x00000000d5580000,0x00000000eba00000,0x00000000eba00000)
  from space 88064K, 66% used [0x00000000f1400000,0x00000000f4cfefc0,0x00000000f6a00000)
  to   space 92160K, 0% used [0x00000000eba00000,0x00000000eba00000,0x00000000f1400000)
 ParOldGen       total 395776K, used 188206K [0x0000000080000000, 0x0000000098280000, 0x00000000d5580000)
  object space 395776K, 47% used [0x0000000080000000,0x000000008b7cbbb0,0x0000000098280000)
 Metaspace       used 92335K, capacity 96678K, committed 96792K, reserved 1132544K
  class space    used 12238K, capacity 13078K, committed 13104K, reserved 1048576K
Event: 84.763 GC heap after
Heap after GC invocations=23 (full 4):
 PSYoungGen      total 457216K, used 45284K [0x00000000d5580000, 0x00000000f9d80000, 0x0000000100000000)
  eden space 365056K, 0% used [0x00000000d5580000,0x00000000d5580000,0x00000000eba00000)
  from space 92160K, 49% used [0x00000000eba00000,0x00000000ee639280,0x00000000f1400000)
  to   space 90624K, 0% used [0x00000000f4500000,0x00000000f4500000,0x00000000f9d80000)
 ParOldGen       total 395776K, used 188214K [0x0000000080000000, 0x0000000098280000, 0x00000000d5580000)
  object space 395776K, 47% used [0x0000000080000000,0x000000008b7cdbb0,0x0000000098280000)
 Metaspace       used 92335K, capacity 96678K, committed 96792K, reserved 1132544K
  class space    used 12238K, capacity 13078K, committed 13104K, reserved 1048576K
}

