# JRE version: OpenJDK Runtime Environment (8.0_242-b01) (build 1.8.0_242-release-1644-b01)
# Java VM: OpenJDK 64-Bit Server VM (25.242-b01 mixed mode windows-amd64 compressed oops)
Heap:
 PSYoungGen      total 560128K, used 63897K [0x00000000d5580000, 0x0000000100000000, 0x0000000100000000)
  eden space 484352K, 6% used [0x00000000d5580000,0x00000000d7628b68,0x00000000f2e80000)
  from space 75776K, 40% used [0x00000000f2e80000,0x00000000f4c3d920,0x00000000f7880000)
  to   space 118784K, 0% used [0x00000000f8c00000,0x00000000f8c00000,0x0000000100000000)
 ParOldGen       total 213504K, used 212908K [0x0000000080000000, 0x000000008d080000, 0x00000000d5580000)
  object space 213504K, 99% used [0x0000000080000000,0x000000008cfeb138,0x000000008d080000)
 Metaspace       used 110108K, capacity 116062K, committed 119576K, reserved 1153024K
  class space    used 13945K, capacity 15043K, committed 15920K, reserved 1048576K
GC Heap History (10 events):
Event: 787.334 GC heap before
{Heap before GC invocations=28 (full 4):
 PSYoungGen      total 485376K, used 485365K [0x00000000d5580000, 0x00000000f8d00000, 0x0000000100000000)
  eden space 440832K, 100% used [0x00000000d5580000,0x00000000f0400000,0x00000000f0400000)
  from space 44544K, 99% used [0x00000000f0400000,0x00000000f2f7d680,0x00000000f2f80000)
  to   space 54272K, 0% used [0x00000000f5800000,0x00000000f5800000,0x00000000f8d00000)
 ParOldGen       total 170496K, used 117942K [0x0000000080000000, 0x000000008a680000, 0x00000000d5580000)
  object space 170496K, 69% used [0x0000000080000000,0x000000008732d8a0,0x000000008a680000)
 Metaspace       used 110809K, capacity 118394K, committed 118680K, reserved 1153024K
  class space    used 14326K, capacity 15789K, committed 15792K, reserved 1048576K
Event: 787.430 GC heap after
Heap after GC invocations=28 (full 4):
 PSYoungGen      total 516608K, used 54256K [0x00000000d5580000, 0x00000000f9e80000, 0x0000000100000000)
  eden space 462336K, 0% used [0x00000000d5580000,0x00000000d5580000,0x00000000f1900000)
  from space 54272K, 99% used [0x00000000f5800000,0x00000000f8cfc160,0x00000000f8d00000)
  to   space 64512K, 0% used [0x00000000f1900000,0x00000000f1900000,0x00000000f5800000)
 ParOldGen       total 170496K, used 124045K [0x0000000080000000, 0x000000008a680000, 0x00000000d5580000)
  object space 170496K, 72% used [0x0000000080000000,0x00000000879236a0,0x000000008a680000)
 Metaspace       used 110809K, capacity 118394K, committed 118680K, reserved 1153024K
  class space    used 14326K, capacity 15789K, committed 15792K, reserved 1048576K
}
Event: 789.262 GC heap before
{Heap before GC invocations=29 (full 4):
 PSYoungGen      total 516608K, used 516592K [0x00000000d5580000, 0x00000000f9e80000, 0x0000000100000000)
  eden space 462336K, 100% used [0x00000000d5580000,0x00000000f1900000,0x00000000f1900000)
  from space 54272K, 99% used [0x00000000f5800000,0x00000000f8cfc160,0x00000000f8d00000)
  to   space 64512K, 0% used [0x00000000f1900000,0x00000000f1900000,0x00000000f5800000)
 ParOldGen       total 170496K, used 124045K [0x0000000080000000, 0x000000008a680000, 0x00000000d5580000)
  object space 170496K, 72% used [0x0000000080000000,0x00000000879236a0,0x000000008a680000)
 Metaspace       used 111282K, capacity 118894K, committed 119064K, reserved 1153024K
  class space    used 14362K, capacity 15825K, committed 15920K, reserved 1048576K
Event: 789.296 GC heap after
Heap after GC invocations=29 (full 4):
 PSYoungGen      total 526848K, used 48872K [0x00000000d5580000, 0x00000000fbb80000, 0x0000000100000000)
  eden space 462336K, 0% used [0x00000000d5580000,0x00000000d5580000,0x00000000f1900000)
  from space 64512K, 75% used [0x00000000f1900000,0x00000000f48ba3e0,0x00000000f5800000)
  to   space 68608K, 0% used [0x00000000f7880000,0x00000000f7880000,0x00000000fbb80000)
 ParOldGen       total 170496K, used 127002K [0x0000000080000000, 0x000000008a680000, 0x00000000d5580000)
  object space 170496K, 74% used [0x0000000080000000,0x0000000087c068a0,0x000000008a680000)
 Metaspace       used 111282K, capacity 118894K, committed 119064K, reserved 1153024K
  class space    used 14362K, capacity 15825K, committed 15920K, reserved 1048576K
}
Event: 792.084 GC heap before
{Heap before GC invocations=30 (full 4):
 PSYoungGen      total 526848K, used 511064K [0x00000000d5580000, 0x00000000fbb80000, 0x0000000100000000)
  eden space 462336K, 99% used [0x00000000d5580000,0x00000000f18dbe90,0x00000000f1900000)
  from space 64512K, 75% used [0x00000000f1900000,0x00000000f48ba3e0,0x00000000f5800000)
  to   space 68608K, 0% used [0x00000000f7880000,0x00000000f7880000,0x00000000fbb80000)
 ParOldGen       total 170496K, used 127002K [0x0000000080000000, 0x000000008a680000, 0x00000000d5580000)
  object space 170496K, 74% used [0x0000000080000000,0x0000000087c068a0,0x000000008a680000)
 Metaspace       used 111563K, capacity 119180K, committed 119320K, reserved 1153024K
  class space    used 14393K, capacity 15854K, committed 15920K, reserved 1048576K
Event: 792.123 GC heap after
Heap after GC invocations=30 (full 4):
 PSYoungGen      total 552960K, used 60449K [0x00000000d5580000, 0x00000000fcb80000, 0x0000000100000000)
  eden space 484352K, 0% used [0x00000000d5580000,0x00000000d5580000,0x00000000f2e80000)
  from space 68608K, 88% used [0x00000000f7880000,0x00000000fb388610,0x00000000fbb80000)
  to   space 75776K, 0% used [0x00000000f2e80000,0x00000000f2e80000,0x00000000f7880000)
 ParOldGen       total 170496K, used 127010K [0x0000000080000000, 0x000000008a680000, 0x00000000d5580000)
  object space 170496K, 74% used [0x0000000080000000,0x0000000087c088a0,0x000000008a680000)
 Metaspace       used 111563K, capacity 119180K, committed 119320K, reserved 1153024K
  class space    used 14393K, capacity 15854K, committed 15920K, reserved 1048576K
}
Event: 795.605 GC heap before
{Heap before GC invocations=31 (full 4):
 PSYoungGen      total 552960K, used 544528K [0x00000000d5580000, 0x00000000fcb80000, 0x0000000100000000)
  eden space 484352K, 99% used [0x00000000d5580000,0x00000000f2e3ba60,0x00000000f2e80000)
  from space 68608K, 88% used [0x00000000f7880000,0x00000000fb388610,0x00000000fbb80000)
  to   space 75776K, 0% used [0x00000000f2e80000,0x00000000f2e80000,0x00000000f7880000)
 ParOldGen       total 170496K, used 127010K [0x0000000080000000, 0x000000008a680000, 0x00000000d5580000)
  object space 170496K, 74% used [0x0000000080000000,0x0000000087c088a0,0x000000008a680000)
 Metaspace       used 111692K, capacity 119312K, committed 119576K, reserved 1153024K
  class space    used 14393K, capacity 15854K, committed 15920K, reserved 1048576K
Event: 795.731 GC heap after
Heap after GC invocations=31 (full 4):
 PSYoungGen      total 560128K, used 75746K [0x00000000d5580000, 0x0000000100000000, 0x0000000100000000)
  eden space 484352K, 0% used [0x00000000d5580000,0x00000000d5580000,0x00000000f2e80000)
  from space 75776K, 99% used [0x00000000f2e80000,0x00000000f7878868,0x00000000f7880000)
  to   space 118784K, 0% used [0x00000000f8c00000,0x00000000f8c00000,0x0000000100000000)
 ParOldGen       total 213504K, used 212480K [0x0000000080000000, 0x000000008d080000, 0x00000000d5580000)
  object space 213504K, 99% used [0x0000000080000000,0x000000008cf80090,0x000000008d080000)
 Metaspace       used 111692K, capacity 119312K, committed 119576K, reserved 1153024K
  class space    used 14393K, capacity 15854K, committed 15920K, reserved 1048576K
}
Event: 795.731 GC heap before
{Heap before GC invocations=32 (full 5):
 PSYoungGen      total 560128K, used 75746K [0x00000000d5580000, 0x0000000100000000, 0x0000000100000000)
  eden space 484352K, 0% used [0x00000000d5580000,0x00000000d5580000,0x00000000f2e80000)
  from space 75776K, 99% used [0x00000000f2e80000,0x00000000f7878868,0x00000000f7880000)
  to   space 118784K, 0% used [0x00000000f8c00000,0x00000000f8c00000,0x0000000100000000)
 ParOldGen       total 213504K, used 212480K [0x0000000080000000, 0x000000008d080000, 0x00000000d5580000)
  object space 213504K, 99% used [0x0000000080000000,0x000000008cf80090,0x000000008d080000)
 Metaspace       used 111692K, capacity 119312K, committed 119576K, reserved 1153024K
  class space    used 14393K, capacity 15854K, committed 15920K, reserved 1048576K
Event: 797.147 GC heap after
Heap after GC invocations=32 (full 5):
 PSYoungGen      total 560128K, used 30454K [0x00000000d5580000, 0x0000000100000000, 0x0000000100000000)
  eden space 484352K, 0% used [0x00000000d5580000,0x00000000d5580000,0x00000000f2e80000)
  from space 75776K, 40% used [0x00000000f2e80000,0x00000000f4c3d920,0x00000000f7880000)
  to   space 118784K, 0% used [0x00000000f8c00000,0x00000000f8c00000,0x0000000100000000)
 ParOldGen       total 213504K, used 212908K [0x0000000080000000, 0x000000008d080000, 0x00000000d5580000)
  object space 213504K, 99% used [0x0000000080000000,0x000000008cfeb138,0x000000008d080000)
 Metaspace       used 110048K, capacity 116024K, committed 119576K, reserved 1153024K
  class space    used 13938K, capacity 15036K, committed 15920K, reserved 1048576K
}

