# JRE version: OpenJDK Runtime Environment (8.0_242-b01) (build 1.8.0_242-release-1644-b01)
# Java VM: OpenJDK 64-Bit Server VM (25.242-b01 mixed mode windows-amd64 compressed oops)
Heap:
 PSYoungGen      total 343040K, used 266249K [0x00000000d5580000, 0x00000000ef480000, 0x0000000100000000)
  eden space 261120K, 81% used [0x00000000d5580000,0x00000000e26498c0,0x00000000e5480000)
  from space 81920K, 64% used [0x00000000e5480000,0x00000000e87b8c78,0x00000000ea480000)
  to   space 78336K, 0% used [0x00000000ea600000,0x00000000ea600000,0x00000000ef280000)
 ParOldGen       total 179712K, used 134131K [0x0000000080000000, 0x000000008af80000, 0x00000000d5580000)
  object space 179712K, 74% used [0x0000000080000000,0x00000000882fcfa0,0x000000008af80000)
 Metaspace       used 89268K, capacity 94134K, committed 94232K, reserved 1130496K
  class space    used 11841K, capacity 12756K, committed 12848K, reserved 1048576K
GC Heap History (10 events):
Event: 24.026 GC heap before
{Heap before GC invocations=18 (full 3):
 PSYoungGen      total 234496K, used 234488K [0x00000000d5580000, 0x00000000e7a00000, 0x0000000100000000)
  eden space 209408K, 100% used [0x00000000d5580000,0x00000000e2200000,0x00000000e2200000)
  from space 25088K, 99% used [0x00000000e4700000,0x00000000e5f7e208,0x00000000e5f80000)
  to   space 37888K, 0% used [0x00000000e2200000,0x00000000e2200000,0x00000000e4700000)
 ParOldGen       total 179712K, used 60111K [0x0000000080000000, 0x000000008af80000, 0x00000000d5580000)
  object space 179712K, 33% used [0x0000000080000000,0x0000000083ab3d10,0x000000008af80000)
 Metaspace       used 77800K, capacity 81706K, committed 81944K, reserved 1120256K
  class space    used 10744K, capacity 11537K, committed 11568K, reserved 1048576K
Event: 24.104 GC heap after
Heap after GC invocations=18 (full 3):
 PSYoungGen      total 247296K, used 37880K [0x00000000d5580000, 0x00000000ec900000, 0x0000000100000000)
  eden space 209408K, 0% used [0x00000000d5580000,0x00000000d5580000,0x00000000e2200000)
  from space 37888K, 99% used [0x00000000e2200000,0x00000000e46fe068,0x00000000e4700000)
  to   space 67072K, 0% used [0x00000000e8780000,0x00000000e8780000,0x00000000ec900000)
 ParOldGen       total 179712K, used 123660K [0x0000000080000000, 0x000000008af80000, 0x00000000d5580000)
  object space 179712K, 68% used [0x0000000080000000,0x00000000878c3010,0x000000008af80000)
 Metaspace       used 77800K, capacity 81706K, committed 81944K, reserved 1120256K
  class space    used 10744K, capacity 11537K, committed 11568K, reserved 1048576K
}
Event: 25.622 GC heap before
{Heap before GC invocations=19 (full 3):
 PSYoungGen      total 247296K, used 247288K [0x00000000d5580000, 0x00000000ec900000, 0x0000000100000000)
  eden space 209408K, 100% used [0x00000000d5580000,0x00000000e2200000,0x00000000e2200000)
  from space 37888K, 99% used [0x00000000e2200000,0x00000000e46fe068,0x00000000e4700000)
  to   space 67072K, 0% used [0x00000000e8780000,0x00000000e8780000,0x00000000ec900000)
 ParOldGen       total 179712K, used 123660K [0x0000000080000000, 0x000000008af80000, 0x00000000d5580000)
  object space 179712K, 68% used [0x0000000080000000,0x00000000878c3010,0x000000008af80000)
 Metaspace       used 78787K, capacity 82932K, committed 83096K, reserved 1120256K
  class space    used 10845K, capacity 11660K, committed 11696K, reserved 1048576K
Event: 25.689 GC heap after
Heap after GC invocations=19 (full 3):
 PSYoungGen      total 302592K, used 65216K [0x00000000d5580000, 0x00000000ee380000, 0x0000000100000000)
  eden space 235520K, 0% used [0x00000000d5580000,0x00000000d5580000,0x00000000e3b80000)
  from space 67072K, 97% used [0x00000000e8780000,0x00000000ec730118,0x00000000ec900000)
  to   space 77824K, 0% used [0x00000000e3b80000,0x00000000e3b80000,0x00000000e8780000)
 ParOldGen       total 179712K, used 134107K [0x0000000080000000, 0x000000008af80000, 0x00000000d5580000)
  object space 179712K, 74% used [0x0000000080000000,0x00000000882f6fa0,0x000000008af80000)
 Metaspace       used 78787K, capacity 82932K, committed 83096K, reserved 1120256K
  class space    used 10845K, capacity 11660K, committed 11696K, reserved 1048576K
}
Event: 27.660 GC heap before
{Heap before GC invocations=20 (full 3):
 PSYoungGen      total 302592K, used 300736K [0x00000000d5580000, 0x00000000ee380000, 0x0000000100000000)
  eden space 235520K, 100% used [0x00000000d5580000,0x00000000e3b80000,0x00000000e3b80000)
  from space 67072K, 97% used [0x00000000e8780000,0x00000000ec730118,0x00000000ec900000)
  to   space 77824K, 0% used [0x00000000e3b80000,0x00000000e3b80000,0x00000000e8780000)
 ParOldGen       total 179712K, used 134107K [0x0000000080000000, 0x000000008af80000, 0x00000000d5580000)
  object space 179712K, 74% used [0x0000000080000000,0x00000000882f6fa0,0x000000008af80000)
 Metaspace       used 81745K, capacity 85988K, committed 86296K, reserved 1124352K
  class space    used 11171K, capacity 11994K, committed 12080K, reserved 1048576K
Event: 27.701 GC heap after
Heap after GC invocations=20 (full 3):
 PSYoungGen      total 313344K, used 42851K [0x00000000d5580000, 0x00000000ef280000, 0x0000000100000000)
  eden space 235520K, 0% used [0x00000000d5580000,0x00000000d5580000,0x00000000e3b80000)
  from space 77824K, 55% used [0x00000000e3b80000,0x00000000e6558e40,0x00000000e8780000)
  to   space 78336K, 0% used [0x00000000ea600000,0x00000000ea600000,0x00000000ef280000)
 ParOldGen       total 179712K, used 134115K [0x0000000080000000, 0x000000008af80000, 0x00000000d5580000)
  object space 179712K, 74% used [0x0000000080000000,0x00000000882f8fa0,0x000000008af80000)
 Metaspace       used 81745K, capacity 85988K, committed 86296K, reserved 1124352K
  class space    used 11171K, capacity 11994K, committed 12080K, reserved 1048576K
}
Event: 47.626 GC heap before
{Heap before GC invocations=21 (full 3):
 PSYoungGen      total 313344K, used 278371K [0x00000000d5580000, 0x00000000ef280000, 0x0000000100000000)
  eden space 235520K, 100% used [0x00000000d5580000,0x00000000e3b80000,0x00000000e3b80000)
  from space 77824K, 55% used [0x00000000e3b80000,0x00000000e6558e40,0x00000000e8780000)
  to   space 78336K, 0% used [0x00000000ea600000,0x00000000ea600000,0x00000000ef280000)
 ParOldGen       total 179712K, used 134115K [0x0000000080000000, 0x000000008af80000, 0x00000000d5580000)
  object space 179712K, 74% used [0x0000000080000000,0x00000000882f8fa0,0x000000008af80000)
 Metaspace       used 87283K, capacity 91724K, committed 91928K, reserved 1128448K
  class space    used 11685K, capacity 12537K, committed 12592K, reserved 1048576K
Event: 47.674 GC heap after
Heap after GC invocations=21 (full 3):
 PSYoungGen      total 339456K, used 52629K [0x00000000d5580000, 0x00000000ef480000, 0x0000000100000000)
  eden space 261120K, 0% used [0x00000000d5580000,0x00000000d5580000,0x00000000e5480000)
  from space 78336K, 67% used [0x00000000ea600000,0x00000000ed9654d0,0x00000000ef280000)
  to   space 81920K, 0% used [0x00000000e5480000,0x00000000e5480000,0x00000000ea480000)
 ParOldGen       total 179712K, used 134123K [0x0000000080000000, 0x000000008af80000, 0x00000000d5580000)
  object space 179712K, 74% used [0x0000000080000000,0x00000000882fafa0,0x000000008af80000)
 Metaspace       used 87283K, capacity 91724K, committed 91928K, reserved 1128448K
  class space    used 11685K, capacity 12537K, committed 12592K, reserved 1048576K
}
Event: 110.496 GC heap before
{Heap before GC invocations=22 (full 3):
 PSYoungGen      total 339456K, used 313749K [0x00000000d5580000, 0x00000000ef480000, 0x0000000100000000)
  eden space 261120K, 100% used [0x00000000d5580000,0x00000000e5480000,0x00000000e5480000)
  from space 78336K, 67% used [0x00000000ea600000,0x00000000ed9654d0,0x00000000ef280000)
  to   space 81920K, 0% used [0x00000000e5480000,0x00000000e5480000,0x00000000ea480000)
 ParOldGen       total 179712K, used 134123K [0x0000000080000000, 0x000000008af80000, 0x00000000d5580000)
  object space 179712K, 74% used [0x0000000080000000,0x00000000882fafa0,0x000000008af80000)
 Metaspace       used 88741K, capacity 93372K, committed 93592K, reserved 1130496K
  class space    used 11804K, capacity 12695K, committed 12720K, reserved 1048576K
Event: 110.584 GC heap after
Heap after GC invocations=22 (full 3):
 PSYoungGen      total 343040K, used 52451K [0x00000000d5580000, 0x00000000ef480000, 0x0000000100000000)
  eden space 261120K, 0% used [0x00000000d5580000,0x00000000d5580000,0x00000000e5480000)
  from space 81920K, 64% used [0x00000000e5480000,0x00000000e87b8c78,0x00000000ea480000)
  to   space 78336K, 0% used [0x00000000ea600000,0x00000000ea600000,0x00000000ef280000)
 ParOldGen       total 179712K, used 134131K [0x0000000080000000, 0x000000008af80000, 0x00000000d5580000)
  object space 179712K, 74% used [0x0000000080000000,0x00000000882fcfa0,0x000000008af80000)
 Metaspace       used 88741K, capacity 93372K, committed 93592K, reserved 1130496K
  class space    used 11804K, capacity 12695K, committed 12720K, reserved 1048576K
}

