# JRE version: OpenJDK Runtime Environment (8.0_242-b01) (build 1.8.0_242-release-1644-b01)
# Java VM: OpenJDK 64-Bit Server VM (25.242-b01 mixed mode windows-amd64 compressed oops)
Heap:
 PSYoungGen      total 106496K, used 76035K [0x0000000780a00000, 0x0000000787a00000, 0x00000007c0000000)
  eden space 98304K, 77% used [0x0000000780a00000,0x0000000785440c60,0x0000000786a00000)
  from space 8192K, 0% used [0x0000000786a00000,0x0000000786a00000,0x0000000787200000)
  to   space 8192K, 0% used [0x0000000787200000,0x0000000787200000,0x0000000787a00000)
 ParOldGen       total 111104K, used 35528K [0x0000000701e00000, 0x0000000708a80000, 0x0000000780a00000)
  object space 111104K, 31% used [0x0000000701e00000,0x00000007040b2180,0x0000000708a80000)
 Metaspace       used 39954K, capacity 40623K, committed 41088K, reserved 1085440K
  class space    used 4932K, capacity 5125K, committed 5248K, reserved 1048576K
GC Heap History (10 events):
Event: 0.972 GC heap before
{Heap before GC invocations=1 (full 0):
 PSYoungGen      total 57344K, used 49152K [0x0000000780a00000, 0x0000000784a00000, 0x00000007c0000000)
  eden space 49152K, 100% used [0x0000000780a00000,0x0000000783a00000,0x0000000783a00000)
  from space 8192K, 0% used [0x0000000784200000,0x0000000784200000,0x0000000784a00000)
  to   space 8192K, 0% used [0x0000000783a00000,0x0000000783a00000,0x0000000784200000)
 ParOldGen       total 131072K, used 0K [0x0000000701e00000, 0x0000000709e00000, 0x0000000780a00000)
  object space 131072K, 0% used [0x0000000701e00000,0x0000000701e00000,0x0000000709e00000)
 Metaspace       used 11951K, capacity 12186K, committed 12416K, reserved 1060864K
  class space    used 1298K, capacity 1387K, committed 1408K, reserved 1048576K
Event: 0.983 GC heap after
Heap after GC invocations=1 (full 0):
 PSYoungGen      total 57344K, used 8184K [0x0000000780a00000, 0x0000000787a00000, 0x00000007c0000000)
  eden space 49152K, 0% used [0x0000000780a00000,0x0000000780a00000,0x0000000783a00000)
  from space 8192K, 99% used [0x0000000783a00000,0x00000007841fe1d8,0x0000000784200000)
  to   space 8192K, 0% used [0x0000000787200000,0x0000000787200000,0x0000000787a00000)
 ParOldGen       total 131072K, used 3092K [0x0000000701e00000, 0x0000000709e00000, 0x0000000780a00000)
  object space 131072K, 2% used [0x0000000701e00000,0x0000000702105358,0x0000000709e00000)
 Metaspace       used 11951K, capacity 12186K, committed 12416K, reserved 1060864K
  class space    used 1298K, capacity 1387K, committed 1408K, reserved 1048576K
}
Event: 1.671 GC heap before
{Heap before GC invocations=2 (full 0):
 PSYoungGen      total 57344K, used 49376K [0x0000000780a00000, 0x0000000787a00000, 0x00000007c0000000)
  eden space 49152K, 83% used [0x0000000780a00000,0x0000000783239e88,0x0000000783a00000)
  from space 8192K, 99% used [0x0000000783a00000,0x00000007841fe1d8,0x0000000784200000)
  to   space 8192K, 0% used [0x0000000787200000,0x0000000787200000,0x0000000787a00000)
 ParOldGen       total 131072K, used 3092K [0x0000000701e00000, 0x0000000709e00000, 0x0000000780a00000)
  object space 131072K, 2% used [0x0000000701e00000,0x0000000702105358,0x0000000709e00000)
 Metaspace       used 20725K, capacity 21122K, committed 21248K, reserved 1069056K
  class space    used 2375K, capacity 2515K, committed 2560K, reserved 1048576K
Event: 1.692 GC heap after
Heap after GC invocations=2 (full 0):
 PSYoungGen      total 106496K, used 8176K [0x0000000780a00000, 0x0000000787a00000, 0x00000007c0000000)
  eden space 98304K, 0% used [0x0000000780a00000,0x0000000780a00000,0x0000000786a00000)
  from space 8192K, 99% used [0x0000000787200000,0x00000007879fc280,0x0000000787a00000)
  to   space 8192K, 0% used [0x0000000786a00000,0x0000000786a00000,0x0000000787200000)
 ParOldGen       total 131072K, used 13641K [0x0000000701e00000, 0x0000000709e00000, 0x0000000780a00000)
  object space 131072K, 10% used [0x0000000701e00000,0x0000000702b52520,0x0000000709e00000)
 Metaspace       used 20725K, capacity 21122K, committed 21248K, reserved 1069056K
  class space    used 2375K, capacity 2515K, committed 2560K, reserved 1048576K
}
Event: 1.692 GC heap before
{Heap before GC invocations=3 (full 1):
 PSYoungGen      total 106496K, used 8176K [0x0000000780a00000, 0x0000000787a00000, 0x00000007c0000000)
  eden space 98304K, 0% used [0x0000000780a00000,0x0000000780a00000,0x0000000786a00000)
  from space 8192K, 99% used [0x0000000787200000,0x00000007879fc280,0x0000000787a00000)
  to   space 8192K, 0% used [0x0000000786a00000,0x0000000786a00000,0x0000000787200000)
 ParOldGen       total 131072K, used 13641K [0x0000000701e00000, 0x0000000709e00000, 0x0000000780a00000)
  object space 131072K, 10% used [0x0000000701e00000,0x0000000702b52520,0x0000000709e00000)
 Metaspace       used 20725K, capacity 21122K, committed 21248K, reserved 1069056K
  class space    used 2375K, capacity 2515K, committed 2560K, reserved 1048576K
Event: 1.752 GC heap after
Heap after GC invocations=3 (full 1):
 PSYoungGen      total 106496K, used 0K [0x0000000780a00000, 0x0000000787a00000, 0x00000007c0000000)
  eden space 98304K, 0% used [0x0000000780a00000,0x0000000780a00000,0x0000000786a00000)
  from space 8192K, 0% used [0x0000000787200000,0x0000000787200000,0x0000000787a00000)
  to   space 8192K, 0% used [0x0000000786a00000,0x0000000786a00000,0x0000000787200000)
 ParOldGen       total 111104K, used 18431K [0x0000000701e00000, 0x0000000708a80000, 0x0000000780a00000)
  object space 111104K, 16% used [0x0000000701e00000,0x0000000702fffc58,0x0000000708a80000)
 Metaspace       used 20725K, capacity 21122K, committed 21248K, reserved 1069056K
  class space    used 2375K, capacity 2515K, committed 2560K, reserved 1048576K
}
Event: 3.558 GC heap before
{Heap before GC invocations=4 (full 1):
 PSYoungGen      total 106496K, used 98304K [0x0000000780a00000, 0x0000000787a00000, 0x00000007c0000000)
  eden space 98304K, 100% used [0x0000000780a00000,0x0000000786a00000,0x0000000786a00000)
  from space 8192K, 0% used [0x0000000787200000,0x0000000787200000,0x0000000787a00000)
  to   space 8192K, 0% used [0x0000000786a00000,0x0000000786a00000,0x0000000787200000)
 ParOldGen       total 111104K, used 18431K [0x0000000701e00000, 0x0000000708a80000, 0x0000000780a00000)
  object space 111104K, 16% used [0x0000000701e00000,0x0000000702fffc58,0x0000000708a80000)
 Metaspace       used 34636K, capacity 35181K, committed 35416K, reserved 1081344K
  class space    used 4350K, capacity 4534K, committed 4608K, reserved 1048576K
Event: 3.573 GC heap after
Heap after GC invocations=4 (full 1):
 PSYoungGen      total 106496K, used 8164K [0x0000000780a00000, 0x0000000787a00000, 0x00000007c0000000)
  eden space 98304K, 0% used [0x0000000780a00000,0x0000000780a00000,0x0000000786a00000)
  from space 8192K, 99% used [0x0000000786a00000,0x00000007871f93d8,0x0000000787200000)
  to   space 8192K, 0% used [0x0000000787200000,0x0000000787200000,0x0000000787a00000)
 ParOldGen       total 111104K, used 33954K [0x0000000701e00000, 0x0000000708a80000, 0x0000000780a00000)
  object space 111104K, 30% used [0x0000000701e00000,0x0000000703f28900,0x0000000708a80000)
 Metaspace       used 34636K, capacity 35181K, committed 35416K, reserved 1081344K
  class space    used 4350K, capacity 4534K, committed 4608K, reserved 1048576K
}
Event: 3.573 GC heap before
{Heap before GC invocations=5 (full 2):
 PSYoungGen      total 106496K, used 8164K [0x0000000780a00000, 0x0000000787a00000, 0x00000007c0000000)
  eden space 98304K, 0% used [0x0000000780a00000,0x0000000780a00000,0x0000000786a00000)
  from space 8192K, 99% used [0x0000000786a00000,0x00000007871f93d8,0x0000000787200000)
  to   space 8192K, 0% used [0x0000000787200000,0x0000000787200000,0x0000000787a00000)
 ParOldGen       total 111104K, used 33954K [0x0000000701e00000, 0x0000000708a80000, 0x0000000780a00000)
  object space 111104K, 30% used [0x0000000701e00000,0x0000000703f28900,0x0000000708a80000)
 Metaspace       used 34636K, capacity 35181K, committed 35416K, reserved 1081344K
  class space    used 4350K, capacity 4534K, committed 4608K, reserved 1048576K
Event: 3.621 GC heap after
Heap after GC invocations=5 (full 2):
 PSYoungGen      total 106496K, used 0K [0x0000000780a00000, 0x0000000787a00000, 0x00000007c0000000)
  eden space 98304K, 0% used [0x0000000780a00000,0x0000000780a00000,0x0000000786a00000)
  from space 8192K, 0% used [0x0000000786a00000,0x0000000786a00000,0x0000000787200000)
  to   space 8192K, 0% used [0x0000000787200000,0x0000000787200000,0x0000000787a00000)
 ParOldGen       total 111104K, used 35528K [0x0000000701e00000, 0x0000000708a80000, 0x0000000780a00000)
  object space 111104K, 31% used [0x0000000701e00000,0x00000007040b2180,0x0000000708a80000)
 Metaspace       used 34636K, capacity 35181K, committed 35416K, reserved 1081344K
  class space    used 4350K, capacity 4534K, committed 4608K, reserved 1048576K
}

