# JRE version: OpenJDK Runtime Environment (8.0_242-b01) (build 1.8.0_242-release-1644-b01)
# Java VM: OpenJDK 64-Bit Server VM (25.242-b01 mixed mode windows-amd64 compressed oops)
Heap:
 PSYoungGen      total 397824K, used 171050K [0x00000000d5580000, 0x00000000f3a80000, 0x0000000100000000)
  eden space 340992K, 43% used [0x00000000d5580000,0x00000000de560580,0x00000000ea280000)
  from space 56832K, 41% used [0x00000000ea280000,0x00000000eb9aa2e8,0x00000000eda00000)
  to   space 54272K, 0% used [0x00000000f0580000,0x00000000f0580000,0x00000000f3a80000)
 ParOldGen       total 394240K, used 184197K [0x0000000080000000, 0x0000000098100000, 0x00000000d5580000)
  object space 394240K, 46% used [0x0000000080000000,0x000000008b3e1590,0x0000000098100000)
 Metaspace       used 85199K, capacity 89530K, committed 91032K, reserved 1128448K
  class space    used 11517K, capacity 12345K, committed 12720K, reserved 1048576K
GC Heap History (10 events):
Event: 10.499 GC heap before
{Heap before GC invocations=15 (full 3):
 PSYoungGen      total 345088K, used 339590K [0x00000000d5580000, 0x00000000ef700000, 0x0000000100000000)
  eden space 317440K, 100% used [0x00000000d5580000,0x00000000e8b80000,0x00000000e8b80000)
  from space 27648K, 80% used [0x00000000e8b80000,0x00000000ea1218d0,0x00000000ea680000)
  to   space 29696K, 0% used [0x00000000eda00000,0x00000000eda00000,0x00000000ef700000)
 ParOldGen       total 176128K, used 66208K [0x0000000080000000, 0x000000008ac00000, 0x00000000d5580000)
  object space 176128K, 37% used [0x0000000080000000,0x00000000840a8050,0x000000008ac00000)
 Metaspace       used 79667K, capacity 84398K, committed 84632K, reserved 1122304K
  class space    used 11022K, capacity 11937K, committed 11952K, reserved 1048576K
Event: 10.547 GC heap after
Heap after GC invocations=15 (full 3):
 PSYoungGen      total 370688K, used 29690K [0x00000000d5580000, 0x00000000f3900000, 0x0000000100000000)
  eden space 340992K, 0% used [0x00000000d5580000,0x00000000d5580000,0x00000000ea280000)
  from space 29696K, 99% used [0x00000000eda00000,0x00000000ef6feb60,0x00000000ef700000)
  to   space 56832K, 0% used [0x00000000ea280000,0x00000000ea280000,0x00000000eda00000)
 ParOldGen       total 176128K, used 128087K [0x0000000080000000, 0x000000008ac00000, 0x00000000d5580000)
  object space 176128K, 72% used [0x0000000080000000,0x0000000087d15da0,0x000000008ac00000)
 Metaspace       used 79667K, capacity 84398K, committed 84632K, reserved 1122304K
  class space    used 11022K, capacity 11937K, committed 11952K, reserved 1048576K
}
Event: 11.698 GC heap before
{Heap before GC invocations=16 (full 3):
 PSYoungGen      total 370688K, used 370682K [0x00000000d5580000, 0x00000000f3900000, 0x0000000100000000)
  eden space 340992K, 100% used [0x00000000d5580000,0x00000000ea280000,0x00000000ea280000)
  from space 29696K, 99% used [0x00000000eda00000,0x00000000ef6feb60,0x00000000ef700000)
  to   space 56832K, 0% used [0x00000000ea280000,0x00000000ea280000,0x00000000eda00000)
 ParOldGen       total 176128K, used 128087K [0x0000000080000000, 0x000000008ac00000, 0x00000000d5580000)
  object space 176128K, 72% used [0x0000000080000000,0x0000000087d15da0,0x000000008ac00000)
 Metaspace       used 83855K, capacity 89156K, committed 89496K, reserved 1126400K
  class space    used 11601K, capacity 12598K, committed 12720K, reserved 1048576K
Event: 11.875 GC heap after
Heap after GC invocations=16 (full 3):
 PSYoungGen      total 370688K, used 370682K [0x00000000d5580000, 0x00000000f3900000, 0x0000000100000000)
  eden space 340992K, 100% used [0x00000000d5580000,0x00000000ea280000,0x00000000ea280000)
  from space 29696K, 99% used [0x00000000eda00000,0x00000000ef6feb60,0x00000000ef700000)
  to   space 56832K, 99% used [0x00000000ea280000,0x00000000ed9fd568,0x00000000eda00000)
 ParOldGen       total 190464K, used 190386K [0x0000000080000000, 0x000000008ba00000, 0x00000000d5580000)
  object space 190464K, 99% used [0x0000000080000000,0x000000008b9ecb80,0x000000008ba00000)
 Metaspace       used 83855K, capacity 89156K, committed 89496K, reserved 1126400K
  class space    used 11601K, capacity 12598K, committed 12720K, reserved 1048576K
}
Event: 11.875 GC heap before
{Heap before GC invocations=17 (full 4):
 PSYoungGen      total 370688K, used 370682K [0x00000000d5580000, 0x00000000f3900000, 0x0000000100000000)
  eden space 340992K, 100% used [0x00000000d5580000,0x00000000ea280000,0x00000000ea280000)
  from space 29696K, 99% used [0x00000000eda00000,0x00000000ef6feb60,0x00000000ef700000)
  to   space 56832K, 99% used [0x00000000ea280000,0x00000000ed9fd568,0x00000000eda00000)
 ParOldGen       total 190464K, used 190386K [0x0000000080000000, 0x000000008ba00000, 0x00000000d5580000)
  object space 190464K, 99% used [0x0000000080000000,0x000000008b9ecb80,0x000000008ba00000)
 Metaspace       used 83855K, capacity 89156K, committed 89496K, reserved 1126400K
  class space    used 11601K, capacity 12598K, committed 12720K, reserved 1048576K
Event: 12.430 GC heap after
Heap after GC invocations=17 (full 4):
 PSYoungGen      total 370688K, used 0K [0x00000000d5580000, 0x00000000f3900000, 0x0000000100000000)
  eden space 340992K, 0% used [0x00000000d5580000,0x00000000d5580000,0x00000000ea280000)
  from space 29696K, 0% used [0x00000000eda00000,0x00000000eda00000,0x00000000ef700000)
  to   space 56832K, 17% used [0x00000000ea280000,0x00000000eac57b50,0x00000000eda00000)
 ParOldGen       total 394240K, used 190222K [0x0000000080000000, 0x0000000098100000, 0x00000000d5580000)
  object space 394240K, 48% used [0x0000000080000000,0x000000008b9c3930,0x0000000098100000)
 Metaspace       used 83090K, capacity 87112K, committed 89496K, reserved 1126400K
  class space    used 11342K, capacity 12136K, committed 12720K, reserved 1048576K
}
Event: 13.478 GC heap before
{Heap before GC invocations=18 (full 5):
 PSYoungGen      total 370688K, used 340992K [0x00000000d5580000, 0x00000000f3900000, 0x0000000100000000)
  eden space 340992K, 100% used [0x00000000d5580000,0x00000000ea280000,0x00000000ea280000)
  from space 29696K, 0% used [0x00000000eda00000,0x00000000eda00000,0x00000000ef700000)
  to   space 56832K, 17% used [0x00000000ea280000,0x00000000eac57b50,0x00000000eda00000)
 ParOldGen       total 394240K, used 190222K [0x0000000080000000, 0x0000000098100000, 0x00000000d5580000)
  object space 394240K, 48% used [0x0000000080000000,0x000000008b9c3930,0x0000000098100000)
 Metaspace       used 84519K, capacity 88874K, committed 90520K, reserved 1126400K
  class space    used 11496K, capacity 12307K, committed 12720K, reserved 1048576K
Event: 14.102 GC heap after
Heap after GC invocations=18 (full 5):
 PSYoungGen      total 370688K, used 0K [0x00000000d5580000, 0x00000000f3900000, 0x0000000100000000)
  eden space 340992K, 0% used [0x00000000d5580000,0x00000000d5580000,0x00000000ea280000)
  from space 29696K, 0% used [0x00000000eda00000,0x00000000eda00000,0x00000000ef700000)
  to   space 56832K, 0% used [0x00000000ea280000,0x00000000ea280000,0x00000000eda00000)
 ParOldGen       total 394240K, used 184189K [0x0000000080000000, 0x0000000098100000, 0x00000000d5580000)
  object space 394240K, 46% used [0x0000000080000000,0x000000008b3df590,0x0000000098100000)
 Metaspace       used 84496K, capacity 88796K, committed 90520K, reserved 1126400K
  class space    used 11488K, capacity 12294K, committed 12720K, reserved 1048576K
}
Event: 15.661 GC heap before
{Heap before GC invocations=19 (full 5):
 PSYoungGen      total 370688K, used 340992K [0x00000000d5580000, 0x00000000f3900000, 0x0000000100000000)
  eden space 340992K, 100% used [0x00000000d5580000,0x00000000ea280000,0x00000000ea280000)
  from space 29696K, 0% used [0x00000000eda00000,0x00000000eda00000,0x00000000ef700000)
  to   space 56832K, 0% used [0x00000000ea280000,0x00000000ea280000,0x00000000eda00000)
 ParOldGen       total 394240K, used 184189K [0x0000000080000000, 0x0000000098100000, 0x00000000d5580000)
  object space 394240K, 46% used [0x0000000080000000,0x000000008b3df590,0x0000000098100000)
 Metaspace       used 85161K, capacity 89506K, committed 91032K, reserved 1128448K
  class space    used 11512K, capacity 12339K, committed 12720K, reserved 1048576K
Event: 15.678 GC heap after
Heap after GC invocations=19 (full 5):
 PSYoungGen      total 397824K, used 23720K [0x00000000d5580000, 0x00000000f3a80000, 0x0000000100000000)
  eden space 340992K, 0% used [0x00000000d5580000,0x00000000d5580000,0x00000000ea280000)
  from space 56832K, 41% used [0x00000000ea280000,0x00000000eb9aa2e8,0x00000000eda00000)
  to   space 54272K, 0% used [0x00000000f0580000,0x00000000f0580000,0x00000000f3a80000)
 ParOldGen       total 394240K, used 184197K [0x0000000080000000, 0x0000000098100000, 0x00000000d5580000)
  object space 394240K, 46% used [0x0000000080000000,0x000000008b3e1590,0x0000000098100000)
 Metaspace       used 85161K, capacity 89506K, committed 91032K, reserved 1128448K
  class space    used 11512K, capacity 12339K, committed 12720K, reserved 1048576K
}

